Namespace(add_color=False, batch_size=18, bn_momentum=0.5, bnm_decay=0.5, cuda=True, decay_step=200000.0, epochs=300, exp_name='256/xyz', input_plane=0, local=False, lr=0.001, lr_decay=0.7, num_points=256, output_plane=21, weight_decay=1e-05)
Train 0, loss: 2.547, iou: 0.064, recall: 0.124, acc: 0.233
Val 0, loss: 2.278, iou: 0.084, recall: 0.169, acc: 0.316
Time: 28 s
Better model!
Train 1, loss: 2.307, iou: 0.079, recall: 0.156, acc: 0.293
Val 1, loss: 2.199, iou: 0.089, recall: 0.177, acc: 0.334
Time: 22 s
Better model!
Train 2, loss: 2.271, iou: 0.079, recall: 0.157, acc: 0.310
Val 2, loss: 2.201, iou: 0.100, recall: 0.197, acc: 0.324
Time: 22 s
Train 3, loss: 2.167, iou: 0.091, recall: 0.174, acc: 0.329
Val 3, loss: 2.008, iou: 0.119, recall: 0.214, acc: 0.378
Time: 22 s
Better model!
Train 4, loss: 2.157, iou: 0.096, recall: 0.179, acc: 0.336
Val 4, loss: 2.054, iou: 0.134, recall: 0.238, acc: 0.384
Time: 22 s
Better model!
Train 5, loss: 2.092, iou: 0.101, recall: 0.187, acc: 0.339
Val 5, loss: 1.991, iou: 0.127, recall: 0.217, acc: 0.366
Time: 22 s
Train 6, loss: 2.069, iou: 0.105, recall: 0.193, acc: 0.356
Val 6, loss: 1.858, iou: 0.133, recall: 0.236, acc: 0.404
Time: 22 s
Better model!
Train 7, loss: 2.041, iou: 0.123, recall: 0.213, acc: 0.359
Val 7, loss: 1.743, iou: 0.167, recall: 0.287, acc: 0.460
Time: 22 s
Better model!
Train 8, loss: 2.018, iou: 0.114, recall: 0.200, acc: 0.347
Val 8, loss: 1.831, iou: 0.170, recall: 0.306, acc: 0.424
Time: 22 s
Train 9, loss: 2.002, iou: 0.135, recall: 0.233, acc: 0.390
Val 9, loss: 1.737, iou: 0.198, recall: 0.309, acc: 0.472
Time: 22 s
Better model!
Train 10, loss: 1.971, iou: 0.143, recall: 0.239, acc: 0.373
Val 10, loss: 1.788, iou: 0.166, recall: 0.281, acc: 0.446
Time: 22 s
Train 11, loss: 1.961, iou: 0.143, recall: 0.242, acc: 0.404
Val 11, loss: 1.628, iou: 0.239, recall: 0.372, acc: 0.510
Time: 22 s
Better model!
Train 12, loss: 1.903, iou: 0.137, recall: 0.235, acc: 0.398
Val 12, loss: 1.661, iou: 0.162, recall: 0.268, acc: 0.454
Time: 22 s
Train 13, loss: 1.873, iou: 0.158, recall: 0.259, acc: 0.408
Val 13, loss: 1.641, iou: 0.185, recall: 0.307, acc: 0.456
Time: 22 s
Train 14, loss: 1.914, iou: 0.147, recall: 0.249, acc: 0.390
Val 14, loss: 1.626, iou: 0.205, recall: 0.336, acc: 0.468
Time: 22 s
Train 15, loss: 1.875, iou: 0.157, recall: 0.261, acc: 0.409
Val 15, loss: 1.533, iou: 0.244, recall: 0.405, acc: 0.534
Time: 22 s
Better model!
Train 16, loss: 1.875, iou: 0.143, recall: 0.242, acc: 0.395
Val 16, loss: 1.576, iou: 0.245, recall: 0.380, acc: 0.522
Time: 22 s
Train 17, loss: 1.813, iou: 0.184, recall: 0.295, acc: 0.440
Val 17, loss: 1.640, iou: 0.213, recall: 0.369, acc: 0.466
Time: 22 s
Train 18, loss: 1.778, iou: 0.183, recall: 0.292, acc: 0.441
Val 18, loss: 1.529, iou: 0.245, recall: 0.365, acc: 0.524
Time: 22 s
Train 19, loss: 1.798, iou: 0.185, recall: 0.296, acc: 0.424
Val 19, loss: 1.593, iou: 0.261, recall: 0.388, acc: 0.522
Time: 22 s
Train 20, loss: 1.739, iou: 0.182, recall: 0.294, acc: 0.450
Val 20, loss: 1.568, iou: 0.237, recall: 0.397, acc: 0.492
Time: 22 s
Train 21, loss: 1.783, iou: 0.185, recall: 0.299, acc: 0.438
Val 21, loss: 1.486, iou: 0.267, recall: 0.405, acc: 0.542
Time: 22 s
Better model!
Train 22, loss: 1.728, iou: 0.208, recall: 0.323, acc: 0.455
Val 22, loss: 1.551, iou: 0.239, recall: 0.400, acc: 0.530
Time: 22 s
Train 23, loss: 1.700, iou: 0.221, recall: 0.337, acc: 0.472
Val 23, loss: 1.412, iou: 0.256, recall: 0.384, acc: 0.558
Time: 22 s
Better model!
Train 24, loss: 1.677, iou: 0.223, recall: 0.338, acc: 0.483
Val 24, loss: 1.361, iou: 0.313, recall: 0.472, acc: 0.590
Time: 22 s
Better model!
Train 25, loss: 1.698, iou: 0.212, recall: 0.328, acc: 0.474
Val 25, loss: 1.359, iou: 0.310, recall: 0.449, acc: 0.578
Time: 23 s
Train 26, loss: 1.694, iou: 0.200, recall: 0.314, acc: 0.472
Val 26, loss: 1.357, iou: 0.309, recall: 0.460, acc: 0.582
Time: 22 s
Train 27, loss: 1.684, iou: 0.219, recall: 0.335, acc: 0.474
Val 27, loss: 1.388, iou: 0.287, recall: 0.432, acc: 0.584
Time: 22 s
Train 28, loss: 1.642, iou: 0.227, recall: 0.347, acc: 0.485
Val 28, loss: 1.390, iou: 0.287, recall: 0.426, acc: 0.586
Time: 22 s
Train 29, loss: 1.637, iou: 0.213, recall: 0.331, acc: 0.478
Val 29, loss: 1.300, iou: 0.311, recall: 0.445, acc: 0.580
Time: 22 s
Train 30, loss: 1.638, iou: 0.236, recall: 0.357, acc: 0.496
Val 30, loss: 1.349, iou: 0.317, recall: 0.481, acc: 0.584
Time: 22 s
Train 31, loss: 1.580, iou: 0.250, recall: 0.380, acc: 0.501
Val 31, loss: 1.269, iou: 0.326, recall: 0.476, acc: 0.584
Time: 22 s
Train 32, loss: 1.629, iou: 0.232, recall: 0.361, acc: 0.504
Val 32, loss: 1.320, iou: 0.343, recall: 0.489, acc: 0.602
Time: 22 s
Better model!
Train 33, loss: 1.635, iou: 0.239, recall: 0.361, acc: 0.501
Val 33, loss: 1.221, iou: 0.350, recall: 0.498, acc: 0.622
Time: 22 s
Better model!
Train 34, loss: 1.594, iou: 0.249, recall: 0.369, acc: 0.511
Val 34, loss: 1.426, iou: 0.283, recall: 0.460, acc: 0.550
Time: 22 s
Train 35, loss: 1.605, iou: 0.264, recall: 0.396, acc: 0.500
Val 35, loss: 1.285, iou: 0.286, recall: 0.417, acc: 0.586
Time: 22 s
Train 36, loss: 1.562, iou: 0.255, recall: 0.383, acc: 0.508
Val 36, loss: 1.313, iou: 0.285, recall: 0.404, acc: 0.570
Time: 23 s
Train 37, loss: 1.583, iou: 0.235, recall: 0.352, acc: 0.485
Val 37, loss: 1.430, iou: 0.314, recall: 0.461, acc: 0.564
Time: 23 s
Train 38, loss: 1.605, iou: 0.247, recall: 0.374, acc: 0.499
Val 38, loss: 1.205, iou: 0.336, recall: 0.503, acc: 0.622
Time: 23 s
Better model!
Train 39, loss: 1.555, iou: 0.237, recall: 0.359, acc: 0.503
Val 39, loss: 1.223, iou: 0.357, recall: 0.496, acc: 0.620
Time: 23 s
Train 40, loss: 1.578, iou: 0.258, recall: 0.387, acc: 0.516
Val 40, loss: 1.151, iou: 0.359, recall: 0.515, acc: 0.636
Time: 23 s
Better model!
Train 41, loss: 1.513, iou: 0.252, recall: 0.370, acc: 0.514
Val 41, loss: 1.207, iou: 0.349, recall: 0.480, acc: 0.622
Time: 23 s
Train 42, loss: 1.554, iou: 0.247, recall: 0.373, acc: 0.500
Val 42, loss: 1.202, iou: 0.378, recall: 0.516, acc: 0.626
Time: 23 s
Train 43, loss: 1.541, iou: 0.247, recall: 0.369, acc: 0.521
Val 43, loss: 1.266, iou: 0.336, recall: 0.498, acc: 0.600
Time: 23 s
Train 44, loss: 1.508, iou: 0.259, recall: 0.381, acc: 0.512
Val 44, loss: 1.187, iou: 0.381, recall: 0.548, acc: 0.638
Time: 23 s
Better model!
Train 45, loss: 1.550, iou: 0.237, recall: 0.358, acc: 0.500
Val 45, loss: 1.478, iou: 0.293, recall: 0.410, acc: 0.554
Time: 23 s
Train 46, loss: 1.535, iou: 0.249, recall: 0.369, acc: 0.519
Val 46, loss: 1.221, iou: 0.364, recall: 0.512, acc: 0.624
Time: 23 s
Train 47, loss: 1.514, iou: 0.259, recall: 0.387, acc: 0.520
Val 47, loss: 1.162, iou: 0.382, recall: 0.535, acc: 0.644
Time: 23 s
Better model!
Train 48, loss: 1.514, iou: 0.280, recall: 0.409, acc: 0.536
Val 48, loss: 1.181, iou: 0.383, recall: 0.528, acc: 0.644
Time: 23 s
Better model!
Train 49, loss: 1.504, iou: 0.270, recall: 0.390, acc: 0.532
Val 49, loss: 1.250, iou: 0.359, recall: 0.490, acc: 0.612
Time: 23 s
Train 50, loss: 1.508, iou: 0.282, recall: 0.412, acc: 0.521
Val 50, loss: 1.220, iou: 0.359, recall: 0.527, acc: 0.624
Time: 23 s
Train 51, loss: 1.479, iou: 0.275, recall: 0.399, acc: 0.536
Val 51, loss: 1.236, iou: 0.348, recall: 0.506, acc: 0.600
Time: 23 s
Train 52, loss: 1.483, iou: 0.286, recall: 0.428, acc: 0.537
Val 52, loss: 1.222, iou: 0.378, recall: 0.497, acc: 0.624
Time: 23 s
Train 53, loss: 1.499, iou: 0.253, recall: 0.375, acc: 0.512
Val 53, loss: 1.185, iou: 0.413, recall: 0.548, acc: 0.660
Time: 23 s
Better model!
Train 54, loss: 1.503, iou: 0.260, recall: 0.385, acc: 0.515
Val 54, loss: 1.105, iou: 0.403, recall: 0.561, acc: 0.664
Time: 23 s
Better model!
Train 55, loss: 1.472, iou: 0.305, recall: 0.442, acc: 0.546
Val 55, loss: 1.172, iou: 0.393, recall: 0.524, acc: 0.632
Time: 23 s
Train 56, loss: 1.400, iou: 0.283, recall: 0.408, acc: 0.553
Val 56, loss: 1.147, iou: 0.399, recall: 0.558, acc: 0.660
Time: 23 s
Train 57, loss: 1.419, iou: 0.302, recall: 0.434, acc: 0.558
Val 57, loss: 1.114, iou: 0.431, recall: 0.577, acc: 0.654
Time: 23 s
Train 58, loss: 1.468, iou: 0.265, recall: 0.395, acc: 0.520
Val 58, loss: 1.209, iou: 0.326, recall: 0.500, acc: 0.614
Time: 23 s
Train 59, loss: 1.473, iou: 0.287, recall: 0.422, acc: 0.550
Val 59, loss: 1.130, iou: 0.392, recall: 0.524, acc: 0.648
Time: 23 s
Train 60, loss: 1.469, iou: 0.262, recall: 0.384, acc: 0.529
Val 60, loss: 1.213, iou: 0.349, recall: 0.493, acc: 0.634
Time: 23 s
Train 61, loss: 1.415, iou: 0.294, recall: 0.431, acc: 0.539
Val 61, loss: 1.140, iou: 0.384, recall: 0.517, acc: 0.650
Time: 23 s
Train 62, loss: 1.427, iou: 0.288, recall: 0.415, acc: 0.547
Val 62, loss: 1.121, iou: 0.405, recall: 0.544, acc: 0.668
Time: 23 s
Better model!
Train 63, loss: 1.417, iou: 0.308, recall: 0.450, acc: 0.542
Val 63, loss: 1.096, iou: 0.414, recall: 0.579, acc: 0.674
Time: 23 s
Better model!
Train 64, loss: 1.429, iou: 0.277, recall: 0.405, acc: 0.543
Val 64, loss: 1.060, iou: 0.418, recall: 0.549, acc: 0.676
Time: 23 s
Better model!
Train 65, loss: 1.411, iou: 0.292, recall: 0.420, acc: 0.540
Val 65, loss: 1.105, iou: 0.393, recall: 0.547, acc: 0.666
Time: 23 s
Train 66, loss: 1.380, iou: 0.294, recall: 0.425, acc: 0.547
Val 66, loss: 1.095, iou: 0.431, recall: 0.572, acc: 0.668
Time: 23 s
Train 67, loss: 1.361, iou: 0.290, recall: 0.417, acc: 0.565
Val 67, loss: 1.095, iou: 0.399, recall: 0.562, acc: 0.672
Time: 23 s
Train 68, loss: 1.369, iou: 0.317, recall: 0.458, acc: 0.562
Val 68, loss: 1.151, iou: 0.413, recall: 0.556, acc: 0.662
Time: 23 s
Train 69, loss: 1.394, iou: 0.311, recall: 0.454, acc: 0.558
Val 69, loss: 1.087, iou: 0.409, recall: 0.526, acc: 0.652
Time: 23 s
Train 70, loss: 1.411, iou: 0.293, recall: 0.423, acc: 0.554
Val 70, loss: 1.115, iou: 0.407, recall: 0.540, acc: 0.656
Time: 23 s
Train 71, loss: 1.338, iou: 0.317, recall: 0.449, acc: 0.580
Val 71, loss: 1.057, iou: 0.421, recall: 0.557, acc: 0.682
Time: 23 s
Better model!
Train 72, loss: 1.351, iou: 0.320, recall: 0.463, acc: 0.561
Val 72, loss: 1.142, iou: 0.416, recall: 0.542, acc: 0.664
Time: 23 s
Train 73, loss: 1.385, iou: 0.291, recall: 0.420, acc: 0.555
Val 73, loss: 1.155, iou: 0.408, recall: 0.553, acc: 0.650
Time: 23 s
Train 74, loss: 1.411, iou: 0.284, recall: 0.412, acc: 0.551
Val 74, loss: 1.081, iou: 0.415, recall: 0.582, acc: 0.664
Time: 23 s
Train 75, loss: 1.326, iou: 0.319, recall: 0.459, acc: 0.578
Val 75, loss: 1.177, iou: 0.400, recall: 0.536, acc: 0.636
Time: 23 s
Train 76, loss: 1.320, iou: 0.348, recall: 0.482, acc: 0.579
Val 76, loss: 1.018, iou: 0.462, recall: 0.599, acc: 0.686
Time: 23 s
Better model!
Train 77, loss: 1.352, iou: 0.326, recall: 0.470, acc: 0.580
Val 77, loss: 1.113, iou: 0.420, recall: 0.577, acc: 0.660
Time: 23 s
Train 78, loss: 1.334, iou: 0.333, recall: 0.474, acc: 0.573
Val 78, loss: 1.051, iou: 0.436, recall: 0.568, acc: 0.682
Time: 23 s
Train 79, loss: 1.282, iou: 0.313, recall: 0.443, acc: 0.578
Val 79, loss: 1.044, iou: 0.411, recall: 0.549, acc: 0.670
Time: 23 s
Train 80, loss: 1.249, iou: 0.349, recall: 0.486, acc: 0.606
Val 80, loss: 1.057, iou: 0.412, recall: 0.566, acc: 0.666
Time: 23 s
Train 81, loss: 1.328, iou: 0.348, recall: 0.498, acc: 0.580
Val 81, loss: 0.964, iou: 0.485, recall: 0.628, acc: 0.724
Time: 23 s
Better model!
Train 82, loss: 1.341, iou: 0.314, recall: 0.449, acc: 0.568
Val 82, loss: 1.088, iou: 0.415, recall: 0.577, acc: 0.668
Time: 23 s
Train 83, loss: 1.346, iou: 0.321, recall: 0.456, acc: 0.575
Val 83, loss: 1.025, iou: 0.446, recall: 0.611, acc: 0.682
Time: 23 s
Train 84, loss: 1.301, iou: 0.336, recall: 0.476, acc: 0.586
Val 84, loss: 1.023, iou: 0.423, recall: 0.593, acc: 0.674
Time: 23 s
Train 85, loss: 1.271, iou: 0.342, recall: 0.480, acc: 0.589
Val 85, loss: 1.071, iou: 0.438, recall: 0.609, acc: 0.678
Time: 23 s
Train 86, loss: 1.285, iou: 0.345, recall: 0.486, acc: 0.595
Val 86, loss: 1.053, iou: 0.418, recall: 0.575, acc: 0.672
Time: 23 s
Train 87, loss: 1.284, iou: 0.329, recall: 0.465, acc: 0.584
Val 87, loss: 1.019, iou: 0.441, recall: 0.594, acc: 0.682
Time: 23 s
Train 88, loss: 1.239, iou: 0.341, recall: 0.476, acc: 0.602
Val 88, loss: 0.969, iou: 0.443, recall: 0.599, acc: 0.698
Time: 23 s
Train 89, loss: 1.234, iou: 0.358, recall: 0.498, acc: 0.607
Val 89, loss: 1.080, iou: 0.429, recall: 0.604, acc: 0.668
Time: 23 s
Train 90, loss: 1.304, iou: 0.356, recall: 0.512, acc: 0.591
Val 90, loss: 1.055, iou: 0.422, recall: 0.560, acc: 0.658
Time: 23 s
Train 91, loss: 1.279, iou: 0.318, recall: 0.455, acc: 0.573
Val 91, loss: 1.069, iou: 0.436, recall: 0.582, acc: 0.684
Time: 23 s
Train 92, loss: 1.210, iou: 0.333, recall: 0.464, acc: 0.602
Val 92, loss: 0.978, iou: 0.466, recall: 0.620, acc: 0.708
Time: 23 s
Train 93, loss: 1.260, iou: 0.334, recall: 0.475, acc: 0.583
Val 93, loss: 0.934, iou: 0.480, recall: 0.627, acc: 0.720
Time: 23 s
Train 94, loss: 1.290, iou: 0.347, recall: 0.481, acc: 0.586
Val 94, loss: 1.021, iou: 0.456, recall: 0.608, acc: 0.694
Time: 23 s
Train 95, loss: 1.294, iou: 0.318, recall: 0.460, acc: 0.575
Val 95, loss: 1.112, iou: 0.409, recall: 0.542, acc: 0.660
Time: 23 s
Train 96, loss: 1.266, iou: 0.331, recall: 0.461, acc: 0.587
Val 96, loss: 1.041, iou: 0.479, recall: 0.617, acc: 0.694
Time: 23 s
Train 97, loss: 1.248, iou: 0.335, recall: 0.471, acc: 0.595
Val 97, loss: 0.951, iou: 0.480, recall: 0.644, acc: 0.708
Time: 23 s
Train 98, loss: 1.200, iou: 0.364, recall: 0.509, acc: 0.623
Val 98, loss: 0.997, iou: 0.457, recall: 0.586, acc: 0.702
Time: 23 s
Train 99, loss: 1.267, iou: 0.328, recall: 0.456, acc: 0.580
Val 99, loss: 1.037, iou: 0.446, recall: 0.605, acc: 0.674
Time: 23 s
Train 100, loss: 1.242, iou: 0.354, recall: 0.491, acc: 0.606
Val 100, loss: 1.037, iou: 0.434, recall: 0.599, acc: 0.688
Time: 23 s
Train 101, loss: 1.235, iou: 0.340, recall: 0.478, acc: 0.594
Val 101, loss: 1.052, iou: 0.451, recall: 0.594, acc: 0.680
Time: 23 s
Train 102, loss: 1.203, iou: 0.380, recall: 0.528, acc: 0.605
Val 102, loss: 1.015, iou: 0.464, recall: 0.605, acc: 0.690
Time: 23 s
Train 103, loss: 1.187, iou: 0.377, recall: 0.525, acc: 0.598
Val 103, loss: 0.981, iou: 0.461, recall: 0.591, acc: 0.698
Time: 23 s
Train 104, loss: 1.228, iou: 0.349, recall: 0.486, acc: 0.602
Val 104, loss: 1.146, iou: 0.439, recall: 0.574, acc: 0.652
Time: 23 s
Train 105, loss: 1.295, iou: 0.327, recall: 0.472, acc: 0.584
Val 105, loss: 0.942, iou: 0.473, recall: 0.616, acc: 0.704
Time: 23 s
Train 106, loss: 1.212, iou: 0.371, recall: 0.510, acc: 0.601
Val 106, loss: 0.933, iou: 0.465, recall: 0.620, acc: 0.700
Time: 23 s
Train 107, loss: 1.206, iou: 0.347, recall: 0.484, acc: 0.609
Val 107, loss: 0.988, iou: 0.456, recall: 0.607, acc: 0.700
Time: 23 s
Train 108, loss: 1.193, iou: 0.356, recall: 0.489, acc: 0.619
Val 108, loss: 0.953, iou: 0.509, recall: 0.651, acc: 0.724
Time: 23 s
Better model!
Train 109, loss: 1.214, iou: 0.368, recall: 0.506, acc: 0.613
Val 109, loss: 1.012, iou: 0.439, recall: 0.583, acc: 0.692
Time: 23 s
Train 110, loss: 1.228, iou: 0.331, recall: 0.464, acc: 0.600
Val 110, loss: 0.980, iou: 0.480, recall: 0.628, acc: 0.702
Time: 23 s
Train 111, loss: 1.194, iou: 0.367, recall: 0.504, acc: 0.611
Val 111, loss: 0.975, iou: 0.440, recall: 0.625, acc: 0.682
Time: 23 s
Train 112, loss: 1.102, iou: 0.417, recall: 0.565, acc: 0.659
Val 112, loss: 0.935, iou: 0.482, recall: 0.623, acc: 0.714
Time: 23 s
Train 113, loss: 1.219, iou: 0.366, recall: 0.504, acc: 0.612
Val 113, loss: 0.958, iou: 0.483, recall: 0.623, acc: 0.710
Time: 23 s
Train 114, loss: 1.210, iou: 0.364, recall: 0.510, acc: 0.606
Val 114, loss: 1.019, iou: 0.469, recall: 0.624, acc: 0.688
Time: 23 s
Train 115, loss: 1.145, iou: 0.424, recall: 0.559, acc: 0.633
Val 115, loss: 1.001, iou: 0.469, recall: 0.609, acc: 0.706
Time: 23 s
Train 116, loss: 1.198, iou: 0.385, recall: 0.521, acc: 0.620
Val 116, loss: 1.033, iou: 0.475, recall: 0.632, acc: 0.682
Time: 23 s
Train 117, loss: 1.188, iou: 0.389, recall: 0.530, acc: 0.626
Val 117, loss: 1.008, iou: 0.456, recall: 0.624, acc: 0.696
Time: 23 s
Train 118, loss: 1.189, iou: 0.388, recall: 0.533, acc: 0.624
Val 118, loss: 0.944, iou: 0.483, recall: 0.658, acc: 0.712
Time: 23 s
Train 119, loss: 1.167, iou: 0.368, recall: 0.511, acc: 0.620
Val 119, loss: 0.927, iou: 0.485, recall: 0.645, acc: 0.712
Time: 23 s
Train 120, loss: 1.161, iou: 0.388, recall: 0.531, acc: 0.622
Val 120, loss: 1.081, iou: 0.430, recall: 0.562, acc: 0.670
Time: 23 s
Train 121, loss: 1.155, iou: 0.365, recall: 0.502, acc: 0.623
Val 121, loss: 0.995, iou: 0.450, recall: 0.607, acc: 0.684
Time: 23 s
Train 122, loss: 1.152, iou: 0.388, recall: 0.529, acc: 0.645
Val 122, loss: 1.088, iou: 0.448, recall: 0.610, acc: 0.664
Time: 23 s
Train 123, loss: 1.151, iou: 0.380, recall: 0.523, acc: 0.627
Val 123, loss: 0.904, iou: 0.513, recall: 0.689, acc: 0.734
Time: 23 s
Better model!
Train 124, loss: 1.131, iou: 0.391, recall: 0.536, acc: 0.629
Val 124, loss: 0.982, iou: 0.475, recall: 0.603, acc: 0.708
Time: 23 s
Train 125, loss: 1.082, iou: 0.388, recall: 0.516, acc: 0.653
Val 125, loss: 0.907, iou: 0.480, recall: 0.633, acc: 0.716
Time: 23 s
Train 126, loss: 1.156, iou: 0.398, recall: 0.541, acc: 0.631
Val 126, loss: 1.004, iou: 0.484, recall: 0.628, acc: 0.716
Time: 23 s
Train 127, loss: 1.128, iou: 0.415, recall: 0.562, acc: 0.646
Val 127, loss: 0.970, iou: 0.457, recall: 0.596, acc: 0.704
Time: 23 s
Train 128, loss: 1.101, iou: 0.379, recall: 0.523, acc: 0.634
Val 128, loss: 0.942, iou: 0.449, recall: 0.585, acc: 0.718
Time: 23 s
Train 129, loss: 1.140, iou: 0.382, recall: 0.524, acc: 0.640
Val 129, loss: 0.888, iou: 0.519, recall: 0.669, acc: 0.728
Time: 23 s
Train 130, loss: 1.104, iou: 0.392, recall: 0.526, acc: 0.635
Val 130, loss: 0.864, iou: 0.499, recall: 0.657, acc: 0.730
Time: 23 s
Train 131, loss: 1.190, iou: 0.380, recall: 0.521, acc: 0.621
Val 131, loss: 0.890, iou: 0.519, recall: 0.659, acc: 0.736
Time: 23 s
Better model!
Train 132, loss: 1.132, iou: 0.387, recall: 0.531, acc: 0.637
Val 132, loss: 0.954, iou: 0.496, recall: 0.645, acc: 0.720
Time: 23 s
Train 133, loss: 1.127, iou: 0.389, recall: 0.534, acc: 0.629
Val 133, loss: 1.014, iou: 0.446, recall: 0.598, acc: 0.694
Time: 23 s
Train 134, loss: 1.118, iou: 0.400, recall: 0.544, acc: 0.634
Val 134, loss: 0.978, iou: 0.475, recall: 0.634, acc: 0.720
Time: 23 s
Train 135, loss: 1.141, iou: 0.393, recall: 0.534, acc: 0.613
Val 135, loss: 0.908, iou: 0.544, recall: 0.676, acc: 0.736
Time: 23 s
Better model!
Train 136, loss: 1.131, iou: 0.398, recall: 0.545, acc: 0.635
Val 136, loss: 0.895, iou: 0.487, recall: 0.642, acc: 0.730
Time: 23 s
Train 137, loss: 1.126, iou: 0.378, recall: 0.526, acc: 0.638
Val 137, loss: 0.916, iou: 0.472, recall: 0.623, acc: 0.696
Time: 23 s
Train 138, loss: 1.119, iou: 0.395, recall: 0.527, acc: 0.642
Val 138, loss: 0.946, iou: 0.495, recall: 0.644, acc: 0.720
Time: 23 s
Train 139, loss: 1.070, iou: 0.443, recall: 0.588, acc: 0.661
Val 139, loss: 0.942, iou: 0.462, recall: 0.600, acc: 0.710
Time: 23 s
Train 140, loss: 1.054, iou: 0.420, recall: 0.559, acc: 0.648
Val 140, loss: 0.925, iou: 0.479, recall: 0.627, acc: 0.722
Time: 23 s
Train 141, loss: 1.142, iou: 0.403, recall: 0.543, acc: 0.635
Val 141, loss: 0.920, iou: 0.536, recall: 0.687, acc: 0.744
Time: 23 s
Better model!
Train 142, loss: 1.052, iou: 0.431, recall: 0.577, acc: 0.661
Val 142, loss: 0.909, iou: 0.530, recall: 0.662, acc: 0.740
Time: 23 s
Train 143, loss: 1.129, iou: 0.428, recall: 0.570, acc: 0.635
Val 143, loss: 0.918, iou: 0.503, recall: 0.651, acc: 0.742
Time: 23 s
Train 144, loss: 1.074, iou: 0.400, recall: 0.530, acc: 0.641
Val 144, loss: 0.972, iou: 0.455, recall: 0.610, acc: 0.708
Time: 23 s
Train 145, loss: 1.022, iou: 0.439, recall: 0.583, acc: 0.665
Val 145, loss: 0.935, iou: 0.508, recall: 0.644, acc: 0.736
Time: 23 s
Train 146, loss: 1.067, iou: 0.435, recall: 0.575, acc: 0.667
Val 146, loss: 0.889, iou: 0.455, recall: 0.611, acc: 0.710
Time: 23 s
Train 147, loss: 1.072, iou: 0.444, recall: 0.588, acc: 0.663
Val 147, loss: 0.952, iou: 0.495, recall: 0.621, acc: 0.708
Time: 23 s
Train 148, loss: 1.071, iou: 0.412, recall: 0.559, acc: 0.645
Val 148, loss: 0.946, iou: 0.472, recall: 0.617, acc: 0.720
Time: 23 s
Train 149, loss: 1.017, iou: 0.464, recall: 0.610, acc: 0.684
Val 149, loss: 0.886, iou: 0.530, recall: 0.668, acc: 0.742
Time: 23 s
Train 150, loss: 1.065, iou: 0.415, recall: 0.555, acc: 0.661
Val 150, loss: 0.864, iou: 0.502, recall: 0.643, acc: 0.748
Time: 23 s
Better model!
Train 151, loss: 1.031, iou: 0.415, recall: 0.557, acc: 0.658
Val 151, loss: 0.881, iou: 0.516, recall: 0.653, acc: 0.740
Time: 23 s
Train 152, loss: 1.054, iou: 0.426, recall: 0.558, acc: 0.663
Val 152, loss: 0.943, iou: 0.503, recall: 0.665, acc: 0.734
Time: 23 s
Train 153, loss: 1.042, iou: 0.420, recall: 0.548, acc: 0.656
Val 153, loss: 0.866, iou: 0.526, recall: 0.687, acc: 0.750
Time: 23 s
Better model!
Train 154, loss: 1.064, iou: 0.425, recall: 0.567, acc: 0.660
Val 154, loss: 0.900, iou: 0.536, recall: 0.689, acc: 0.744
Time: 23 s
Train 155, loss: 1.039, iou: 0.441, recall: 0.588, acc: 0.676
Val 155, loss: 0.856, iou: 0.505, recall: 0.633, acc: 0.728
Time: 23 s
Train 156, loss: 1.087, iou: 0.434, recall: 0.578, acc: 0.648
Val 156, loss: 0.867, iou: 0.517, recall: 0.685, acc: 0.738
Time: 23 s
Train 157, loss: 1.042, iou: 0.418, recall: 0.564, acc: 0.662
Val 157, loss: 0.855, iou: 0.514, recall: 0.644, acc: 0.734
Time: 23 s
Train 158, loss: 1.073, iou: 0.421, recall: 0.559, acc: 0.657
Val 158, loss: 0.892, iou: 0.514, recall: 0.659, acc: 0.750
Time: 23 s
Better model!
Train 159, loss: 1.029, iou: 0.435, recall: 0.571, acc: 0.676
Val 159, loss: 0.846, iou: 0.520, recall: 0.660, acc: 0.740
Time: 23 s
Train 160, loss: 1.029, iou: 0.451, recall: 0.598, acc: 0.664
Val 160, loss: 0.863, iou: 0.549, recall: 0.701, acc: 0.740
Time: 23 s
Train 161, loss: 1.068, iou: 0.418, recall: 0.569, acc: 0.660
Val 161, loss: 0.869, iou: 0.511, recall: 0.648, acc: 0.750
Time: 23 s
Better model!
Train 162, loss: 1.013, iou: 0.423, recall: 0.557, acc: 0.652
Val 162, loss: 0.910, iou: 0.491, recall: 0.637, acc: 0.728
Time: 23 s
Train 163, loss: 1.019, iou: 0.443, recall: 0.587, acc: 0.666
Val 163, loss: 0.922, iou: 0.505, recall: 0.632, acc: 0.738
Time: 23 s
Train 164, loss: 1.066, iou: 0.423, recall: 0.571, acc: 0.652
Val 164, loss: 0.944, iou: 0.525, recall: 0.658, acc: 0.742
Time: 23 s
Train 165, loss: 1.026, iou: 0.420, recall: 0.561, acc: 0.670
Val 165, loss: 0.852, iou: 0.566, recall: 0.720, acc: 0.764
Time: 23 s
Better model!
Train 166, loss: 0.986, iou: 0.458, recall: 0.590, acc: 0.679
Val 166, loss: 0.829, iou: 0.539, recall: 0.677, acc: 0.756
Time: 23 s
Train 167, loss: 0.978, iou: 0.463, recall: 0.602, acc: 0.665
Val 167, loss: 0.956, iou: 0.538, recall: 0.669, acc: 0.732
Time: 23 s
Train 168, loss: 0.961, iou: 0.468, recall: 0.597, acc: 0.694
Val 168, loss: 0.900, iou: 0.531, recall: 0.670, acc: 0.756
Time: 23 s
Train 169, loss: 1.032, iou: 0.453, recall: 0.592, acc: 0.675
Val 169, loss: 0.913, iou: 0.484, recall: 0.608, acc: 0.722
Time: 23 s
Train 170, loss: 0.961, iou: 0.460, recall: 0.594, acc: 0.685
Val 170, loss: 0.892, iou: 0.498, recall: 0.650, acc: 0.732
Time: 23 s
Train 171, loss: 0.941, iou: 0.464, recall: 0.600, acc: 0.687
Val 171, loss: 1.011, iou: 0.471, recall: 0.620, acc: 0.716
Time: 23 s
Train 172, loss: 0.975, iou: 0.460, recall: 0.615, acc: 0.675
Val 172, loss: 0.909, iou: 0.516, recall: 0.651, acc: 0.726
Time: 23 s
Train 173, loss: 0.972, iou: 0.478, recall: 0.624, acc: 0.690
Val 173, loss: 0.871, iou: 0.528, recall: 0.675, acc: 0.752
Time: 23 s
Train 174, loss: 0.996, iou: 0.470, recall: 0.606, acc: 0.674
Val 174, loss: 0.826, iou: 0.540, recall: 0.663, acc: 0.760
Time: 23 s
Train 175, loss: 0.926, iou: 0.471, recall: 0.618, acc: 0.688
Val 175, loss: 0.839, iou: 0.530, recall: 0.673, acc: 0.758
Time: 23 s
Train 176, loss: 0.995, iou: 0.458, recall: 0.602, acc: 0.671
Val 176, loss: 0.889, iou: 0.503, recall: 0.638, acc: 0.744
Time: 23 s
Train 177, loss: 1.008, iou: 0.411, recall: 0.564, acc: 0.661
Val 177, loss: 0.860, iou: 0.573, recall: 0.712, acc: 0.786
Time: 23 s
Better model!
Train 178, loss: 0.960, iou: 0.465, recall: 0.600, acc: 0.673
Val 178, loss: 0.856, iou: 0.535, recall: 0.686, acc: 0.754
Time: 23 s
Train 179, loss: 1.009, iou: 0.421, recall: 0.565, acc: 0.666
Val 179, loss: 0.900, iou: 0.485, recall: 0.635, acc: 0.720
Time: 23 s
Train 180, loss: 1.021, iou: 0.457, recall: 0.603, acc: 0.652
Val 180, loss: 0.839, iou: 0.567, recall: 0.704, acc: 0.774
Time: 23 s
Train 181, loss: 0.978, iou: 0.474, recall: 0.615, acc: 0.692
Val 181, loss: 0.818, iou: 0.567, recall: 0.692, acc: 0.780
Time: 23 s
Train 182, loss: 0.988, iou: 0.462, recall: 0.604, acc: 0.672
Val 182, loss: 0.815, iou: 0.551, recall: 0.684, acc: 0.770
Time: 23 s
Train 183, loss: 0.915, iou: 0.497, recall: 0.643, acc: 0.703
Val 183, loss: 0.987, iou: 0.537, recall: 0.681, acc: 0.746
Time: 23 s
Train 184, loss: 0.976, iou: 0.436, recall: 0.580, acc: 0.678
Val 184, loss: 0.846, iou: 0.553, recall: 0.708, acc: 0.754
Time: 23 s
Train 185, loss: 0.977, iou: 0.427, recall: 0.569, acc: 0.661
Val 185, loss: 0.798, iou: 0.541, recall: 0.694, acc: 0.764
Time: 23 s
Train 186, loss: 0.936, iou: 0.465, recall: 0.592, acc: 0.685
Val 186, loss: 0.905, iou: 0.528, recall: 0.642, acc: 0.740
Time: 23 s
Train 187, loss: 0.965, iou: 0.461, recall: 0.597, acc: 0.668
Val 187, loss: 0.811, iou: 0.565, recall: 0.711, acc: 0.762
Time: 23 s
Train 188, loss: 0.910, iou: 0.470, recall: 0.616, acc: 0.685
Val 188, loss: 0.978, iou: 0.530, recall: 0.664, acc: 0.730
Time: 23 s
Train 189, loss: 0.935, iou: 0.508, recall: 0.637, acc: 0.720
Val 189, loss: 0.890, iou: 0.567, recall: 0.729, acc: 0.774
Time: 23 s
Train 190, loss: 1.007, iou: 0.477, recall: 0.624, acc: 0.678
Val 190, loss: 0.844, iou: 0.547, recall: 0.674, acc: 0.766
Time: 23 s
Train 191, loss: 0.973, iou: 0.451, recall: 0.592, acc: 0.686
Val 191, loss: 0.933, iou: 0.536, recall: 0.662, acc: 0.732
Time: 23 s
Train 192, loss: 0.954, iou: 0.465, recall: 0.599, acc: 0.691
Val 192, loss: 0.883, iou: 0.571, recall: 0.726, acc: 0.770
Time: 23 s
Train 193, loss: 0.948, iou: 0.471, recall: 0.610, acc: 0.689
Val 193, loss: 0.907, iou: 0.539, recall: 0.673, acc: 0.768
Time: 23 s
Train 194, loss: 0.973, iou: 0.467, recall: 0.618, acc: 0.669
Val 194, loss: 0.876, iou: 0.563, recall: 0.721, acc: 0.768
Time: 23 s
Train 195, loss: 0.928, iou: 0.485, recall: 0.626, acc: 0.703
Val 195, loss: 0.784, iou: 0.582, recall: 0.717, acc: 0.782
Time: 23 s
Train 196, loss: 0.972, iou: 0.474, recall: 0.619, acc: 0.686
Val 196, loss: 0.845, iou: 0.586, recall: 0.736, acc: 0.766
Time: 23 s
Train 197, loss: 0.937, iou: 0.445, recall: 0.576, acc: 0.692
Val 197, loss: 0.811, iou: 0.530, recall: 0.677, acc: 0.762
Time: 23 s
Train 198, loss: 0.999, iou: 0.453, recall: 0.608, acc: 0.677
Val 198, loss: 0.807, iou: 0.572, recall: 0.714, acc: 0.784
Time: 23 s
Train 199, loss: 0.851, iou: 0.517, recall: 0.652, acc: 0.719
Val 199, loss: 0.790, iou: 0.568, recall: 0.716, acc: 0.780
Time: 23 s
Train 200, loss: 0.915, iou: 0.469, recall: 0.603, acc: 0.701
Val 200, loss: 0.805, iou: 0.583, recall: 0.707, acc: 0.786
Time: 23 s
Better model!
Train 201, loss: 0.912, iou: 0.507, recall: 0.641, acc: 0.718
Val 201, loss: 0.827, iou: 0.604, recall: 0.729, acc: 0.794
Time: 23 s
Better model!
Train 202, loss: 0.911, iou: 0.499, recall: 0.627, acc: 0.701
Val 202, loss: 0.728, iou: 0.577, recall: 0.738, acc: 0.794
Time: 23 s
Better model!
Train 203, loss: 0.868, iou: 0.506, recall: 0.645, acc: 0.717
Val 203, loss: 0.777, iou: 0.594, recall: 0.740, acc: 0.786
Time: 23 s
Train 204, loss: 0.930, iou: 0.494, recall: 0.631, acc: 0.710
Val 204, loss: 0.811, iou: 0.574, recall: 0.730, acc: 0.778
Time: 23 s
Train 205, loss: 0.915, iou: 0.493, recall: 0.647, acc: 0.682
Val 205, loss: 0.864, iou: 0.542, recall: 0.677, acc: 0.756
Time: 23 s
Train 206, loss: 0.877, iou: 0.509, recall: 0.643, acc: 0.712
Val 206, loss: 1.008, iou: 0.508, recall: 0.653, acc: 0.710
Time: 23 s
Train 207, loss: 0.916, iou: 0.513, recall: 0.665, acc: 0.707
Val 207, loss: 0.857, iou: 0.558, recall: 0.688, acc: 0.752
Time: 23 s
Train 208, loss: 0.849, iou: 0.538, recall: 0.665, acc: 0.729
Val 208, loss: 0.868, iou: 0.555, recall: 0.669, acc: 0.764
Time: 23 s
Train 209, loss: 0.918, iou: 0.477, recall: 0.616, acc: 0.690
Val 209, loss: 0.870, iou: 0.558, recall: 0.676, acc: 0.750
Time: 23 s
Train 210, loss: 0.941, iou: 0.485, recall: 0.633, acc: 0.698
Val 210, loss: 0.851, iou: 0.553, recall: 0.684, acc: 0.758
Time: 23 s
Train 211, loss: 0.951, iou: 0.488, recall: 0.621, acc: 0.700
Val 211, loss: 0.830, iou: 0.591, recall: 0.714, acc: 0.782
Time: 23 s
Train 212, loss: 0.900, iou: 0.470, recall: 0.602, acc: 0.697
Val 212, loss: 0.797, iou: 0.547, recall: 0.702, acc: 0.762
Time: 23 s
Train 213, loss: 0.901, iou: 0.493, recall: 0.631, acc: 0.696
Val 213, loss: 0.912, iou: 0.513, recall: 0.664, acc: 0.742
Time: 23 s
Train 214, loss: 0.951, iou: 0.489, recall: 0.640, acc: 0.701
Val 214, loss: 0.799, iou: 0.551, recall: 0.658, acc: 0.770
Time: 23 s
Train 215, loss: 0.969, iou: 0.489, recall: 0.629, acc: 0.691
Val 215, loss: 0.838, iou: 0.578, recall: 0.712, acc: 0.784
Time: 23 s
Train 216, loss: 0.819, iou: 0.526, recall: 0.675, acc: 0.723
Val 216, loss: 0.895, iou: 0.578, recall: 0.705, acc: 0.746
Time: 23 s
Train 217, loss: 0.985, iou: 0.433, recall: 0.571, acc: 0.687
Val 217, loss: 0.933, iou: 0.579, recall: 0.711, acc: 0.774
Time: 23 s
Train 218, loss: 0.874, iou: 0.524, recall: 0.662, acc: 0.735
Val 218, loss: 0.850, iou: 0.550, recall: 0.690, acc: 0.764
Time: 23 s
Train 219, loss: 0.917, iou: 0.497, recall: 0.638, acc: 0.703
Val 219, loss: 0.836, iou: 0.556, recall: 0.676, acc: 0.766
Time: 23 s
Train 220, loss: 0.884, iou: 0.521, recall: 0.668, acc: 0.722
Val 220, loss: 0.930, iou: 0.512, recall: 0.650, acc: 0.736
Time: 23 s
Train 221, loss: 0.928, iou: 0.507, recall: 0.649, acc: 0.702
Val 221, loss: 1.025, iou: 0.506, recall: 0.631, acc: 0.730
Time: 23 s
Train 222, loss: 0.900, iou: 0.480, recall: 0.625, acc: 0.698
Val 222, loss: 0.802, iou: 0.584, recall: 0.721, acc: 0.782
Time: 23 s
Train 223, loss: 0.865, iou: 0.480, recall: 0.615, acc: 0.711
Val 223, loss: 0.784, iou: 0.566, recall: 0.701, acc: 0.768
Time: 23 s
Train 224, loss: 0.907, iou: 0.493, recall: 0.642, acc: 0.706
Val 224, loss: 0.928, iou: 0.575, recall: 0.704, acc: 0.766
Time: 23 s
Train 225, loss: 0.854, iou: 0.530, recall: 0.671, acc: 0.733
Val 225, loss: 0.848, iou: 0.593, recall: 0.722, acc: 0.794
Time: 23 s
Better model!
Train 226, loss: 0.868, iou: 0.518, recall: 0.655, acc: 0.720
Val 226, loss: 0.801, iou: 0.585, recall: 0.717, acc: 0.784
Time: 23 s
Train 227, loss: 0.897, iou: 0.510, recall: 0.649, acc: 0.713
Val 227, loss: 0.848, iou: 0.565, recall: 0.724, acc: 0.774
Time: 23 s
Train 228, loss: 0.852, iou: 0.546, recall: 0.678, acc: 0.731
Val 228, loss: 0.798, iou: 0.585, recall: 0.715, acc: 0.788
Time: 23 s
Train 229, loss: 0.881, iou: 0.496, recall: 0.632, acc: 0.710
Val 229, loss: 0.866, iou: 0.537, recall: 0.680, acc: 0.762
Time: 23 s
Train 230, loss: 0.814, iou: 0.539, recall: 0.666, acc: 0.727
Val 230, loss: 0.819, iou: 0.585, recall: 0.708, acc: 0.778
Time: 23 s
Train 231, loss: 0.907, iou: 0.502, recall: 0.650, acc: 0.704
Val 231, loss: 0.851, iou: 0.546, recall: 0.670, acc: 0.744
Time: 23 s
Train 232, loss: 0.845, iou: 0.548, recall: 0.679, acc: 0.718
Val 232, loss: 0.920, iou: 0.585, recall: 0.716, acc: 0.768
Time: 23 s
Train 233, loss: 0.840, iou: 0.500, recall: 0.638, acc: 0.739
Val 233, loss: 0.902, iou: 0.585, recall: 0.724, acc: 0.780
Time: 23 s
Train 234, loss: 0.826, iou: 0.526, recall: 0.656, acc: 0.724
Val 234, loss: 0.827, iou: 0.592, recall: 0.722, acc: 0.778
Time: 23 s
Train 235, loss: 0.820, iou: 0.520, recall: 0.664, acc: 0.729
Val 235, loss: 0.830, iou: 0.546, recall: 0.687, acc: 0.772
Time: 23 s
Train 236, loss: 0.851, iou: 0.475, recall: 0.618, acc: 0.706
Val 236, loss: 0.898, iou: 0.547, recall: 0.678, acc: 0.770
Time: 23 s
Train 237, loss: 0.828, iou: 0.513, recall: 0.667, acc: 0.727
Val 237, loss: 0.783, iou: 0.584, recall: 0.694, acc: 0.788
Time: 23 s
Train 238, loss: 0.828, iou: 0.517, recall: 0.661, acc: 0.728
Val 238, loss: 0.843, iou: 0.592, recall: 0.722, acc: 0.774
Time: 23 s
Train 239, loss: 0.835, iou: 0.553, recall: 0.692, acc: 0.739
Val 239, loss: 0.808, iou: 0.580, recall: 0.705, acc: 0.778
Time: 23 s
Train 240, loss: 0.829, iou: 0.502, recall: 0.641, acc: 0.718
Val 240, loss: 0.824, iou: 0.574, recall: 0.677, acc: 0.776
Time: 23 s
Train 241, loss: 0.841, iou: 0.520, recall: 0.665, acc: 0.727
Val 241, loss: 0.886, iou: 0.589, recall: 0.707, acc: 0.780
Time: 23 s
Train 242, loss: 0.903, iou: 0.520, recall: 0.660, acc: 0.694
Val 242, loss: 0.834, iou: 0.559, recall: 0.671, acc: 0.754
Time: 23 s
Train 243, loss: 0.774, iou: 0.520, recall: 0.652, acc: 0.735
Val 243, loss: 0.754, iou: 0.606, recall: 0.752, acc: 0.790
Time: 23 s
Train 244, loss: 0.814, iou: 0.517, recall: 0.651, acc: 0.741
Val 244, loss: 0.726, iou: 0.607, recall: 0.761, acc: 0.810
Time: 23 s
Better model!
Train 245, loss: 0.826, iou: 0.530, recall: 0.667, acc: 0.735
Val 245, loss: 0.848, iou: 0.588, recall: 0.708, acc: 0.786
Time: 23 s
Train 246, loss: 0.797, iou: 0.536, recall: 0.678, acc: 0.739
Val 246, loss: 0.871, iou: 0.609, recall: 0.708, acc: 0.794
Time: 23 s
Train 247, loss: 0.845, iou: 0.549, recall: 0.691, acc: 0.736
Val 247, loss: 0.835, iou: 0.569, recall: 0.707, acc: 0.782
Time: 23 s
Train 248, loss: 0.813, iou: 0.523, recall: 0.659, acc: 0.727
Val 248, loss: 0.858, iou: 0.576, recall: 0.723, acc: 0.776
Time: 23 s
Train 249, loss: 0.865, iou: 0.483, recall: 0.623, acc: 0.712
Val 249, loss: 0.767, iou: 0.599, recall: 0.745, acc: 0.790
Time: 23 s
Train 250, loss: 0.818, iou: 0.525, recall: 0.666, acc: 0.734
Val 250, loss: 0.874, iou: 0.567, recall: 0.704, acc: 0.758
Time: 23 s
Train 251, loss: 0.833, iou: 0.521, recall: 0.658, acc: 0.712
Val 251, loss: 0.834, iou: 0.590, recall: 0.704, acc: 0.784
Time: 23 s
Train 252, loss: 0.808, iou: 0.576, recall: 0.716, acc: 0.743
Val 252, loss: 0.812, iou: 0.565, recall: 0.702, acc: 0.778
Time: 23 s
Train 253, loss: 0.816, iou: 0.548, recall: 0.673, acc: 0.731
Val 253, loss: 0.764, iou: 0.616, recall: 0.747, acc: 0.812
Time: 23 s
Better model!
Train 254, loss: 0.828, iou: 0.512, recall: 0.656, acc: 0.733
Val 254, loss: 0.789, iou: 0.618, recall: 0.746, acc: 0.798
Time: 23 s
Train 255, loss: 0.771, iou: 0.517, recall: 0.635, acc: 0.744
Val 255, loss: 0.903, iou: 0.557, recall: 0.703, acc: 0.780
Time: 23 s
Train 256, loss: 0.749, iou: 0.539, recall: 0.687, acc: 0.743
Val 256, loss: 0.825, iou: 0.606, recall: 0.738, acc: 0.788
Time: 23 s
Train 257, loss: 0.800, iou: 0.538, recall: 0.683, acc: 0.737
Val 257, loss: 0.865, iou: 0.601, recall: 0.724, acc: 0.792
Time: 23 s
Train 258, loss: 0.821, iou: 0.531, recall: 0.666, acc: 0.738
Val 258, loss: 0.893, iou: 0.563, recall: 0.709, acc: 0.776
Time: 23 s
Train 259, loss: 0.813, iou: 0.544, recall: 0.681, acc: 0.737
Val 259, loss: 0.961, iou: 0.571, recall: 0.696, acc: 0.778
Time: 23 s
Train 260, loss: 0.864, iou: 0.488, recall: 0.629, acc: 0.723
Val 260, loss: 0.818, iou: 0.557, recall: 0.692, acc: 0.772
Time: 23 s
Train 261, loss: 0.793, iou: 0.545, recall: 0.684, acc: 0.750
Val 261, loss: 0.883, iou: 0.590, recall: 0.712, acc: 0.792
Time: 23 s
Train 262, loss: 0.802, iou: 0.524, recall: 0.666, acc: 0.724
Val 262, loss: 0.834, iou: 0.595, recall: 0.712, acc: 0.788
Time: 23 s
Train 263, loss: 0.772, iou: 0.573, recall: 0.697, acc: 0.754
Val 263, loss: 0.831, iou: 0.579, recall: 0.699, acc: 0.790
Time: 23 s
Train 264, loss: 0.770, iou: 0.538, recall: 0.683, acc: 0.742
Val 264, loss: 0.822, iou: 0.596, recall: 0.730, acc: 0.790
Time: 23 s
Train 265, loss: 0.820, iou: 0.549, recall: 0.684, acc: 0.741
Val 265, loss: 0.859, iou: 0.567, recall: 0.701, acc: 0.778
Time: 23 s
Train 266, loss: 0.744, iou: 0.556, recall: 0.682, acc: 0.757
Val 266, loss: 0.940, iou: 0.568, recall: 0.684, acc: 0.774
Time: 23 s
Train 267, loss: 0.760, iou: 0.592, recall: 0.712, acc: 0.767
Val 267, loss: 0.961, iou: 0.551, recall: 0.690, acc: 0.770
Time: 23 s
Train 268, loss: 0.874, iou: 0.503, recall: 0.634, acc: 0.730
Val 268, loss: 0.837, iou: 0.614, recall: 0.727, acc: 0.796
Time: 23 s
Train 269, loss: 0.803, iou: 0.490, recall: 0.625, acc: 0.719
Val 269, loss: 0.933, iou: 0.535, recall: 0.673, acc: 0.736
Time: 23 s
Train 270, loss: 0.817, iou: 0.576, recall: 0.707, acc: 0.757
Val 270, loss: 0.887, iou: 0.607, recall: 0.755, acc: 0.784
Time: 23 s
Train 271, loss: 0.779, iou: 0.552, recall: 0.695, acc: 0.742
Val 271, loss: 0.872, iou: 0.575, recall: 0.709, acc: 0.778
Time: 23 s
Train 272, loss: 0.843, iou: 0.540, recall: 0.677, acc: 0.725
Val 272, loss: 0.837, iou: 0.608, recall: 0.729, acc: 0.794
Time: 23 s
Train 273, loss: 0.770, iou: 0.569, recall: 0.693, acc: 0.740
Val 273, loss: 0.774, iou: 0.612, recall: 0.740, acc: 0.802
Time: 23 s
Train 274, loss: 0.782, iou: 0.582, recall: 0.718, acc: 0.756
Val 274, loss: 0.902, iou: 0.582, recall: 0.696, acc: 0.772
Time: 23 s
Train 275, loss: 0.753, iou: 0.565, recall: 0.704, acc: 0.754
Val 275, loss: 0.827, iou: 0.588, recall: 0.720, acc: 0.796
Time: 23 s
Train 276, loss: 0.805, iou: 0.530, recall: 0.663, acc: 0.750
Val 276, loss: 0.843, iou: 0.586, recall: 0.732, acc: 0.786
Time: 23 s
Train 277, loss: 0.789, iou: 0.575, recall: 0.705, acc: 0.742
Val 277, loss: 0.826, iou: 0.635, recall: 0.751, acc: 0.808
Time: 23 s
Train 278, loss: 0.771, iou: 0.586, recall: 0.712, acc: 0.757
Val 278, loss: 0.820, iou: 0.619, recall: 0.719, acc: 0.806
Time: 23 s
Train 279, loss: 0.725, iou: 0.572, recall: 0.698, acc: 0.771
Val 279, loss: 0.874, iou: 0.568, recall: 0.695, acc: 0.784
Time: 23 s
Train 280, loss: 0.785, iou: 0.571, recall: 0.712, acc: 0.744
Val 280, loss: 0.951, iou: 0.589, recall: 0.704, acc: 0.778
Time: 23 s
Train 281, loss: 0.823, iou: 0.551, recall: 0.686, acc: 0.741
Val 281, loss: 0.802, iou: 0.625, recall: 0.753, acc: 0.802
Time: 23 s
Train 282, loss: 0.746, iou: 0.571, recall: 0.691, acc: 0.764
Val 282, loss: 0.839, iou: 0.600, recall: 0.734, acc: 0.802
Time: 23 s
Train 283, loss: 0.822, iou: 0.521, recall: 0.667, acc: 0.721
Val 283, loss: 0.851, iou: 0.583, recall: 0.706, acc: 0.794
Time: 23 s
Train 284, loss: 0.797, iou: 0.563, recall: 0.709, acc: 0.737
Val 284, loss: 0.893, iou: 0.575, recall: 0.694, acc: 0.778
Time: 23 s
Train 285, loss: 0.777, iou: 0.559, recall: 0.689, acc: 0.747
Val 285, loss: 0.766, iou: 0.611, recall: 0.734, acc: 0.784
Time: 23 s
Train 286, loss: 0.831, iou: 0.554, recall: 0.679, acc: 0.739
Val 286, loss: 0.843, iou: 0.637, recall: 0.737, acc: 0.792
Time: 23 s
Train 287, loss: 0.811, iou: 0.544, recall: 0.677, acc: 0.754
Val 287, loss: 0.931, iou: 0.580, recall: 0.688, acc: 0.764
Time: 23 s
Train 288, loss: 0.771, iou: 0.573, recall: 0.709, acc: 0.749
Val 288, loss: 0.888, iou: 0.604, recall: 0.732, acc: 0.782
Time: 23 s
Train 289, loss: 0.782, iou: 0.581, recall: 0.713, acc: 0.755
Val 289, loss: 0.859, iou: 0.623, recall: 0.712, acc: 0.788
Time: 23 s
Train 290, loss: 0.726, iou: 0.564, recall: 0.706, acc: 0.754
Val 290, loss: 0.905, iou: 0.567, recall: 0.674, acc: 0.770
Time: 23 s
Train 291, loss: 0.728, iou: 0.577, recall: 0.718, acc: 0.772
Val 291, loss: 0.809, iou: 0.608, recall: 0.733, acc: 0.790
Time: 23 s
Train 292, loss: 0.774, iou: 0.521, recall: 0.646, acc: 0.742
Val 292, loss: 0.884, iou: 0.627, recall: 0.735, acc: 0.798
Time: 23 s
Train 293, loss: 0.766, iou: 0.571, recall: 0.711, acc: 0.747
Val 293, loss: 0.888, iou: 0.573, recall: 0.694, acc: 0.760
Time: 23 s
Train 294, loss: 0.805, iou: 0.566, recall: 0.692, acc: 0.746
Val 294, loss: 0.828, iou: 0.574, recall: 0.737, acc: 0.778
Time: 23 s
Train 295, loss: 0.779, iou: 0.559, recall: 0.700, acc: 0.750
Val 295, loss: 0.812, iou: 0.624, recall: 0.740, acc: 0.802
Time: 23 s
Train 296, loss: 0.747, iou: 0.553, recall: 0.687, acc: 0.747
Val 296, loss: 0.928, iou: 0.578, recall: 0.682, acc: 0.778
Time: 23 s
Train 297, loss: 0.728, iou: 0.596, recall: 0.728, acc: 0.771
Val 297, loss: 0.879, iou: 0.588, recall: 0.717, acc: 0.790
Time: 23 s
Train 298, loss: 0.763, iou: 0.579, recall: 0.703, acc: 0.751
Val 298, loss: 0.803, iou: 0.617, recall: 0.743, acc: 0.800
Time: 23 s
Train 299, loss: 0.828, iou: 0.530, recall: 0.661, acc: 0.743
Val 299, loss: 0.797, iou: 0.586, recall: 0.720, acc: 0.790
Time: 23 s
