Namespace(add_color=True, batch_size=18, bn_momentum=0.5, bnm_decay=0.5, cuda=True, decay_step=200000.0, epochs=300, exp_name='1024/color', input_plane=3, local=False, lr=0.001, lr_decay=0.7, num_points=1024, output_plane=21, weight_decay=1e-05)
Namespace(add_color=True, batch_size=18, bn_momentum=0.5, bnm_decay=0.5, cuda=True, decay_step=200000.0, epochs=300, exp_name='1024/color', input_plane=3, local=False, lr=0.001, lr_decay=0.7, num_points=1024, output_plane=21, weight_decay=1e-05)
Train 0, loss: 2.673, iou: 0.047, recall: 0.098, acc: 0.188
Val 0, loss: 2.480, iou: 0.044, recall: 0.126, acc: 0.256
Time: 28 s
Better model!
Train 1, loss: 2.504, iou: 0.060, recall: 0.123, acc: 0.232
Val 1, loss: 2.485, iou: 0.031, recall: 0.103, acc: 0.212
Time: 23 s
Train 2, loss: 2.462, iou: 0.062, recall: 0.130, acc: 0.254
Val 2, loss: 2.438, iou: 0.066, recall: 0.143, acc: 0.254
Time: 23 s
Train 3, loss: 2.437, iou: 0.064, recall: 0.133, acc: 0.258
Val 3, loss: 2.381, iou: 0.060, recall: 0.146, acc: 0.244
Time: 23 s
Train 4, loss: 2.397, iou: 0.069, recall: 0.139, acc: 0.269
Val 4, loss: 2.347, iou: 0.069, recall: 0.155, acc: 0.260
Time: 23 s
Better model!
Train 5, loss: 2.352, iou: 0.067, recall: 0.140, acc: 0.274
Val 5, loss: 2.421, iou: 0.070, recall: 0.161, acc: 0.296
Time: 23 s
Better model!
Train 6, loss: 2.288, iou: 0.078, recall: 0.154, acc: 0.295
Val 6, loss: 2.217, iou: 0.086, recall: 0.183, acc: 0.318
Time: 23 s
Better model!
Train 7, loss: 2.234, iou: 0.091, recall: 0.173, acc: 0.328
Val 7, loss: 2.132, iou: 0.091, recall: 0.193, acc: 0.346
Time: 23 s
Better model!
Train 8, loss: 2.170, iou: 0.098, recall: 0.185, acc: 0.349
Val 8, loss: 2.070, iou: 0.107, recall: 0.198, acc: 0.358
Time: 23 s
Better model!
Train 9, loss: 2.179, iou: 0.092, recall: 0.174, acc: 0.332
Val 9, loss: 2.134, iou: 0.110, recall: 0.202, acc: 0.356
Time: 23 s
Train 10, loss: 2.140, iou: 0.092, recall: 0.172, acc: 0.330
Val 10, loss: 2.089, iou: 0.098, recall: 0.193, acc: 0.356
Time: 23 s
Train 11, loss: 2.113, iou: 0.104, recall: 0.190, acc: 0.358
Val 11, loss: 2.044, iou: 0.097, recall: 0.198, acc: 0.354
Time: 23 s
Train 12, loss: 2.025, iou: 0.119, recall: 0.209, acc: 0.379
Val 12, loss: 2.013, iou: 0.125, recall: 0.231, acc: 0.380
Time: 23 s
Better model!
Train 13, loss: 1.982, iou: 0.129, recall: 0.224, acc: 0.401
Val 13, loss: 1.805, iou: 0.150, recall: 0.253, acc: 0.434
Time: 23 s
Better model!
Train 14, loss: 1.986, iou: 0.120, recall: 0.211, acc: 0.385
Val 14, loss: 1.871, iou: 0.151, recall: 0.251, acc: 0.438
Time: 23 s
Better model!
Train 15, loss: 1.997, iou: 0.133, recall: 0.228, acc: 0.396
Val 15, loss: 1.768, iou: 0.172, recall: 0.282, acc: 0.474
Time: 23 s
Better model!
Train 16, loss: 1.872, iou: 0.148, recall: 0.248, acc: 0.419
Val 16, loss: 1.780, iou: 0.177, recall: 0.301, acc: 0.428
Time: 23 s
Train 17, loss: 1.821, iou: 0.157, recall: 0.258, acc: 0.439
Val 17, loss: 1.668, iou: 0.186, recall: 0.295, acc: 0.472
Time: 23 s
Train 18, loss: 1.777, iou: 0.174, recall: 0.277, acc: 0.449
Val 18, loss: 1.711, iou: 0.171, recall: 0.276, acc: 0.470
Time: 23 s
Train 19, loss: 1.776, iou: 0.166, recall: 0.269, acc: 0.438
Val 19, loss: 1.796, iou: 0.134, recall: 0.227, acc: 0.406
Time: 23 s
Train 20, loss: 1.739, iou: 0.180, recall: 0.286, acc: 0.459
Val 20, loss: 1.672, iou: 0.175, recall: 0.284, acc: 0.460
Time: 23 s
Train 21, loss: 1.763, iou: 0.176, recall: 0.278, acc: 0.452
Val 21, loss: 1.558, iou: 0.199, recall: 0.309, acc: 0.510
Time: 23 s
Better model!
Train 22, loss: 1.647, iou: 0.211, recall: 0.318, acc: 0.491
Val 22, loss: 1.576, iou: 0.202, recall: 0.316, acc: 0.510
Time: 23 s
Better model!
Train 23, loss: 1.599, iou: 0.212, recall: 0.326, acc: 0.485
Val 23, loss: 1.542, iou: 0.205, recall: 0.317, acc: 0.510
Time: 23 s
Better model!
Train 24, loss: 1.554, iou: 0.233, recall: 0.348, acc: 0.520
Val 24, loss: 1.558, iou: 0.260, recall: 0.388, acc: 0.546
Time: 23 s
Better model!
Train 25, loss: 1.579, iou: 0.212, recall: 0.326, acc: 0.493
Val 25, loss: 1.478, iou: 0.236, recall: 0.341, acc: 0.524
Time: 23 s
Train 26, loss: 1.536, iou: 0.239, recall: 0.367, acc: 0.520
Val 26, loss: 1.494, iou: 0.261, recall: 0.375, acc: 0.562
Time: 23 s
Better model!
Train 27, loss: 1.477, iou: 0.247, recall: 0.364, acc: 0.527
Val 27, loss: 1.560, iou: 0.225, recall: 0.338, acc: 0.528
Time: 23 s
Train 28, loss: 1.438, iou: 0.275, recall: 0.407, acc: 0.533
Val 28, loss: 1.416, iou: 0.280, recall: 0.437, acc: 0.548
Time: 23 s
Train 29, loss: 1.446, iou: 0.258, recall: 0.382, acc: 0.520
Val 29, loss: 1.461, iou: 0.243, recall: 0.348, acc: 0.530
Time: 23 s
Train 30, loss: 1.430, iou: 0.283, recall: 0.417, acc: 0.556
Val 30, loss: 1.364, iou: 0.290, recall: 0.414, acc: 0.582
Time: 23 s
Better model!
Train 31, loss: 1.422, iou: 0.289, recall: 0.421, acc: 0.548
Val 31, loss: 1.506, iou: 0.277, recall: 0.405, acc: 0.548
Time: 23 s
Train 32, loss: 1.358, iou: 0.299, recall: 0.433, acc: 0.560
Val 32, loss: 1.326, iou: 0.370, recall: 0.512, acc: 0.622
Time: 23 s
Better model!
Train 33, loss: 1.311, iou: 0.293, recall: 0.424, acc: 0.573
Val 33, loss: 1.426, iou: 0.288, recall: 0.412, acc: 0.578
Time: 23 s
Train 34, loss: 1.313, iou: 0.323, recall: 0.471, acc: 0.567
Val 34, loss: 1.378, iou: 0.345, recall: 0.500, acc: 0.600
Time: 23 s
Train 35, loss: 1.299, iou: 0.325, recall: 0.462, acc: 0.576
Val 35, loss: 1.408, iou: 0.317, recall: 0.437, acc: 0.568
Time: 23 s
Train 36, loss: 1.231, iou: 0.330, recall: 0.465, acc: 0.588
Val 36, loss: 1.245, iou: 0.346, recall: 0.471, acc: 0.618
Time: 23 s
Train 37, loss: 1.266, iou: 0.325, recall: 0.469, acc: 0.578
Val 37, loss: 1.254, iou: 0.381, recall: 0.527, acc: 0.624
Time: 23 s
Better model!
Train 38, loss: 1.199, iou: 0.352, recall: 0.483, acc: 0.604
Val 38, loss: 1.268, iou: 0.326, recall: 0.460, acc: 0.606
Time: 23 s
Train 39, loss: 1.195, iou: 0.358, recall: 0.507, acc: 0.599
Val 39, loss: 1.311, iou: 0.358, recall: 0.514, acc: 0.616
Time: 23 s
Train 40, loss: 1.118, iou: 0.388, recall: 0.525, acc: 0.636
Val 40, loss: 1.215, iou: 0.363, recall: 0.481, acc: 0.622
Time: 23 s
Train 41, loss: 1.078, iou: 0.400, recall: 0.542, acc: 0.647
Val 41, loss: 1.196, iou: 0.389, recall: 0.533, acc: 0.622
Time: 23 s
Train 42, loss: 1.060, iou: 0.401, recall: 0.548, acc: 0.648
Val 42, loss: 1.217, iou: 0.411, recall: 0.541, acc: 0.620
Time: 23 s
Train 43, loss: 1.078, iou: 0.418, recall: 0.562, acc: 0.655
Val 43, loss: 1.247, iou: 0.407, recall: 0.558, acc: 0.616
Time: 23 s
Train 44, loss: 1.135, iou: 0.396, recall: 0.553, acc: 0.637
Val 44, loss: 1.215, iou: 0.396, recall: 0.526, acc: 0.626
Time: 23 s
Better model!
Train 45, loss: 1.077, iou: 0.397, recall: 0.543, acc: 0.641
Val 45, loss: 1.125, iou: 0.436, recall: 0.578, acc: 0.658
Time: 23 s
Better model!
Train 46, loss: 1.050, iou: 0.393, recall: 0.543, acc: 0.654
Val 46, loss: 1.023, iou: 0.459, recall: 0.586, acc: 0.690
Time: 23 s
Better model!
Train 47, loss: 1.065, iou: 0.423, recall: 0.570, acc: 0.661
Val 47, loss: 1.103, iou: 0.429, recall: 0.576, acc: 0.650
Time: 23 s
Train 48, loss: 0.999, iou: 0.446, recall: 0.589, acc: 0.678
Val 48, loss: 1.071, iou: 0.440, recall: 0.601, acc: 0.668
Time: 23 s
Train 49, loss: 0.947, iou: 0.436, recall: 0.584, acc: 0.694
Val 49, loss: 1.195, iou: 0.442, recall: 0.568, acc: 0.650
Time: 23 s
Train 50, loss: 0.922, iou: 0.462, recall: 0.614, acc: 0.699
Val 50, loss: 0.999, iou: 0.497, recall: 0.639, acc: 0.712
Time: 23 s
Better model!
Train 51, loss: 0.910, iou: 0.512, recall: 0.664, acc: 0.712
Val 51, loss: 1.050, iou: 0.456, recall: 0.600, acc: 0.680
Time: 23 s
Train 52, loss: 0.865, iou: 0.491, recall: 0.631, acc: 0.715
Val 52, loss: 1.202, iou: 0.397, recall: 0.538, acc: 0.646
Time: 23 s
Train 53, loss: 0.805, iou: 0.540, recall: 0.683, acc: 0.728
Val 53, loss: 1.049, iou: 0.461, recall: 0.626, acc: 0.658
Time: 23 s
Train 54, loss: 0.879, iou: 0.470, recall: 0.629, acc: 0.717
Val 54, loss: 1.047, iou: 0.457, recall: 0.598, acc: 0.700
Time: 23 s
Train 55, loss: 0.869, iou: 0.503, recall: 0.644, acc: 0.714
Val 55, loss: 1.115, iou: 0.437, recall: 0.580, acc: 0.678
Time: 23 s
Train 56, loss: 0.834, iou: 0.501, recall: 0.650, acc: 0.727
Val 56, loss: 1.035, iou: 0.439, recall: 0.571, acc: 0.690
Time: 23 s
Train 57, loss: 0.781, iou: 0.498, recall: 0.633, acc: 0.734
Val 57, loss: 1.037, iou: 0.464, recall: 0.591, acc: 0.674
Time: 23 s
Train 58, loss: 0.769, iou: 0.530, recall: 0.665, acc: 0.749
Val 58, loss: 0.978, iou: 0.476, recall: 0.612, acc: 0.714
Time: 23 s
Better model!
Train 59, loss: 0.744, iou: 0.548, recall: 0.695, acc: 0.756
Val 59, loss: 1.002, iou: 0.498, recall: 0.661, acc: 0.714
Time: 23 s
Better model!
Train 60, loss: 0.714, iou: 0.580, recall: 0.709, acc: 0.786
Val 60, loss: 1.030, iou: 0.486, recall: 0.619, acc: 0.702
Time: 23 s
Train 61, loss: 0.770, iou: 0.545, recall: 0.688, acc: 0.759
Val 61, loss: 0.997, iou: 0.483, recall: 0.604, acc: 0.710
Time: 23 s
Train 62, loss: 0.664, iou: 0.613, recall: 0.733, acc: 0.780
Val 62, loss: 1.074, iou: 0.521, recall: 0.639, acc: 0.712
Time: 23 s
Train 63, loss: 0.767, iou: 0.538, recall: 0.679, acc: 0.752
Val 63, loss: 1.102, iou: 0.467, recall: 0.649, acc: 0.696
Time: 23 s
Train 64, loss: 0.742, iou: 0.608, recall: 0.748, acc: 0.765
Val 64, loss: 0.899, iou: 0.506, recall: 0.632, acc: 0.732
Time: 23 s
Better model!
Train 65, loss: 0.623, iou: 0.614, recall: 0.743, acc: 0.798
Val 65, loss: 0.946, iou: 0.543, recall: 0.675, acc: 0.732
Time: 23 s
Better model!
Train 66, loss: 0.698, iou: 0.562, recall: 0.710, acc: 0.764
Val 66, loss: 1.002, iou: 0.514, recall: 0.633, acc: 0.730
Time: 23 s
Train 67, loss: 0.680, iou: 0.610, recall: 0.741, acc: 0.795
Val 67, loss: 0.987, iou: 0.519, recall: 0.661, acc: 0.710
Time: 23 s
Train 68, loss: 0.698, iou: 0.581, recall: 0.729, acc: 0.772
Val 68, loss: 1.064, iou: 0.488, recall: 0.623, acc: 0.696
Time: 23 s
Train 69, loss: 0.624, iou: 0.584, recall: 0.722, acc: 0.787
Val 69, loss: 1.033, iou: 0.512, recall: 0.642, acc: 0.728
Time: 23 s
Train 70, loss: 0.610, iou: 0.586, recall: 0.718, acc: 0.794
Val 70, loss: 0.949, iou: 0.516, recall: 0.641, acc: 0.726
Time: 23 s
Train 71, loss: 0.684, iou: 0.584, recall: 0.718, acc: 0.761
Val 71, loss: 1.010, iou: 0.541, recall: 0.655, acc: 0.710
Time: 23 s
Train 72, loss: 0.567, iou: 0.626, recall: 0.754, acc: 0.827
Val 72, loss: 0.983, iou: 0.501, recall: 0.648, acc: 0.726
Time: 23 s
Train 73, loss: 0.583, iou: 0.656, recall: 0.780, acc: 0.809
Val 73, loss: 0.901, iou: 0.544, recall: 0.683, acc: 0.752
Time: 23 s
Better model!
Train 74, loss: 0.594, iou: 0.619, recall: 0.754, acc: 0.806
Val 74, loss: 1.042, iou: 0.507, recall: 0.627, acc: 0.738
Time: 23 s
Train 75, loss: 0.627, iou: 0.599, recall: 0.742, acc: 0.796
Val 75, loss: 1.138, iou: 0.500, recall: 0.650, acc: 0.704
Time: 23 s
Train 76, loss: 0.603, iou: 0.603, recall: 0.737, acc: 0.799
Val 76, loss: 1.035, iou: 0.486, recall: 0.633, acc: 0.716
Time: 23 s
Train 77, loss: 0.514, iou: 0.645, recall: 0.769, acc: 0.825
Val 77, loss: 0.968, iou: 0.496, recall: 0.630, acc: 0.736
Time: 23 s
Train 78, loss: 0.539, iou: 0.666, recall: 0.798, acc: 0.831
Val 78, loss: 0.912, iou: 0.557, recall: 0.686, acc: 0.752
Time: 23 s
Better model!
Train 79, loss: 0.534, iou: 0.674, recall: 0.790, acc: 0.826
Val 79, loss: 0.822, iou: 0.583, recall: 0.719, acc: 0.766
Time: 23 s
Better model!
Train 80, loss: 0.533, iou: 0.657, recall: 0.777, acc: 0.814
Val 80, loss: 1.087, iou: 0.498, recall: 0.612, acc: 0.712
Time: 23 s
Train 81, loss: 0.547, iou: 0.662, recall: 0.789, acc: 0.824
Val 81, loss: 0.901, iou: 0.543, recall: 0.661, acc: 0.750
Time: 23 s
Train 82, loss: 0.558, iou: 0.650, recall: 0.765, acc: 0.815
Val 82, loss: 0.944, iou: 0.547, recall: 0.689, acc: 0.758
Time: 23 s
Train 83, loss: 0.512, iou: 0.717, recall: 0.826, acc: 0.835
Val 83, loss: 0.868, iou: 0.586, recall: 0.700, acc: 0.766
Time: 23 s
Better model!
Train 84, loss: 0.538, iou: 0.679, recall: 0.798, acc: 0.833
Val 84, loss: 0.916, iou: 0.510, recall: 0.663, acc: 0.722
Time: 23 s
Train 85, loss: 0.544, iou: 0.662, recall: 0.787, acc: 0.820
Val 85, loss: 0.949, iou: 0.554, recall: 0.682, acc: 0.726
Time: 23 s
Train 86, loss: 0.472, iou: 0.686, recall: 0.797, acc: 0.851
Val 86, loss: 0.842, iou: 0.583, recall: 0.685, acc: 0.770
Time: 23 s
Better model!
Train 87, loss: 0.470, iou: 0.705, recall: 0.819, acc: 0.847
Val 87, loss: 0.938, iou: 0.529, recall: 0.667, acc: 0.728
Time: 23 s
Train 88, loss: 0.526, iou: 0.667, recall: 0.794, acc: 0.836
Val 88, loss: 0.828, iou: 0.556, recall: 0.674, acc: 0.784
Time: 23 s
Better model!
Train 89, loss: 0.466, iou: 0.672, recall: 0.796, acc: 0.837
Val 89, loss: 0.880, iou: 0.603, recall: 0.704, acc: 0.770
Time: 23 s
Train 90, loss: 0.420, iou: 0.709, recall: 0.816, acc: 0.860
Val 90, loss: 1.032, iou: 0.539, recall: 0.662, acc: 0.740
Time: 23 s
Train 91, loss: 0.500, iou: 0.663, recall: 0.779, acc: 0.831
Val 91, loss: 0.957, iou: 0.551, recall: 0.675, acc: 0.744
Time: 23 s
Train 92, loss: 0.379, iou: 0.739, recall: 0.847, acc: 0.872
Val 92, loss: 0.855, iou: 0.563, recall: 0.687, acc: 0.758
Time: 23 s
Train 93, loss: 0.432, iou: 0.730, recall: 0.835, acc: 0.855
Val 93, loss: 0.900, iou: 0.563, recall: 0.692, acc: 0.768
Time: 23 s
Train 94, loss: 0.399, iou: 0.737, recall: 0.837, acc: 0.872
Val 94, loss: 0.966, iou: 0.539, recall: 0.701, acc: 0.740
Time: 23 s
Train 95, loss: 0.458, iou: 0.705, recall: 0.820, acc: 0.847
Val 95, loss: 0.872, iou: 0.561, recall: 0.687, acc: 0.762
Time: 23 s
Train 96, loss: 0.463, iou: 0.690, recall: 0.805, acc: 0.847
Val 96, loss: 0.877, iou: 0.556, recall: 0.667, acc: 0.770
Time: 23 s
Train 97, loss: 0.428, iou: 0.738, recall: 0.840, acc: 0.868
Val 97, loss: 0.907, iou: 0.551, recall: 0.679, acc: 0.758
Time: 23 s
Train 98, loss: 0.449, iou: 0.731, recall: 0.831, acc: 0.860
Val 98, loss: 0.940, iou: 0.601, recall: 0.723, acc: 0.778
Time: 23 s
Train 99, loss: 0.415, iou: 0.747, recall: 0.854, acc: 0.876
Val 99, loss: 1.007, iou: 0.565, recall: 0.693, acc: 0.780
Time: 23 s
Train 100, loss: 0.383, iou: 0.737, recall: 0.842, acc: 0.873
Val 100, loss: 0.882, iou: 0.607, recall: 0.727, acc: 0.794
Time: 23 s
Better model!
Train 101, loss: 0.391, iou: 0.742, recall: 0.847, acc: 0.877
Val 101, loss: 0.797, iou: 0.594, recall: 0.706, acc: 0.792
Time: 23 s
Train 102, loss: 0.335, iou: 0.767, recall: 0.868, acc: 0.886
Val 102, loss: 0.870, iou: 0.611, recall: 0.706, acc: 0.804
Time: 23 s
Better model!
Train 103, loss: 0.408, iou: 0.731, recall: 0.841, acc: 0.873
Val 103, loss: 0.850, iou: 0.592, recall: 0.701, acc: 0.782
Time: 23 s
Train 104, loss: 0.338, iou: 0.783, recall: 0.875, acc: 0.894
Val 104, loss: 0.861, iou: 0.630, recall: 0.734, acc: 0.794
Time: 23 s
Train 105, loss: 0.359, iou: 0.792, recall: 0.872, acc: 0.894
Val 105, loss: 0.978, iou: 0.556, recall: 0.704, acc: 0.768
Time: 23 s
Train 106, loss: 0.401, iou: 0.751, recall: 0.860, acc: 0.885
Val 106, loss: 0.957, iou: 0.604, recall: 0.714, acc: 0.764
Time: 23 s
Train 107, loss: 0.397, iou: 0.720, recall: 0.830, acc: 0.855
Val 107, loss: 0.898, iou: 0.602, recall: 0.720, acc: 0.788
Time: 23 s
Train 108, loss: 0.349, iou: 0.777, recall: 0.860, acc: 0.892
Val 108, loss: 0.864, iou: 0.558, recall: 0.700, acc: 0.770
Time: 23 s
Train 109, loss: 0.412, iou: 0.747, recall: 0.855, acc: 0.869
Val 109, loss: 0.984, iou: 0.565, recall: 0.695, acc: 0.780
Time: 23 s
Train 110, loss: 0.385, iou: 0.711, recall: 0.828, acc: 0.861
Val 110, loss: 0.872, iou: 0.620, recall: 0.744, acc: 0.788
Time: 23 s
Train 111, loss: 0.334, iou: 0.783, recall: 0.869, acc: 0.885
Val 111, loss: 0.928, iou: 0.580, recall: 0.695, acc: 0.792
Time: 23 s
Train 112, loss: 0.338, iou: 0.762, recall: 0.856, acc: 0.891
Val 112, loss: 0.896, iou: 0.593, recall: 0.721, acc: 0.784
Time: 23 s
Train 113, loss: 0.359, iou: 0.781, recall: 0.863, acc: 0.911
Val 113, loss: 0.938, iou: 0.592, recall: 0.725, acc: 0.762
Time: 23 s
Train 114, loss: 0.294, iou: 0.795, recall: 0.883, acc: 0.899
Val 114, loss: 1.010, iou: 0.587, recall: 0.710, acc: 0.780
Time: 23 s
Train 115, loss: 0.354, iou: 0.748, recall: 0.855, acc: 0.881
Val 115, loss: 0.931, iou: 0.598, recall: 0.744, acc: 0.778
Time: 23 s
Train 116, loss: 0.318, iou: 0.783, recall: 0.865, acc: 0.896
Val 116, loss: 0.947, iou: 0.596, recall: 0.702, acc: 0.782
Time: 23 s
Train 117, loss: 0.272, iou: 0.797, recall: 0.871, acc: 0.909
Val 117, loss: 0.937, iou: 0.586, recall: 0.706, acc: 0.778
Time: 23 s
Train 118, loss: 0.309, iou: 0.812, recall: 0.904, acc: 0.905
Val 118, loss: 0.819, iou: 0.644, recall: 0.753, acc: 0.790
Time: 23 s
Train 119, loss: 0.347, iou: 0.794, recall: 0.879, acc: 0.883
Val 119, loss: 0.980, iou: 0.542, recall: 0.655, acc: 0.754
Time: 23 s
Train 120, loss: 0.314, iou: 0.757, recall: 0.856, acc: 0.890
Val 120, loss: 0.898, iou: 0.579, recall: 0.677, acc: 0.778
Time: 23 s
Train 121, loss: 0.333, iou: 0.796, recall: 0.881, acc: 0.901
Val 121, loss: 1.051, iou: 0.563, recall: 0.703, acc: 0.776
Time: 23 s
Train 122, loss: 0.291, iou: 0.773, recall: 0.862, acc: 0.905
Val 122, loss: 0.896, iou: 0.557, recall: 0.692, acc: 0.780
Time: 23 s
Train 123, loss: 0.357, iou: 0.775, recall: 0.865, acc: 0.890
Val 123, loss: 0.938, iou: 0.560, recall: 0.704, acc: 0.780
Time: 23 s
Train 124, loss: 0.319, iou: 0.780, recall: 0.861, acc: 0.892
Val 124, loss: 0.794, iou: 0.624, recall: 0.758, acc: 0.812
Time: 23 s
Better model!
Train 125, loss: 0.315, iou: 0.815, recall: 0.880, acc: 0.900
Val 125, loss: 0.968, iou: 0.597, recall: 0.744, acc: 0.802
Time: 23 s
Train 126, loss: 0.251, iou: 0.824, recall: 0.900, acc: 0.911
Val 126, loss: 1.017, iou: 0.577, recall: 0.721, acc: 0.776
Time: 23 s
Train 127, loss: 0.327, iou: 0.760, recall: 0.857, acc: 0.891
Val 127, loss: 1.051, iou: 0.572, recall: 0.687, acc: 0.742
Time: 23 s
Train 128, loss: 0.350, iou: 0.761, recall: 0.858, acc: 0.898
Val 128, loss: 0.823, iou: 0.587, recall: 0.718, acc: 0.800
Time: 23 s
Train 129, loss: 0.263, iou: 0.834, recall: 0.900, acc: 0.923
Val 129, loss: 0.812, iou: 0.631, recall: 0.752, acc: 0.818
Time: 23 s
Better model!
Train 130, loss: 0.300, iou: 0.797, recall: 0.882, acc: 0.911
Val 130, loss: 0.964, iou: 0.611, recall: 0.720, acc: 0.782
Time: 23 s
Train 131, loss: 0.271, iou: 0.817, recall: 0.900, acc: 0.913
Val 131, loss: 0.989, iou: 0.573, recall: 0.668, acc: 0.772
Time: 23 s
Train 132, loss: 0.230, iou: 0.872, recall: 0.935, acc: 0.936
Val 132, loss: 1.008, iou: 0.605, recall: 0.734, acc: 0.780
Time: 23 s
Train 133, loss: 0.291, iou: 0.814, recall: 0.883, acc: 0.915
Val 133, loss: 0.890, iou: 0.625, recall: 0.735, acc: 0.802
Time: 23 s
Train 134, loss: 0.311, iou: 0.782, recall: 0.874, acc: 0.904
Val 134, loss: 0.854, iou: 0.645, recall: 0.770, acc: 0.808
Time: 23 s
Train 135, loss: 0.231, iou: 0.851, recall: 0.916, acc: 0.922
Val 135, loss: 0.889, iou: 0.616, recall: 0.742, acc: 0.802
Time: 23 s
Train 136, loss: 0.273, iou: 0.811, recall: 0.883, acc: 0.917
Val 136, loss: 0.891, iou: 0.636, recall: 0.739, acc: 0.816
Time: 23 s
Train 137, loss: 0.245, iou: 0.845, recall: 0.914, acc: 0.920
Val 137, loss: 0.926, iou: 0.657, recall: 0.766, acc: 0.808
Time: 23 s
Train 138, loss: 0.299, iou: 0.804, recall: 0.877, acc: 0.899
Val 138, loss: 1.083, iou: 0.581, recall: 0.698, acc: 0.780
Time: 23 s
Train 139, loss: 0.245, iou: 0.832, recall: 0.903, acc: 0.918
Val 139, loss: 0.915, iou: 0.611, recall: 0.739, acc: 0.814
Time: 23 s
Train 140, loss: 0.280, iou: 0.827, recall: 0.911, acc: 0.911
Val 140, loss: 1.176, iou: 0.558, recall: 0.656, acc: 0.752
Time: 23 s
Train 141, loss: 0.292, iou: 0.825, recall: 0.893, acc: 0.907
Val 141, loss: 0.909, iou: 0.570, recall: 0.708, acc: 0.784
Time: 23 s
Train 142, loss: 0.251, iou: 0.847, recall: 0.918, acc: 0.924
Val 142, loss: 1.070, iou: 0.561, recall: 0.682, acc: 0.780
Time: 23 s
Train 143, loss: 0.280, iou: 0.805, recall: 0.890, acc: 0.911
Val 143, loss: 1.110, iou: 0.564, recall: 0.666, acc: 0.776
Time: 23 s
Train 144, loss: 0.243, iou: 0.843, recall: 0.903, acc: 0.921
Val 144, loss: 0.995, iou: 0.613, recall: 0.743, acc: 0.794
Time: 23 s
Train 145, loss: 0.256, iou: 0.836, recall: 0.915, acc: 0.922
Val 145, loss: 0.981, iou: 0.606, recall: 0.720, acc: 0.778
Time: 23 s
Train 146, loss: 0.226, iou: 0.846, recall: 0.920, acc: 0.926
Val 146, loss: 0.971, iou: 0.606, recall: 0.701, acc: 0.794
Time: 23 s
Train 147, loss: 0.287, iou: 0.813, recall: 0.891, acc: 0.907
Val 147, loss: 0.937, iou: 0.632, recall: 0.732, acc: 0.794
Time: 23 s
Train 148, loss: 0.274, iou: 0.824, recall: 0.906, acc: 0.910
Val 148, loss: 0.985, iou: 0.603, recall: 0.712, acc: 0.780
Time: 23 s
Train 149, loss: 0.258, iou: 0.799, recall: 0.896, acc: 0.912
Val 149, loss: 1.026, iou: 0.631, recall: 0.744, acc: 0.808
Time: 23 s
Train 150, loss: 0.252, iou: 0.836, recall: 0.898, acc: 0.921
Val 150, loss: 0.838, iou: 0.628, recall: 0.752, acc: 0.814
Time: 23 s
Train 151, loss: 0.270, iou: 0.798, recall: 0.877, acc: 0.916
Val 151, loss: 0.892, iou: 0.622, recall: 0.724, acc: 0.798
Time: 23 s
Train 152, loss: 0.287, iou: 0.818, recall: 0.902, acc: 0.907
Val 152, loss: 0.850, iou: 0.587, recall: 0.708, acc: 0.792
Time: 23 s
Train 153, loss: 0.244, iou: 0.843, recall: 0.922, acc: 0.925
Val 153, loss: 0.857, iou: 0.604, recall: 0.712, acc: 0.804
Time: 23 s
Train 154, loss: 0.271, iou: 0.811, recall: 0.897, acc: 0.905
Val 154, loss: 0.997, iou: 0.559, recall: 0.668, acc: 0.790
Time: 23 s
Train 155, loss: 0.231, iou: 0.832, recall: 0.896, acc: 0.926
Val 155, loss: 1.004, iou: 0.551, recall: 0.681, acc: 0.772
Time: 23 s
Train 156, loss: 0.231, iou: 0.846, recall: 0.921, acc: 0.928
Val 156, loss: 0.971, iou: 0.589, recall: 0.727, acc: 0.782
Time: 23 s
Train 157, loss: 0.299, iou: 0.829, recall: 0.898, acc: 0.912
Val 157, loss: 1.007, iou: 0.543, recall: 0.670, acc: 0.766
Time: 23 s
Train 158, loss: 0.283, iou: 0.821, recall: 0.897, acc: 0.913
Val 158, loss: 0.919, iou: 0.621, recall: 0.730, acc: 0.794
Time: 23 s
Train 159, loss: 0.268, iou: 0.844, recall: 0.908, acc: 0.923
Val 159, loss: 0.852, iou: 0.616, recall: 0.728, acc: 0.810
Time: 23 s
Train 160, loss: 0.207, iou: 0.870, recall: 0.927, acc: 0.944
Val 160, loss: 0.890, iou: 0.621, recall: 0.752, acc: 0.804
Time: 23 s
Train 161, loss: 0.235, iou: 0.869, recall: 0.934, acc: 0.928
Val 161, loss: 0.848, iou: 0.628, recall: 0.743, acc: 0.814
Time: 23 s
Train 162, loss: 0.280, iou: 0.833, recall: 0.909, acc: 0.911
Val 162, loss: 0.921, iou: 0.626, recall: 0.736, acc: 0.814
Time: 23 s
Train 163, loss: 0.239, iou: 0.841, recall: 0.912, acc: 0.925
Val 163, loss: 0.807, iou: 0.655, recall: 0.754, acc: 0.830
Time: 23 s
Better model!
Train 164, loss: 0.197, iou: 0.869, recall: 0.922, acc: 0.938
Val 164, loss: 0.883, iou: 0.660, recall: 0.757, acc: 0.812
Time: 23 s
Train 165, loss: 0.182, iou: 0.827, recall: 0.893, acc: 0.934
Val 165, loss: 0.848, iou: 0.615, recall: 0.715, acc: 0.800
Time: 23 s
Train 166, loss: 0.220, iou: 0.872, recall: 0.933, acc: 0.935
Val 166, loss: 0.859, iou: 0.621, recall: 0.736, acc: 0.820
Time: 23 s
Train 167, loss: 0.244, iou: 0.851, recall: 0.917, acc: 0.924
Val 167, loss: 0.982, iou: 0.612, recall: 0.746, acc: 0.784
Time: 23 s
Train 168, loss: 0.174, iou: 0.878, recall: 0.924, acc: 0.945
Val 168, loss: 0.958, iou: 0.632, recall: 0.730, acc: 0.804
Time: 23 s
Train 169, loss: 0.166, iou: 0.880, recall: 0.943, acc: 0.940
Val 169, loss: 0.963, iou: 0.645, recall: 0.745, acc: 0.806
Time: 23 s
Train 170, loss: 0.208, iou: 0.853, recall: 0.924, acc: 0.934
Val 170, loss: 0.919, iou: 0.614, recall: 0.743, acc: 0.802
Time: 23 s
Train 171, loss: 0.182, iou: 0.887, recall: 0.939, acc: 0.942
Val 171, loss: 0.895, iou: 0.613, recall: 0.751, acc: 0.792
Time: 23 s
Train 172, loss: 0.237, iou: 0.852, recall: 0.918, acc: 0.931
Val 172, loss: 1.030, iou: 0.599, recall: 0.712, acc: 0.802
Time: 23 s
Train 173, loss: 0.225, iou: 0.851, recall: 0.918, acc: 0.928
Val 173, loss: 0.892, iou: 0.633, recall: 0.742, acc: 0.808
Time: 23 s
Train 174, loss: 0.250, iou: 0.871, recall: 0.930, acc: 0.935
Val 174, loss: 1.007, iou: 0.597, recall: 0.710, acc: 0.810
Time: 23 s
Train 175, loss: 0.209, iou: 0.875, recall: 0.929, acc: 0.937
Val 175, loss: 1.174, iou: 0.579, recall: 0.677, acc: 0.780
Time: 23 s
Train 176, loss: 0.196, iou: 0.845, recall: 0.917, acc: 0.938
Val 176, loss: 0.960, iou: 0.615, recall: 0.740, acc: 0.814
Time: 23 s
Train 177, loss: 0.239, iou: 0.859, recall: 0.933, acc: 0.930
Val 177, loss: 0.993, iou: 0.645, recall: 0.754, acc: 0.812
Time: 23 s
Train 178, loss: 0.227, iou: 0.834, recall: 0.901, acc: 0.928
Val 178, loss: 0.914, iou: 0.574, recall: 0.686, acc: 0.790
Time: 23 s
Train 179, loss: 0.204, iou: 0.849, recall: 0.918, acc: 0.932
Val 179, loss: 0.883, iou: 0.644, recall: 0.754, acc: 0.814
Time: 23 s
Train 180, loss: 0.151, iou: 0.876, recall: 0.922, acc: 0.944
Val 180, loss: 0.943, iou: 0.591, recall: 0.733, acc: 0.794
Time: 23 s
Train 181, loss: 0.202, iou: 0.868, recall: 0.926, acc: 0.939
Val 181, loss: 0.980, iou: 0.610, recall: 0.735, acc: 0.788
Time: 23 s
Train 182, loss: 0.204, iou: 0.870, recall: 0.935, acc: 0.929
Val 182, loss: 0.890, iou: 0.626, recall: 0.750, acc: 0.814
Time: 23 s
Train 183, loss: 0.172, iou: 0.891, recall: 0.949, acc: 0.947
Val 183, loss: 1.004, iou: 0.622, recall: 0.733, acc: 0.810
Time: 23 s
Train 184, loss: 0.243, iou: 0.843, recall: 0.916, acc: 0.918
Val 184, loss: 0.872, iou: 0.609, recall: 0.715, acc: 0.804
Time: 23 s
Train 185, loss: 0.180, iou: 0.878, recall: 0.921, acc: 0.943
Val 185, loss: 0.988, iou: 0.642, recall: 0.739, acc: 0.800
Time: 23 s
Train 186, loss: 0.170, iou: 0.874, recall: 0.942, acc: 0.949
Val 186, loss: 0.943, iou: 0.674, recall: 0.785, acc: 0.818
Time: 23 s
Train 187, loss: 0.206, iou: 0.862, recall: 0.915, acc: 0.932
Val 187, loss: 0.922, iou: 0.643, recall: 0.750, acc: 0.814
Time: 23 s
Train 188, loss: 0.197, iou: 0.894, recall: 0.942, acc: 0.938
Val 188, loss: 0.914, iou: 0.644, recall: 0.765, acc: 0.826
Time: 23 s
Train 189, loss: 0.255, iou: 0.826, recall: 0.900, acc: 0.920
Val 189, loss: 1.082, iou: 0.598, recall: 0.696, acc: 0.786
Time: 23 s
Train 190, loss: 0.193, iou: 0.863, recall: 0.913, acc: 0.932
Val 190, loss: 1.001, iou: 0.637, recall: 0.729, acc: 0.810
Time: 23 s
Train 191, loss: 0.210, iou: 0.867, recall: 0.931, acc: 0.935
Val 191, loss: 0.942, iou: 0.628, recall: 0.757, acc: 0.806
Time: 23 s
Train 192, loss: 0.200, iou: 0.888, recall: 0.941, acc: 0.937
Val 192, loss: 1.031, iou: 0.627, recall: 0.748, acc: 0.806
Time: 23 s
Train 193, loss: 0.175, iou: 0.892, recall: 0.941, acc: 0.946
Val 193, loss: 1.013, iou: 0.645, recall: 0.745, acc: 0.800
Time: 23 s
Train 194, loss: 0.171, iou: 0.867, recall: 0.919, acc: 0.940
Val 194, loss: 0.915, iou: 0.620, recall: 0.740, acc: 0.800
Time: 23 s
Train 195, loss: 0.156, iou: 0.855, recall: 0.918, acc: 0.946
Val 195, loss: 0.976, iou: 0.622, recall: 0.743, acc: 0.792
Time: 23 s
Train 196, loss: 0.184, iou: 0.873, recall: 0.926, acc: 0.939
Val 196, loss: 0.943, iou: 0.641, recall: 0.758, acc: 0.798
Time: 23 s
Train 197, loss: 0.170, iou: 0.902, recall: 0.951, acc: 0.950
Val 197, loss: 1.052, iou: 0.615, recall: 0.730, acc: 0.792
Time: 23 s
Train 198, loss: 0.203, iou: 0.868, recall: 0.929, acc: 0.941
Val 198, loss: 0.974, iou: 0.631, recall: 0.731, acc: 0.800
Time: 23 s
Train 199, loss: 0.163, iou: 0.867, recall: 0.913, acc: 0.943
Val 199, loss: 0.878, iou: 0.621, recall: 0.768, acc: 0.818
Time: 23 s
Train 200, loss: 0.186, iou: 0.885, recall: 0.937, acc: 0.942
Val 200, loss: 0.805, iou: 0.658, recall: 0.774, acc: 0.830
Time: 23 s
Better model!
Train 201, loss: 0.167, iou: 0.886, recall: 0.939, acc: 0.947
Val 201, loss: 0.950, iou: 0.615, recall: 0.734, acc: 0.800
Time: 23 s
Train 202, loss: 0.204, iou: 0.872, recall: 0.924, acc: 0.938
Val 202, loss: 0.943, iou: 0.661, recall: 0.775, acc: 0.816
Time: 23 s
Train 203, loss: 0.149, iou: 0.922, recall: 0.958, acc: 0.954
Val 203, loss: 0.958, iou: 0.617, recall: 0.734, acc: 0.798
Time: 23 s
Train 204, loss: 0.253, iou: 0.825, recall: 0.905, acc: 0.918
Val 204, loss: 0.932, iou: 0.627, recall: 0.735, acc: 0.818
Time: 23 s
Train 205, loss: 0.203, iou: 0.827, recall: 0.900, acc: 0.929
Val 205, loss: 0.957, iou: 0.627, recall: 0.736, acc: 0.800
Time: 23 s
Train 206, loss: 0.196, iou: 0.845, recall: 0.911, acc: 0.938
Val 206, loss: 0.914, iou: 0.648, recall: 0.771, acc: 0.816
Time: 23 s
Train 207, loss: 0.164, iou: 0.866, recall: 0.928, acc: 0.944
Val 207, loss: 0.878, iou: 0.671, recall: 0.770, acc: 0.816
Time: 23 s
Train 208, loss: 0.209, iou: 0.853, recall: 0.909, acc: 0.933
Val 208, loss: 1.019, iou: 0.655, recall: 0.754, acc: 0.794
Time: 23 s
Train 209, loss: 0.185, iou: 0.893, recall: 0.949, acc: 0.942
Val 209, loss: 0.920, iou: 0.674, recall: 0.775, acc: 0.820
Time: 23 s
Train 210, loss: 0.180, iou: 0.879, recall: 0.940, acc: 0.940
Val 210, loss: 1.218, iou: 0.601, recall: 0.701, acc: 0.784
Time: 23 s
Train 211, loss: 0.210, iou: 0.867, recall: 0.917, acc: 0.939
Val 211, loss: 1.051, iou: 0.601, recall: 0.715, acc: 0.786
Time: 23 s
Train 212, loss: 0.198, iou: 0.875, recall: 0.944, acc: 0.937
Val 212, loss: 0.869, iou: 0.658, recall: 0.749, acc: 0.832
Time: 23 s
Better model!
Train 213, loss: 0.170, iou: 0.900, recall: 0.937, acc: 0.949
Val 213, loss: 0.925, iou: 0.679, recall: 0.783, acc: 0.830
Time: 23 s
Train 214, loss: 0.183, iou: 0.876, recall: 0.931, acc: 0.944
Val 214, loss: 0.999, iou: 0.627, recall: 0.734, acc: 0.800
Time: 23 s
Train 215, loss: 0.149, iou: 0.878, recall: 0.920, acc: 0.950
Val 215, loss: 0.970, iou: 0.639, recall: 0.761, acc: 0.810
Time: 23 s
Train 216, loss: 0.178, iou: 0.882, recall: 0.940, acc: 0.943
Val 216, loss: 0.881, iou: 0.640, recall: 0.735, acc: 0.816
Time: 23 s
Train 217, loss: 0.174, iou: 0.878, recall: 0.929, acc: 0.947
Val 217, loss: 1.004, iou: 0.626, recall: 0.738, acc: 0.796
Time: 23 s
Train 218, loss: 0.171, iou: 0.905, recall: 0.951, acc: 0.950
Val 218, loss: 0.918, iou: 0.646, recall: 0.747, acc: 0.808
Time: 23 s
Train 219, loss: 0.218, iou: 0.869, recall: 0.924, acc: 0.935
Val 219, loss: 0.951, iou: 0.629, recall: 0.755, acc: 0.808
Time: 23 s
Train 220, loss: 0.148, iou: 0.909, recall: 0.950, acc: 0.950
Val 220, loss: 0.959, iou: 0.626, recall: 0.754, acc: 0.814
Time: 23 s
Train 221, loss: 0.146, iou: 0.898, recall: 0.939, acc: 0.957
Val 221, loss: 1.016, iou: 0.625, recall: 0.744, acc: 0.810
Time: 23 s
Train 222, loss: 0.174, iou: 0.875, recall: 0.925, acc: 0.946
Val 222, loss: 0.924, iou: 0.649, recall: 0.756, acc: 0.824
Time: 23 s
Train 223, loss: 0.124, iou: 0.909, recall: 0.965, acc: 0.955
Val 223, loss: 0.874, iou: 0.661, recall: 0.767, acc: 0.824
Time: 23 s
Train 224, loss: 0.146, iou: 0.910, recall: 0.945, acc: 0.957
Val 224, loss: 0.972, iou: 0.642, recall: 0.737, acc: 0.806
Time: 23 s
Train 225, loss: 0.116, iou: 0.894, recall: 0.945, acc: 0.961
Val 225, loss: 0.865, iou: 0.658, recall: 0.755, acc: 0.822
Time: 23 s
Train 226, loss: 0.123, iou: 0.905, recall: 0.956, acc: 0.957
Val 226, loss: 0.995, iou: 0.669, recall: 0.778, acc: 0.824
Time: 23 s
Train 227, loss: 0.182, iou: 0.874, recall: 0.931, acc: 0.946
Val 227, loss: 0.966, iou: 0.676, recall: 0.754, acc: 0.826
Time: 23 s
Train 228, loss: 0.190, iou: 0.879, recall: 0.935, acc: 0.937
Val 228, loss: 0.997, iou: 0.613, recall: 0.732, acc: 0.806
Time: 23 s
Train 229, loss: 0.158, iou: 0.902, recall: 0.951, acc: 0.956
Val 229, loss: 1.037, iou: 0.580, recall: 0.686, acc: 0.792
Time: 23 s
Train 230, loss: 0.159, iou: 0.867, recall: 0.929, acc: 0.942
Val 230, loss: 1.034, iou: 0.610, recall: 0.746, acc: 0.806
Time: 23 s
Train 231, loss: 0.172, iou: 0.884, recall: 0.934, acc: 0.946
Val 231, loss: 1.087, iou: 0.613, recall: 0.743, acc: 0.792
Time: 23 s
Train 232, loss: 0.153, iou: 0.879, recall: 0.938, acc: 0.948
Val 232, loss: 0.885, iou: 0.616, recall: 0.754, acc: 0.822
Time: 23 s
Train 233, loss: 0.207, iou: 0.859, recall: 0.929, acc: 0.934
Val 233, loss: 0.957, iou: 0.635, recall: 0.739, acc: 0.818
Time: 23 s
Train 234, loss: 0.166, iou: 0.878, recall: 0.937, acc: 0.942
Val 234, loss: 0.905, iou: 0.665, recall: 0.770, acc: 0.830
Time: 23 s
Train 235, loss: 0.172, iou: 0.879, recall: 0.932, acc: 0.946
Val 235, loss: 0.968, iou: 0.640, recall: 0.745, acc: 0.808
Time: 23 s
Train 236, loss: 0.144, iou: 0.880, recall: 0.935, acc: 0.952
Val 236, loss: 0.975, iou: 0.588, recall: 0.695, acc: 0.794
Time: 23 s
Train 237, loss: 0.186, iou: 0.871, recall: 0.933, acc: 0.938
Val 237, loss: 1.261, iou: 0.553, recall: 0.670, acc: 0.778
Time: 23 s
Train 238, loss: 0.193, iou: 0.872, recall: 0.923, acc: 0.944
Val 238, loss: 1.046, iou: 0.627, recall: 0.732, acc: 0.798
Time: 23 s
Train 239, loss: 0.203, iou: 0.853, recall: 0.918, acc: 0.940
Val 239, loss: 0.903, iou: 0.650, recall: 0.773, acc: 0.818
Time: 23 s
Train 240, loss: 0.142, iou: 0.891, recall: 0.943, acc: 0.950
Val 240, loss: 0.886, iou: 0.672, recall: 0.754, acc: 0.830
Time: 23 s
Train 241, loss: 0.216, iou: 0.845, recall: 0.916, acc: 0.932
Val 241, loss: 1.045, iou: 0.621, recall: 0.728, acc: 0.812
Time: 23 s
Train 242, loss: 0.170, iou: 0.851, recall: 0.918, acc: 0.946
Val 242, loss: 1.073, iou: 0.637, recall: 0.762, acc: 0.808
Time: 23 s
Train 243, loss: 0.148, iou: 0.909, recall: 0.955, acc: 0.952
Val 243, loss: 1.040, iou: 0.639, recall: 0.754, acc: 0.798
Time: 23 s
Train 244, loss: 0.119, iou: 0.912, recall: 0.945, acc: 0.964
Val 244, loss: 1.074, iou: 0.641, recall: 0.741, acc: 0.800
Time: 23 s
Train 245, loss: 0.146, iou: 0.881, recall: 0.931, acc: 0.950
Val 245, loss: 0.949, iou: 0.598, recall: 0.709, acc: 0.790
Time: 23 s
Train 246, loss: 0.118, iou: 0.906, recall: 0.948, acc: 0.962
Val 246, loss: 1.059, iou: 0.629, recall: 0.748, acc: 0.816
Time: 23 s
Train 247, loss: 0.173, iou: 0.875, recall: 0.933, acc: 0.947
Val 247, loss: 1.007, iou: 0.626, recall: 0.741, acc: 0.798
Time: 23 s
Train 248, loss: 0.195, iou: 0.863, recall: 0.929, acc: 0.938
Val 248, loss: 1.042, iou: 0.648, recall: 0.761, acc: 0.816
Time: 23 s
Train 249, loss: 0.154, iou: 0.926, recall: 0.957, acc: 0.957
Val 249, loss: 0.906, iou: 0.627, recall: 0.742, acc: 0.818
Time: 23 s
Train 250, loss: 0.165, iou: 0.895, recall: 0.939, acc: 0.944
Val 250, loss: 1.073, iou: 0.649, recall: 0.766, acc: 0.824
Time: 23 s
Train 251, loss: 0.103, iou: 0.923, recall: 0.960, acc: 0.967
Val 251, loss: 1.204, iou: 0.606, recall: 0.720, acc: 0.796
Time: 23 s
Train 252, loss: 0.132, iou: 0.928, recall: 0.959, acc: 0.961
Val 252, loss: 1.073, iou: 0.615, recall: 0.721, acc: 0.798
Time: 23 s
Train 253, loss: 0.175, iou: 0.888, recall: 0.943, acc: 0.945
Val 253, loss: 1.015, iou: 0.650, recall: 0.765, acc: 0.816
Time: 23 s
Train 254, loss: 0.155, iou: 0.921, recall: 0.969, acc: 0.946
Val 254, loss: 1.128, iou: 0.614, recall: 0.709, acc: 0.816
Time: 23 s
Train 255, loss: 0.160, iou: 0.876, recall: 0.928, acc: 0.944
Val 255, loss: 1.118, iou: 0.614, recall: 0.749, acc: 0.814
Time: 23 s
Train 256, loss: 0.142, iou: 0.883, recall: 0.938, acc: 0.954
Val 256, loss: 1.055, iou: 0.657, recall: 0.771, acc: 0.822
Time: 23 s
Train 257, loss: 0.129, iou: 0.926, recall: 0.964, acc: 0.968
Val 257, loss: 0.964, iou: 0.672, recall: 0.770, acc: 0.828
Time: 23 s
Train 258, loss: 0.147, iou: 0.907, recall: 0.942, acc: 0.952
Val 258, loss: 0.994, iou: 0.629, recall: 0.724, acc: 0.824
Time: 23 s
Train 259, loss: 0.123, iou: 0.925, recall: 0.966, acc: 0.959
Val 259, loss: 0.954, iou: 0.668, recall: 0.771, acc: 0.814
Time: 23 s
Train 260, loss: 0.140, iou: 0.890, recall: 0.940, acc: 0.955
Val 260, loss: 0.820, iou: 0.626, recall: 0.750, acc: 0.812
Time: 23 s
Train 261, loss: 0.148, iou: 0.903, recall: 0.940, acc: 0.958
Val 261, loss: 0.881, iou: 0.649, recall: 0.771, acc: 0.814
Time: 23 s
Train 262, loss: 0.120, iou: 0.913, recall: 0.952, acc: 0.963
Val 262, loss: 0.846, iou: 0.671, recall: 0.772, acc: 0.826
Time: 23 s
Train 263, loss: 0.168, iou: 0.916, recall: 0.951, acc: 0.952
Val 263, loss: 1.176, iou: 0.599, recall: 0.726, acc: 0.792
Time: 23 s
Train 264, loss: 0.150, iou: 0.901, recall: 0.944, acc: 0.949
Val 264, loss: 1.033, iou: 0.645, recall: 0.755, acc: 0.806
Time: 23 s
Train 265, loss: 0.151, iou: 0.897, recall: 0.949, acc: 0.951
Val 265, loss: 1.161, iou: 0.605, recall: 0.738, acc: 0.782
Time: 23 s
Train 266, loss: 0.149, iou: 0.913, recall: 0.951, acc: 0.960
Val 266, loss: 1.051, iou: 0.632, recall: 0.745, acc: 0.816
Time: 23 s
Train 267, loss: 0.135, iou: 0.914, recall: 0.945, acc: 0.957
Val 267, loss: 0.962, iou: 0.688, recall: 0.795, acc: 0.830
Time: 23 s
Train 268, loss: 0.162, iou: 0.887, recall: 0.943, acc: 0.954
Val 268, loss: 0.952, iou: 0.643, recall: 0.774, acc: 0.830
Time: 23 s
Train 269, loss: 0.120, iou: 0.903, recall: 0.948, acc: 0.960
Val 269, loss: 1.073, iou: 0.649, recall: 0.744, acc: 0.806
Time: 23 s
Train 270, loss: 0.135, iou: 0.907, recall: 0.948, acc: 0.957
Val 270, loss: 1.009, iou: 0.635, recall: 0.734, acc: 0.822
Time: 23 s
Train 271, loss: 0.139, iou: 0.893, recall: 0.951, acc: 0.953
Val 271, loss: 0.915, iou: 0.655, recall: 0.760, acc: 0.824
Time: 23 s
Train 272, loss: 0.134, iou: 0.904, recall: 0.941, acc: 0.953
Val 272, loss: 1.119, iou: 0.582, recall: 0.682, acc: 0.790
Time: 23 s
Train 273, loss: 0.168, iou: 0.910, recall: 0.952, acc: 0.947
Val 273, loss: 1.001, iou: 0.656, recall: 0.747, acc: 0.824
Time: 23 s
Train 274, loss: 0.191, iou: 0.899, recall: 0.942, acc: 0.954
Val 274, loss: 0.996, iou: 0.639, recall: 0.746, acc: 0.824
Time: 23 s
Train 275, loss: 0.165, iou: 0.880, recall: 0.940, acc: 0.947
Val 275, loss: 1.122, iou: 0.638, recall: 0.757, acc: 0.812
Time: 23 s
Train 276, loss: 0.167, iou: 0.892, recall: 0.937, acc: 0.950
Val 276, loss: 1.176, iou: 0.621, recall: 0.749, acc: 0.784
Time: 23 s
Train 277, loss: 0.156, iou: 0.893, recall: 0.942, acc: 0.953
Val 277, loss: 1.049, iou: 0.650, recall: 0.744, acc: 0.820
Time: 23 s
Train 278, loss: 0.144, iou: 0.889, recall: 0.935, acc: 0.958
Val 278, loss: 1.030, iou: 0.658, recall: 0.774, acc: 0.832
Time: 23 s
Better model!
Train 279, loss: 0.143, iou: 0.899, recall: 0.940, acc: 0.960
Val 279, loss: 1.260, iou: 0.610, recall: 0.715, acc: 0.798
Time: 23 s
Train 280, loss: 0.227, iou: 0.840, recall: 0.915, acc: 0.921
Val 280, loss: 1.113, iou: 0.616, recall: 0.717, acc: 0.814
Time: 23 s
Train 281, loss: 0.155, iou: 0.902, recall: 0.939, acc: 0.955
Val 281, loss: 1.153, iou: 0.624, recall: 0.741, acc: 0.804
Time: 23 s
Train 282, loss: 0.198, iou: 0.879, recall: 0.939, acc: 0.939
Val 282, loss: 1.108, iou: 0.616, recall: 0.731, acc: 0.810
Time: 23 s
Train 283, loss: 0.120, iou: 0.920, recall: 0.953, acc: 0.957
Val 283, loss: 0.989, iou: 0.630, recall: 0.744, acc: 0.824
Time: 23 s
Train 284, loss: 0.177, iou: 0.895, recall: 0.941, acc: 0.941
Val 284, loss: 1.088, iou: 0.620, recall: 0.729, acc: 0.820
Time: 23 s
Train 285, loss: 0.115, iou: 0.936, recall: 0.966, acc: 0.960
Val 285, loss: 0.957, iou: 0.662, recall: 0.753, acc: 0.826
Time: 23 s
Train 286, loss: 0.093, iou: 0.939, recall: 0.968, acc: 0.967
Val 286, loss: 0.996, iou: 0.646, recall: 0.763, acc: 0.818
Time: 23 s
Train 287, loss: 0.140, iou: 0.904, recall: 0.955, acc: 0.957
Val 287, loss: 0.980, iou: 0.636, recall: 0.732, acc: 0.812
Time: 23 s
Train 288, loss: 0.135, iou: 0.898, recall: 0.941, acc: 0.949
Val 288, loss: 1.078, iou: 0.606, recall: 0.717, acc: 0.808
Time: 23 s
Train 289, loss: 0.151, iou: 0.896, recall: 0.939, acc: 0.953
Val 289, loss: 1.191, iou: 0.610, recall: 0.715, acc: 0.790
Time: 23 s
Train 290, loss: 0.130, iou: 0.908, recall: 0.951, acc: 0.958
Val 290, loss: 1.213, iou: 0.626, recall: 0.742, acc: 0.810
Time: 23 s
Train 291, loss: 0.133, iou: 0.924, recall: 0.968, acc: 0.958
Val 291, loss: 0.939, iou: 0.623, recall: 0.742, acc: 0.822
Time: 23 s
Train 292, loss: 0.133, iou: 0.901, recall: 0.947, acc: 0.957
Val 292, loss: 1.046, iou: 0.632, recall: 0.712, acc: 0.808
Time: 23 s
Train 293, loss: 0.153, iou: 0.885, recall: 0.937, acc: 0.947
Val 293, loss: 1.125, iou: 0.637, recall: 0.724, acc: 0.818
Time: 23 s
Train 294, loss: 0.162, iou: 0.922, recall: 0.958, acc: 0.950
Val 294, loss: 0.961, iou: 0.654, recall: 0.736, acc: 0.824
Time: 23 s
Train 295, loss: 0.173, iou: 0.867, recall: 0.925, acc: 0.944
Val 295, loss: 1.016, iou: 0.636, recall: 0.733, acc: 0.806
Time: 23 s
Train 296, loss: 0.122, iou: 0.910, recall: 0.951, acc: 0.964
Val 296, loss: 0.944, iou: 0.632, recall: 0.721, acc: 0.832
Time: 23 s
Better model!
Train 297, loss: 0.135, iou: 0.928, recall: 0.960, acc: 0.959
Val 297, loss: 1.048, iou: 0.630, recall: 0.732, acc: 0.814
Time: 23 s
Train 298, loss: 0.133, iou: 0.919, recall: 0.959, acc: 0.956
Val 298, loss: 0.900, iou: 0.672, recall: 0.764, acc: 0.834
Time: 23 s
Better model!
Train 299, loss: 0.074, iou: 0.959, recall: 0.972, acc: 0.980
Val 299, loss: 1.118, iou: 0.630, recall: 0.751, acc: 0.812
Time: 23 s
