Namespace(add_color=False, batch_size=18, bn_momentum=0.5, bnm_decay=0.5, cuda=True, decay_step=200000.0, epochs=300, exp_name='xyz', input_plane=0, local=False, lr=0.001, lr_decay=0.7, num_points=4096, output_plane=21, weight_decay=1e-05)
Train 0, loss: 2.497, iou: 0.075, recall: 0.146, acc: 0.266
Val 0, loss: 2.124, iou: 0.091, recall: 0.190, acc: 0.374
Time: 37 s
Better model!
Train 1, loss: 2.179, iou: 0.100, recall: 0.184, acc: 0.339
Val 1, loss: 1.878, iou: 0.157, recall: 0.268, acc: 0.448
Time: 33 s
Better model!
Train 2, loss: 1.991, iou: 0.119, recall: 0.213, acc: 0.385
Val 2, loss: 1.875, iou: 0.136, recall: 0.257, acc: 0.388
Time: 33 s
Train 3, loss: 1.898, iou: 0.143, recall: 0.245, acc: 0.419
Val 3, loss: 1.519, iou: 0.205, recall: 0.336, acc: 0.542
Time: 33 s
Better model!
Train 4, loss: 1.769, iou: 0.182, recall: 0.293, acc: 0.463
Val 4, loss: 1.680, iou: 0.203, recall: 0.331, acc: 0.496
Time: 33 s
Train 5, loss: 1.702, iou: 0.208, recall: 0.319, acc: 0.487
Val 5, loss: 1.387, iou: 0.253, recall: 0.380, acc: 0.580
Time: 33 s
Better model!
Train 6, loss: 1.602, iou: 0.215, recall: 0.333, acc: 0.504
Val 6, loss: 1.478, iou: 0.282, recall: 0.443, acc: 0.552
Time: 33 s
Train 7, loss: 1.557, iou: 0.255, recall: 0.378, acc: 0.540
Val 7, loss: 1.358, iou: 0.272, recall: 0.393, acc: 0.600
Time: 33 s
Better model!
Train 8, loss: 1.513, iou: 0.259, recall: 0.386, acc: 0.541
Val 8, loss: 1.289, iou: 0.314, recall: 0.455, acc: 0.608
Time: 33 s
Better model!
Train 9, loss: 1.496, iou: 0.281, recall: 0.419, acc: 0.551
Val 9, loss: 1.245, iou: 0.362, recall: 0.515, acc: 0.626
Time: 33 s
Better model!
Train 10, loss: 1.353, iou: 0.288, recall: 0.412, acc: 0.576
Val 10, loss: 1.113, iou: 0.365, recall: 0.517, acc: 0.656
Time: 33 s
Better model!
Train 11, loss: 1.405, iou: 0.266, recall: 0.392, acc: 0.572
Val 11, loss: 1.184, iou: 0.352, recall: 0.489, acc: 0.634
Time: 33 s
Train 12, loss: 1.400, iou: 0.300, recall: 0.434, acc: 0.581
Val 12, loss: 1.246, iou: 0.301, recall: 0.428, acc: 0.624
Time: 33 s
Train 13, loss: 1.314, iou: 0.310, recall: 0.438, acc: 0.600
Val 13, loss: 1.304, iou: 0.361, recall: 0.502, acc: 0.620
Time: 33 s
Train 14, loss: 1.218, iou: 0.346, recall: 0.485, acc: 0.629
Val 14, loss: 1.037, iou: 0.421, recall: 0.553, acc: 0.678
Time: 33 s
Better model!
Train 15, loss: 1.204, iou: 0.354, recall: 0.487, acc: 0.619
Val 15, loss: 1.114, iou: 0.364, recall: 0.507, acc: 0.654
Time: 33 s
Train 16, loss: 1.187, iou: 0.368, recall: 0.509, acc: 0.636
Val 16, loss: 1.114, iou: 0.403, recall: 0.571, acc: 0.654
Time: 33 s
Train 17, loss: 1.169, iou: 0.377, recall: 0.506, acc: 0.643
Val 17, loss: 1.049, iou: 0.393, recall: 0.529, acc: 0.668
Time: 33 s
Train 18, loss: 1.168, iou: 0.384, recall: 0.538, acc: 0.647
Val 18, loss: 1.016, iou: 0.432, recall: 0.596, acc: 0.692
Time: 33 s
Better model!
Train 19, loss: 1.181, iou: 0.387, recall: 0.528, acc: 0.640
Val 19, loss: 1.060, iou: 0.416, recall: 0.555, acc: 0.700
Time: 33 s
Better model!
Train 20, loss: 1.126, iou: 0.399, recall: 0.547, acc: 0.653
Val 20, loss: 1.011, iou: 0.443, recall: 0.592, acc: 0.706
Time: 33 s
Better model!
Train 21, loss: 1.054, iou: 0.395, recall: 0.538, acc: 0.663
Val 21, loss: 0.931, iou: 0.466, recall: 0.619, acc: 0.718
Time: 33 s
Better model!
Train 22, loss: 1.050, iou: 0.388, recall: 0.531, acc: 0.656
Val 22, loss: 1.014, iou: 0.425, recall: 0.600, acc: 0.700
Time: 33 s
Train 23, loss: 1.058, iou: 0.409, recall: 0.558, acc: 0.665
Val 23, loss: 0.904, iou: 0.465, recall: 0.637, acc: 0.726
Time: 33 s
Better model!
Train 24, loss: 1.011, iou: 0.413, recall: 0.545, acc: 0.678
Val 24, loss: 0.885, iou: 0.477, recall: 0.620, acc: 0.716
Time: 33 s
Train 25, loss: 1.056, iou: 0.400, recall: 0.554, acc: 0.658
Val 25, loss: 0.943, iou: 0.432, recall: 0.551, acc: 0.710
Time: 33 s
Train 26, loss: 0.971, iou: 0.449, recall: 0.584, acc: 0.702
Val 26, loss: 0.995, iou: 0.459, recall: 0.602, acc: 0.684
Time: 33 s
Train 27, loss: 0.960, iou: 0.458, recall: 0.606, acc: 0.699
Val 27, loss: 1.055, iou: 0.424, recall: 0.598, acc: 0.666
Time: 33 s
Train 28, loss: 0.962, iou: 0.459, recall: 0.606, acc: 0.691
Val 28, loss: 0.933, iou: 0.464, recall: 0.607, acc: 0.698
Time: 33 s
Train 29, loss: 0.948, iou: 0.429, recall: 0.574, acc: 0.697
Val 29, loss: 0.864, iou: 0.487, recall: 0.621, acc: 0.746
Time: 33 s
Better model!
Train 30, loss: 0.947, iou: 0.440, recall: 0.579, acc: 0.684
Val 30, loss: 0.907, iou: 0.481, recall: 0.632, acc: 0.738
Time: 33 s
Train 31, loss: 0.954, iou: 0.440, recall: 0.584, acc: 0.694
Val 31, loss: 1.025, iou: 0.444, recall: 0.569, acc: 0.682
Time: 33 s
Train 32, loss: 0.953, iou: 0.468, recall: 0.606, acc: 0.705
Val 32, loss: 0.867, iou: 0.515, recall: 0.684, acc: 0.746
Time: 33 s
Better model!
Train 33, loss: 0.904, iou: 0.440, recall: 0.583, acc: 0.698
Val 33, loss: 0.902, iou: 0.490, recall: 0.648, acc: 0.724
Time: 33 s
Train 34, loss: 0.981, iou: 0.450, recall: 0.595, acc: 0.697
Val 34, loss: 0.858, iou: 0.516, recall: 0.658, acc: 0.752
Time: 33 s
Better model!
Train 35, loss: 0.895, iou: 0.482, recall: 0.635, acc: 0.713
Val 35, loss: 0.906, iou: 0.480, recall: 0.636, acc: 0.722
Time: 33 s
Train 36, loss: 0.848, iou: 0.468, recall: 0.614, acc: 0.718
Val 36, loss: 0.916, iou: 0.488, recall: 0.637, acc: 0.724
Time: 33 s
Train 37, loss: 0.840, iou: 0.451, recall: 0.583, acc: 0.714
Val 37, loss: 0.949, iou: 0.476, recall: 0.633, acc: 0.718
Time: 33 s
Train 38, loss: 0.839, iou: 0.463, recall: 0.610, acc: 0.715
Val 38, loss: 0.950, iou: 0.491, recall: 0.618, acc: 0.720
Time: 33 s
Train 39, loss: 0.856, iou: 0.507, recall: 0.661, acc: 0.716
Val 39, loss: 0.820, iou: 0.531, recall: 0.687, acc: 0.770
Time: 33 s
Better model!
Train 40, loss: 0.786, iou: 0.521, recall: 0.656, acc: 0.744
Val 40, loss: 0.794, iou: 0.515, recall: 0.652, acc: 0.750
Time: 33 s
Train 41, loss: 0.818, iou: 0.501, recall: 0.645, acc: 0.739
Val 41, loss: 0.857, iou: 0.470, recall: 0.636, acc: 0.718
Time: 33 s
Train 42, loss: 0.786, iou: 0.509, recall: 0.647, acc: 0.748
Val 42, loss: 0.879, iou: 0.489, recall: 0.618, acc: 0.742
Time: 33 s
Train 43, loss: 0.771, iou: 0.516, recall: 0.666, acc: 0.744
Val 43, loss: 0.782, iou: 0.521, recall: 0.670, acc: 0.776
Time: 33 s
Better model!
Train 44, loss: 0.739, iou: 0.531, recall: 0.680, acc: 0.759
Val 44, loss: 0.743, iou: 0.571, recall: 0.718, acc: 0.782
Time: 33 s
Better model!
Train 45, loss: 0.765, iou: 0.514, recall: 0.654, acc: 0.751
Val 45, loss: 0.849, iou: 0.522, recall: 0.666, acc: 0.754
Time: 33 s
Train 46, loss: 0.727, iou: 0.512, recall: 0.646, acc: 0.756
Val 46, loss: 0.782, iou: 0.549, recall: 0.704, acc: 0.780
Time: 33 s
Train 47, loss: 0.712, iou: 0.554, recall: 0.694, acc: 0.768
Val 47, loss: 0.816, iou: 0.549, recall: 0.682, acc: 0.766
Time: 33 s
Train 48, loss: 0.733, iou: 0.511, recall: 0.643, acc: 0.747
Val 48, loss: 0.896, iou: 0.532, recall: 0.668, acc: 0.748
Time: 33 s
Train 49, loss: 0.733, iou: 0.531, recall: 0.657, acc: 0.761
Val 49, loss: 0.816, iou: 0.549, recall: 0.709, acc: 0.772
Time: 33 s
Train 50, loss: 0.678, iou: 0.584, recall: 0.715, acc: 0.793
Val 50, loss: 0.813, iou: 0.509, recall: 0.634, acc: 0.766
Time: 33 s
Train 51, loss: 0.703, iou: 0.548, recall: 0.691, acc: 0.764
Val 51, loss: 0.812, iou: 0.558, recall: 0.667, acc: 0.766
Time: 33 s
Train 52, loss: 0.733, iou: 0.539, recall: 0.676, acc: 0.763
Val 52, loss: 0.828, iou: 0.469, recall: 0.634, acc: 0.744
Time: 33 s
Train 53, loss: 0.696, iou: 0.529, recall: 0.659, acc: 0.761
Val 53, loss: 0.792, iou: 0.523, recall: 0.636, acc: 0.768
Time: 33 s
Train 54, loss: 0.707, iou: 0.549, recall: 0.680, acc: 0.776
Val 54, loss: 0.840, iou: 0.515, recall: 0.623, acc: 0.768
Time: 33 s
Train 55, loss: 0.611, iou: 0.578, recall: 0.711, acc: 0.794
Val 55, loss: 0.824, iou: 0.512, recall: 0.650, acc: 0.758
Time: 33 s
Train 56, loss: 0.585, iou: 0.610, recall: 0.746, acc: 0.801
Val 56, loss: 0.828, iou: 0.508, recall: 0.631, acc: 0.752
Time: 33 s
Train 57, loss: 0.603, iou: 0.586, recall: 0.713, acc: 0.794
Val 57, loss: 0.865, iou: 0.527, recall: 0.672, acc: 0.742
Time: 33 s
Train 58, loss: 0.573, iou: 0.616, recall: 0.748, acc: 0.805
Val 58, loss: 0.739, iou: 0.572, recall: 0.686, acc: 0.782
Time: 33 s
Better model!
Train 59, loss: 0.596, iou: 0.564, recall: 0.691, acc: 0.791
Val 59, loss: 0.748, iou: 0.525, recall: 0.685, acc: 0.748
Time: 33 s
Train 60, loss: 0.630, iou: 0.591, recall: 0.736, acc: 0.791
Val 60, loss: 0.778, iou: 0.544, recall: 0.666, acc: 0.774
Time: 33 s
Train 61, loss: 0.586, iou: 0.654, recall: 0.773, acc: 0.826
Val 61, loss: 0.814, iou: 0.559, recall: 0.673, acc: 0.746
Time: 33 s
Train 62, loss: 0.558, iou: 0.631, recall: 0.746, acc: 0.818
Val 62, loss: 0.712, iou: 0.591, recall: 0.716, acc: 0.792
Time: 33 s
Better model!
Train 63, loss: 0.651, iou: 0.575, recall: 0.703, acc: 0.786
Val 63, loss: 0.772, iou: 0.507, recall: 0.626, acc: 0.770
Time: 33 s
Train 64, loss: 0.572, iou: 0.618, recall: 0.745, acc: 0.805
Val 64, loss: 0.724, iou: 0.581, recall: 0.700, acc: 0.786
Time: 33 s
Train 65, loss: 0.545, iou: 0.667, recall: 0.777, acc: 0.818
Val 65, loss: 0.753, iou: 0.545, recall: 0.650, acc: 0.790
Time: 33 s
Train 66, loss: 0.510, iou: 0.658, recall: 0.782, acc: 0.827
Val 66, loss: 0.765, iou: 0.610, recall: 0.730, acc: 0.794
Time: 33 s
Better model!
Train 67, loss: 0.497, iou: 0.648, recall: 0.774, acc: 0.832
Val 67, loss: 0.778, iou: 0.603, recall: 0.729, acc: 0.804
Time: 33 s
Better model!
Train 68, loss: 0.509, iou: 0.639, recall: 0.756, acc: 0.829
Val 68, loss: 0.757, iou: 0.592, recall: 0.713, acc: 0.778
Time: 33 s
Train 69, loss: 0.536, iou: 0.678, recall: 0.802, acc: 0.826
Val 69, loss: 0.770, iou: 0.564, recall: 0.683, acc: 0.788
Time: 33 s
Train 70, loss: 0.486, iou: 0.669, recall: 0.785, acc: 0.832
Val 70, loss: 0.818, iou: 0.602, recall: 0.715, acc: 0.794
Time: 33 s
Train 71, loss: 0.545, iou: 0.644, recall: 0.774, acc: 0.820
Val 71, loss: 0.784, iou: 0.572, recall: 0.696, acc: 0.778
Time: 33 s
Train 72, loss: 0.537, iou: 0.630, recall: 0.747, acc: 0.826
Val 72, loss: 0.705, iou: 0.620, recall: 0.742, acc: 0.798
Time: 33 s
Train 73, loss: 0.437, iou: 0.704, recall: 0.829, acc: 0.867
Val 73, loss: 0.850, iou: 0.610, recall: 0.707, acc: 0.776
Time: 33 s
Train 74, loss: 0.466, iou: 0.670, recall: 0.777, acc: 0.851
Val 74, loss: 0.773, iou: 0.567, recall: 0.665, acc: 0.784
Time: 33 s
Train 75, loss: 0.480, iou: 0.656, recall: 0.779, acc: 0.838
Val 75, loss: 0.843, iou: 0.533, recall: 0.669, acc: 0.762
Time: 33 s
Train 76, loss: 0.411, iou: 0.698, recall: 0.806, acc: 0.862
Val 76, loss: 0.786, iou: 0.602, recall: 0.716, acc: 0.778
Time: 33 s
Train 77, loss: 0.431, iou: 0.715, recall: 0.813, acc: 0.860
Val 77, loss: 0.709, iou: 0.616, recall: 0.728, acc: 0.810
Time: 33 s
Better model!
Train 78, loss: 0.426, iou: 0.679, recall: 0.794, acc: 0.862
Val 78, loss: 0.732, iou: 0.616, recall: 0.749, acc: 0.798
Time: 33 s
Train 79, loss: 0.440, iou: 0.703, recall: 0.818, acc: 0.845
Val 79, loss: 0.895, iou: 0.560, recall: 0.689, acc: 0.764
Time: 33 s
Train 80, loss: 0.465, iou: 0.683, recall: 0.804, acc: 0.849
Val 80, loss: 0.810, iou: 0.597, recall: 0.714, acc: 0.788
Time: 33 s
Train 81, loss: 0.450, iou: 0.692, recall: 0.796, acc: 0.851
Val 81, loss: 0.675, iou: 0.675, recall: 0.755, acc: 0.830
Time: 33 s
Better model!
Train 82, loss: 0.413, iou: 0.723, recall: 0.833, acc: 0.873
Val 82, loss: 0.722, iou: 0.608, recall: 0.726, acc: 0.798
Time: 33 s
Train 83, loss: 0.419, iou: 0.691, recall: 0.799, acc: 0.864
Val 83, loss: 0.791, iou: 0.614, recall: 0.728, acc: 0.800
Time: 33 s
Train 84, loss: 0.419, iou: 0.716, recall: 0.818, acc: 0.855
Val 84, loss: 0.731, iou: 0.587, recall: 0.706, acc: 0.804
Time: 33 s
Train 85, loss: 0.411, iou: 0.740, recall: 0.847, acc: 0.859
Val 85, loss: 0.665, iou: 0.684, recall: 0.790, acc: 0.826
Time: 33 s
Train 86, loss: 0.353, iou: 0.760, recall: 0.850, acc: 0.883
Val 86, loss: 0.711, iou: 0.646, recall: 0.766, acc: 0.814
Time: 33 s
Train 87, loss: 0.400, iou: 0.715, recall: 0.827, acc: 0.869
Val 87, loss: 0.777, iou: 0.611, recall: 0.725, acc: 0.792
Time: 33 s
Train 88, loss: 0.387, iou: 0.748, recall: 0.837, acc: 0.883
Val 88, loss: 0.658, iou: 0.679, recall: 0.782, acc: 0.824
Time: 33 s
Train 89, loss: 0.396, iou: 0.681, recall: 0.808, acc: 0.854
Val 89, loss: 0.782, iou: 0.590, recall: 0.692, acc: 0.802
Time: 33 s
Train 90, loss: 0.370, iou: 0.761, recall: 0.847, acc: 0.880
Val 90, loss: 0.723, iou: 0.629, recall: 0.750, acc: 0.816
Time: 33 s
Train 91, loss: 0.377, iou: 0.756, recall: 0.846, acc: 0.887
Val 91, loss: 0.771, iou: 0.656, recall: 0.748, acc: 0.836
Time: 33 s
Better model!
Train 92, loss: 0.365, iou: 0.779, recall: 0.879, acc: 0.884
Val 92, loss: 0.739, iou: 0.654, recall: 0.759, acc: 0.818
Time: 33 s
Train 93, loss: 0.341, iou: 0.756, recall: 0.850, acc: 0.889
Val 93, loss: 0.678, iou: 0.653, recall: 0.755, acc: 0.822
Time: 33 s
Train 94, loss: 0.397, iou: 0.727, recall: 0.834, acc: 0.872
Val 94, loss: 0.704, iou: 0.654, recall: 0.763, acc: 0.804
Time: 33 s
Train 95, loss: 0.362, iou: 0.710, recall: 0.826, acc: 0.871
Val 95, loss: 0.732, iou: 0.613, recall: 0.739, acc: 0.822
Time: 33 s
Train 96, loss: 0.334, iou: 0.785, recall: 0.876, acc: 0.891
Val 96, loss: 0.667, iou: 0.625, recall: 0.741, acc: 0.822
Time: 33 s
Train 97, loss: 0.359, iou: 0.747, recall: 0.837, acc: 0.883
Val 97, loss: 0.741, iou: 0.621, recall: 0.731, acc: 0.804
Time: 33 s
Train 98, loss: 0.369, iou: 0.758, recall: 0.858, acc: 0.890
Val 98, loss: 0.699, iou: 0.625, recall: 0.754, acc: 0.812
Time: 33 s
Train 99, loss: 0.365, iou: 0.737, recall: 0.847, acc: 0.881
Val 99, loss: 0.705, iou: 0.622, recall: 0.731, acc: 0.832
Time: 33 s
Train 100, loss: 0.294, iou: 0.784, recall: 0.881, acc: 0.895
Val 100, loss: 0.743, iou: 0.627, recall: 0.738, acc: 0.824
Time: 33 s
Train 101, loss: 0.295, iou: 0.784, recall: 0.858, acc: 0.901
Val 101, loss: 0.717, iou: 0.692, recall: 0.797, acc: 0.840
Time: 33 s
Better model!
Train 102, loss: 0.261, iou: 0.767, recall: 0.863, acc: 0.905
Val 102, loss: 0.676, iou: 0.659, recall: 0.761, acc: 0.854
Time: 33 s
Better model!
Train 103, loss: 0.312, iou: 0.787, recall: 0.871, acc: 0.899
Val 103, loss: 0.799, iou: 0.639, recall: 0.738, acc: 0.830
Time: 33 s
Train 104, loss: 0.286, iou: 0.783, recall: 0.876, acc: 0.908
Val 104, loss: 0.842, iou: 0.601, recall: 0.705, acc: 0.802
Time: 33 s
Train 105, loss: 0.286, iou: 0.782, recall: 0.867, acc: 0.908
Val 105, loss: 0.776, iou: 0.635, recall: 0.750, acc: 0.810
Time: 33 s
Train 106, loss: 0.303, iou: 0.806, recall: 0.883, acc: 0.907
Val 106, loss: 0.742, iou: 0.632, recall: 0.728, acc: 0.826
Time: 33 s
Train 107, loss: 0.254, iou: 0.803, recall: 0.890, acc: 0.910
Val 107, loss: 0.721, iou: 0.624, recall: 0.736, acc: 0.824
Time: 33 s
Train 108, loss: 0.269, iou: 0.781, recall: 0.876, acc: 0.902
Val 108, loss: 0.734, iou: 0.640, recall: 0.746, acc: 0.838
Time: 33 s
Train 109, loss: 0.263, iou: 0.796, recall: 0.864, acc: 0.916
Val 109, loss: 0.735, iou: 0.654, recall: 0.763, acc: 0.834
Time: 33 s
Train 110, loss: 0.258, iou: 0.819, recall: 0.895, acc: 0.919
Val 110, loss: 0.739, iou: 0.626, recall: 0.729, acc: 0.842
Time: 33 s
Train 111, loss: 0.309, iou: 0.797, recall: 0.886, acc: 0.910
Val 111, loss: 0.721, iou: 0.619, recall: 0.724, acc: 0.826
Time: 33 s
Train 112, loss: 0.292, iou: 0.806, recall: 0.887, acc: 0.909
Val 112, loss: 0.780, iou: 0.634, recall: 0.739, acc: 0.828
Time: 33 s
Train 113, loss: 0.281, iou: 0.807, recall: 0.889, acc: 0.908
Val 113, loss: 0.730, iou: 0.639, recall: 0.757, acc: 0.834
Time: 33 s
Train 114, loss: 0.266, iou: 0.834, recall: 0.903, acc: 0.912
Val 114, loss: 0.663, iou: 0.680, recall: 0.789, acc: 0.858
Time: 33 s
Better model!
Train 115, loss: 0.313, iou: 0.805, recall: 0.889, acc: 0.904
Val 115, loss: 0.783, iou: 0.666, recall: 0.751, acc: 0.830
Time: 33 s
Train 116, loss: 0.325, iou: 0.752, recall: 0.851, acc: 0.896
Val 116, loss: 0.758, iou: 0.660, recall: 0.774, acc: 0.840
Time: 33 s
Train 117, loss: 0.329, iou: 0.758, recall: 0.866, acc: 0.882
Val 117, loss: 0.804, iou: 0.632, recall: 0.739, acc: 0.840
Time: 33 s
Train 118, loss: 0.248, iou: 0.813, recall: 0.881, acc: 0.926
Val 118, loss: 0.676, iou: 0.635, recall: 0.735, acc: 0.844
Time: 33 s
Train 119, loss: 0.242, iou: 0.829, recall: 0.911, acc: 0.913
Val 119, loss: 0.677, iou: 0.657, recall: 0.755, acc: 0.854
Time: 33 s
Train 120, loss: 0.242, iou: 0.841, recall: 0.907, acc: 0.926
Val 120, loss: 0.746, iou: 0.664, recall: 0.765, acc: 0.854
Time: 33 s
Train 121, loss: 0.220, iou: 0.858, recall: 0.923, acc: 0.938
Val 121, loss: 0.751, iou: 0.636, recall: 0.738, acc: 0.834
Time: 33 s
Train 122, loss: 0.237, iou: 0.827, recall: 0.909, acc: 0.919
Val 122, loss: 0.721, iou: 0.682, recall: 0.788, acc: 0.844
Time: 33 s
Train 123, loss: 0.270, iou: 0.834, recall: 0.913, acc: 0.922
Val 123, loss: 0.718, iou: 0.628, recall: 0.744, acc: 0.844
Time: 33 s
Train 124, loss: 0.254, iou: 0.813, recall: 0.880, acc: 0.923
Val 124, loss: 0.860, iou: 0.606, recall: 0.736, acc: 0.810
Time: 33 s
Train 125, loss: 0.218, iou: 0.851, recall: 0.914, acc: 0.928
Val 125, loss: 0.764, iou: 0.644, recall: 0.757, acc: 0.832
Time: 33 s
Train 126, loss: 0.272, iou: 0.797, recall: 0.876, acc: 0.910
Val 126, loss: 0.691, iou: 0.692, recall: 0.782, acc: 0.856
Time: 33 s
Train 127, loss: 0.231, iou: 0.830, recall: 0.910, acc: 0.930
Val 127, loss: 0.746, iou: 0.686, recall: 0.776, acc: 0.836
Time: 33 s
Train 128, loss: 0.239, iou: 0.831, recall: 0.899, acc: 0.922
Val 128, loss: 0.692, iou: 0.692, recall: 0.782, acc: 0.860
Time: 33 s
Better model!
Train 129, loss: 0.253, iou: 0.827, recall: 0.914, acc: 0.929
Val 129, loss: 0.708, iou: 0.637, recall: 0.732, acc: 0.844
Time: 33 s
Train 130, loss: 0.241, iou: 0.837, recall: 0.906, acc: 0.926
Val 130, loss: 0.742, iou: 0.676, recall: 0.761, acc: 0.848
Time: 33 s
Train 131, loss: 0.195, iou: 0.873, recall: 0.925, acc: 0.938
Val 131, loss: 0.712, iou: 0.687, recall: 0.794, acc: 0.854
Time: 33 s
Train 132, loss: 0.216, iou: 0.829, recall: 0.912, acc: 0.925
Val 132, loss: 0.705, iou: 0.657, recall: 0.755, acc: 0.860
Time: 33 s
Better model!
Train 133, loss: 0.225, iou: 0.845, recall: 0.913, acc: 0.931
Val 133, loss: 0.646, iou: 0.690, recall: 0.775, acc: 0.866
Time: 33 s
Better model!
Train 134, loss: 0.173, iou: 0.859, recall: 0.922, acc: 0.942
Val 134, loss: 0.675, iou: 0.692, recall: 0.786, acc: 0.848
Time: 33 s
Train 135, loss: 0.251, iou: 0.832, recall: 0.905, acc: 0.921
Val 135, loss: 0.808, iou: 0.645, recall: 0.759, acc: 0.830
Time: 33 s
Train 136, loss: 0.238, iou: 0.828, recall: 0.903, acc: 0.923
Val 136, loss: 0.788, iou: 0.699, recall: 0.790, acc: 0.862
Time: 33 s
Train 137, loss: 0.221, iou: 0.847, recall: 0.914, acc: 0.921
Val 137, loss: 0.868, iou: 0.673, recall: 0.764, acc: 0.842
Time: 33 s
Train 138, loss: 0.203, iou: 0.856, recall: 0.920, acc: 0.934
Val 138, loss: 0.744, iou: 0.668, recall: 0.753, acc: 0.848
Time: 33 s
Train 139, loss: 0.249, iou: 0.843, recall: 0.911, acc: 0.931
Val 139, loss: 0.798, iou: 0.675, recall: 0.768, acc: 0.860
Time: 33 s
Train 140, loss: 0.221, iou: 0.851, recall: 0.924, acc: 0.928
Val 140, loss: 0.818, iou: 0.639, recall: 0.735, acc: 0.840
Time: 33 s
Train 141, loss: 0.196, iou: 0.846, recall: 0.914, acc: 0.935
Val 141, loss: 0.929, iou: 0.635, recall: 0.730, acc: 0.810
Time: 33 s
Train 142, loss: 0.182, iou: 0.839, recall: 0.912, acc: 0.942
Val 142, loss: 0.837, iou: 0.646, recall: 0.739, acc: 0.832
Time: 33 s
Train 143, loss: 0.247, iou: 0.816, recall: 0.892, acc: 0.924
Val 143, loss: 0.868, iou: 0.678, recall: 0.792, acc: 0.840
Time: 33 s
Train 144, loss: 0.207, iou: 0.835, recall: 0.907, acc: 0.932
Val 144, loss: 0.951, iou: 0.610, recall: 0.693, acc: 0.822
Time: 33 s
Train 145, loss: 0.171, iou: 0.885, recall: 0.938, acc: 0.945
Val 145, loss: 0.829, iou: 0.682, recall: 0.780, acc: 0.834
Time: 33 s
Train 146, loss: 0.181, iou: 0.841, recall: 0.905, acc: 0.931
Val 146, loss: 0.816, iou: 0.671, recall: 0.763, acc: 0.846
Time: 33 s
Train 147, loss: 0.212, iou: 0.850, recall: 0.912, acc: 0.936
Val 147, loss: 0.944, iou: 0.647, recall: 0.743, acc: 0.810
Time: 33 s
Train 148, loss: 0.218, iou: 0.862, recall: 0.926, acc: 0.929
Val 148, loss: 0.767, iou: 0.688, recall: 0.782, acc: 0.840
Time: 33 s
Train 149, loss: 0.238, iou: 0.832, recall: 0.908, acc: 0.924
Val 149, loss: 0.865, iou: 0.661, recall: 0.765, acc: 0.842
Time: 33 s
Train 150, loss: 0.202, iou: 0.853, recall: 0.917, acc: 0.940
Val 150, loss: 0.828, iou: 0.648, recall: 0.739, acc: 0.830
Time: 33 s
Train 151, loss: 0.151, iou: 0.895, recall: 0.947, acc: 0.952
Val 151, loss: 0.825, iou: 0.671, recall: 0.746, acc: 0.834
Time: 33 s
Train 152, loss: 0.168, iou: 0.871, recall: 0.923, acc: 0.947
Val 152, loss: 0.706, iou: 0.694, recall: 0.797, acc: 0.870
Time: 33 s
Better model!
Train 153, loss: 0.155, iou: 0.867, recall: 0.923, acc: 0.952
Val 153, loss: 0.705, iou: 0.681, recall: 0.795, acc: 0.850
Time: 33 s
Train 154, loss: 0.153, iou: 0.882, recall: 0.939, acc: 0.952
Val 154, loss: 0.848, iou: 0.656, recall: 0.770, acc: 0.824
Time: 33 s
Train 155, loss: 0.185, iou: 0.892, recall: 0.938, acc: 0.948
Val 155, loss: 0.789, iou: 0.691, recall: 0.773, acc: 0.862
Time: 33 s
Train 156, loss: 0.173, iou: 0.878, recall: 0.928, acc: 0.947
Val 156, loss: 0.818, iou: 0.701, recall: 0.777, acc: 0.848
Time: 33 s
Train 157, loss: 0.166, iou: 0.872, recall: 0.924, acc: 0.942
Val 157, loss: 0.694, iou: 0.712, recall: 0.803, acc: 0.864
Time: 33 s
Train 158, loss: 0.195, iou: 0.846, recall: 0.918, acc: 0.935
Val 158, loss: 0.829, iou: 0.665, recall: 0.753, acc: 0.830
Time: 33 s
Train 159, loss: 0.199, iou: 0.850, recall: 0.923, acc: 0.940
Val 159, loss: 0.846, iou: 0.668, recall: 0.770, acc: 0.832
Time: 33 s
Train 160, loss: 0.134, iou: 0.894, recall: 0.938, acc: 0.954
Val 160, loss: 0.830, iou: 0.669, recall: 0.765, acc: 0.848
Time: 33 s
Train 161, loss: 0.172, iou: 0.870, recall: 0.933, acc: 0.943
Val 161, loss: 0.822, iou: 0.673, recall: 0.763, acc: 0.840
Time: 33 s
Train 162, loss: 0.187, iou: 0.873, recall: 0.928, acc: 0.943
Val 162, loss: 0.832, iou: 0.653, recall: 0.755, acc: 0.840
Time: 33 s
Train 163, loss: 0.191, iou: 0.839, recall: 0.905, acc: 0.936
Val 163, loss: 0.781, iou: 0.690, recall: 0.795, acc: 0.850
Time: 33 s
Train 164, loss: 0.149, iou: 0.905, recall: 0.951, acc: 0.952
Val 164, loss: 0.814, iou: 0.690, recall: 0.776, acc: 0.850
Time: 33 s
Train 165, loss: 0.166, iou: 0.871, recall: 0.929, acc: 0.947
Val 165, loss: 0.785, iou: 0.652, recall: 0.734, acc: 0.826
Time: 33 s
Train 166, loss: 0.198, iou: 0.833, recall: 0.909, acc: 0.938
Val 166, loss: 0.878, iou: 0.660, recall: 0.760, acc: 0.830
Time: 33 s
Train 167, loss: 0.205, iou: 0.856, recall: 0.920, acc: 0.939
Val 167, loss: 0.855, iou: 0.644, recall: 0.739, acc: 0.824
Time: 33 s
Train 168, loss: 0.166, iou: 0.861, recall: 0.918, acc: 0.947
Val 168, loss: 0.863, iou: 0.626, recall: 0.715, acc: 0.832
Time: 33 s
Train 169, loss: 0.167, iou: 0.878, recall: 0.941, acc: 0.949
Val 169, loss: 0.743, iou: 0.682, recall: 0.796, acc: 0.850
Time: 33 s
Train 170, loss: 0.196, iou: 0.829, recall: 0.902, acc: 0.927
Val 170, loss: 0.793, iou: 0.666, recall: 0.761, acc: 0.834
Time: 33 s
Train 171, loss: 0.181, iou: 0.824, recall: 0.900, acc: 0.935
Val 171, loss: 0.857, iou: 0.670, recall: 0.761, acc: 0.852
Time: 33 s
Train 172, loss: 0.243, iou: 0.832, recall: 0.902, acc: 0.923
Val 172, loss: 0.856, iou: 0.703, recall: 0.783, acc: 0.850
Time: 33 s
Train 173, loss: 0.179, iou: 0.862, recall: 0.918, acc: 0.943
Val 173, loss: 0.707, iou: 0.703, recall: 0.781, acc: 0.856
Time: 33 s
Train 174, loss: 0.146, iou: 0.891, recall: 0.936, acc: 0.955
Val 174, loss: 0.681, iou: 0.695, recall: 0.777, acc: 0.862
Time: 33 s
Train 175, loss: 0.234, iou: 0.835, recall: 0.913, acc: 0.929
Val 175, loss: 0.726, iou: 0.674, recall: 0.760, acc: 0.846
Time: 33 s
Train 176, loss: 0.154, iou: 0.891, recall: 0.930, acc: 0.954
Val 176, loss: 0.785, iou: 0.650, recall: 0.779, acc: 0.840
Time: 33 s
Train 177, loss: 0.160, iou: 0.886, recall: 0.940, acc: 0.949
Val 177, loss: 0.846, iou: 0.673, recall: 0.771, acc: 0.842
Time: 33 s
Train 178, loss: 0.181, iou: 0.867, recall: 0.922, acc: 0.942
Val 178, loss: 0.727, iou: 0.668, recall: 0.768, acc: 0.850
Time: 33 s
Train 179, loss: 0.215, iou: 0.836, recall: 0.905, acc: 0.933
Val 179, loss: 0.766, iou: 0.667, recall: 0.796, acc: 0.852
Time: 33 s
Train 180, loss: 0.156, iou: 0.897, recall: 0.950, acc: 0.956
Val 180, loss: 0.765, iou: 0.657, recall: 0.763, acc: 0.850
Time: 33 s
Train 181, loss: 0.174, iou: 0.881, recall: 0.938, acc: 0.940
Val 181, loss: 0.948, iou: 0.649, recall: 0.754, acc: 0.812
Time: 33 s
Train 182, loss: 0.168, iou: 0.878, recall: 0.934, acc: 0.944
Val 182, loss: 0.792, iou: 0.685, recall: 0.772, acc: 0.856
Time: 33 s
Train 183, loss: 0.175, iou: 0.898, recall: 0.945, acc: 0.951
Val 183, loss: 0.863, iou: 0.654, recall: 0.739, acc: 0.824
Time: 33 s
Train 184, loss: 0.155, iou: 0.901, recall: 0.950, acc: 0.954
Val 184, loss: 0.881, iou: 0.639, recall: 0.711, acc: 0.824
Time: 33 s
Train 185, loss: 0.171, iou: 0.888, recall: 0.931, acc: 0.947
Val 185, loss: 0.777, iou: 0.702, recall: 0.784, acc: 0.848
Time: 33 s
Train 186, loss: 0.162, iou: 0.897, recall: 0.951, acc: 0.947
Val 186, loss: 0.754, iou: 0.710, recall: 0.800, acc: 0.862
Time: 33 s
Train 187, loss: 0.180, iou: 0.870, recall: 0.931, acc: 0.941
Val 187, loss: 0.745, iou: 0.694, recall: 0.777, acc: 0.854
Time: 33 s
Train 188, loss: 0.177, iou: 0.883, recall: 0.928, acc: 0.947
Val 188, loss: 0.717, iou: 0.721, recall: 0.799, acc: 0.872
Time: 33 s
Better model!
Train 189, loss: 0.177, iou: 0.857, recall: 0.920, acc: 0.943
Val 189, loss: 0.765, iou: 0.708, recall: 0.807, acc: 0.852
Time: 33 s
Train 190, loss: 0.135, iou: 0.907, recall: 0.954, acc: 0.954
Val 190, loss: 0.750, iou: 0.670, recall: 0.771, acc: 0.862
Time: 33 s
Train 191, loss: 0.148, iou: 0.894, recall: 0.947, acc: 0.950
Val 191, loss: 0.737, iou: 0.669, recall: 0.758, acc: 0.858
Time: 33 s
Train 192, loss: 0.174, iou: 0.859, recall: 0.915, acc: 0.947
Val 192, loss: 0.740, iou: 0.702, recall: 0.784, acc: 0.862
Time: 33 s
Train 193, loss: 0.141, iou: 0.897, recall: 0.942, acc: 0.949
Val 193, loss: 0.864, iou: 0.677, recall: 0.779, acc: 0.834
Time: 33 s
Train 194, loss: 0.164, iou: 0.856, recall: 0.914, acc: 0.951
Val 194, loss: 0.692, iou: 0.716, recall: 0.815, acc: 0.860
Time: 33 s
Train 195, loss: 0.162, iou: 0.865, recall: 0.936, acc: 0.943
Val 195, loss: 0.822, iou: 0.687, recall: 0.773, acc: 0.840
Time: 33 s
Train 196, loss: 0.133, iou: 0.904, recall: 0.941, acc: 0.955
Val 196, loss: 0.751, iou: 0.709, recall: 0.808, acc: 0.856
Time: 33 s
Train 197, loss: 0.133, iou: 0.890, recall: 0.938, acc: 0.955
Val 197, loss: 0.821, iou: 0.654, recall: 0.753, acc: 0.834
Time: 33 s
Train 198, loss: 0.128, iou: 0.916, recall: 0.956, acc: 0.960
Val 198, loss: 0.709, iou: 0.742, recall: 0.834, acc: 0.864
Time: 33 s
Train 199, loss: 0.149, iou: 0.894, recall: 0.927, acc: 0.955
Val 199, loss: 0.722, iou: 0.722, recall: 0.828, acc: 0.872
Time: 33 s
Better model!
Train 200, loss: 0.118, iou: 0.903, recall: 0.949, acc: 0.955
Val 200, loss: 0.812, iou: 0.693, recall: 0.799, acc: 0.846
Time: 33 s
Train 201, loss: 0.120, iou: 0.913, recall: 0.949, acc: 0.955
Val 201, loss: 0.783, iou: 0.683, recall: 0.805, acc: 0.850
Time: 33 s
Train 202, loss: 0.121, iou: 0.897, recall: 0.939, acc: 0.957
Val 202, loss: 0.846, iou: 0.681, recall: 0.772, acc: 0.844
Time: 33 s
Train 203, loss: 0.115, iou: 0.945, recall: 0.974, acc: 0.964
Val 203, loss: 0.839, iou: 0.696, recall: 0.776, acc: 0.838
Time: 33 s
Train 204, loss: 0.099, iou: 0.919, recall: 0.954, acc: 0.964
Val 204, loss: 0.847, iou: 0.683, recall: 0.764, acc: 0.846
Time: 33 s
Train 205, loss: 0.108, iou: 0.935, recall: 0.974, acc: 0.970
Val 205, loss: 0.769, iou: 0.704, recall: 0.773, acc: 0.866
Time: 33 s
Train 206, loss: 0.106, iou: 0.898, recall: 0.942, acc: 0.962
Val 206, loss: 0.734, iou: 0.701, recall: 0.791, acc: 0.860
Time: 33 s
Train 207, loss: 0.154, iou: 0.918, recall: 0.954, acc: 0.955
Val 207, loss: 0.800, iou: 0.694, recall: 0.799, acc: 0.850
Time: 33 s
Train 208, loss: 0.164, iou: 0.900, recall: 0.946, acc: 0.954
Val 208, loss: 0.885, iou: 0.710, recall: 0.819, acc: 0.844
Time: 33 s
Train 209, loss: 0.162, iou: 0.887, recall: 0.938, acc: 0.946
Val 209, loss: 1.085, iou: 0.642, recall: 0.716, acc: 0.802
Time: 33 s
Train 210, loss: 0.188, iou: 0.877, recall: 0.935, acc: 0.937
Val 210, loss: 0.919, iou: 0.707, recall: 0.792, acc: 0.840
Time: 33 s
Train 211, loss: 0.138, iou: 0.888, recall: 0.946, acc: 0.955
Val 211, loss: 0.887, iou: 0.684, recall: 0.777, acc: 0.836
Time: 33 s
Train 212, loss: 0.157, iou: 0.898, recall: 0.941, acc: 0.949
Val 212, loss: 0.866, iou: 0.685, recall: 0.772, acc: 0.842
Time: 33 s
Train 213, loss: 0.130, iou: 0.887, recall: 0.934, acc: 0.952
Val 213, loss: 0.779, iou: 0.751, recall: 0.844, acc: 0.870
Time: 33 s
Train 214, loss: 0.126, iou: 0.859, recall: 0.914, acc: 0.950
Val 214, loss: 0.792, iou: 0.735, recall: 0.827, acc: 0.870
Time: 33 s
Train 215, loss: 0.142, iou: 0.880, recall: 0.932, acc: 0.954
Val 215, loss: 0.947, iou: 0.733, recall: 0.811, acc: 0.862
Time: 33 s
Train 216, loss: 0.094, iou: 0.915, recall: 0.950, acc: 0.967
Val 216, loss: 0.758, iou: 0.745, recall: 0.827, acc: 0.878
Time: 33 s
Better model!
Train 217, loss: 0.107, iou: 0.925, recall: 0.964, acc: 0.966
Val 217, loss: 0.867, iou: 0.728, recall: 0.813, acc: 0.852
Time: 33 s
Train 218, loss: 0.136, iou: 0.897, recall: 0.943, acc: 0.956
Val 218, loss: 0.717, iou: 0.710, recall: 0.797, acc: 0.876
Time: 33 s
Train 219, loss: 0.134, iou: 0.909, recall: 0.956, acc: 0.961
Val 219, loss: 0.940, iou: 0.639, recall: 0.725, acc: 0.852
Time: 33 s
Train 220, loss: 0.133, iou: 0.903, recall: 0.939, acc: 0.955
Val 220, loss: 0.956, iou: 0.711, recall: 0.799, acc: 0.856
Time: 33 s
Train 221, loss: 0.163, iou: 0.891, recall: 0.937, acc: 0.945
Val 221, loss: 0.773, iou: 0.688, recall: 0.777, acc: 0.858
Time: 33 s
Train 222, loss: 0.145, iou: 0.864, recall: 0.933, acc: 0.946
Val 222, loss: 0.835, iou: 0.691, recall: 0.777, acc: 0.840
Time: 33 s
Train 223, loss: 0.107, iou: 0.910, recall: 0.946, acc: 0.961
Val 223, loss: 0.837, iou: 0.636, recall: 0.759, acc: 0.830
Time: 33 s
Train 224, loss: 0.090, iou: 0.926, recall: 0.967, acc: 0.967
Val 224, loss: 0.843, iou: 0.714, recall: 0.794, acc: 0.874
Time: 33 s
Train 225, loss: 0.133, iou: 0.905, recall: 0.947, acc: 0.963
Val 225, loss: 0.926, iou: 0.677, recall: 0.781, acc: 0.846
Time: 33 s
Train 226, loss: 0.145, iou: 0.891, recall: 0.941, acc: 0.957
Val 226, loss: 0.898, iou: 0.688, recall: 0.774, acc: 0.852
Time: 33 s
Train 227, loss: 0.171, iou: 0.874, recall: 0.923, acc: 0.948
Val 227, loss: 0.964, iou: 0.709, recall: 0.788, acc: 0.854
Time: 33 s
Train 228, loss: 0.125, iou: 0.899, recall: 0.956, acc: 0.958
Val 228, loss: 0.953, iou: 0.696, recall: 0.777, acc: 0.864
Time: 33 s
Train 229, loss: 0.107, iou: 0.939, recall: 0.972, acc: 0.968
Val 229, loss: 0.807, iou: 0.731, recall: 0.819, acc: 0.874
Time: 33 s
Train 230, loss: 0.126, iou: 0.871, recall: 0.934, acc: 0.953
Val 230, loss: 0.979, iou: 0.658, recall: 0.744, acc: 0.846
Time: 33 s
Train 231, loss: 0.124, iou: 0.897, recall: 0.938, acc: 0.960
Val 231, loss: 0.911, iou: 0.712, recall: 0.792, acc: 0.852
Time: 33 s
Train 232, loss: 0.130, iou: 0.916, recall: 0.950, acc: 0.961
Val 232, loss: 0.961, iou: 0.674, recall: 0.785, acc: 0.842
Time: 33 s
Train 233, loss: 0.130, iou: 0.897, recall: 0.946, acc: 0.959
Val 233, loss: 0.901, iou: 0.704, recall: 0.807, acc: 0.856
Time: 33 s
Train 234, loss: 0.133, iou: 0.880, recall: 0.936, acc: 0.957
Val 234, loss: 0.812, iou: 0.673, recall: 0.750, acc: 0.854
Time: 33 s
Train 235, loss: 0.132, iou: 0.918, recall: 0.954, acc: 0.960
Val 235, loss: 0.838, iou: 0.697, recall: 0.802, acc: 0.850
Time: 33 s
Train 236, loss: 0.090, iou: 0.943, recall: 0.965, acc: 0.973
Val 236, loss: 0.822, iou: 0.688, recall: 0.789, acc: 0.856
Time: 33 s
Train 237, loss: 0.147, iou: 0.886, recall: 0.937, acc: 0.950
Val 237, loss: 0.831, iou: 0.664, recall: 0.775, acc: 0.836
Time: 33 s
Train 238, loss: 0.107, iou: 0.904, recall: 0.946, acc: 0.967
Val 238, loss: 0.785, iou: 0.715, recall: 0.803, acc: 0.868
Time: 33 s
Train 239, loss: 0.105, iou: 0.905, recall: 0.947, acc: 0.961
Val 239, loss: 0.790, iou: 0.703, recall: 0.805, acc: 0.856
Time: 33 s
Train 240, loss: 0.117, iou: 0.913, recall: 0.962, acc: 0.964
Val 240, loss: 0.838, iou: 0.650, recall: 0.759, acc: 0.840
Time: 33 s
Train 241, loss: 0.136, iou: 0.918, recall: 0.956, acc: 0.961
Val 241, loss: 0.926, iou: 0.676, recall: 0.768, acc: 0.858
Time: 33 s
Train 242, loss: 0.151, iou: 0.900, recall: 0.948, acc: 0.949
Val 242, loss: 0.881, iou: 0.699, recall: 0.785, acc: 0.856
Time: 33 s
Train 243, loss: 0.140, iou: 0.903, recall: 0.947, acc: 0.952
Val 243, loss: 0.749, iou: 0.726, recall: 0.819, acc: 0.864
Time: 33 s
Train 244, loss: 0.139, iou: 0.907, recall: 0.957, acc: 0.954
Val 244, loss: 0.903, iou: 0.697, recall: 0.790, acc: 0.862
Time: 33 s
Train 245, loss: 0.167, iou: 0.870, recall: 0.932, acc: 0.944
Val 245, loss: 0.841, iou: 0.701, recall: 0.803, acc: 0.856
Time: 33 s
Train 246, loss: 0.089, iou: 0.916, recall: 0.961, acc: 0.970
Val 246, loss: 0.827, iou: 0.700, recall: 0.787, acc: 0.868
Time: 33 s
Train 247, loss: 0.093, iou: 0.934, recall: 0.959, acc: 0.969
Val 247, loss: 0.799, iou: 0.727, recall: 0.822, acc: 0.856
Time: 33 s
Train 248, loss: 0.113, iou: 0.940, recall: 0.973, acc: 0.960
Val 248, loss: 0.842, iou: 0.704, recall: 0.799, acc: 0.858
Time: 33 s
Train 249, loss: 0.108, iou: 0.921, recall: 0.960, acc: 0.963
Val 249, loss: 0.898, iou: 0.682, recall: 0.778, acc: 0.842
Time: 33 s
Train 250, loss: 0.147, iou: 0.874, recall: 0.938, acc: 0.950
Val 250, loss: 0.960, iou: 0.673, recall: 0.775, acc: 0.850
Time: 33 s
Train 251, loss: 0.066, iou: 0.952, recall: 0.973, acc: 0.979
Val 251, loss: 0.729, iou: 0.732, recall: 0.815, acc: 0.876
Time: 33 s
Train 252, loss: 0.095, iou: 0.931, recall: 0.969, acc: 0.969
Val 252, loss: 0.844, iou: 0.679, recall: 0.766, acc: 0.854
Time: 33 s
Train 253, loss: 0.134, iou: 0.888, recall: 0.934, acc: 0.963
Val 253, loss: 0.787, iou: 0.700, recall: 0.801, acc: 0.864
Time: 33 s
Train 254, loss: 0.113, iou: 0.909, recall: 0.951, acc: 0.965
Val 254, loss: 0.741, iou: 0.681, recall: 0.766, acc: 0.848
Time: 33 s
Train 255, loss: 0.117, iou: 0.898, recall: 0.948, acc: 0.961
Val 255, loss: 0.824, iou: 0.651, recall: 0.767, acc: 0.840
Time: 33 s
Train 256, loss: 0.098, iou: 0.923, recall: 0.956, acc: 0.969
Val 256, loss: 0.967, iou: 0.659, recall: 0.772, acc: 0.844
Time: 33 s
Train 257, loss: 0.083, iou: 0.916, recall: 0.946, acc: 0.969
Val 257, loss: 0.817, iou: 0.670, recall: 0.763, acc: 0.864
Time: 33 s
Train 258, loss: 0.106, iou: 0.939, recall: 0.966, acc: 0.973
Val 258, loss: 0.803, iou: 0.676, recall: 0.782, acc: 0.856
Time: 33 s
Train 259, loss: 0.112, iou: 0.938, recall: 0.969, acc: 0.966
Val 259, loss: 1.080, iou: 0.656, recall: 0.758, acc: 0.830
Time: 33 s
Train 260, loss: 0.095, iou: 0.921, recall: 0.955, acc: 0.965
Val 260, loss: 0.753, iou: 0.731, recall: 0.822, acc: 0.870
Time: 33 s
Train 261, loss: 0.087, iou: 0.912, recall: 0.952, acc: 0.973
Val 261, loss: 0.864, iou: 0.671, recall: 0.760, acc: 0.846
Time: 33 s
Train 262, loss: 0.102, iou: 0.916, recall: 0.959, acc: 0.965
Val 262, loss: 0.795, iou: 0.721, recall: 0.792, acc: 0.864
Time: 33 s
Train 263, loss: 0.129, iou: 0.877, recall: 0.930, acc: 0.955
Val 263, loss: 0.809, iou: 0.665, recall: 0.762, acc: 0.840
Time: 33 s
Train 264, loss: 0.130, iou: 0.899, recall: 0.943, acc: 0.955
Val 264, loss: 0.863, iou: 0.713, recall: 0.794, acc: 0.868
Time: 33 s
Train 265, loss: 0.094, iou: 0.924, recall: 0.964, acc: 0.965
Val 265, loss: 0.926, iou: 0.667, recall: 0.752, acc: 0.860
Time: 33 s
Train 266, loss: 0.117, iou: 0.920, recall: 0.946, acc: 0.967
Val 266, loss: 0.930, iou: 0.646, recall: 0.749, acc: 0.844
Time: 33 s
Train 267, loss: 0.112, iou: 0.900, recall: 0.953, acc: 0.965
Val 267, loss: 0.956, iou: 0.651, recall: 0.756, acc: 0.834
Time: 33 s
Train 268, loss: 0.167, iou: 0.901, recall: 0.936, acc: 0.955
Val 268, loss: 0.977, iou: 0.674, recall: 0.781, acc: 0.836
Time: 33 s
Train 269, loss: 0.096, iou: 0.916, recall: 0.955, acc: 0.967
Val 269, loss: 0.941, iou: 0.661, recall: 0.755, acc: 0.836
Time: 33 s
Train 270, loss: 0.123, iou: 0.902, recall: 0.948, acc: 0.961
Val 270, loss: 1.170, iou: 0.633, recall: 0.749, acc: 0.830
Time: 33 s
Train 271, loss: 0.114, iou: 0.932, recall: 0.967, acc: 0.962
Val 271, loss: 0.975, iou: 0.707, recall: 0.791, acc: 0.856
Time: 33 s
Train 272, loss: 0.090, iou: 0.922, recall: 0.956, acc: 0.969
Val 272, loss: 1.020, iou: 0.679, recall: 0.772, acc: 0.844
Time: 33 s
Train 273, loss: 0.106, iou: 0.926, recall: 0.960, acc: 0.961
Val 273, loss: 1.002, iou: 0.631, recall: 0.747, acc: 0.836
Time: 33 s
Train 274, loss: 0.077, iou: 0.947, recall: 0.970, acc: 0.975
Val 274, loss: 0.895, iou: 0.691, recall: 0.791, acc: 0.862
Time: 33 s
Train 275, loss: 0.074, iou: 0.940, recall: 0.971, acc: 0.975
Val 275, loss: 1.112, iou: 0.689, recall: 0.763, acc: 0.862
Time: 33 s
Train 276, loss: 0.118, iou: 0.916, recall: 0.948, acc: 0.965
Val 276, loss: 0.957, iou: 0.714, recall: 0.805, acc: 0.864
Time: 33 s
Train 277, loss: 0.118, iou: 0.928, recall: 0.969, acc: 0.958
Val 277, loss: 0.854, iou: 0.677, recall: 0.776, acc: 0.846
Time: 33 s
Train 278, loss: 0.099, iou: 0.918, recall: 0.952, acc: 0.970
Val 278, loss: 0.901, iou: 0.690, recall: 0.790, acc: 0.856
Time: 33 s
Train 279, loss: 0.148, iou: 0.900, recall: 0.950, acc: 0.955
Val 279, loss: 0.945, iou: 0.686, recall: 0.793, acc: 0.844
Time: 33 s
Train 280, loss: 0.141, iou: 0.895, recall: 0.942, acc: 0.958
Val 280, loss: 0.948, iou: 0.615, recall: 0.732, acc: 0.842
Time: 33 s
Train 281, loss: 0.090, iou: 0.919, recall: 0.955, acc: 0.971
Val 281, loss: 0.950, iou: 0.720, recall: 0.792, acc: 0.874
Time: 33 s
Train 282, loss: 0.128, iou: 0.940, recall: 0.964, acc: 0.961
Val 282, loss: 0.972, iou: 0.691, recall: 0.773, acc: 0.858
Time: 33 s
Train 283, loss: 0.129, iou: 0.932, recall: 0.968, acc: 0.960
Val 283, loss: 0.926, iou: 0.644, recall: 0.731, acc: 0.844
Time: 33 s
Train 284, loss: 0.133, iou: 0.920, recall: 0.958, acc: 0.959
Val 284, loss: 0.823, iou: 0.700, recall: 0.790, acc: 0.860
Time: 33 s
Train 285, loss: 0.135, iou: 0.899, recall: 0.940, acc: 0.956
Val 285, loss: 0.912, iou: 0.664, recall: 0.763, acc: 0.854
Time: 33 s
Train 286, loss: 0.166, iou: 0.890, recall: 0.941, acc: 0.951
Val 286, loss: 0.835, iou: 0.680, recall: 0.776, acc: 0.866
Time: 33 s
Train 287, loss: 0.107, iou: 0.913, recall: 0.953, acc: 0.966
Val 287, loss: 0.855, iou: 0.701, recall: 0.780, acc: 0.864
Time: 33 s
Train 288, loss: 0.089, iou: 0.913, recall: 0.951, acc: 0.971
Val 288, loss: 0.871, iou: 0.702, recall: 0.774, acc: 0.876
Time: 33 s
Train 289, loss: 0.087, iou: 0.931, recall: 0.962, acc: 0.972
Val 289, loss: 0.841, iou: 0.660, recall: 0.766, acc: 0.862
Time: 33 s
Train 290, loss: 0.082, iou: 0.947, recall: 0.972, acc: 0.974
Val 290, loss: 0.852, iou: 0.716, recall: 0.790, acc: 0.876
Time: 33 s
Train 291, loss: 0.104, iou: 0.939, recall: 0.966, acc: 0.970
Val 291, loss: 0.830, iou: 0.696, recall: 0.783, acc: 0.874
Time: 33 s
Train 292, loss: 0.098, iou: 0.924, recall: 0.960, acc: 0.972
Val 292, loss: 0.824, iou: 0.713, recall: 0.797, acc: 0.872
Time: 33 s
Train 293, loss: 0.087, iou: 0.940, recall: 0.972, acc: 0.974
Val 293, loss: 0.835, iou: 0.718, recall: 0.796, acc: 0.864
Time: 33 s
Train 294, loss: 0.100, iou: 0.894, recall: 0.937, acc: 0.965
Val 294, loss: 0.927, iou: 0.677, recall: 0.765, acc: 0.848
Time: 33 s
Train 295, loss: 0.099, iou: 0.910, recall: 0.957, acc: 0.967
Val 295, loss: 0.978, iou: 0.683, recall: 0.764, acc: 0.858
Time: 33 s
Train 296, loss: 0.073, iou: 0.938, recall: 0.962, acc: 0.974
Val 296, loss: 0.945, iou: 0.688, recall: 0.779, acc: 0.856
Time: 33 s
Train 297, loss: 0.106, iou: 0.897, recall: 0.943, acc: 0.968
Val 297, loss: 0.851, iou: 0.700, recall: 0.789, acc: 0.866
Time: 33 s
Train 298, loss: 0.127, iou: 0.898, recall: 0.941, acc: 0.956
Val 298, loss: 0.933, iou: 0.683, recall: 0.777, acc: 0.860
Time: 33 s
Train 299, loss: 0.115, iou: 0.926, recall: 0.959, acc: 0.963
Val 299, loss: 0.954, iou: 0.670, recall: 0.752, acc: 0.856
Time: 33 s
