Namespace(add_color=True, batch_size=18, bn_momentum=0.5, bnm_decay=0.5, cuda=True, decay_step=200000.0, epochs=300, exp_name='128/color', input_plane=3, local=False, lr=0.001, lr_decay=0.7, num_points=128, output_plane=21, weight_decay=1e-05)
Train 0, loss: 2.671, iou: 0.047, recall: 0.091, acc: 0.164
Val 0, loss: 2.447, iou: 0.057, recall: 0.134, acc: 0.260
Time: 28 s
Better model!
Train 1, loss: 2.487, iou: 0.062, recall: 0.131, acc: 0.253
Val 1, loss: 2.414, iou: 0.051, recall: 0.131, acc: 0.244
Time: 22 s
Train 2, loss: 2.475, iou: 0.054, recall: 0.117, acc: 0.221
Val 2, loss: 2.406, iou: 0.051, recall: 0.134, acc: 0.266
Time: 22 s
Better model!
Train 3, loss: 2.422, iou: 0.064, recall: 0.132, acc: 0.255
Val 3, loss: 2.423, iou: 0.065, recall: 0.139, acc: 0.232
Time: 22 s
Train 4, loss: 2.391, iou: 0.073, recall: 0.147, acc: 0.273
Val 4, loss: 2.313, iou: 0.061, recall: 0.150, acc: 0.302
Time: 22 s
Better model!
Train 5, loss: 2.382, iou: 0.081, recall: 0.159, acc: 0.296
Val 5, loss: 2.312, iou: 0.078, recall: 0.152, acc: 0.286
Time: 22 s
Train 6, loss: 2.313, iou: 0.066, recall: 0.139, acc: 0.274
Val 6, loss: 2.261, iou: 0.078, recall: 0.172, acc: 0.320
Time: 22 s
Better model!
Train 7, loss: 2.274, iou: 0.086, recall: 0.163, acc: 0.304
Val 7, loss: 2.204, iou: 0.099, recall: 0.189, acc: 0.346
Time: 22 s
Better model!
Train 8, loss: 2.227, iou: 0.091, recall: 0.173, acc: 0.313
Val 8, loss: 2.157, iou: 0.108, recall: 0.201, acc: 0.346
Time: 22 s
Better model!
Train 9, loss: 2.187, iou: 0.094, recall: 0.173, acc: 0.327
Val 9, loss: 2.060, iou: 0.117, recall: 0.208, acc: 0.390
Time: 22 s
Better model!
Train 10, loss: 2.104, iou: 0.104, recall: 0.190, acc: 0.345
Val 10, loss: 2.035, iou: 0.096, recall: 0.185, acc: 0.356
Time: 22 s
Train 11, loss: 2.090, iou: 0.104, recall: 0.191, acc: 0.355
Val 11, loss: 2.034, iou: 0.112, recall: 0.199, acc: 0.342
Time: 22 s
Train 12, loss: 2.081, iou: 0.109, recall: 0.197, acc: 0.367
Val 12, loss: 1.896, iou: 0.134, recall: 0.238, acc: 0.424
Time: 22 s
Better model!
Train 13, loss: 2.000, iou: 0.113, recall: 0.203, acc: 0.379
Val 13, loss: 1.917, iou: 0.137, recall: 0.239, acc: 0.406
Time: 22 s
Train 14, loss: 1.979, iou: 0.132, recall: 0.228, acc: 0.400
Val 14, loss: 2.083, iou: 0.100, recall: 0.179, acc: 0.320
Time: 22 s
Train 15, loss: 1.987, iou: 0.131, recall: 0.224, acc: 0.392
Val 15, loss: 1.905, iou: 0.164, recall: 0.264, acc: 0.432
Time: 22 s
Better model!
Train 16, loss: 1.957, iou: 0.130, recall: 0.223, acc: 0.393
Val 16, loss: 1.842, iou: 0.159, recall: 0.271, acc: 0.434
Time: 22 s
Better model!
Train 17, loss: 1.876, iou: 0.147, recall: 0.244, acc: 0.424
Val 17, loss: 1.948, iou: 0.130, recall: 0.236, acc: 0.362
Time: 22 s
Train 18, loss: 1.878, iou: 0.141, recall: 0.237, acc: 0.412
Val 18, loss: 1.812, iou: 0.175, recall: 0.287, acc: 0.446
Time: 22 s
Better model!
Train 19, loss: 1.879, iou: 0.154, recall: 0.254, acc: 0.408
Val 19, loss: 1.816, iou: 0.160, recall: 0.269, acc: 0.440
Time: 22 s
Train 20, loss: 1.839, iou: 0.163, recall: 0.262, acc: 0.434
Val 20, loss: 1.700, iou: 0.185, recall: 0.294, acc: 0.470
Time: 22 s
Better model!
Train 21, loss: 1.745, iou: 0.188, recall: 0.298, acc: 0.457
Val 21, loss: 1.820, iou: 0.179, recall: 0.276, acc: 0.418
Time: 22 s
Train 22, loss: 1.795, iou: 0.168, recall: 0.270, acc: 0.425
Val 22, loss: 1.633, iou: 0.192, recall: 0.303, acc: 0.482
Time: 22 s
Better model!
Train 23, loss: 1.709, iou: 0.197, recall: 0.300, acc: 0.467
Val 23, loss: 1.624, iou: 0.216, recall: 0.326, acc: 0.494
Time: 22 s
Better model!
Train 24, loss: 1.663, iou: 0.201, recall: 0.312, acc: 0.469
Val 24, loss: 1.605, iou: 0.251, recall: 0.380, acc: 0.506
Time: 22 s
Better model!
Train 25, loss: 1.618, iou: 0.211, recall: 0.325, acc: 0.483
Val 25, loss: 1.626, iou: 0.223, recall: 0.341, acc: 0.498
Time: 22 s
Train 26, loss: 1.608, iou: 0.221, recall: 0.335, acc: 0.479
Val 26, loss: 1.524, iou: 0.285, recall: 0.400, acc: 0.530
Time: 22 s
Better model!
Train 27, loss: 1.581, iou: 0.232, recall: 0.346, acc: 0.511
Val 27, loss: 1.608, iou: 0.214, recall: 0.323, acc: 0.494
Time: 22 s
Train 28, loss: 1.586, iou: 0.229, recall: 0.342, acc: 0.495
Val 28, loss: 1.548, iou: 0.251, recall: 0.370, acc: 0.508
Time: 22 s
Train 29, loss: 1.516, iou: 0.238, recall: 0.353, acc: 0.524
Val 29, loss: 1.556, iou: 0.260, recall: 0.367, acc: 0.522
Time: 22 s
Train 30, loss: 1.468, iou: 0.272, recall: 0.399, acc: 0.528
Val 30, loss: 1.526, iou: 0.309, recall: 0.448, acc: 0.524
Time: 22 s
Train 31, loss: 1.459, iou: 0.286, recall: 0.417, acc: 0.546
Val 31, loss: 1.557, iou: 0.260, recall: 0.383, acc: 0.518
Time: 22 s
Train 32, loss: 1.424, iou: 0.286, recall: 0.420, acc: 0.542
Val 32, loss: 1.457, iou: 0.313, recall: 0.454, acc: 0.556
Time: 22 s
Better model!
Train 33, loss: 1.407, iou: 0.303, recall: 0.432, acc: 0.561
Val 33, loss: 1.444, iou: 0.293, recall: 0.415, acc: 0.552
Time: 22 s
Train 34, loss: 1.330, iou: 0.325, recall: 0.462, acc: 0.577
Val 34, loss: 1.471, iou: 0.331, recall: 0.467, acc: 0.566
Time: 22 s
Better model!
Train 35, loss: 1.337, iou: 0.286, recall: 0.414, acc: 0.539
Val 35, loss: 1.531, iou: 0.272, recall: 0.423, acc: 0.514
Time: 22 s
Train 36, loss: 1.346, iou: 0.322, recall: 0.461, acc: 0.573
Val 36, loss: 1.468, iou: 0.271, recall: 0.407, acc: 0.524
Time: 22 s
Train 37, loss: 1.284, iou: 0.322, recall: 0.462, acc: 0.583
Val 37, loss: 1.408, iou: 0.309, recall: 0.463, acc: 0.560
Time: 22 s
Train 38, loss: 1.284, iou: 0.340, recall: 0.484, acc: 0.587
Val 38, loss: 1.382, iou: 0.337, recall: 0.485, acc: 0.572
Time: 22 s
Better model!
Train 39, loss: 1.253, iou: 0.349, recall: 0.494, acc: 0.615
Val 39, loss: 1.344, iou: 0.319, recall: 0.473, acc: 0.578
Time: 22 s
Better model!
Train 40, loss: 1.184, iou: 0.349, recall: 0.481, acc: 0.600
Val 40, loss: 1.423, iou: 0.330, recall: 0.494, acc: 0.558
Time: 22 s
Train 41, loss: 1.203, iou: 0.349, recall: 0.486, acc: 0.599
Val 41, loss: 1.441, iou: 0.290, recall: 0.430, acc: 0.550
Time: 22 s
Train 42, loss: 1.147, iou: 0.392, recall: 0.532, acc: 0.629
Val 42, loss: 1.346, iou: 0.362, recall: 0.522, acc: 0.592
Time: 22 s
Better model!
Train 43, loss: 1.121, iou: 0.412, recall: 0.554, acc: 0.632
Val 43, loss: 1.371, iou: 0.320, recall: 0.461, acc: 0.566
Time: 22 s
Train 44, loss: 1.050, iou: 0.433, recall: 0.574, acc: 0.667
Val 44, loss: 1.342, iou: 0.358, recall: 0.524, acc: 0.594
Time: 22 s
Better model!
Train 45, loss: 1.032, iou: 0.442, recall: 0.590, acc: 0.675
Val 45, loss: 1.322, iou: 0.336, recall: 0.481, acc: 0.564
Time: 22 s
Train 46, loss: 1.033, iou: 0.414, recall: 0.563, acc: 0.652
Val 46, loss: 1.344, iou: 0.343, recall: 0.477, acc: 0.594
Time: 22 s
Better model!
Train 47, loss: 0.958, iou: 0.442, recall: 0.584, acc: 0.688
Val 47, loss: 1.297, iou: 0.341, recall: 0.499, acc: 0.608
Time: 22 s
Better model!
Train 48, loss: 1.004, iou: 0.437, recall: 0.587, acc: 0.673
Val 48, loss: 1.355, iou: 0.339, recall: 0.496, acc: 0.574
Time: 22 s
Train 49, loss: 0.953, iou: 0.460, recall: 0.607, acc: 0.694
Val 49, loss: 1.224, iou: 0.370, recall: 0.533, acc: 0.624
Time: 22 s
Better model!
Train 50, loss: 0.992, iou: 0.454, recall: 0.604, acc: 0.674
Val 50, loss: 1.361, iou: 0.349, recall: 0.501, acc: 0.586
Time: 22 s
Train 51, loss: 0.897, iou: 0.501, recall: 0.644, acc: 0.700
Val 51, loss: 1.389, iou: 0.349, recall: 0.503, acc: 0.610
Time: 22 s
Train 52, loss: 0.913, iou: 0.491, recall: 0.633, acc: 0.723
Val 52, loss: 1.263, iou: 0.369, recall: 0.511, acc: 0.614
Time: 22 s
Train 53, loss: 0.903, iou: 0.463, recall: 0.619, acc: 0.695
Val 53, loss: 1.273, iou: 0.344, recall: 0.464, acc: 0.600
Time: 22 s
Train 54, loss: 0.867, iou: 0.480, recall: 0.608, acc: 0.710
Val 54, loss: 1.223, iou: 0.372, recall: 0.516, acc: 0.620
Time: 22 s
Train 55, loss: 0.904, iou: 0.476, recall: 0.623, acc: 0.698
Val 55, loss: 1.264, iou: 0.379, recall: 0.531, acc: 0.602
Time: 22 s
Train 56, loss: 0.861, iou: 0.523, recall: 0.664, acc: 0.733
Val 56, loss: 1.385, iou: 0.329, recall: 0.473, acc: 0.576
Time: 22 s
Train 57, loss: 0.878, iou: 0.490, recall: 0.633, acc: 0.718
Val 57, loss: 1.459, iou: 0.373, recall: 0.501, acc: 0.592
Time: 22 s
Train 58, loss: 0.844, iou: 0.507, recall: 0.644, acc: 0.730
Val 58, loss: 1.240, iou: 0.399, recall: 0.538, acc: 0.648
Time: 22 s
Better model!
Train 59, loss: 0.723, iou: 0.544, recall: 0.680, acc: 0.763
Val 59, loss: 1.165, iou: 0.393, recall: 0.522, acc: 0.662
Time: 22 s
Better model!
Train 60, loss: 0.714, iou: 0.594, recall: 0.726, acc: 0.768
Val 60, loss: 1.306, iou: 0.338, recall: 0.473, acc: 0.594
Time: 22 s
Train 61, loss: 0.775, iou: 0.525, recall: 0.673, acc: 0.746
Val 61, loss: 1.439, iou: 0.363, recall: 0.518, acc: 0.604
Time: 22 s
Train 62, loss: 0.763, iou: 0.543, recall: 0.694, acc: 0.742
Val 62, loss: 1.438, iou: 0.351, recall: 0.502, acc: 0.602
Time: 22 s
Train 63, loss: 0.737, iou: 0.568, recall: 0.704, acc: 0.757
Val 63, loss: 1.227, iou: 0.381, recall: 0.522, acc: 0.640
Time: 22 s
Train 64, loss: 0.719, iou: 0.546, recall: 0.695, acc: 0.754
Val 64, loss: 1.373, iou: 0.377, recall: 0.568, acc: 0.608
Time: 22 s
Train 65, loss: 0.646, iou: 0.568, recall: 0.699, acc: 0.774
Val 65, loss: 1.153, iou: 0.420, recall: 0.582, acc: 0.674
Time: 22 s
Better model!
Train 66, loss: 0.661, iou: 0.598, recall: 0.726, acc: 0.792
Val 66, loss: 1.159, iou: 0.430, recall: 0.548, acc: 0.642
Time: 22 s
Train 67, loss: 0.651, iou: 0.635, recall: 0.766, acc: 0.807
Val 67, loss: 1.249, iou: 0.357, recall: 0.471, acc: 0.618
Time: 22 s
Train 68, loss: 0.647, iou: 0.619, recall: 0.742, acc: 0.796
Val 68, loss: 1.272, iou: 0.397, recall: 0.526, acc: 0.616
Time: 22 s
Train 69, loss: 0.668, iou: 0.622, recall: 0.752, acc: 0.792
Val 69, loss: 1.195, iou: 0.418, recall: 0.568, acc: 0.664
Time: 22 s
Train 70, loss: 0.565, iou: 0.638, recall: 0.757, acc: 0.812
Val 70, loss: 1.248, iou: 0.417, recall: 0.540, acc: 0.632
Time: 22 s
Train 71, loss: 0.534, iou: 0.674, recall: 0.796, acc: 0.817
Val 71, loss: 1.319, iou: 0.419, recall: 0.581, acc: 0.622
Time: 22 s
Train 72, loss: 0.584, iou: 0.657, recall: 0.771, acc: 0.820
Val 72, loss: 1.305, iou: 0.390, recall: 0.548, acc: 0.622
Time: 22 s
Train 73, loss: 0.570, iou: 0.634, recall: 0.757, acc: 0.818
Val 73, loss: 1.295, iou: 0.405, recall: 0.558, acc: 0.652
Time: 22 s
Train 74, loss: 0.478, iou: 0.703, recall: 0.819, acc: 0.839
Val 74, loss: 1.177, iou: 0.450, recall: 0.597, acc: 0.680
Time: 22 s
Better model!
Train 75, loss: 0.518, iou: 0.664, recall: 0.791, acc: 0.828
Val 75, loss: 1.287, iou: 0.393, recall: 0.510, acc: 0.628
Time: 22 s
Train 76, loss: 0.540, iou: 0.635, recall: 0.759, acc: 0.829
Val 76, loss: 1.361, iou: 0.388, recall: 0.524, acc: 0.634
Time: 22 s
Train 77, loss: 0.518, iou: 0.620, recall: 0.746, acc: 0.807
Val 77, loss: 1.189, iou: 0.429, recall: 0.562, acc: 0.664
Time: 22 s
Train 78, loss: 0.489, iou: 0.648, recall: 0.759, acc: 0.828
Val 78, loss: 1.240, iou: 0.433, recall: 0.575, acc: 0.666
Time: 22 s
Train 79, loss: 0.503, iou: 0.701, recall: 0.814, acc: 0.845
Val 79, loss: 1.378, iou: 0.414, recall: 0.557, acc: 0.640
Time: 22 s
Train 80, loss: 0.477, iou: 0.689, recall: 0.798, acc: 0.842
Val 80, loss: 1.205, iou: 0.430, recall: 0.587, acc: 0.662
Time: 22 s
Train 81, loss: 0.433, iou: 0.667, recall: 0.790, acc: 0.854
Val 81, loss: 1.242, iou: 0.456, recall: 0.592, acc: 0.676
Time: 22 s
Train 82, loss: 0.428, iou: 0.731, recall: 0.833, acc: 0.865
Val 82, loss: 1.437, iou: 0.386, recall: 0.540, acc: 0.612
Time: 22 s
Train 83, loss: 0.425, iou: 0.723, recall: 0.823, acc: 0.872
Val 83, loss: 1.199, iou: 0.474, recall: 0.629, acc: 0.678
Time: 22 s
Train 84, loss: 0.423, iou: 0.750, recall: 0.858, acc: 0.859
Val 84, loss: 1.426, iou: 0.403, recall: 0.562, acc: 0.634
Time: 22 s
Train 85, loss: 0.426, iou: 0.720, recall: 0.833, acc: 0.852
Val 85, loss: 1.395, iou: 0.414, recall: 0.551, acc: 0.662
Time: 22 s
Train 86, loss: 0.434, iou: 0.723, recall: 0.830, acc: 0.860
Val 86, loss: 1.338, iou: 0.451, recall: 0.577, acc: 0.658
Time: 22 s
Train 87, loss: 0.430, iou: 0.716, recall: 0.819, acc: 0.860
Val 87, loss: 1.210, iou: 0.443, recall: 0.579, acc: 0.676
Time: 22 s
Train 88, loss: 0.399, iou: 0.750, recall: 0.847, acc: 0.879
Val 88, loss: 1.270, iou: 0.475, recall: 0.622, acc: 0.682
Time: 22 s
Better model!
Train 89, loss: 0.365, iou: 0.753, recall: 0.834, acc: 0.878
Val 89, loss: 1.345, iou: 0.437, recall: 0.589, acc: 0.668
Time: 22 s
Train 90, loss: 0.334, iou: 0.783, recall: 0.871, acc: 0.891
Val 90, loss: 1.172, iou: 0.482, recall: 0.620, acc: 0.696
Time: 22 s
Better model!
Train 91, loss: 0.352, iou: 0.766, recall: 0.856, acc: 0.889
Val 91, loss: 1.247, iou: 0.459, recall: 0.619, acc: 0.680
Time: 22 s
Train 92, loss: 0.349, iou: 0.770, recall: 0.860, acc: 0.889
Val 92, loss: 1.167, iou: 0.472, recall: 0.614, acc: 0.692
Time: 22 s
Train 93, loss: 0.338, iou: 0.775, recall: 0.861, acc: 0.887
Val 93, loss: 1.582, iou: 0.434, recall: 0.552, acc: 0.610
Time: 22 s
Train 94, loss: 0.322, iou: 0.784, recall: 0.869, acc: 0.898
Val 94, loss: 1.420, iou: 0.437, recall: 0.561, acc: 0.660
Time: 22 s
Train 95, loss: 0.346, iou: 0.763, recall: 0.854, acc: 0.891
Val 95, loss: 1.411, iou: 0.405, recall: 0.543, acc: 0.648
Time: 22 s
Train 96, loss: 0.395, iou: 0.739, recall: 0.853, acc: 0.871
Val 96, loss: 1.359, iou: 0.444, recall: 0.579, acc: 0.664
Time: 22 s
Train 97, loss: 0.367, iou: 0.757, recall: 0.849, acc: 0.876
Val 97, loss: 1.370, iou: 0.426, recall: 0.552, acc: 0.640
Time: 22 s
Train 98, loss: 0.356, iou: 0.734, recall: 0.839, acc: 0.886
Val 98, loss: 1.453, iou: 0.417, recall: 0.535, acc: 0.642
Time: 22 s
Train 99, loss: 0.318, iou: 0.782, recall: 0.869, acc: 0.900
Val 99, loss: 1.473, iou: 0.438, recall: 0.593, acc: 0.662
Time: 22 s
Train 100, loss: 0.319, iou: 0.779, recall: 0.876, acc: 0.889
Val 100, loss: 1.218, iou: 0.424, recall: 0.553, acc: 0.682
Time: 22 s
Train 101, loss: 0.344, iou: 0.787, recall: 0.869, acc: 0.892
Val 101, loss: 1.234, iou: 0.454, recall: 0.631, acc: 0.682
Time: 22 s
Train 102, loss: 0.294, iou: 0.807, recall: 0.894, acc: 0.902
Val 102, loss: 1.439, iou: 0.443, recall: 0.575, acc: 0.642
Time: 22 s
Train 103, loss: 0.350, iou: 0.803, recall: 0.880, acc: 0.889
Val 103, loss: 1.414, iou: 0.400, recall: 0.543, acc: 0.656
Time: 22 s
Train 104, loss: 0.259, iou: 0.789, recall: 0.860, acc: 0.916
Val 104, loss: 1.420, iou: 0.406, recall: 0.543, acc: 0.638
Time: 22 s
Train 105, loss: 0.293, iou: 0.800, recall: 0.897, acc: 0.911
Val 105, loss: 1.288, iou: 0.441, recall: 0.564, acc: 0.680
Time: 22 s
Train 106, loss: 0.264, iou: 0.823, recall: 0.893, acc: 0.916
Val 106, loss: 1.228, iou: 0.446, recall: 0.599, acc: 0.686
Time: 22 s
Train 107, loss: 0.307, iou: 0.759, recall: 0.852, acc: 0.894
Val 107, loss: 1.227, iou: 0.456, recall: 0.617, acc: 0.682
Time: 22 s
Train 108, loss: 0.255, iou: 0.776, recall: 0.869, acc: 0.921
Val 108, loss: 1.292, iou: 0.446, recall: 0.589, acc: 0.670
Time: 22 s
Train 109, loss: 0.268, iou: 0.781, recall: 0.871, acc: 0.901
Val 109, loss: 1.230, iou: 0.487, recall: 0.637, acc: 0.692
Time: 22 s
Train 110, loss: 0.310, iou: 0.781, recall: 0.877, acc: 0.895
Val 110, loss: 1.408, iou: 0.439, recall: 0.582, acc: 0.674
Time: 22 s
Train 111, loss: 0.302, iou: 0.817, recall: 0.888, acc: 0.907
Val 111, loss: 1.486, iou: 0.417, recall: 0.546, acc: 0.646
Time: 22 s
Train 112, loss: 0.317, iou: 0.829, recall: 0.902, acc: 0.910
Val 112, loss: 1.454, iou: 0.425, recall: 0.556, acc: 0.660
Time: 22 s
Train 113, loss: 0.311, iou: 0.770, recall: 0.855, acc: 0.901
Val 113, loss: 1.656, iou: 0.395, recall: 0.512, acc: 0.592
Time: 22 s
Train 114, loss: 0.308, iou: 0.783, recall: 0.879, acc: 0.897
Val 114, loss: 1.300, iou: 0.451, recall: 0.589, acc: 0.676
Time: 22 s
Train 115, loss: 0.243, iou: 0.814, recall: 0.895, acc: 0.923
Val 115, loss: 1.324, iou: 0.440, recall: 0.579, acc: 0.678
Time: 22 s
Train 116, loss: 0.256, iou: 0.849, recall: 0.912, acc: 0.925
Val 116, loss: 1.374, iou: 0.461, recall: 0.615, acc: 0.684
Time: 22 s
Train 117, loss: 0.189, iou: 0.874, recall: 0.930, acc: 0.944
Val 117, loss: 1.406, iou: 0.438, recall: 0.562, acc: 0.668
Time: 22 s
Train 118, loss: 0.169, iou: 0.906, recall: 0.958, acc: 0.941
Val 118, loss: 1.408, iou: 0.452, recall: 0.585, acc: 0.692
Time: 22 s
Train 119, loss: 0.229, iou: 0.822, recall: 0.892, acc: 0.923
Val 119, loss: 1.341, iou: 0.468, recall: 0.597, acc: 0.692
Time: 22 s
Train 120, loss: 0.216, iou: 0.854, recall: 0.922, acc: 0.938
Val 120, loss: 1.438, iou: 0.434, recall: 0.564, acc: 0.664
Time: 22 s
Train 121, loss: 0.273, iou: 0.774, recall: 0.862, acc: 0.909
Val 121, loss: 1.435, iou: 0.464, recall: 0.606, acc: 0.678
Time: 22 s
Train 122, loss: 0.244, iou: 0.815, recall: 0.900, acc: 0.913
Val 122, loss: 1.251, iou: 0.448, recall: 0.599, acc: 0.686
Time: 22 s
Train 123, loss: 0.239, iou: 0.856, recall: 0.922, acc: 0.924
Val 123, loss: 1.295, iou: 0.480, recall: 0.630, acc: 0.694
Time: 22 s
Train 124, loss: 0.246, iou: 0.831, recall: 0.915, acc: 0.924
Val 124, loss: 1.271, iou: 0.474, recall: 0.649, acc: 0.700
Time: 22 s
Better model!
Train 125, loss: 0.233, iou: 0.806, recall: 0.879, acc: 0.921
Val 125, loss: 1.415, iou: 0.477, recall: 0.620, acc: 0.700
Time: 22 s
Better model!
Train 126, loss: 0.255, iou: 0.813, recall: 0.907, acc: 0.916
Val 126, loss: 1.494, iou: 0.444, recall: 0.579, acc: 0.668
Time: 22 s
Train 127, loss: 0.216, iou: 0.830, recall: 0.894, acc: 0.929
Val 127, loss: 1.452, iou: 0.444, recall: 0.563, acc: 0.672
Time: 22 s
Train 128, loss: 0.198, iou: 0.902, recall: 0.951, acc: 0.946
Val 128, loss: 1.547, iou: 0.438, recall: 0.548, acc: 0.650
Time: 22 s
Train 129, loss: 0.196, iou: 0.862, recall: 0.919, acc: 0.934
Val 129, loss: 1.608, iou: 0.442, recall: 0.609, acc: 0.662
Time: 22 s
Train 130, loss: 0.211, iou: 0.856, recall: 0.919, acc: 0.932
Val 130, loss: 1.474, iou: 0.489, recall: 0.627, acc: 0.682
Time: 22 s
Train 131, loss: 0.229, iou: 0.807, recall: 0.885, acc: 0.918
Val 131, loss: 1.569, iou: 0.458, recall: 0.576, acc: 0.676
Time: 22 s
Train 132, loss: 0.223, iou: 0.842, recall: 0.902, acc: 0.926
Val 132, loss: 1.353, iou: 0.480, recall: 0.614, acc: 0.706
Time: 22 s
Better model!
Train 133, loss: 0.254, iou: 0.855, recall: 0.915, acc: 0.930
Val 133, loss: 1.556, iou: 0.443, recall: 0.586, acc: 0.658
Time: 22 s
Train 134, loss: 0.233, iou: 0.852, recall: 0.921, acc: 0.924
Val 134, loss: 1.608, iou: 0.439, recall: 0.557, acc: 0.668
Time: 22 s
Train 135, loss: 0.172, iou: 0.883, recall: 0.930, acc: 0.947
Val 135, loss: 1.356, iou: 0.486, recall: 0.625, acc: 0.698
Time: 22 s
Train 136, loss: 0.146, iou: 0.899, recall: 0.934, acc: 0.948
Val 136, loss: 1.352, iou: 0.479, recall: 0.641, acc: 0.696
Time: 22 s
Train 137, loss: 0.164, iou: 0.890, recall: 0.948, acc: 0.946
Val 137, loss: 1.626, iou: 0.438, recall: 0.567, acc: 0.670
Time: 22 s
Train 138, loss: 0.210, iou: 0.862, recall: 0.927, acc: 0.933
Val 138, loss: 1.533, iou: 0.448, recall: 0.582, acc: 0.670
Time: 22 s
Train 139, loss: 0.187, iou: 0.845, recall: 0.911, acc: 0.931
Val 139, loss: 1.381, iou: 0.477, recall: 0.625, acc: 0.688
Time: 22 s
Train 140, loss: 0.208, iou: 0.864, recall: 0.926, acc: 0.937
Val 140, loss: 1.464, iou: 0.462, recall: 0.636, acc: 0.680
Time: 22 s
Train 141, loss: 0.214, iou: 0.886, recall: 0.947, acc: 0.941
Val 141, loss: 1.348, iou: 0.476, recall: 0.604, acc: 0.708
Time: 22 s
Better model!
Train 142, loss: 0.208, iou: 0.864, recall: 0.917, acc: 0.941
Val 142, loss: 1.350, iou: 0.495, recall: 0.653, acc: 0.712
Time: 22 s
Better model!
Train 143, loss: 0.180, iou: 0.863, recall: 0.928, acc: 0.939
Val 143, loss: 1.332, iou: 0.494, recall: 0.642, acc: 0.718
Time: 22 s
Better model!
Train 144, loss: 0.160, iou: 0.900, recall: 0.944, acc: 0.952
Val 144, loss: 1.277, iou: 0.525, recall: 0.658, acc: 0.724
Time: 22 s
Better model!
Train 145, loss: 0.179, iou: 0.868, recall: 0.926, acc: 0.940
Val 145, loss: 1.460, iou: 0.485, recall: 0.644, acc: 0.694
Time: 22 s
Train 146, loss: 0.173, iou: 0.858, recall: 0.918, acc: 0.949
Val 146, loss: 1.336, iou: 0.494, recall: 0.651, acc: 0.722
Time: 22 s
Train 147, loss: 0.156, iou: 0.888, recall: 0.943, acc: 0.947
Val 147, loss: 1.500, iou: 0.448, recall: 0.580, acc: 0.676
Time: 22 s
Train 148, loss: 0.164, iou: 0.875, recall: 0.922, acc: 0.949
Val 148, loss: 1.322, iou: 0.495, recall: 0.626, acc: 0.722
Time: 22 s
Train 149, loss: 0.196, iou: 0.850, recall: 0.920, acc: 0.934
Val 149, loss: 1.466, iou: 0.490, recall: 0.614, acc: 0.692
Time: 22 s
Train 150, loss: 0.190, iou: 0.882, recall: 0.936, acc: 0.938
Val 150, loss: 1.458, iou: 0.423, recall: 0.554, acc: 0.658
Time: 22 s
Train 151, loss: 0.156, iou: 0.912, recall: 0.955, acc: 0.952
Val 151, loss: 1.251, iou: 0.468, recall: 0.589, acc: 0.714
Time: 22 s
Train 152, loss: 0.144, iou: 0.891, recall: 0.935, acc: 0.954
Val 152, loss: 1.368, iou: 0.476, recall: 0.623, acc: 0.702
Time: 22 s
Train 153, loss: 0.170, iou: 0.907, recall: 0.950, acc: 0.948
Val 153, loss: 1.294, iou: 0.483, recall: 0.643, acc: 0.708
Time: 22 s
Train 154, loss: 0.193, iou: 0.885, recall: 0.938, acc: 0.937
Val 154, loss: 1.328, iou: 0.487, recall: 0.627, acc: 0.698
Time: 22 s
Train 155, loss: 0.169, iou: 0.889, recall: 0.936, acc: 0.946
Val 155, loss: 1.377, iou: 0.488, recall: 0.628, acc: 0.708
Time: 22 s
Train 156, loss: 0.218, iou: 0.846, recall: 0.899, acc: 0.927
Val 156, loss: 1.422, iou: 0.486, recall: 0.657, acc: 0.696
Time: 22 s
Train 157, loss: 0.152, iou: 0.889, recall: 0.949, acc: 0.945
Val 157, loss: 1.339, iou: 0.469, recall: 0.624, acc: 0.692
Time: 22 s
Train 158, loss: 0.145, iou: 0.891, recall: 0.935, acc: 0.947
Val 158, loss: 1.458, iou: 0.517, recall: 0.652, acc: 0.692
Time: 22 s
Train 159, loss: 0.172, iou: 0.883, recall: 0.937, acc: 0.942
Val 159, loss: 1.526, iou: 0.473, recall: 0.627, acc: 0.672
Time: 22 s
Train 160, loss: 0.192, iou: 0.902, recall: 0.940, acc: 0.944
Val 160, loss: 1.333, iou: 0.527, recall: 0.666, acc: 0.692
Time: 22 s
Train 161, loss: 0.159, iou: 0.885, recall: 0.942, acc: 0.944
Val 161, loss: 1.513, iou: 0.471, recall: 0.591, acc: 0.686
Time: 22 s
Train 162, loss: 0.168, iou: 0.870, recall: 0.916, acc: 0.948
Val 162, loss: 1.690, iou: 0.465, recall: 0.591, acc: 0.674
Time: 22 s
Train 163, loss: 0.217, iou: 0.881, recall: 0.938, acc: 0.940
Val 163, loss: 1.468, iou: 0.481, recall: 0.605, acc: 0.702
Time: 22 s
Train 164, loss: 0.183, iou: 0.852, recall: 0.913, acc: 0.938
Val 164, loss: 1.641, iou: 0.478, recall: 0.626, acc: 0.680
Time: 22 s
Train 165, loss: 0.155, iou: 0.881, recall: 0.930, acc: 0.944
Val 165, loss: 1.721, iou: 0.462, recall: 0.593, acc: 0.652
Time: 22 s
Train 166, loss: 0.183, iou: 0.858, recall: 0.914, acc: 0.937
Val 166, loss: 1.583, iou: 0.456, recall: 0.578, acc: 0.688
Time: 22 s
Train 167, loss: 0.166, iou: 0.892, recall: 0.938, acc: 0.943
Val 167, loss: 1.386, iou: 0.492, recall: 0.643, acc: 0.710
Time: 22 s
Train 168, loss: 0.162, iou: 0.885, recall: 0.948, acc: 0.948
Val 168, loss: 1.496, iou: 0.486, recall: 0.610, acc: 0.694
Time: 22 s
Train 169, loss: 0.193, iou: 0.887, recall: 0.943, acc: 0.947
Val 169, loss: 1.550, iou: 0.465, recall: 0.636, acc: 0.700
Time: 22 s
Train 170, loss: 0.120, iou: 0.934, recall: 0.968, acc: 0.960
Val 170, loss: 1.333, iou: 0.489, recall: 0.601, acc: 0.716
Time: 22 s
Train 171, loss: 0.111, iou: 0.935, recall: 0.960, acc: 0.968
Val 171, loss: 1.522, iou: 0.475, recall: 0.621, acc: 0.692
Time: 22 s
Train 172, loss: 0.155, iou: 0.914, recall: 0.954, acc: 0.953
Val 172, loss: 1.440, iou: 0.472, recall: 0.622, acc: 0.696
Time: 22 s
Train 173, loss: 0.111, iou: 0.933, recall: 0.971, acc: 0.967
Val 173, loss: 1.452, iou: 0.500, recall: 0.614, acc: 0.728
Time: 22 s
Better model!
Train 174, loss: 0.113, iou: 0.903, recall: 0.938, acc: 0.962
Val 174, loss: 1.448, iou: 0.523, recall: 0.657, acc: 0.712
Time: 22 s
Train 175, loss: 0.153, iou: 0.903, recall: 0.950, acc: 0.955
Val 175, loss: 1.516, iou: 0.517, recall: 0.660, acc: 0.722
Time: 22 s
Train 176, loss: 0.168, iou: 0.916, recall: 0.960, acc: 0.953
Val 176, loss: 1.612, iou: 0.465, recall: 0.609, acc: 0.666
Time: 22 s
Train 177, loss: 0.172, iou: 0.878, recall: 0.938, acc: 0.948
Val 177, loss: 1.398, iou: 0.457, recall: 0.582, acc: 0.692
Time: 22 s
Train 178, loss: 0.142, iou: 0.901, recall: 0.941, acc: 0.956
Val 178, loss: 1.517, iou: 0.460, recall: 0.620, acc: 0.676
Time: 22 s
Train 179, loss: 0.169, iou: 0.882, recall: 0.936, acc: 0.948
Val 179, loss: 1.588, iou: 0.487, recall: 0.605, acc: 0.706
Time: 22 s
Train 180, loss: 0.171, iou: 0.865, recall: 0.914, acc: 0.944
Val 180, loss: 1.715, iou: 0.460, recall: 0.606, acc: 0.680
Time: 22 s
Train 181, loss: 0.141, iou: 0.889, recall: 0.945, acc: 0.952
Val 181, loss: 1.425, iou: 0.520, recall: 0.626, acc: 0.728
Time: 22 s
Better model!
Train 182, loss: 0.128, iou: 0.893, recall: 0.938, acc: 0.950
Val 182, loss: 1.520, iou: 0.471, recall: 0.592, acc: 0.690
Time: 22 s
Train 183, loss: 0.145, iou: 0.897, recall: 0.935, acc: 0.945
Val 183, loss: 1.558, iou: 0.482, recall: 0.601, acc: 0.710
Time: 22 s
Train 184, loss: 0.168, iou: 0.880, recall: 0.940, acc: 0.943
Val 184, loss: 1.538, iou: 0.495, recall: 0.632, acc: 0.696
Time: 22 s
Train 185, loss: 0.099, iou: 0.927, recall: 0.956, acc: 0.968
Val 185, loss: 1.708, iou: 0.461, recall: 0.608, acc: 0.684
Time: 22 s
Train 186, loss: 0.169, iou: 0.888, recall: 0.954, acc: 0.950
Val 186, loss: 1.459, iou: 0.478, recall: 0.600, acc: 0.728
Time: 22 s
Better model!
Train 187, loss: 0.134, iou: 0.914, recall: 0.953, acc: 0.958
Val 187, loss: 1.655, iou: 0.445, recall: 0.564, acc: 0.694
Time: 22 s
Train 188, loss: 0.196, iou: 0.893, recall: 0.936, acc: 0.941
Val 188, loss: 1.454, iou: 0.518, recall: 0.647, acc: 0.726
Time: 22 s
Train 189, loss: 0.178, iou: 0.874, recall: 0.927, acc: 0.945
Val 189, loss: 1.520, iou: 0.510, recall: 0.657, acc: 0.712
Time: 22 s
Train 190, loss: 0.154, iou: 0.908, recall: 0.951, acc: 0.952
Val 190, loss: 1.517, iou: 0.510, recall: 0.652, acc: 0.708
Time: 22 s
Train 191, loss: 0.131, iou: 0.902, recall: 0.952, acc: 0.957
Val 191, loss: 1.439, iou: 0.451, recall: 0.583, acc: 0.716
Time: 22 s
Train 192, loss: 0.168, iou: 0.880, recall: 0.931, acc: 0.950
Val 192, loss: 1.549, iou: 0.469, recall: 0.589, acc: 0.692
Time: 22 s
Train 193, loss: 0.162, iou: 0.903, recall: 0.955, acc: 0.949
Val 193, loss: 1.423, iou: 0.499, recall: 0.633, acc: 0.738
Time: 22 s
Better model!
Train 194, loss: 0.144, iou: 0.877, recall: 0.931, acc: 0.949
Val 194, loss: 1.506, iou: 0.511, recall: 0.656, acc: 0.712
Time: 22 s
Train 195, loss: 0.118, iou: 0.926, recall: 0.963, acc: 0.964
Val 195, loss: 1.476, iou: 0.474, recall: 0.602, acc: 0.702
Time: 22 s
Train 196, loss: 0.111, iou: 0.940, recall: 0.973, acc: 0.970
Val 196, loss: 1.480, iou: 0.478, recall: 0.614, acc: 0.704
Time: 22 s
Train 197, loss: 0.138, iou: 0.890, recall: 0.945, acc: 0.951
Val 197, loss: 1.680, iou: 0.449, recall: 0.598, acc: 0.668
Time: 22 s
Train 198, loss: 0.134, iou: 0.918, recall: 0.958, acc: 0.962
Val 198, loss: 1.428, iou: 0.509, recall: 0.637, acc: 0.700
Time: 22 s
Train 199, loss: 0.095, iou: 0.946, recall: 0.967, acc: 0.969
Val 199, loss: 1.529, iou: 0.508, recall: 0.642, acc: 0.706
Time: 22 s
Train 200, loss: 0.121, iou: 0.920, recall: 0.966, acc: 0.964
Val 200, loss: 1.805, iou: 0.456, recall: 0.580, acc: 0.668
Time: 22 s
Train 201, loss: 0.139, iou: 0.902, recall: 0.939, acc: 0.957
Val 201, loss: 1.630, iou: 0.504, recall: 0.650, acc: 0.696
Time: 22 s
Train 202, loss: 0.129, iou: 0.919, recall: 0.956, acc: 0.956
Val 202, loss: 1.548, iou: 0.492, recall: 0.633, acc: 0.714
Time: 22 s
Train 203, loss: 0.144, iou: 0.892, recall: 0.942, acc: 0.951
Val 203, loss: 1.542, iou: 0.480, recall: 0.602, acc: 0.700
Time: 22 s
Train 204, loss: 0.140, iou: 0.901, recall: 0.950, acc: 0.952
Val 204, loss: 1.417, iou: 0.492, recall: 0.628, acc: 0.698
Time: 22 s
Train 205, loss: 0.148, iou: 0.886, recall: 0.933, acc: 0.947
Val 205, loss: 1.439, iou: 0.482, recall: 0.622, acc: 0.698
Time: 22 s
Train 206, loss: 0.128, iou: 0.917, recall: 0.952, acc: 0.967
Val 206, loss: 1.444, iou: 0.506, recall: 0.641, acc: 0.738
Time: 22 s
Better model!
Train 207, loss: 0.079, iou: 0.932, recall: 0.970, acc: 0.974
Val 207, loss: 1.334, iou: 0.512, recall: 0.645, acc: 0.740
Time: 22 s
Better model!
Train 208, loss: 0.104, iou: 0.929, recall: 0.964, acc: 0.964
Val 208, loss: 1.500, iou: 0.478, recall: 0.609, acc: 0.708
Time: 22 s
Train 209, loss: 0.133, iou: 0.885, recall: 0.934, acc: 0.955
Val 209, loss: 1.670, iou: 0.438, recall: 0.553, acc: 0.676
Time: 22 s
Train 210, loss: 0.089, iou: 0.946, recall: 0.973, acc: 0.975
Val 210, loss: 1.371, iou: 0.491, recall: 0.624, acc: 0.732
Time: 22 s
Train 211, loss: 0.097, iou: 0.941, recall: 0.968, acc: 0.972
Val 211, loss: 1.602, iou: 0.464, recall: 0.584, acc: 0.702
Time: 22 s
Train 212, loss: 0.184, iou: 0.853, recall: 0.911, acc: 0.938
Val 212, loss: 1.598, iou: 0.482, recall: 0.614, acc: 0.704
Time: 22 s
Train 213, loss: 0.155, iou: 0.889, recall: 0.945, acc: 0.952
Val 213, loss: 1.720, iou: 0.476, recall: 0.623, acc: 0.700
Time: 22 s
Train 214, loss: 0.135, iou: 0.908, recall: 0.957, acc: 0.948
Val 214, loss: 1.607, iou: 0.491, recall: 0.643, acc: 0.712
Time: 22 s
Train 215, loss: 0.135, iou: 0.904, recall: 0.944, acc: 0.951
Val 215, loss: 1.512, iou: 0.481, recall: 0.622, acc: 0.702
Time: 22 s
Train 216, loss: 0.161, iou: 0.908, recall: 0.964, acc: 0.951
Val 216, loss: 1.830, iou: 0.461, recall: 0.600, acc: 0.690
Time: 22 s
Train 217, loss: 0.132, iou: 0.922, recall: 0.953, acc: 0.957
Val 217, loss: 1.435, iou: 0.500, recall: 0.636, acc: 0.724
Time: 22 s
Train 218, loss: 0.151, iou: 0.919, recall: 0.958, acc: 0.957
Val 218, loss: 1.479, iou: 0.495, recall: 0.615, acc: 0.724
Time: 22 s
Train 219, loss: 0.142, iou: 0.886, recall: 0.941, acc: 0.955
Val 219, loss: 1.708, iou: 0.466, recall: 0.585, acc: 0.680
Time: 22 s
Train 220, loss: 0.152, iou: 0.885, recall: 0.925, acc: 0.948
Val 220, loss: 1.764, iou: 0.439, recall: 0.572, acc: 0.692
Time: 22 s
Train 221, loss: 0.130, iou: 0.900, recall: 0.952, acc: 0.956
Val 221, loss: 1.723, iou: 0.507, recall: 0.629, acc: 0.710
Time: 22 s
Train 222, loss: 0.113, iou: 0.932, recall: 0.968, acc: 0.969
Val 222, loss: 1.685, iou: 0.481, recall: 0.604, acc: 0.684
Time: 22 s
Train 223, loss: 0.118, iou: 0.954, recall: 0.978, acc: 0.968
Val 223, loss: 1.445, iou: 0.499, recall: 0.635, acc: 0.716
Time: 22 s
Train 224, loss: 0.109, iou: 0.916, recall: 0.951, acc: 0.967
Val 224, loss: 1.581, iou: 0.489, recall: 0.623, acc: 0.716
Time: 22 s
Train 225, loss: 0.090, iou: 0.941, recall: 0.972, acc: 0.976
Val 225, loss: 1.581, iou: 0.480, recall: 0.607, acc: 0.702
Time: 22 s
Train 226, loss: 0.100, iou: 0.946, recall: 0.968, acc: 0.969
Val 226, loss: 1.784, iou: 0.502, recall: 0.636, acc: 0.702
Time: 22 s
Train 227, loss: 0.075, iou: 0.950, recall: 0.970, acc: 0.973
Val 227, loss: 1.528, iou: 0.489, recall: 0.616, acc: 0.690
Time: 22 s
Train 228, loss: 0.104, iou: 0.921, recall: 0.955, acc: 0.965
Val 228, loss: 1.489, iou: 0.505, recall: 0.631, acc: 0.716
Time: 22 s
Train 229, loss: 0.101, iou: 0.941, recall: 0.971, acc: 0.969
Val 229, loss: 1.671, iou: 0.459, recall: 0.590, acc: 0.696
Time: 22 s
Train 230, loss: 0.089, iou: 0.927, recall: 0.953, acc: 0.971
Val 230, loss: 1.496, iou: 0.508, recall: 0.640, acc: 0.716
Time: 22 s
Train 231, loss: 0.099, iou: 0.919, recall: 0.957, acc: 0.966
Val 231, loss: 1.739, iou: 0.468, recall: 0.607, acc: 0.696
Time: 22 s
Train 232, loss: 0.159, iou: 0.895, recall: 0.952, acc: 0.952
Val 232, loss: 1.873, iou: 0.445, recall: 0.558, acc: 0.684
Time: 22 s
Train 233, loss: 0.134, iou: 0.914, recall: 0.958, acc: 0.962
Val 233, loss: 1.818, iou: 0.461, recall: 0.609, acc: 0.686
Time: 22 s
Train 234, loss: 0.112, iou: 0.947, recall: 0.975, acc: 0.969
Val 234, loss: 1.816, iou: 0.468, recall: 0.589, acc: 0.680
Time: 22 s
Train 235, loss: 0.136, iou: 0.921, recall: 0.950, acc: 0.966
Val 235, loss: 1.710, iou: 0.450, recall: 0.610, acc: 0.668
Time: 22 s
Train 236, loss: 0.135, iou: 0.920, recall: 0.962, acc: 0.956
Val 236, loss: 1.554, iou: 0.461, recall: 0.584, acc: 0.704
Time: 22 s
Train 237, loss: 0.119, iou: 0.910, recall: 0.946, acc: 0.960
Val 237, loss: 1.864, iou: 0.461, recall: 0.603, acc: 0.686
Time: 22 s
Train 238, loss: 0.110, iou: 0.924, recall: 0.967, acc: 0.966
Val 238, loss: 1.593, iou: 0.459, recall: 0.603, acc: 0.684
Time: 22 s
Train 239, loss: 0.122, iou: 0.923, recall: 0.955, acc: 0.960
Val 239, loss: 1.609, iou: 0.494, recall: 0.611, acc: 0.714
Time: 22 s
Train 240, loss: 0.083, iou: 0.958, recall: 0.977, acc: 0.976
Val 240, loss: 1.517, iou: 0.527, recall: 0.647, acc: 0.728
Time: 22 s
Train 241, loss: 0.094, iou: 0.924, recall: 0.961, acc: 0.968
Val 241, loss: 1.559, iou: 0.484, recall: 0.600, acc: 0.706
Time: 22 s
Train 242, loss: 0.108, iou: 0.926, recall: 0.964, acc: 0.967
Val 242, loss: 1.451, iou: 0.526, recall: 0.655, acc: 0.706
Time: 22 s
Train 243, loss: 0.116, iou: 0.907, recall: 0.940, acc: 0.965
Val 243, loss: 1.691, iou: 0.464, recall: 0.619, acc: 0.682
Time: 22 s
Train 244, loss: 0.103, iou: 0.940, recall: 0.974, acc: 0.965
Val 244, loss: 1.506, iou: 0.496, recall: 0.625, acc: 0.702
Time: 22 s
Train 245, loss: 0.114, iou: 0.946, recall: 0.975, acc: 0.971
Val 245, loss: 1.606, iou: 0.483, recall: 0.608, acc: 0.696
Time: 22 s
Train 246, loss: 0.111, iou: 0.911, recall: 0.948, acc: 0.962
Val 246, loss: 1.570, iou: 0.485, recall: 0.656, acc: 0.704
Time: 22 s
Train 247, loss: 0.108, iou: 0.938, recall: 0.962, acc: 0.966
Val 247, loss: 1.639, iou: 0.487, recall: 0.621, acc: 0.672
Time: 22 s
Train 248, loss: 0.142, iou: 0.915, recall: 0.955, acc: 0.956
Val 248, loss: 1.369, iou: 0.542, recall: 0.651, acc: 0.742
Time: 22 s
Better model!
Train 249, loss: 0.126, iou: 0.923, recall: 0.961, acc: 0.962
Val 249, loss: 1.594, iou: 0.519, recall: 0.678, acc: 0.704
Time: 22 s
Train 250, loss: 0.124, iou: 0.919, recall: 0.957, acc: 0.964
Val 250, loss: 1.534, iou: 0.507, recall: 0.618, acc: 0.704
Time: 22 s
Train 251, loss: 0.120, iou: 0.926, recall: 0.964, acc: 0.964
Val 251, loss: 1.544, iou: 0.493, recall: 0.605, acc: 0.702
Time: 22 s
Train 252, loss: 0.112, iou: 0.928, recall: 0.966, acc: 0.965
Val 252, loss: 1.770, iou: 0.462, recall: 0.584, acc: 0.686
Time: 22 s
Train 253, loss: 0.140, iou: 0.917, recall: 0.949, acc: 0.955
Val 253, loss: 1.731, iou: 0.461, recall: 0.598, acc: 0.682
Time: 22 s
Train 254, loss: 0.110, iou: 0.927, recall: 0.956, acc: 0.969
Val 254, loss: 1.549, iou: 0.484, recall: 0.616, acc: 0.698
Time: 22 s
Train 255, loss: 0.124, iou: 0.906, recall: 0.948, acc: 0.957
Val 255, loss: 1.554, iou: 0.489, recall: 0.664, acc: 0.702
Time: 22 s
Train 256, loss: 0.095, iou: 0.919, recall: 0.956, acc: 0.964
Val 256, loss: 1.521, iou: 0.512, recall: 0.644, acc: 0.720
Time: 22 s
Train 257, loss: 0.147, iou: 0.888, recall: 0.941, acc: 0.957
Val 257, loss: 1.625, iou: 0.488, recall: 0.633, acc: 0.702
Time: 22 s
Train 258, loss: 0.084, iou: 0.953, recall: 0.971, acc: 0.977
Val 258, loss: 1.591, iou: 0.487, recall: 0.620, acc: 0.698
Time: 22 s
Train 259, loss: 0.057, iou: 0.945, recall: 0.967, acc: 0.980
Val 259, loss: 1.566, iou: 0.489, recall: 0.598, acc: 0.704
Time: 22 s
Train 260, loss: 0.107, iou: 0.928, recall: 0.958, acc: 0.962
Val 260, loss: 1.382, iou: 0.518, recall: 0.666, acc: 0.728
Time: 22 s
Train 261, loss: 0.093, iou: 0.936, recall: 0.971, acc: 0.966
Val 261, loss: 1.734, iou: 0.464, recall: 0.590, acc: 0.686
Time: 22 s
Train 262, loss: 0.093, iou: 0.928, recall: 0.957, acc: 0.968
Val 262, loss: 1.731, iou: 0.487, recall: 0.628, acc: 0.710
Time: 22 s
Train 263, loss: 0.069, iou: 0.940, recall: 0.970, acc: 0.973
Val 263, loss: 1.549, iou: 0.488, recall: 0.656, acc: 0.700
Time: 22 s
Train 264, loss: 0.125, iou: 0.932, recall: 0.967, acc: 0.959
Val 264, loss: 1.696, iou: 0.482, recall: 0.626, acc: 0.696
Time: 22 s
Train 265, loss: 0.146, iou: 0.904, recall: 0.944, acc: 0.958
Val 265, loss: 1.570, iou: 0.476, recall: 0.630, acc: 0.704
Time: 22 s
Train 266, loss: 0.147, iou: 0.890, recall: 0.941, acc: 0.953
Val 266, loss: 1.421, iou: 0.457, recall: 0.590, acc: 0.682
Time: 22 s
Train 267, loss: 0.154, iou: 0.908, recall: 0.946, acc: 0.957
Val 267, loss: 1.704, iou: 0.479, recall: 0.602, acc: 0.706
Time: 22 s
Train 268, loss: 0.125, iou: 0.907, recall: 0.956, acc: 0.959
Val 268, loss: 1.744, iou: 0.470, recall: 0.589, acc: 0.706
Time: 22 s
Train 269, loss: 0.096, iou: 0.932, recall: 0.967, acc: 0.970
Val 269, loss: 1.570, iou: 0.493, recall: 0.605, acc: 0.710
Time: 22 s
Train 270, loss: 0.072, iou: 0.943, recall: 0.970, acc: 0.974
Val 270, loss: 1.635, iou: 0.514, recall: 0.651, acc: 0.716
Time: 22 s
Train 271, loss: 0.049, iou: 0.975, recall: 0.986, acc: 0.984
Val 271, loss: 1.466, iou: 0.489, recall: 0.620, acc: 0.706
Time: 22 s
Train 272, loss: 0.065, iou: 0.966, recall: 0.978, acc: 0.980
Val 272, loss: 1.791, iou: 0.480, recall: 0.616, acc: 0.682
Time: 22 s
Train 273, loss: 0.087, iou: 0.951, recall: 0.975, acc: 0.970
Val 273, loss: 1.696, iou: 0.496, recall: 0.621, acc: 0.714
Time: 22 s
Train 274, loss: 0.111, iou: 0.922, recall: 0.959, acc: 0.962
Val 274, loss: 1.687, iou: 0.424, recall: 0.550, acc: 0.668
Time: 22 s
Train 275, loss: 0.071, iou: 0.945, recall: 0.963, acc: 0.977
Val 275, loss: 1.657, iou: 0.447, recall: 0.588, acc: 0.696
Time: 22 s
Train 276, loss: 0.069, iou: 0.944, recall: 0.964, acc: 0.975
Val 276, loss: 1.634, iou: 0.498, recall: 0.656, acc: 0.722
Time: 22 s
Train 277, loss: 0.080, iou: 0.952, recall: 0.972, acc: 0.976
Val 277, loss: 1.551, iou: 0.536, recall: 0.667, acc: 0.708
Time: 22 s
Train 278, loss: 0.069, iou: 0.946, recall: 0.972, acc: 0.972
Val 278, loss: 1.410, iou: 0.529, recall: 0.649, acc: 0.734
Time: 22 s
Train 279, loss: 0.064, iou: 0.961, recall: 0.981, acc: 0.981
Val 279, loss: 1.608, iou: 0.508, recall: 0.654, acc: 0.704
Time: 22 s
Train 280, loss: 0.103, iou: 0.919, recall: 0.951, acc: 0.964
Val 280, loss: 1.424, iou: 0.512, recall: 0.648, acc: 0.716
Time: 22 s
Train 281, loss: 0.095, iou: 0.927, recall: 0.969, acc: 0.967
Val 281, loss: 1.513, iou: 0.513, recall: 0.661, acc: 0.714
Time: 22 s
Train 282, loss: 0.077, iou: 0.946, recall: 0.972, acc: 0.977
Val 282, loss: 1.575, iou: 0.507, recall: 0.632, acc: 0.714
Time: 22 s
Train 283, loss: 0.067, iou: 0.944, recall: 0.971, acc: 0.978
Val 283, loss: 1.568, iou: 0.491, recall: 0.603, acc: 0.712
Time: 22 s
Train 284, loss: 0.132, iou: 0.910, recall: 0.951, acc: 0.959
Val 284, loss: 1.564, iou: 0.454, recall: 0.594, acc: 0.698
Time: 22 s
Train 285, loss: 0.128, iou: 0.885, recall: 0.929, acc: 0.953
Val 285, loss: 1.635, iou: 0.491, recall: 0.634, acc: 0.704
Time: 22 s
Train 286, loss: 0.076, iou: 0.934, recall: 0.977, acc: 0.972
Val 286, loss: 1.840, iou: 0.469, recall: 0.595, acc: 0.698
Time: 22 s
Train 287, loss: 0.117, iou: 0.957, recall: 0.981, acc: 0.973
Val 287, loss: 1.629, iou: 0.515, recall: 0.651, acc: 0.718
Time: 22 s
Train 288, loss: 0.090, iou: 0.946, recall: 0.974, acc: 0.975
Val 288, loss: 1.364, iou: 0.510, recall: 0.653, acc: 0.726
Time: 22 s
Train 289, loss: 0.093, iou: 0.915, recall: 0.949, acc: 0.967
Val 289, loss: 1.689, iou: 0.495, recall: 0.669, acc: 0.686
Time: 22 s
Train 290, loss: 0.091, iou: 0.949, recall: 0.970, acc: 0.980
Val 290, loss: 1.450, iou: 0.468, recall: 0.598, acc: 0.708
Time: 22 s
Train 291, loss: 0.119, iou: 0.915, recall: 0.948, acc: 0.964
Val 291, loss: 1.610, iou: 0.418, recall: 0.546, acc: 0.670
Time: 22 s
Train 292, loss: 0.098, iou: 0.938, recall: 0.965, acc: 0.974
Val 292, loss: 1.743, iou: 0.479, recall: 0.618, acc: 0.690
Time: 22 s
Train 293, loss: 0.116, iou: 0.912, recall: 0.953, acc: 0.969
Val 293, loss: 1.643, iou: 0.474, recall: 0.624, acc: 0.706
Time: 22 s
Train 294, loss: 0.086, iou: 0.924, recall: 0.958, acc: 0.968
Val 294, loss: 1.786, iou: 0.457, recall: 0.606, acc: 0.684
Time: 22 s
Train 295, loss: 0.103, iou: 0.907, recall: 0.955, acc: 0.960
Val 295, loss: 1.878, iou: 0.445, recall: 0.583, acc: 0.658
Time: 22 s
Train 296, loss: 0.137, iou: 0.917, recall: 0.950, acc: 0.965
Val 296, loss: 1.731, iou: 0.468, recall: 0.620, acc: 0.700
Time: 22 s
Train 297, loss: 0.061, iou: 0.948, recall: 0.969, acc: 0.982
Val 297, loss: 1.531, iou: 0.510, recall: 0.643, acc: 0.732
Time: 22 s
Train 298, loss: 0.073, iou: 0.954, recall: 0.984, acc: 0.977
Val 298, loss: 1.714, iou: 0.461, recall: 0.569, acc: 0.706
Time: 22 s
Train 299, loss: 0.116, iou: 0.926, recall: 0.957, acc: 0.968
Val 299, loss: 1.658, iou: 0.477, recall: 0.618, acc: 0.702
Time: 22 s