Namespace(add_color=True, batch_size=18, bn_momentum=0.5, bnm_decay=0.5, cuda=True, decay_step=200000.0, epochs=300, exp_name='8192/aug_color', input_plane=3, local=False, lr=0.001, lr_decay=0.7, num_points=8192, output_plane=21, weight_decay=1e-05)
Train 0, loss: 2.676, iou: 0.054, recall: 0.106, acc: 0.190
Val 0, loss: 2.576, iou: 0.049, recall: 0.134, acc: 0.254
Time: 29 s
Better model!
Train 1, loss: 2.497, iou: 0.059, recall: 0.122, acc: 0.235
Val 1, loss: 2.471, iou: 0.059, recall: 0.145, acc: 0.256
Time: 23 s
Better model!
Train 2, loss: 2.391, iou: 0.071, recall: 0.144, acc: 0.271
Val 2, loss: 2.412, iou: 0.071, recall: 0.160, acc: 0.278
Time: 23 s
Better model!
Train 3, loss: 2.338, iou: 0.076, recall: 0.150, acc: 0.282
Val 3, loss: 2.328, iou: 0.087, recall: 0.178, acc: 0.308
Time: 23 s
Better model!
Train 4, loss: 2.362, iou: 0.081, recall: 0.161, acc: 0.305
Val 4, loss: 2.324, iou: 0.085, recall: 0.177, acc: 0.294
Time: 23 s
Train 5, loss: 2.286, iou: 0.090, recall: 0.171, acc: 0.327
Val 5, loss: 2.192, iou: 0.116, recall: 0.220, acc: 0.362
Time: 23 s
Better model!
Train 6, loss: 2.234, iou: 0.098, recall: 0.182, acc: 0.330
Val 6, loss: 2.292, iou: 0.091, recall: 0.185, acc: 0.292
Time: 23 s
Train 7, loss: 2.144, iou: 0.101, recall: 0.185, acc: 0.348
Val 7, loss: 2.047, iou: 0.111, recall: 0.203, acc: 0.368
Time: 23 s
Better model!
Train 8, loss: 2.128, iou: 0.102, recall: 0.190, acc: 0.351
Val 8, loss: 2.057, iou: 0.119, recall: 0.227, acc: 0.362
Time: 23 s
Train 9, loss: 2.061, iou: 0.116, recall: 0.205, acc: 0.372
Val 9, loss: 1.941, iou: 0.140, recall: 0.241, acc: 0.406
Time: 24 s
Better model!
Train 10, loss: 1.979, iou: 0.117, recall: 0.206, acc: 0.381
Val 10, loss: 1.956, iou: 0.122, recall: 0.219, acc: 0.368
Time: 24 s
Train 11, loss: 1.958, iou: 0.122, recall: 0.215, acc: 0.393
Val 11, loss: 1.866, iou: 0.136, recall: 0.232, acc: 0.410
Time: 24 s
Better model!
Train 12, loss: 1.938, iou: 0.139, recall: 0.231, acc: 0.411
Val 12, loss: 1.873, iou: 0.121, recall: 0.220, acc: 0.386
Time: 23 s
Train 13, loss: 1.901, iou: 0.153, recall: 0.246, acc: 0.403
Val 13, loss: 1.794, iou: 0.151, recall: 0.262, acc: 0.440
Time: 23 s
Better model!
Train 14, loss: 1.787, iou: 0.158, recall: 0.257, acc: 0.438
Val 14, loss: 1.712, iou: 0.187, recall: 0.298, acc: 0.446
Time: 23 s
Better model!
Train 15, loss: 1.816, iou: 0.158, recall: 0.253, acc: 0.417
Val 15, loss: 1.840, iou: 0.164, recall: 0.277, acc: 0.442
Time: 24 s
Train 16, loss: 1.754, iou: 0.163, recall: 0.264, acc: 0.435
Val 16, loss: 1.644, iou: 0.192, recall: 0.297, acc: 0.486
Time: 24 s
Better model!
Train 17, loss: 1.671, iou: 0.195, recall: 0.302, acc: 0.462
Val 17, loss: 1.696, iou: 0.199, recall: 0.311, acc: 0.478
Time: 24 s
Train 18, loss: 1.648, iou: 0.194, recall: 0.303, acc: 0.471
Val 18, loss: 1.560, iou: 0.213, recall: 0.324, acc: 0.514
Time: 23 s
Better model!
Train 19, loss: 1.614, iou: 0.219, recall: 0.338, acc: 0.485
Val 19, loss: 1.574, iou: 0.246, recall: 0.360, acc: 0.482
Time: 24 s
Train 20, loss: 1.540, iou: 0.230, recall: 0.345, acc: 0.515
Val 20, loss: 1.460, iou: 0.274, recall: 0.385, acc: 0.536
Time: 23 s
Better model!
Train 21, loss: 1.515, iou: 0.233, recall: 0.352, acc: 0.517
Val 21, loss: 1.453, iou: 0.299, recall: 0.424, acc: 0.574
Time: 24 s
Better model!
Train 22, loss: 1.451, iou: 0.267, recall: 0.392, acc: 0.541
Val 22, loss: 1.401, iou: 0.305, recall: 0.464, acc: 0.554
Time: 23 s
Train 23, loss: 1.368, iou: 0.284, recall: 0.412, acc: 0.558
Val 23, loss: 1.482, iou: 0.291, recall: 0.418, acc: 0.550
Time: 24 s
Train 24, loss: 1.375, iou: 0.287, recall: 0.416, acc: 0.545
Val 24, loss: 1.463, iou: 0.311, recall: 0.440, acc: 0.540
Time: 24 s
Train 25, loss: 1.366, iou: 0.295, recall: 0.434, acc: 0.556
Val 25, loss: 1.284, iou: 0.340, recall: 0.476, acc: 0.600
Time: 24 s
Better model!
Train 26, loss: 1.267, iou: 0.320, recall: 0.459, acc: 0.595
Val 26, loss: 1.406, iou: 0.342, recall: 0.479, acc: 0.580
Time: 24 s
Train 27, loss: 1.245, iou: 0.341, recall: 0.475, acc: 0.622
Val 27, loss: 1.378, iou: 0.315, recall: 0.463, acc: 0.584
Time: 24 s
Train 28, loss: 1.174, iou: 0.336, recall: 0.480, acc: 0.606
Val 28, loss: 1.252, iou: 0.381, recall: 0.524, acc: 0.594
Time: 23 s
Train 29, loss: 1.144, iou: 0.377, recall: 0.525, acc: 0.629
Val 29, loss: 1.280, iou: 0.404, recall: 0.542, acc: 0.606
Time: 23 s
Better model!
Train 30, loss: 1.078, iou: 0.410, recall: 0.552, acc: 0.660
Val 30, loss: 1.294, iou: 0.336, recall: 0.500, acc: 0.600
Time: 24 s
Train 31, loss: 1.051, iou: 0.427, recall: 0.583, acc: 0.656
Val 31, loss: 1.216, iou: 0.384, recall: 0.543, acc: 0.606
Time: 23 s
Better model!
Train 32, loss: 1.072, iou: 0.432, recall: 0.575, acc: 0.672
Val 32, loss: 1.262, iou: 0.388, recall: 0.525, acc: 0.634
Time: 23 s
Better model!
Train 33, loss: 1.033, iou: 0.438, recall: 0.590, acc: 0.669
Val 33, loss: 1.143, iou: 0.423, recall: 0.575, acc: 0.646
Time: 23 s
Better model!
Train 34, loss: 0.940, iou: 0.468, recall: 0.616, acc: 0.693
Val 34, loss: 1.271, iou: 0.389, recall: 0.531, acc: 0.614
Time: 23 s
Train 35, loss: 0.931, iou: 0.490, recall: 0.649, acc: 0.706
Val 35, loss: 1.185, iou: 0.424, recall: 0.558, acc: 0.644
Time: 23 s
Train 36, loss: 0.912, iou: 0.484, recall: 0.630, acc: 0.695
Val 36, loss: 1.135, iou: 0.438, recall: 0.588, acc: 0.666
Time: 23 s
Better model!
Train 37, loss: 0.939, iou: 0.461, recall: 0.606, acc: 0.701
Val 37, loss: 1.194, iou: 0.414, recall: 0.536, acc: 0.638
Time: 23 s
Train 38, loss: 0.872, iou: 0.513, recall: 0.639, acc: 0.731
Val 38, loss: 1.170, iou: 0.460, recall: 0.606, acc: 0.662
Time: 23 s
Train 39, loss: 0.812, iou: 0.509, recall: 0.645, acc: 0.737
Val 39, loss: 1.021, iou: 0.477, recall: 0.611, acc: 0.692
Time: 23 s
Better model!
Train 40, loss: 0.854, iou: 0.517, recall: 0.658, acc: 0.725
Val 40, loss: 1.011, iou: 0.486, recall: 0.623, acc: 0.686
Time: 24 s
Train 41, loss: 0.767, iou: 0.571, recall: 0.707, acc: 0.758
Val 41, loss: 1.097, iou: 0.449, recall: 0.572, acc: 0.676
Time: 23 s
Train 42, loss: 0.744, iou: 0.551, recall: 0.684, acc: 0.745
Val 42, loss: 1.115, iou: 0.492, recall: 0.636, acc: 0.660
Time: 24 s
Train 43, loss: 0.655, iou: 0.583, recall: 0.709, acc: 0.781
Val 43, loss: 1.065, iou: 0.488, recall: 0.625, acc: 0.688
Time: 24 s
Train 44, loss: 0.659, iou: 0.613, recall: 0.752, acc: 0.801
Val 44, loss: 1.061, iou: 0.474, recall: 0.617, acc: 0.710
Time: 23 s
Better model!
Train 45, loss: 0.728, iou: 0.587, recall: 0.706, acc: 0.768
Val 45, loss: 1.021, iou: 0.506, recall: 0.644, acc: 0.718
Time: 23 s
Better model!
Train 46, loss: 0.641, iou: 0.608, recall: 0.734, acc: 0.797
Val 46, loss: 0.969, iou: 0.545, recall: 0.675, acc: 0.706
Time: 23 s
Train 47, loss: 0.660, iou: 0.616, recall: 0.747, acc: 0.794
Val 47, loss: 0.998, iou: 0.473, recall: 0.632, acc: 0.708
Time: 23 s
Train 48, loss: 0.590, iou: 0.627, recall: 0.752, acc: 0.797
Val 48, loss: 1.228, iou: 0.467, recall: 0.621, acc: 0.676
Time: 23 s
Train 49, loss: 0.626, iou: 0.627, recall: 0.759, acc: 0.798
Val 49, loss: 1.023, iou: 0.514, recall: 0.645, acc: 0.704
Time: 23 s
Train 50, loss: 0.559, iou: 0.644, recall: 0.767, acc: 0.817
Val 50, loss: 0.884, iou: 0.552, recall: 0.687, acc: 0.764
Time: 24 s
Better model!
Train 51, loss: 0.531, iou: 0.629, recall: 0.760, acc: 0.817
Val 51, loss: 1.011, iou: 0.524, recall: 0.643, acc: 0.730
Time: 23 s
Train 52, loss: 0.514, iou: 0.713, recall: 0.819, acc: 0.848
Val 52, loss: 1.030, iou: 0.502, recall: 0.672, acc: 0.686
Time: 23 s
Train 53, loss: 0.535, iou: 0.656, recall: 0.772, acc: 0.828
Val 53, loss: 1.032, iou: 0.512, recall: 0.669, acc: 0.724
Time: 23 s
Train 54, loss: 0.504, iou: 0.680, recall: 0.789, acc: 0.832
Val 54, loss: 1.075, iou: 0.480, recall: 0.620, acc: 0.710
Time: 24 s
Train 55, loss: 0.487, iou: 0.672, recall: 0.789, acc: 0.842
Val 55, loss: 0.979, iou: 0.503, recall: 0.617, acc: 0.706
Time: 23 s
Train 56, loss: 0.522, iou: 0.660, recall: 0.778, acc: 0.836
Val 56, loss: 0.912, iou: 0.530, recall: 0.661, acc: 0.738
Time: 23 s
Train 57, loss: 0.435, iou: 0.731, recall: 0.848, acc: 0.854
Val 57, loss: 1.022, iou: 0.520, recall: 0.625, acc: 0.744
Time: 23 s
Train 58, loss: 0.428, iou: 0.719, recall: 0.825, acc: 0.860
Val 58, loss: 0.940, iou: 0.527, recall: 0.671, acc: 0.742
Time: 23 s
Train 59, loss: 0.392, iou: 0.746, recall: 0.834, acc: 0.870
Val 59, loss: 1.080, iou: 0.544, recall: 0.685, acc: 0.736
Time: 24 s
Train 60, loss: 0.368, iou: 0.751, recall: 0.855, acc: 0.876
Val 60, loss: 1.113, iou: 0.513, recall: 0.649, acc: 0.734
Time: 23 s
Train 61, loss: 0.385, iou: 0.765, recall: 0.854, acc: 0.871
Val 61, loss: 0.952, iou: 0.502, recall: 0.651, acc: 0.744
Time: 23 s
Train 62, loss: 0.404, iou: 0.754, recall: 0.851, acc: 0.867
Val 62, loss: 0.966, iou: 0.554, recall: 0.667, acc: 0.758
Time: 23 s
Train 63, loss: 0.423, iou: 0.713, recall: 0.811, acc: 0.863
Val 63, loss: 1.091, iou: 0.540, recall: 0.685, acc: 0.732
Time: 23 s
Train 64, loss: 0.398, iou: 0.729, recall: 0.829, acc: 0.871
Val 64, loss: 0.949, iou: 0.558, recall: 0.714, acc: 0.768
Time: 24 s
Better model!
Train 65, loss: 0.388, iou: 0.760, recall: 0.870, acc: 0.879
Val 65, loss: 1.000, iou: 0.515, recall: 0.613, acc: 0.718
Time: 23 s
Train 66, loss: 0.356, iou: 0.776, recall: 0.869, acc: 0.889
Val 66, loss: 1.089, iou: 0.583, recall: 0.687, acc: 0.752
Time: 23 s
Train 67, loss: 0.329, iou: 0.787, recall: 0.875, acc: 0.897
Val 67, loss: 0.984, iou: 0.585, recall: 0.734, acc: 0.756
Time: 23 s
Train 68, loss: 0.351, iou: 0.774, recall: 0.856, acc: 0.897
Val 68, loss: 0.988, iou: 0.582, recall: 0.717, acc: 0.764
Time: 23 s
Train 69, loss: 0.299, iou: 0.783, recall: 0.871, acc: 0.899
Val 69, loss: 0.949, iou: 0.603, recall: 0.754, acc: 0.778
Time: 24 s
Better model!
Train 70, loss: 0.320, iou: 0.797, recall: 0.884, acc: 0.899
Val 70, loss: 1.007, iou: 0.562, recall: 0.697, acc: 0.764
Time: 24 s
Train 71, loss: 0.346, iou: 0.791, recall: 0.877, acc: 0.897
Val 71, loss: 0.973, iou: 0.562, recall: 0.723, acc: 0.768
Time: 23 s
Train 72, loss: 0.290, iou: 0.830, recall: 0.896, acc: 0.922
Val 72, loss: 1.052, iou: 0.553, recall: 0.704, acc: 0.760
Time: 24 s
Train 73, loss: 0.286, iou: 0.812, recall: 0.895, acc: 0.910
Val 73, loss: 0.911, iou: 0.595, recall: 0.732, acc: 0.776
Time: 23 s
Train 74, loss: 0.267, iou: 0.835, recall: 0.902, acc: 0.920
Val 74, loss: 0.914, iou: 0.598, recall: 0.737, acc: 0.782
Time: 23 s
Better model!
Train 75, loss: 0.276, iou: 0.816, recall: 0.893, acc: 0.910
Val 75, loss: 0.938, iou: 0.599, recall: 0.741, acc: 0.794
Time: 24 s
Better model!
Train 76, loss: 0.254, iou: 0.817, recall: 0.895, acc: 0.914
Val 76, loss: 0.946, iou: 0.582, recall: 0.740, acc: 0.772
Time: 24 s
Train 77, loss: 0.219, iou: 0.868, recall: 0.936, acc: 0.936
Val 77, loss: 0.856, iou: 0.629, recall: 0.760, acc: 0.808
Time: 24 s
Better model!
Train 78, loss: 0.317, iou: 0.783, recall: 0.881, acc: 0.894
Val 78, loss: 1.017, iou: 0.592, recall: 0.697, acc: 0.754
Time: 24 s
Train 79, loss: 0.262, iou: 0.779, recall: 0.856, acc: 0.904
Val 79, loss: 0.892, iou: 0.576, recall: 0.727, acc: 0.778
Time: 23 s
Train 80, loss: 0.298, iou: 0.775, recall: 0.874, acc: 0.894
Val 80, loss: 1.032, iou: 0.585, recall: 0.673, acc: 0.778
Time: 23 s
Train 81, loss: 0.262, iou: 0.845, recall: 0.907, acc: 0.919
Val 81, loss: 1.057, iou: 0.569, recall: 0.721, acc: 0.772
Time: 24 s
Train 82, loss: 0.267, iou: 0.807, recall: 0.885, acc: 0.915
Val 82, loss: 0.945, iou: 0.584, recall: 0.723, acc: 0.766
Time: 23 s
Train 83, loss: 0.280, iou: 0.777, recall: 0.874, acc: 0.909
Val 83, loss: 1.103, iou: 0.584, recall: 0.702, acc: 0.758
Time: 24 s
Train 84, loss: 0.287, iou: 0.775, recall: 0.860, acc: 0.903
Val 84, loss: 0.892, iou: 0.604, recall: 0.737, acc: 0.802
Time: 24 s
Train 85, loss: 0.232, iou: 0.840, recall: 0.916, acc: 0.930
Val 85, loss: 1.039, iou: 0.575, recall: 0.714, acc: 0.778
Time: 24 s
Train 86, loss: 0.206, iou: 0.855, recall: 0.927, acc: 0.937
Val 86, loss: 1.026, iou: 0.638, recall: 0.730, acc: 0.788
Time: 23 s
Train 87, loss: 0.229, iou: 0.851, recall: 0.904, acc: 0.926
Val 87, loss: 1.021, iou: 0.623, recall: 0.746, acc: 0.786
Time: 24 s
Train 88, loss: 0.200, iou: 0.891, recall: 0.943, acc: 0.946
Val 88, loss: 1.020, iou: 0.575, recall: 0.721, acc: 0.788
Time: 23 s
Train 89, loss: 0.219, iou: 0.873, recall: 0.923, acc: 0.935
Val 89, loss: 0.949, iou: 0.582, recall: 0.709, acc: 0.798
Time: 23 s
Train 90, loss: 0.195, iou: 0.874, recall: 0.932, acc: 0.939
Val 90, loss: 1.042, iou: 0.590, recall: 0.738, acc: 0.782
Time: 23 s
Train 91, loss: 0.245, iou: 0.843, recall: 0.906, acc: 0.923
Val 91, loss: 1.017, iou: 0.559, recall: 0.680, acc: 0.768
Time: 23 s
Train 92, loss: 0.187, iou: 0.869, recall: 0.924, acc: 0.937
Val 92, loss: 1.022, iou: 0.611, recall: 0.729, acc: 0.784
Time: 23 s
Train 93, loss: 0.213, iou: 0.889, recall: 0.942, acc: 0.939
Val 93, loss: 1.045, iou: 0.617, recall: 0.727, acc: 0.778
Time: 23 s
Train 94, loss: 0.216, iou: 0.869, recall: 0.931, acc: 0.930
Val 94, loss: 0.915, iou: 0.598, recall: 0.747, acc: 0.802
Time: 24 s
Train 95, loss: 0.190, iou: 0.848, recall: 0.912, acc: 0.939
Val 95, loss: 0.980, iou: 0.604, recall: 0.735, acc: 0.792
Time: 24 s
Train 96, loss: 0.232, iou: 0.836, recall: 0.918, acc: 0.926
Val 96, loss: 1.149, iou: 0.520, recall: 0.659, acc: 0.728
Time: 23 s
Train 97, loss: 0.249, iou: 0.811, recall: 0.878, acc: 0.916
Val 97, loss: 1.212, iou: 0.556, recall: 0.686, acc: 0.744
Time: 23 s
Train 98, loss: 0.300, iou: 0.827, recall: 0.889, acc: 0.911
Val 98, loss: 0.910, iou: 0.623, recall: 0.769, acc: 0.804
Time: 23 s
Train 99, loss: 0.210, iou: 0.873, recall: 0.937, acc: 0.934
Val 99, loss: 0.968, iou: 0.652, recall: 0.754, acc: 0.796
Time: 24 s
Train 100, loss: 0.175, iou: 0.869, recall: 0.921, acc: 0.940
Val 100, loss: 1.037, iou: 0.581, recall: 0.728, acc: 0.768
Time: 23 s
Train 101, loss: 0.187, iou: 0.850, recall: 0.923, acc: 0.938
Val 101, loss: 0.978, iou: 0.563, recall: 0.685, acc: 0.782
Time: 23 s
Train 102, loss: 0.205, iou: 0.835, recall: 0.908, acc: 0.932
Val 102, loss: 1.135, iou: 0.582, recall: 0.697, acc: 0.778
Time: 24 s
Train 103, loss: 0.238, iou: 0.843, recall: 0.922, acc: 0.919
Val 103, loss: 0.901, iou: 0.571, recall: 0.695, acc: 0.778
Time: 23 s
Train 104, loss: 0.262, iou: 0.834, recall: 0.896, acc: 0.929
Val 104, loss: 1.027, iou: 0.587, recall: 0.686, acc: 0.798
Time: 24 s
Train 105, loss: 0.268, iou: 0.809, recall: 0.896, acc: 0.914
Val 105, loss: 0.936, iou: 0.619, recall: 0.741, acc: 0.810
Time: 23 s
Better model!
Train 106, loss: 0.165, iou: 0.893, recall: 0.933, acc: 0.946
Val 106, loss: 0.957, iou: 0.602, recall: 0.739, acc: 0.798
Time: 24 s
Train 107, loss: 0.170, iou: 0.908, recall: 0.954, acc: 0.946
Val 107, loss: 0.877, iou: 0.633, recall: 0.762, acc: 0.814
Time: 24 s
Better model!
Train 108, loss: 0.222, iou: 0.889, recall: 0.941, acc: 0.937
Val 108, loss: 0.991, iou: 0.593, recall: 0.705, acc: 0.786
Time: 24 s
Train 109, loss: 0.181, iou: 0.866, recall: 0.921, acc: 0.940
Val 109, loss: 0.978, iou: 0.610, recall: 0.716, acc: 0.810
Time: 23 s
Train 110, loss: 0.142, iou: 0.912, recall: 0.954, acc: 0.956
Val 110, loss: 0.916, iou: 0.595, recall: 0.725, acc: 0.806
Time: 24 s
Train 111, loss: 0.138, iou: 0.894, recall: 0.942, acc: 0.954
Val 111, loss: 0.994, iou: 0.616, recall: 0.738, acc: 0.806
Time: 23 s
Train 112, loss: 0.163, iou: 0.872, recall: 0.928, acc: 0.948
Val 112, loss: 0.957, iou: 0.630, recall: 0.734, acc: 0.792
Time: 23 s
Train 113, loss: 0.168, iou: 0.866, recall: 0.936, acc: 0.945
Val 113, loss: 0.989, iou: 0.620, recall: 0.728, acc: 0.786
Time: 24 s
Train 114, loss: 0.169, iou: 0.896, recall: 0.945, acc: 0.942
Val 114, loss: 1.048, iou: 0.632, recall: 0.762, acc: 0.792
Time: 24 s
Train 115, loss: 0.188, iou: 0.876, recall: 0.930, acc: 0.938
Val 115, loss: 1.011, iou: 0.645, recall: 0.745, acc: 0.810
Time: 23 s
Train 116, loss: 0.191, iou: 0.866, recall: 0.928, acc: 0.938
Val 116, loss: 1.025, iou: 0.578, recall: 0.710, acc: 0.786
Time: 24 s
Train 117, loss: 0.202, iou: 0.885, recall: 0.942, acc: 0.938
Val 117, loss: 1.043, iou: 0.578, recall: 0.667, acc: 0.774
Time: 23 s
Train 118, loss: 0.174, iou: 0.879, recall: 0.929, acc: 0.942
Val 118, loss: 1.236, iou: 0.608, recall: 0.697, acc: 0.768
Time: 23 s
Train 119, loss: 0.172, iou: 0.887, recall: 0.938, acc: 0.946
Val 119, loss: 1.131, iou: 0.615, recall: 0.739, acc: 0.784
Time: 24 s
Train 120, loss: 0.150, iou: 0.874, recall: 0.938, acc: 0.949
Val 120, loss: 0.976, iou: 0.610, recall: 0.728, acc: 0.806
Time: 23 s
Train 121, loss: 0.172, iou: 0.898, recall: 0.946, acc: 0.944
Val 121, loss: 0.921, iou: 0.630, recall: 0.754, acc: 0.824
Time: 24 s
Better model!
Train 122, loss: 0.131, iou: 0.894, recall: 0.941, acc: 0.954
Val 122, loss: 0.977, iou: 0.615, recall: 0.729, acc: 0.818
Time: 24 s
Train 123, loss: 0.136, iou: 0.908, recall: 0.961, acc: 0.962
Val 123, loss: 1.023, iou: 0.564, recall: 0.710, acc: 0.770
Time: 23 s
Train 124, loss: 0.133, iou: 0.907, recall: 0.949, acc: 0.955
Val 124, loss: 1.033, iou: 0.606, recall: 0.745, acc: 0.792
Time: 24 s
Train 125, loss: 0.160, iou: 0.895, recall: 0.950, acc: 0.949
Val 125, loss: 0.941, iou: 0.634, recall: 0.755, acc: 0.792
Time: 23 s
Train 126, loss: 0.136, iou: 0.887, recall: 0.935, acc: 0.949
Val 126, loss: 0.937, iou: 0.601, recall: 0.741, acc: 0.784
Time: 23 s
Train 127, loss: 0.157, iou: 0.907, recall: 0.954, acc: 0.950
Val 127, loss: 1.047, iou: 0.601, recall: 0.741, acc: 0.788
Time: 23 s
Train 128, loss: 0.155, iou: 0.906, recall: 0.951, acc: 0.952
Val 128, loss: 1.105, iou: 0.647, recall: 0.772, acc: 0.812
Time: 23 s
Train 129, loss: 0.125, iou: 0.902, recall: 0.945, acc: 0.959
Val 129, loss: 0.994, iou: 0.594, recall: 0.710, acc: 0.776
Time: 24 s
Train 130, loss: 0.101, iou: 0.924, recall: 0.967, acc: 0.966
Val 130, loss: 1.099, iou: 0.602, recall: 0.761, acc: 0.782
Time: 24 s
Train 131, loss: 0.129, iou: 0.927, recall: 0.949, acc: 0.962
Val 131, loss: 0.945, iou: 0.651, recall: 0.768, acc: 0.806
Time: 24 s
Train 132, loss: 0.152, iou: 0.914, recall: 0.953, acc: 0.958
Val 132, loss: 0.971, iou: 0.640, recall: 0.746, acc: 0.800
Time: 23 s
Train 133, loss: 0.144, iou: 0.910, recall: 0.949, acc: 0.956
Val 133, loss: 1.062, iou: 0.610, recall: 0.748, acc: 0.796
Time: 24 s
Train 134, loss: 0.138, iou: 0.905, recall: 0.946, acc: 0.959
Val 134, loss: 1.063, iou: 0.641, recall: 0.757, acc: 0.806
Time: 24 s
Train 135, loss: 0.122, iou: 0.902, recall: 0.958, acc: 0.961
Val 135, loss: 1.250, iou: 0.572, recall: 0.690, acc: 0.770
Time: 23 s
Train 136, loss: 0.110, iou: 0.910, recall: 0.939, acc: 0.965
Val 136, loss: 1.060, iou: 0.632, recall: 0.775, acc: 0.802
Time: 24 s
Train 137, loss: 0.158, iou: 0.870, recall: 0.933, acc: 0.947
Val 137, loss: 1.050, iou: 0.637, recall: 0.759, acc: 0.788
Time: 23 s
Train 138, loss: 0.140, iou: 0.908, recall: 0.957, acc: 0.958
Val 138, loss: 0.997, iou: 0.638, recall: 0.770, acc: 0.806
Time: 23 s
Train 139, loss: 0.175, iou: 0.892, recall: 0.936, acc: 0.947
Val 139, loss: 1.027, iou: 0.613, recall: 0.746, acc: 0.804
Time: 23 s
Train 140, loss: 0.127, iou: 0.902, recall: 0.942, acc: 0.954
Val 140, loss: 1.034, iou: 0.618, recall: 0.750, acc: 0.798
Time: 23 s
Train 141, loss: 0.137, iou: 0.867, recall: 0.928, acc: 0.950
Val 141, loss: 0.980, iou: 0.620, recall: 0.727, acc: 0.806
Time: 23 s
Train 142, loss: 0.125, iou: 0.911, recall: 0.951, acc: 0.964
Val 142, loss: 1.058, iou: 0.620, recall: 0.730, acc: 0.798
Time: 24 s
Train 143, loss: 0.160, iou: 0.879, recall: 0.941, acc: 0.949
Val 143, loss: 0.903, iou: 0.654, recall: 0.782, acc: 0.816
Time: 23 s
Train 144, loss: 0.123, iou: 0.922, recall: 0.957, acc: 0.959
Val 144, loss: 1.129, iou: 0.644, recall: 0.772, acc: 0.822
Time: 24 s
Train 145, loss: 0.121, iou: 0.944, recall: 0.972, acc: 0.959
Val 145, loss: 1.165, iou: 0.593, recall: 0.706, acc: 0.794
Time: 24 s
Train 146, loss: 0.137, iou: 0.884, recall: 0.934, acc: 0.947
Val 146, loss: 1.327, iou: 0.582, recall: 0.705, acc: 0.780
Time: 24 s
Train 147, loss: 0.134, iou: 0.927, recall: 0.953, acc: 0.955
Val 147, loss: 0.905, iou: 0.654, recall: 0.762, acc: 0.824
Time: 23 s
Better model!
Train 148, loss: 0.092, iou: 0.936, recall: 0.969, acc: 0.972
Val 148, loss: 1.036, iou: 0.595, recall: 0.734, acc: 0.802
Time: 24 s
Train 149, loss: 0.130, iou: 0.914, recall: 0.949, acc: 0.965
Val 149, loss: 1.036, iou: 0.626, recall: 0.739, acc: 0.806
Time: 24 s
Train 150, loss: 0.156, iou: 0.897, recall: 0.943, acc: 0.964
Val 150, loss: 0.960, iou: 0.610, recall: 0.725, acc: 0.788
Time: 23 s
Train 151, loss: 0.136, iou: 0.884, recall: 0.938, acc: 0.955
Val 151, loss: 1.058, iou: 0.635, recall: 0.768, acc: 0.812
Time: 23 s
Train 152, loss: 0.123, iou: 0.914, recall: 0.960, acc: 0.962
Val 152, loss: 1.017, iou: 0.669, recall: 0.765, acc: 0.812
Time: 23 s
Train 153, loss: 0.145, iou: 0.931, recall: 0.959, acc: 0.960
Val 153, loss: 0.975, iou: 0.600, recall: 0.726, acc: 0.798
Time: 23 s
Train 154, loss: 0.119, iou: 0.929, recall: 0.957, acc: 0.965
Val 154, loss: 1.046, iou: 0.605, recall: 0.722, acc: 0.802
Time: 24 s
Train 155, loss: 0.087, iou: 0.937, recall: 0.968, acc: 0.969
Val 155, loss: 1.190, iou: 0.618, recall: 0.735, acc: 0.808
Time: 23 s
Train 156, loss: 0.138, iou: 0.924, recall: 0.959, acc: 0.960
Val 156, loss: 1.169, iou: 0.608, recall: 0.732, acc: 0.772
Time: 23 s
Train 157, loss: 0.125, iou: 0.921, recall: 0.948, acc: 0.965
Val 157, loss: 1.143, iou: 0.597, recall: 0.700, acc: 0.784
Time: 24 s
Train 158, loss: 0.122, iou: 0.897, recall: 0.940, acc: 0.955
Val 158, loss: 1.300, iou: 0.603, recall: 0.714, acc: 0.780
Time: 24 s
Train 159, loss: 0.121, iou: 0.903, recall: 0.945, acc: 0.965
Val 159, loss: 1.179, iou: 0.609, recall: 0.730, acc: 0.800
Time: 23 s
Train 160, loss: 0.126, iou: 0.880, recall: 0.935, acc: 0.954
Val 160, loss: 1.435, iou: 0.581, recall: 0.701, acc: 0.778
Time: 23 s
Train 161, loss: 0.125, iou: 0.937, recall: 0.960, acc: 0.966
Val 161, loss: 1.005, iou: 0.619, recall: 0.747, acc: 0.814
Time: 23 s
Train 162, loss: 0.135, iou: 0.907, recall: 0.955, acc: 0.953
Val 162, loss: 1.136, iou: 0.595, recall: 0.707, acc: 0.794
Time: 24 s
Train 163, loss: 0.134, iou: 0.892, recall: 0.938, acc: 0.961
Val 163, loss: 1.159, iou: 0.599, recall: 0.731, acc: 0.778
Time: 24 s
Train 164, loss: 0.152, iou: 0.892, recall: 0.952, acc: 0.944
Val 164, loss: 1.059, iou: 0.643, recall: 0.772, acc: 0.798
Time: 24 s
Train 165, loss: 0.096, iou: 0.922, recall: 0.960, acc: 0.965
Val 165, loss: 0.876, iou: 0.646, recall: 0.772, acc: 0.820
Time: 24 s
Train 166, loss: 0.084, iou: 0.944, recall: 0.971, acc: 0.976
Val 166, loss: 1.022, iou: 0.636, recall: 0.746, acc: 0.800
Time: 24 s
Train 167, loss: 0.065, iou: 0.958, recall: 0.976, acc: 0.981
Val 167, loss: 0.921, iou: 0.637, recall: 0.748, acc: 0.806
Time: 23 s
Train 168, loss: 0.075, iou: 0.965, recall: 0.984, acc: 0.979
Val 168, loss: 1.050, iou: 0.688, recall: 0.774, acc: 0.830
Time: 23 s
Better model!
Train 169, loss: 0.100, iou: 0.921, recall: 0.959, acc: 0.967
Val 169, loss: 0.950, iou: 0.639, recall: 0.768, acc: 0.822
Time: 24 s
Train 170, loss: 0.105, iou: 0.902, recall: 0.943, acc: 0.961
Val 170, loss: 0.981, iou: 0.646, recall: 0.758, acc: 0.836
Time: 24 s
Better model!
Train 171, loss: 0.124, iou: 0.916, recall: 0.945, acc: 0.966
Val 171, loss: 0.967, iou: 0.668, recall: 0.779, acc: 0.834
Time: 24 s
Train 172, loss: 0.099, iou: 0.923, recall: 0.970, acc: 0.969
Val 172, loss: 0.898, iou: 0.670, recall: 0.755, acc: 0.834
Time: 24 s
Train 173, loss: 0.123, iou: 0.919, recall: 0.952, acc: 0.967
Val 173, loss: 0.961, iou: 0.674, recall: 0.788, acc: 0.840
Time: 23 s
Better model!
Train 174, loss: 0.115, iou: 0.932, recall: 0.958, acc: 0.967
Val 174, loss: 1.032, iou: 0.682, recall: 0.787, acc: 0.842
Time: 24 s
Better model!
Train 175, loss: 0.119, iou: 0.904, recall: 0.954, acc: 0.960
Val 175, loss: 1.064, iou: 0.654, recall: 0.786, acc: 0.822
Time: 24 s
Train 176, loss: 0.112, iou: 0.917, recall: 0.956, acc: 0.966
Val 176, loss: 0.997, iou: 0.669, recall: 0.760, acc: 0.838
Time: 23 s
Train 177, loss: 0.143, iou: 0.920, recall: 0.956, acc: 0.960
Val 177, loss: 1.228, iou: 0.611, recall: 0.747, acc: 0.784
Time: 23 s
Train 178, loss: 0.164, iou: 0.873, recall: 0.935, acc: 0.949
Val 178, loss: 0.941, iou: 0.643, recall: 0.778, acc: 0.810
Time: 23 s
Train 179, loss: 0.120, iou: 0.936, recall: 0.967, acc: 0.961
Val 179, loss: 1.198, iou: 0.629, recall: 0.737, acc: 0.796
Time: 23 s
Train 180, loss: 0.140, iou: 0.937, recall: 0.967, acc: 0.962
Val 180, loss: 1.218, iou: 0.629, recall: 0.715, acc: 0.816
Time: 24 s
Train 181, loss: 0.115, iou: 0.940, recall: 0.966, acc: 0.968
Val 181, loss: 1.113, iou: 0.649, recall: 0.735, acc: 0.828
Time: 24 s
Train 182, loss: 0.122, iou: 0.909, recall: 0.952, acc: 0.963
Val 182, loss: 1.004, iou: 0.614, recall: 0.734, acc: 0.810
Time: 23 s
Train 183, loss: 0.105, iou: 0.909, recall: 0.961, acc: 0.961
Val 183, loss: 1.075, iou: 0.620, recall: 0.743, acc: 0.796
Time: 23 s
Train 184, loss: 0.102, iou: 0.936, recall: 0.972, acc: 0.968
Val 184, loss: 1.193, iou: 0.647, recall: 0.752, acc: 0.794
Time: 24 s
Train 185, loss: 0.149, iou: 0.899, recall: 0.937, acc: 0.951
Val 185, loss: 1.077, iou: 0.626, recall: 0.772, acc: 0.816
Time: 24 s
Train 186, loss: 0.101, iou: 0.912, recall: 0.957, acc: 0.965
Val 186, loss: 1.187, iou: 0.643, recall: 0.771, acc: 0.810
Time: 24 s
Train 187, loss: 0.083, iou: 0.936, recall: 0.963, acc: 0.967
Val 187, loss: 1.083, iou: 0.649, recall: 0.791, acc: 0.808
Time: 23 s
Train 188, loss: 0.150, iou: 0.902, recall: 0.947, acc: 0.953
Val 188, loss: 1.051, iou: 0.641, recall: 0.743, acc: 0.802
Time: 23 s
Train 189, loss: 0.139, iou: 0.910, recall: 0.952, acc: 0.955
Val 189, loss: 1.055, iou: 0.645, recall: 0.758, acc: 0.812
Time: 24 s
Train 190, loss: 0.093, iou: 0.928, recall: 0.971, acc: 0.963
Val 190, loss: 1.051, iou: 0.640, recall: 0.767, acc: 0.816
Time: 23 s
Train 191, loss: 0.104, iou: 0.915, recall: 0.947, acc: 0.966
Val 191, loss: 1.118, iou: 0.601, recall: 0.733, acc: 0.800
Time: 23 s
Train 192, loss: 0.106, iou: 0.925, recall: 0.961, acc: 0.960
Val 192, loss: 1.187, iou: 0.594, recall: 0.715, acc: 0.806
Time: 24 s
Train 193, loss: 0.064, iou: 0.953, recall: 0.974, acc: 0.982
Val 193, loss: 1.079, iou: 0.619, recall: 0.733, acc: 0.810
Time: 23 s
Train 194, loss: 0.066, iou: 0.952, recall: 0.974, acc: 0.978
Val 194, loss: 0.982, iou: 0.625, recall: 0.755, acc: 0.826
Time: 24 s
Train 195, loss: 0.082, iou: 0.946, recall: 0.980, acc: 0.972
Val 195, loss: 0.924, iou: 0.623, recall: 0.742, acc: 0.826
Time: 24 s
Train 196, loss: 0.069, iou: 0.967, recall: 0.981, acc: 0.976
Val 196, loss: 0.983, iou: 0.673, recall: 0.781, acc: 0.828
Time: 23 s
Train 197, loss: 0.099, iou: 0.939, recall: 0.971, acc: 0.966
Val 197, loss: 1.000, iou: 0.677, recall: 0.788, acc: 0.840
Time: 23 s
Train 198, loss: 0.074, iou: 0.959, recall: 0.978, acc: 0.980
Val 198, loss: 1.031, iou: 0.664, recall: 0.741, acc: 0.826
Time: 23 s
Train 199, loss: 0.093, iou: 0.947, recall: 0.970, acc: 0.970
Val 199, loss: 0.992, iou: 0.644, recall: 0.763, acc: 0.824
Time: 24 s
Train 200, loss: 0.101, iou: 0.933, recall: 0.959, acc: 0.967
Val 200, loss: 1.141, iou: 0.629, recall: 0.707, acc: 0.814
Time: 24 s
Train 201, loss: 0.127, iou: 0.924, recall: 0.961, acc: 0.960
Val 201, loss: 1.054, iou: 0.650, recall: 0.784, acc: 0.828
Time: 23 s
Train 202, loss: 0.094, iou: 0.921, recall: 0.957, acc: 0.967
Val 202, loss: 0.948, iou: 0.636, recall: 0.783, acc: 0.820
Time: 23 s
Train 203, loss: 0.084, iou: 0.927, recall: 0.951, acc: 0.971
Val 203, loss: 1.125, iou: 0.658, recall: 0.766, acc: 0.814
Time: 24 s
Train 204, loss: 0.123, iou: 0.923, recall: 0.958, acc: 0.967
Val 204, loss: 0.966, iou: 0.666, recall: 0.777, acc: 0.830
Time: 23 s
Train 205, loss: 0.103, iou: 0.921, recall: 0.975, acc: 0.966
Val 205, loss: 0.997, iou: 0.635, recall: 0.740, acc: 0.824
Time: 23 s
Train 206, loss: 0.118, iou: 0.908, recall: 0.942, acc: 0.960
Val 206, loss: 1.088, iou: 0.673, recall: 0.769, acc: 0.826
Time: 24 s
Train 207, loss: 0.135, iou: 0.885, recall: 0.947, acc: 0.957
Val 207, loss: 1.124, iou: 0.661, recall: 0.768, acc: 0.824
Time: 24 s
Train 208, loss: 0.129, iou: 0.931, recall: 0.957, acc: 0.964
Val 208, loss: 1.212, iou: 0.618, recall: 0.739, acc: 0.798
Time: 23 s
Train 209, loss: 0.144, iou: 0.921, recall: 0.964, acc: 0.962
Val 209, loss: 1.118, iou: 0.594, recall: 0.696, acc: 0.804
Time: 23 s
Train 210, loss: 0.127, iou: 0.920, recall: 0.956, acc: 0.964
Val 210, loss: 1.044, iou: 0.647, recall: 0.788, acc: 0.834
Time: 24 s
Train 211, loss: 0.119, iou: 0.955, recall: 0.976, acc: 0.968
Val 211, loss: 0.963, iou: 0.671, recall: 0.786, acc: 0.838
Time: 23 s
Train 212, loss: 0.095, iou: 0.935, recall: 0.968, acc: 0.968
Val 212, loss: 1.010, iou: 0.688, recall: 0.781, acc: 0.842
Time: 23 s
Better model!
Train 213, loss: 0.112, iou: 0.920, recall: 0.948, acc: 0.963
Val 213, loss: 1.033, iou: 0.681, recall: 0.771, acc: 0.836
Time: 23 s
Train 214, loss: 0.085, iou: 0.940, recall: 0.972, acc: 0.970
Val 214, loss: 0.964, iou: 0.600, recall: 0.727, acc: 0.804
Time: 23 s
Train 215, loss: 0.071, iou: 0.960, recall: 0.974, acc: 0.979
Val 215, loss: 1.036, iou: 0.622, recall: 0.742, acc: 0.810
Time: 23 s
Train 216, loss: 0.070, iou: 0.972, recall: 0.987, acc: 0.983
Val 216, loss: 0.938, iou: 0.636, recall: 0.759, acc: 0.818
Time: 23 s
Train 217, loss: 0.057, iou: 0.963, recall: 0.981, acc: 0.979
Val 217, loss: 1.108, iou: 0.619, recall: 0.745, acc: 0.812
Time: 23 s
Train 218, loss: 0.108, iou: 0.938, recall: 0.973, acc: 0.968
Val 218, loss: 1.043, iou: 0.623, recall: 0.753, acc: 0.806
Time: 23 s
Train 219, loss: 0.085, iou: 0.943, recall: 0.963, acc: 0.974
Val 219, loss: 1.009, iou: 0.658, recall: 0.762, acc: 0.812
Time: 24 s
Train 220, loss: 0.093, iou: 0.942, recall: 0.972, acc: 0.971
Val 220, loss: 0.975, iou: 0.668, recall: 0.761, acc: 0.828
Time: 23 s
Train 221, loss: 0.069, iou: 0.935, recall: 0.954, acc: 0.977
Val 221, loss: 0.938, iou: 0.656, recall: 0.761, acc: 0.816
Time: 23 s
Train 222, loss: 0.051, iou: 0.945, recall: 0.972, acc: 0.982
Val 222, loss: 1.077, iou: 0.631, recall: 0.757, acc: 0.806
Time: 23 s
Train 223, loss: 0.066, iou: 0.960, recall: 0.981, acc: 0.982
Val 223, loss: 1.064, iou: 0.666, recall: 0.759, acc: 0.820
Time: 24 s
Train 224, loss: 0.064, iou: 0.942, recall: 0.970, acc: 0.977
Val 224, loss: 1.183, iou: 0.633, recall: 0.757, acc: 0.812
Time: 24 s
Train 225, loss: 0.079, iou: 0.944, recall: 0.963, acc: 0.976
Val 225, loss: 1.032, iou: 0.659, recall: 0.776, acc: 0.826
Time: 24 s
Train 226, loss: 0.049, iou: 0.971, recall: 0.984, acc: 0.984
Val 226, loss: 1.008, iou: 0.622, recall: 0.743, acc: 0.808
Time: 24 s
Train 227, loss: 0.042, iou: 0.960, recall: 0.978, acc: 0.985
Val 227, loss: 1.094, iou: 0.639, recall: 0.759, acc: 0.816
Time: 23 s
Train 228, loss: 0.062, iou: 0.965, recall: 0.983, acc: 0.984
Val 228, loss: 1.259, iou: 0.601, recall: 0.708, acc: 0.802
Time: 23 s
Train 229, loss: 0.121, iou: 0.908, recall: 0.948, acc: 0.963
Val 229, loss: 1.120, iou: 0.629, recall: 0.746, acc: 0.810
Time: 23 s
Train 230, loss: 0.106, iou: 0.929, recall: 0.954, acc: 0.968
Val 230, loss: 1.335, iou: 0.638, recall: 0.735, acc: 0.800
Time: 24 s
Train 231, loss: 0.114, iou: 0.914, recall: 0.954, acc: 0.963
Val 231, loss: 1.070, iou: 0.632, recall: 0.731, acc: 0.798
Time: 23 s
Train 232, loss: 0.082, iou: 0.943, recall: 0.967, acc: 0.972
Val 232, loss: 1.193, iou: 0.611, recall: 0.748, acc: 0.804
Time: 23 s
Train 233, loss: 0.113, iou: 0.923, recall: 0.956, acc: 0.961
Val 233, loss: 0.995, iou: 0.634, recall: 0.783, acc: 0.814
Time: 23 s
Train 234, loss: 0.102, iou: 0.935, recall: 0.973, acc: 0.970
Val 234, loss: 1.277, iou: 0.603, recall: 0.738, acc: 0.786
Time: 23 s
Train 235, loss: 0.103, iou: 0.908, recall: 0.947, acc: 0.965
Val 235, loss: 1.118, iou: 0.627, recall: 0.746, acc: 0.810
Time: 24 s
Train 236, loss: 0.052, iou: 0.954, recall: 0.967, acc: 0.986
Val 236, loss: 1.214, iou: 0.627, recall: 0.720, acc: 0.804
Time: 23 s
Train 237, loss: 0.092, iou: 0.924, recall: 0.955, acc: 0.973
Val 237, loss: 1.219, iou: 0.616, recall: 0.740, acc: 0.788
Time: 24 s
Train 238, loss: 0.074, iou: 0.930, recall: 0.964, acc: 0.974
Val 238, loss: 1.116, iou: 0.619, recall: 0.747, acc: 0.802
Time: 23 s
Train 239, loss: 0.117, iou: 0.947, recall: 0.971, acc: 0.964
Val 239, loss: 1.252, iou: 0.588, recall: 0.732, acc: 0.782
Time: 24 s
Train 240, loss: 0.089, iou: 0.933, recall: 0.964, acc: 0.977
Val 240, loss: 1.102, iou: 0.665, recall: 0.754, acc: 0.804
Time: 24 s
Train 241, loss: 0.096, iou: 0.925, recall: 0.960, acc: 0.969
Val 241, loss: 1.152, iou: 0.661, recall: 0.765, acc: 0.802
Time: 23 s
Train 242, loss: 0.078, iou: 0.934, recall: 0.971, acc: 0.971
Val 242, loss: 1.250, iou: 0.604, recall: 0.748, acc: 0.794
Time: 24 s
Train 243, loss: 0.056, iou: 0.958, recall: 0.986, acc: 0.983
Val 243, loss: 1.218, iou: 0.623, recall: 0.733, acc: 0.798
Time: 23 s
Train 244, loss: 0.095, iou: 0.935, recall: 0.956, acc: 0.974
Val 244, loss: 1.133, iou: 0.654, recall: 0.761, acc: 0.814
Time: 23 s
Train 245, loss: 0.075, iou: 0.968, recall: 0.984, acc: 0.982
Val 245, loss: 1.137, iou: 0.631, recall: 0.754, acc: 0.812
Time: 23 s
Train 246, loss: 0.082, iou: 0.943, recall: 0.975, acc: 0.975
Val 246, loss: 1.227, iou: 0.651, recall: 0.784, acc: 0.808
Time: 24 s
Train 247, loss: 0.101, iou: 0.954, recall: 0.970, acc: 0.973
Val 247, loss: 0.952, iou: 0.625, recall: 0.756, acc: 0.804
Time: 23 s
Train 248, loss: 0.098, iou: 0.957, recall: 0.975, acc: 0.966
Val 248, loss: 1.126, iou: 0.615, recall: 0.741, acc: 0.786
Time: 23 s
Train 249, loss: 0.101, iou: 0.918, recall: 0.955, acc: 0.965
Val 249, loss: 1.195, iou: 0.649, recall: 0.760, acc: 0.802
Time: 23 s
Train 250, loss: 0.112, iou: 0.934, recall: 0.961, acc: 0.968
Val 250, loss: 1.076, iou: 0.673, recall: 0.797, acc: 0.814
Time: 24 s
Train 251, loss: 0.088, iou: 0.945, recall: 0.972, acc: 0.974
Val 251, loss: 1.233, iou: 0.624, recall: 0.766, acc: 0.798
Time: 24 s
Train 252, loss: 0.079, iou: 0.952, recall: 0.979, acc: 0.974
Val 252, loss: 1.136, iou: 0.608, recall: 0.721, acc: 0.794
Time: 23 s
Train 253, loss: 0.060, iou: 0.967, recall: 0.977, acc: 0.984
Val 253, loss: 1.097, iou: 0.656, recall: 0.780, acc: 0.802
Time: 23 s
Train 254, loss: 0.069, iou: 0.968, recall: 0.984, acc: 0.976
Val 254, loss: 1.185, iou: 0.630, recall: 0.734, acc: 0.802
Time: 24 s
Train 255, loss: 0.079, iou: 0.944, recall: 0.972, acc: 0.973
Val 255, loss: 1.256, iou: 0.637, recall: 0.756, acc: 0.794
Time: 24 s
Train 256, loss: 0.085, iou: 0.953, recall: 0.973, acc: 0.973
Val 256, loss: 1.241, iou: 0.622, recall: 0.753, acc: 0.806
Time: 24 s
Train 257, loss: 0.074, iou: 0.949, recall: 0.977, acc: 0.980
Val 257, loss: 1.121, iou: 0.651, recall: 0.751, acc: 0.810
Time: 24 s
Train 258, loss: 0.085, iou: 0.931, recall: 0.960, acc: 0.975
Val 258, loss: 1.225, iou: 0.643, recall: 0.726, acc: 0.818
Time: 23 s
Train 259, loss: 0.107, iou: 0.909, recall: 0.952, acc: 0.962
Val 259, loss: 1.063, iou: 0.642, recall: 0.765, acc: 0.814
Time: 23 s
Train 260, loss: 0.088, iou: 0.923, recall: 0.951, acc: 0.972
Val 260, loss: 1.150, iou: 0.670, recall: 0.786, acc: 0.826
Time: 23 s
Train 261, loss: 0.084, iou: 0.945, recall: 0.973, acc: 0.977
Val 261, loss: 1.130, iou: 0.655, recall: 0.754, acc: 0.802
Time: 23 s
Train 262, loss: 0.064, iou: 0.973, recall: 0.989, acc: 0.983
Val 262, loss: 0.918, iou: 0.657, recall: 0.766, acc: 0.834
Time: 23 s
Train 263, loss: 0.075, iou: 0.953, recall: 0.968, acc: 0.977
Val 263, loss: 1.014, iou: 0.670, recall: 0.768, acc: 0.824
Time: 24 s
Train 264, loss: 0.061, iou: 0.955, recall: 0.972, acc: 0.981
Val 264, loss: 1.053, iou: 0.658, recall: 0.778, acc: 0.826
Time: 24 s
Train 265, loss: 0.060, iou: 0.944, recall: 0.977, acc: 0.978
Val 265, loss: 1.053, iou: 0.643, recall: 0.765, acc: 0.826
Time: 23 s
Train 266, loss: 0.101, iou: 0.959, recall: 0.971, acc: 0.979
Val 266, loss: 1.208, iou: 0.668, recall: 0.760, acc: 0.820
Time: 23 s
Train 267, loss: 0.078, iou: 0.946, recall: 0.974, acc: 0.976
Val 267, loss: 1.200, iou: 0.646, recall: 0.751, acc: 0.810
Time: 24 s
Train 268, loss: 0.067, iou: 0.947, recall: 0.969, acc: 0.975
Val 268, loss: 1.375, iou: 0.613, recall: 0.741, acc: 0.800
Time: 23 s
Train 269, loss: 0.079, iou: 0.953, recall: 0.974, acc: 0.980
Val 269, loss: 1.036, iou: 0.625, recall: 0.770, acc: 0.822
Time: 23 s
Train 270, loss: 0.092, iou: 0.928, recall: 0.962, acc: 0.974
Val 270, loss: 1.139, iou: 0.675, recall: 0.766, acc: 0.810
Time: 23 s
Train 271, loss: 0.090, iou: 0.948, recall: 0.968, acc: 0.977
Val 271, loss: 1.066, iou: 0.660, recall: 0.763, acc: 0.808
Time: 24 s
Train 272, loss: 0.078, iou: 0.947, recall: 0.975, acc: 0.974
Val 272, loss: 1.135, iou: 0.654, recall: 0.776, acc: 0.820
Time: 23 s
Train 273, loss: 0.070, iou: 0.935, recall: 0.972, acc: 0.973
Val 273, loss: 1.117, iou: 0.665, recall: 0.777, acc: 0.822
Time: 24 s
Train 274, loss: 0.057, iou: 0.960, recall: 0.981, acc: 0.984
Val 274, loss: 1.187, iou: 0.641, recall: 0.770, acc: 0.806
Time: 23 s
Train 275, loss: 0.059, iou: 0.968, recall: 0.983, acc: 0.983
Val 275, loss: 1.226, iou: 0.647, recall: 0.749, acc: 0.808
Time: 23 s
Train 276, loss: 0.066, iou: 0.955, recall: 0.982, acc: 0.975
Val 276, loss: 1.081, iou: 0.629, recall: 0.747, acc: 0.814
Time: 23 s
Train 277, loss: 0.083, iou: 0.938, recall: 0.962, acc: 0.970
Val 277, loss: 1.079, iou: 0.662, recall: 0.769, acc: 0.832
Time: 24 s
Train 278, loss: 0.054, iou: 0.974, recall: 0.992, acc: 0.985
Val 278, loss: 1.187, iou: 0.608, recall: 0.739, acc: 0.794
Time: 23 s
Train 279, loss: 0.039, iou: 0.965, recall: 0.974, acc: 0.988
Val 279, loss: 1.028, iou: 0.625, recall: 0.761, acc: 0.814
Time: 24 s
Train 280, loss: 0.046, iou: 0.957, recall: 0.977, acc: 0.983
Val 280, loss: 1.032, iou: 0.623, recall: 0.760, acc: 0.818
Time: 23 s
Train 281, loss: 0.096, iou: 0.954, recall: 0.976, acc: 0.973
Val 281, loss: 1.121, iou: 0.609, recall: 0.739, acc: 0.796
Time: 24 s
Train 282, loss: 0.073, iou: 0.955, recall: 0.980, acc: 0.979
Val 282, loss: 1.100, iou: 0.679, recall: 0.780, acc: 0.826
Time: 24 s
Train 283, loss: 0.080, iou: 0.953, recall: 0.979, acc: 0.975
Val 283, loss: 1.213, iou: 0.647, recall: 0.773, acc: 0.824
Time: 23 s
Train 284, loss: 0.090, iou: 0.934, recall: 0.967, acc: 0.972
Val 284, loss: 1.207, iou: 0.611, recall: 0.731, acc: 0.798
Time: 23 s
Train 285, loss: 0.061, iou: 0.952, recall: 0.971, acc: 0.981
Val 285, loss: 0.986, iou: 0.669, recall: 0.777, acc: 0.834
Time: 23 s
Train 286, loss: 0.118, iou: 0.917, recall: 0.957, acc: 0.966
Val 286, loss: 1.332, iou: 0.624, recall: 0.761, acc: 0.796
Time: 24 s
Train 287, loss: 0.072, iou: 0.953, recall: 0.973, acc: 0.978
Val 287, loss: 1.084, iou: 0.641, recall: 0.762, acc: 0.816
Time: 24 s
Train 288, loss: 0.086, iou: 0.903, recall: 0.942, acc: 0.968
Val 288, loss: 1.033, iou: 0.711, recall: 0.803, acc: 0.834
Time: 23 s
Train 289, loss: 0.059, iou: 0.958, recall: 0.975, acc: 0.980
Val 289, loss: 1.105, iou: 0.663, recall: 0.773, acc: 0.820
Time: 23 s
Train 290, loss: 0.062, iou: 0.942, recall: 0.975, acc: 0.978
Val 290, loss: 1.157, iou: 0.673, recall: 0.791, acc: 0.832
Time: 23 s
Train 291, loss: 0.066, iou: 0.945, recall: 0.964, acc: 0.979
Val 291, loss: 1.037, iou: 0.684, recall: 0.801, acc: 0.850
Time: 23 s
Better model!
Train 292, loss: 0.075, iou: 0.967, recall: 0.984, acc: 0.979
Val 292, loss: 0.999, iou: 0.664, recall: 0.784, acc: 0.828
Time: 23 s
Train 293, loss: 0.052, iou: 0.970, recall: 0.985, acc: 0.986
Val 293, loss: 1.031, iou: 0.636, recall: 0.748, acc: 0.824
Time: 23 s
Train 294, loss: 0.062, iou: 0.956, recall: 0.979, acc: 0.980
Val 294, loss: 1.000, iou: 0.673, recall: 0.787, acc: 0.836
Time: 23 s
Train 295, loss: 0.090, iou: 0.929, recall: 0.961, acc: 0.975
Val 295, loss: 0.949, iou: 0.658, recall: 0.783, acc: 0.824
Time: 24 s
Train 296, loss: 0.088, iou: 0.931, recall: 0.971, acc: 0.967
Val 296, loss: 1.104, iou: 0.647, recall: 0.742, acc: 0.812
Time: 24 s
Train 297, loss: 0.071, iou: 0.946, recall: 0.971, acc: 0.980
Val 297, loss: 1.099, iou: 0.665, recall: 0.771, acc: 0.836
Time: 23 s
Train 298, loss: 0.049, iou: 0.956, recall: 0.977, acc: 0.985
Val 298, loss: 1.026, iou: 0.644, recall: 0.785, acc: 0.830
Time: 23 s
Train 299, loss: 0.077, iou: 0.929, recall: 0.962, acc: 0.977
Val 299, loss: 1.107, iou: 0.636, recall: 0.771, acc: 0.826
Time: 23 s
