Namespace(add_color=True, batch_size=18, bn_momentum=0.5, bnm_decay=0.5, cuda=True, decay_step=200000.0, epochs=300, exp_name='512/color', input_plane=3, local=False, lr=0.001, lr_decay=0.7, num_points=512, output_plane=21, weight_decay=1e-05)
Train 0, loss: 2.665, iou: 0.043, recall: 0.089, acc: 0.168
Val 0, loss: 2.493, iou: 0.040, recall: 0.103, acc: 0.212
Time: 28 s
Better model!
Train 1, loss: 2.475, iou: 0.051, recall: 0.111, acc: 0.218
Val 1, loss: 2.415, iou: 0.065, recall: 0.158, acc: 0.274
Time: 23 s
Better model!
Train 2, loss: 2.454, iou: 0.062, recall: 0.130, acc: 0.256
Val 2, loss: 2.405, iou: 0.058, recall: 0.158, acc: 0.268
Time: 23 s
Train 3, loss: 2.384, iou: 0.063, recall: 0.134, acc: 0.259
Val 3, loss: 2.336, iou: 0.064, recall: 0.157, acc: 0.254
Time: 23 s
Train 4, loss: 2.351, iou: 0.072, recall: 0.143, acc: 0.269
Val 4, loss: 2.334, iou: 0.058, recall: 0.150, acc: 0.296
Time: 23 s
Better model!
Train 5, loss: 2.330, iou: 0.073, recall: 0.147, acc: 0.283
Val 5, loss: 2.170, iou: 0.090, recall: 0.184, acc: 0.334
Time: 23 s
Better model!
Train 6, loss: 2.274, iou: 0.094, recall: 0.176, acc: 0.319
Val 6, loss: 2.307, iou: 0.078, recall: 0.162, acc: 0.282
Time: 23 s
Train 7, loss: 2.235, iou: 0.081, recall: 0.162, acc: 0.315
Val 7, loss: 2.200, iou: 0.103, recall: 0.207, acc: 0.366
Time: 23 s
Better model!
Train 8, loss: 2.212, iou: 0.090, recall: 0.171, acc: 0.319
Val 8, loss: 2.146, iou: 0.099, recall: 0.201, acc: 0.382
Time: 23 s
Better model!
Train 9, loss: 2.135, iou: 0.097, recall: 0.184, acc: 0.351
Val 9, loss: 1.959, iou: 0.105, recall: 0.215, acc: 0.380
Time: 23 s
Train 10, loss: 2.072, iou: 0.100, recall: 0.184, acc: 0.340
Val 10, loss: 1.919, iou: 0.122, recall: 0.236, acc: 0.384
Time: 23 s
Better model!
Train 11, loss: 2.051, iou: 0.112, recall: 0.204, acc: 0.376
Val 11, loss: 1.940, iou: 0.113, recall: 0.219, acc: 0.364
Time: 23 s
Train 12, loss: 2.013, iou: 0.108, recall: 0.199, acc: 0.375
Val 12, loss: 1.841, iou: 0.151, recall: 0.255, acc: 0.430
Time: 23 s
Better model!
Train 13, loss: 1.994, iou: 0.131, recall: 0.227, acc: 0.402
Val 13, loss: 1.817, iou: 0.144, recall: 0.254, acc: 0.416
Time: 23 s
Train 14, loss: 1.990, iou: 0.127, recall: 0.219, acc: 0.387
Val 14, loss: 1.775, iou: 0.168, recall: 0.274, acc: 0.450
Time: 23 s
Better model!
Train 15, loss: 1.894, iou: 0.139, recall: 0.239, acc: 0.406
Val 15, loss: 1.750, iou: 0.163, recall: 0.272, acc: 0.454
Time: 23 s
Better model!
Train 16, loss: 1.892, iou: 0.150, recall: 0.250, acc: 0.418
Val 16, loss: 1.830, iou: 0.139, recall: 0.240, acc: 0.386
Time: 23 s
Train 17, loss: 1.849, iou: 0.154, recall: 0.255, acc: 0.447
Val 17, loss: 1.641, iou: 0.176, recall: 0.288, acc: 0.480
Time: 23 s
Better model!
Train 18, loss: 1.786, iou: 0.160, recall: 0.262, acc: 0.441
Val 18, loss: 1.707, iou: 0.154, recall: 0.259, acc: 0.444
Time: 23 s
Train 19, loss: 1.778, iou: 0.158, recall: 0.262, acc: 0.445
Val 19, loss: 1.666, iou: 0.147, recall: 0.256, acc: 0.454
Time: 23 s
Train 20, loss: 1.754, iou: 0.173, recall: 0.275, acc: 0.446
Val 20, loss: 1.596, iou: 0.191, recall: 0.298, acc: 0.494
Time: 23 s
Better model!
Train 21, loss: 1.703, iou: 0.170, recall: 0.274, acc: 0.456
Val 21, loss: 1.585, iou: 0.238, recall: 0.364, acc: 0.506
Time: 23 s
Better model!
Train 22, loss: 1.711, iou: 0.192, recall: 0.297, acc: 0.478
Val 22, loss: 1.514, iou: 0.264, recall: 0.399, acc: 0.536
Time: 23 s
Better model!
Train 23, loss: 1.672, iou: 0.200, recall: 0.308, acc: 0.482
Val 23, loss: 1.721, iou: 0.197, recall: 0.297, acc: 0.474
Time: 23 s
Train 24, loss: 1.674, iou: 0.190, recall: 0.299, acc: 0.459
Val 24, loss: 1.508, iou: 0.253, recall: 0.404, acc: 0.512
Time: 23 s
Train 25, loss: 1.623, iou: 0.237, recall: 0.355, acc: 0.493
Val 25, loss: 1.541, iou: 0.248, recall: 0.362, acc: 0.506
Time: 23 s
Train 26, loss: 1.610, iou: 0.195, recall: 0.302, acc: 0.464
Val 26, loss: 1.531, iou: 0.219, recall: 0.324, acc: 0.492
Time: 23 s
Train 27, loss: 1.556, iou: 0.229, recall: 0.349, acc: 0.500
Val 27, loss: 1.452, iou: 0.271, recall: 0.393, acc: 0.544
Time: 23 s
Better model!
Train 28, loss: 1.526, iou: 0.249, recall: 0.374, acc: 0.515
Val 28, loss: 1.554, iou: 0.277, recall: 0.437, acc: 0.524
Time: 23 s
Train 29, loss: 1.534, iou: 0.257, recall: 0.379, acc: 0.520
Val 29, loss: 1.384, iou: 0.312, recall: 0.460, acc: 0.566
Time: 23 s
Better model!
Train 30, loss: 1.527, iou: 0.252, recall: 0.373, acc: 0.501
Val 30, loss: 1.561, iou: 0.269, recall: 0.403, acc: 0.528
Time: 23 s
Train 31, loss: 1.506, iou: 0.278, recall: 0.410, acc: 0.536
Val 31, loss: 1.347, iou: 0.299, recall: 0.435, acc: 0.578
Time: 23 s
Better model!
Train 32, loss: 1.486, iou: 0.263, recall: 0.394, acc: 0.532
Val 32, loss: 1.378, iou: 0.333, recall: 0.497, acc: 0.568
Time: 23 s
Train 33, loss: 1.445, iou: 0.274, recall: 0.406, acc: 0.537
Val 33, loss: 1.329, iou: 0.373, recall: 0.549, acc: 0.602
Time: 23 s
Better model!
Train 34, loss: 1.381, iou: 0.310, recall: 0.456, acc: 0.564
Val 34, loss: 1.366, iou: 0.308, recall: 0.492, acc: 0.542
Time: 23 s
Train 35, loss: 1.416, iou: 0.306, recall: 0.448, acc: 0.555
Val 35, loss: 1.325, iou: 0.338, recall: 0.509, acc: 0.572
Time: 23 s
Train 36, loss: 1.400, iou: 0.294, recall: 0.427, acc: 0.560
Val 36, loss: 1.223, iou: 0.349, recall: 0.484, acc: 0.608
Time: 23 s
Better model!
Train 37, loss: 1.433, iou: 0.276, recall: 0.405, acc: 0.531
Val 37, loss: 1.229, iou: 0.349, recall: 0.491, acc: 0.600
Time: 23 s
Train 38, loss: 1.351, iou: 0.285, recall: 0.416, acc: 0.546
Val 38, loss: 1.259, iou: 0.364, recall: 0.522, acc: 0.608
Time: 23 s
Better model!
Train 39, loss: 1.345, iou: 0.306, recall: 0.434, acc: 0.569
Val 39, loss: 1.307, iou: 0.339, recall: 0.505, acc: 0.572
Time: 23 s
Train 40, loss: 1.347, iou: 0.291, recall: 0.430, acc: 0.563
Val 40, loss: 1.343, iou: 0.328, recall: 0.473, acc: 0.574
Time: 23 s
Train 41, loss: 1.295, iou: 0.351, recall: 0.488, acc: 0.604
Val 41, loss: 1.201, iou: 0.397, recall: 0.545, acc: 0.644
Time: 23 s
Better model!
Train 42, loss: 1.284, iou: 0.341, recall: 0.484, acc: 0.600
Val 42, loss: 1.160, iou: 0.401, recall: 0.543, acc: 0.648
Time: 23 s
Better model!
Train 43, loss: 1.262, iou: 0.356, recall: 0.498, acc: 0.604
Val 43, loss: 1.221, iou: 0.391, recall: 0.552, acc: 0.626
Time: 23 s
Train 44, loss: 1.217, iou: 0.348, recall: 0.479, acc: 0.602
Val 44, loss: 1.068, iou: 0.454, recall: 0.628, acc: 0.676
Time: 23 s
Better model!
Train 45, loss: 1.230, iou: 0.355, recall: 0.502, acc: 0.603
Val 45, loss: 1.131, iou: 0.419, recall: 0.564, acc: 0.654
Time: 23 s
Train 46, loss: 1.192, iou: 0.365, recall: 0.503, acc: 0.617
Val 46, loss: 1.123, iou: 0.425, recall: 0.589, acc: 0.634
Time: 23 s
Train 47, loss: 1.158, iou: 0.347, recall: 0.483, acc: 0.615
Val 47, loss: 1.130, iou: 0.435, recall: 0.562, acc: 0.654
Time: 23 s
Train 48, loss: 1.120, iou: 0.381, recall: 0.529, acc: 0.622
Val 48, loss: 1.151, iou: 0.440, recall: 0.572, acc: 0.656
Time: 23 s
Train 49, loss: 1.138, iou: 0.363, recall: 0.504, acc: 0.625
Val 49, loss: 1.078, iou: 0.393, recall: 0.504, acc: 0.638
Time: 23 s
Train 50, loss: 1.117, iou: 0.398, recall: 0.542, acc: 0.632
Val 50, loss: 1.190, iou: 0.433, recall: 0.565, acc: 0.648
Time: 23 s
Train 51, loss: 1.126, iou: 0.365, recall: 0.504, acc: 0.607
Val 51, loss: 1.097, iou: 0.422, recall: 0.570, acc: 0.672
Time: 23 s
Train 52, loss: 1.097, iou: 0.403, recall: 0.563, acc: 0.635
Val 52, loss: 1.057, iou: 0.483, recall: 0.613, acc: 0.696
Time: 23 s
Better model!
Train 53, loss: 1.079, iou: 0.403, recall: 0.556, acc: 0.634
Val 53, loss: 1.092, iou: 0.455, recall: 0.608, acc: 0.680
Time: 23 s
Train 54, loss: 1.041, iou: 0.442, recall: 0.592, acc: 0.686
Val 54, loss: 1.077, iou: 0.430, recall: 0.578, acc: 0.658
Time: 23 s
Train 55, loss: 1.022, iou: 0.432, recall: 0.584, acc: 0.664
Val 55, loss: 1.176, iou: 0.395, recall: 0.558, acc: 0.642
Time: 23 s
Train 56, loss: 1.019, iou: 0.432, recall: 0.585, acc: 0.663
Val 56, loss: 0.950, iou: 0.498, recall: 0.623, acc: 0.700
Time: 23 s
Better model!
Train 57, loss: 0.994, iou: 0.439, recall: 0.583, acc: 0.689
Val 57, loss: 1.035, iou: 0.460, recall: 0.589, acc: 0.674
Time: 23 s
Train 58, loss: 0.974, iou: 0.457, recall: 0.607, acc: 0.676
Val 58, loss: 0.994, iou: 0.472, recall: 0.613, acc: 0.680
Time: 23 s
Train 59, loss: 1.009, iou: 0.448, recall: 0.609, acc: 0.675
Val 59, loss: 0.992, iou: 0.473, recall: 0.628, acc: 0.702
Time: 23 s
Better model!
Train 60, loss: 0.953, iou: 0.491, recall: 0.643, acc: 0.690
Val 60, loss: 1.143, iou: 0.432, recall: 0.612, acc: 0.656
Time: 23 s
Train 61, loss: 0.948, iou: 0.445, recall: 0.582, acc: 0.685
Val 61, loss: 1.035, iou: 0.491, recall: 0.627, acc: 0.708
Time: 23 s
Better model!
Train 62, loss: 0.933, iou: 0.453, recall: 0.592, acc: 0.683
Val 62, loss: 1.108, iou: 0.473, recall: 0.631, acc: 0.650
Time: 23 s
Train 63, loss: 0.861, iou: 0.494, recall: 0.644, acc: 0.706
Val 63, loss: 1.166, iou: 0.437, recall: 0.573, acc: 0.674
Time: 23 s
Train 64, loss: 0.866, iou: 0.487, recall: 0.636, acc: 0.717
Val 64, loss: 0.998, iou: 0.484, recall: 0.632, acc: 0.694
Time: 23 s
Train 65, loss: 0.894, iou: 0.501, recall: 0.644, acc: 0.712
Val 65, loss: 1.025, iou: 0.503, recall: 0.649, acc: 0.702
Time: 23 s
Train 66, loss: 0.890, iou: 0.464, recall: 0.607, acc: 0.701
Val 66, loss: 1.009, iou: 0.512, recall: 0.672, acc: 0.726
Time: 23 s
Better model!
Train 67, loss: 0.892, iou: 0.509, recall: 0.659, acc: 0.706
Val 67, loss: 1.009, iou: 0.468, recall: 0.623, acc: 0.710
Time: 23 s
Train 68, loss: 0.867, iou: 0.513, recall: 0.655, acc: 0.717
Val 68, loss: 0.985, iou: 0.456, recall: 0.598, acc: 0.682
Time: 23 s
Train 69, loss: 0.938, iou: 0.488, recall: 0.632, acc: 0.704
Val 69, loss: 1.177, iou: 0.432, recall: 0.572, acc: 0.670
Time: 23 s
Train 70, loss: 0.782, iou: 0.538, recall: 0.686, acc: 0.739
Val 70, loss: 0.983, iou: 0.520, recall: 0.666, acc: 0.718
Time: 23 s
Train 71, loss: 0.832, iou: 0.539, recall: 0.677, acc: 0.732
Val 71, loss: 1.140, iou: 0.495, recall: 0.616, acc: 0.696
Time: 23 s
Train 72, loss: 0.844, iou: 0.496, recall: 0.640, acc: 0.724
Val 72, loss: 0.958, iou: 0.501, recall: 0.657, acc: 0.706
Time: 23 s
Train 73, loss: 0.809, iou: 0.559, recall: 0.708, acc: 0.743
Val 73, loss: 1.057, iou: 0.507, recall: 0.650, acc: 0.710
Time: 23 s
Train 74, loss: 0.755, iou: 0.563, recall: 0.699, acc: 0.747
Val 74, loss: 0.995, iou: 0.537, recall: 0.669, acc: 0.714
Time: 23 s
Train 75, loss: 0.808, iou: 0.541, recall: 0.684, acc: 0.743
Val 75, loss: 0.940, iou: 0.525, recall: 0.656, acc: 0.722
Time: 23 s
Train 76, loss: 0.785, iou: 0.521, recall: 0.669, acc: 0.744
Val 76, loss: 1.016, iou: 0.473, recall: 0.617, acc: 0.694
Time: 23 s
Train 77, loss: 0.764, iou: 0.542, recall: 0.679, acc: 0.760
Val 77, loss: 0.907, iou: 0.511, recall: 0.644, acc: 0.722
Time: 23 s
Train 78, loss: 0.762, iou: 0.546, recall: 0.689, acc: 0.755
Val 78, loss: 1.027, iou: 0.485, recall: 0.626, acc: 0.706
Time: 23 s
Train 79, loss: 0.737, iou: 0.578, recall: 0.712, acc: 0.769
Val 79, loss: 0.920, iou: 0.514, recall: 0.660, acc: 0.726
Time: 23 s
Better model!
Train 80, loss: 0.753, iou: 0.565, recall: 0.699, acc: 0.770
Val 80, loss: 1.246, iou: 0.450, recall: 0.614, acc: 0.672
Time: 23 s
Train 81, loss: 0.780, iou: 0.554, recall: 0.708, acc: 0.750
Val 81, loss: 0.933, iou: 0.499, recall: 0.651, acc: 0.726
Time: 23 s
Better model!
Train 82, loss: 0.768, iou: 0.540, recall: 0.689, acc: 0.751
Val 82, loss: 0.898, iou: 0.561, recall: 0.700, acc: 0.772
Time: 23 s
Better model!
Train 83, loss: 0.701, iou: 0.575, recall: 0.710, acc: 0.772
Val 83, loss: 0.936, iou: 0.524, recall: 0.687, acc: 0.736
Time: 23 s
Train 84, loss: 0.716, iou: 0.572, recall: 0.708, acc: 0.769
Val 84, loss: 1.033, iou: 0.517, recall: 0.681, acc: 0.730
Time: 23 s
Train 85, loss: 0.697, iou: 0.566, recall: 0.705, acc: 0.757
Val 85, loss: 0.980, iou: 0.535, recall: 0.650, acc: 0.742
Time: 23 s
Train 86, loss: 0.683, iou: 0.605, recall: 0.728, acc: 0.785
Val 86, loss: 0.922, iou: 0.569, recall: 0.694, acc: 0.770
Time: 23 s
Train 87, loss: 0.726, iou: 0.558, recall: 0.689, acc: 0.765
Val 87, loss: 0.967, iou: 0.539, recall: 0.673, acc: 0.734
Time: 23 s
Train 88, loss: 0.737, iou: 0.589, recall: 0.731, acc: 0.760
Val 88, loss: 1.047, iou: 0.520, recall: 0.665, acc: 0.714
Time: 23 s
Train 89, loss: 0.675, iou: 0.570, recall: 0.692, acc: 0.781
Val 89, loss: 1.004, iou: 0.523, recall: 0.665, acc: 0.726
Time: 23 s
Train 90, loss: 0.656, iou: 0.597, recall: 0.736, acc: 0.783
Val 90, loss: 0.879, iou: 0.557, recall: 0.710, acc: 0.744
Time: 23 s
Train 91, loss: 0.662, iou: 0.597, recall: 0.745, acc: 0.775
Val 91, loss: 1.024, iou: 0.549, recall: 0.680, acc: 0.740
Time: 23 s
Train 92, loss: 0.596, iou: 0.626, recall: 0.748, acc: 0.800
Val 92, loss: 0.920, iou: 0.559, recall: 0.703, acc: 0.760
Time: 23 s
Train 93, loss: 0.734, iou: 0.587, recall: 0.727, acc: 0.761
Val 93, loss: 0.909, iou: 0.569, recall: 0.728, acc: 0.756
Time: 23 s
Train 94, loss: 0.591, iou: 0.641, recall: 0.779, acc: 0.804
Val 94, loss: 0.952, iou: 0.584, recall: 0.729, acc: 0.778
Time: 23 s
Better model!
Train 95, loss: 0.613, iou: 0.614, recall: 0.751, acc: 0.796
Val 95, loss: 1.122, iou: 0.521, recall: 0.662, acc: 0.714
Time: 23 s
Train 96, loss: 0.622, iou: 0.598, recall: 0.727, acc: 0.779
Val 96, loss: 0.869, iou: 0.585, recall: 0.705, acc: 0.762
Time: 23 s
Train 97, loss: 0.590, iou: 0.620, recall: 0.748, acc: 0.813
Val 97, loss: 1.037, iou: 0.529, recall: 0.671, acc: 0.744
Time: 23 s
Train 98, loss: 0.561, iou: 0.697, recall: 0.815, acc: 0.832
Val 98, loss: 0.983, iou: 0.541, recall: 0.657, acc: 0.734
Time: 23 s
Train 99, loss: 0.551, iou: 0.668, recall: 0.777, acc: 0.836
Val 99, loss: 0.992, iou: 0.561, recall: 0.702, acc: 0.752
Time: 23 s
Train 100, loss: 0.587, iou: 0.627, recall: 0.750, acc: 0.799
Val 100, loss: 0.937, iou: 0.570, recall: 0.715, acc: 0.772
Time: 23 s
Train 101, loss: 0.533, iou: 0.688, recall: 0.809, acc: 0.838
Val 101, loss: 0.998, iou: 0.545, recall: 0.682, acc: 0.734
Time: 23 s
Train 102, loss: 0.579, iou: 0.621, recall: 0.748, acc: 0.815
Val 102, loss: 0.914, iou: 0.548, recall: 0.700, acc: 0.750
Time: 23 s
Train 103, loss: 0.574, iou: 0.619, recall: 0.757, acc: 0.811
Val 103, loss: 0.975, iou: 0.538, recall: 0.685, acc: 0.724
Time: 23 s
Train 104, loss: 0.524, iou: 0.674, recall: 0.787, acc: 0.833
Val 104, loss: 0.881, iou: 0.589, recall: 0.760, acc: 0.766
Time: 23 s
Train 105, loss: 0.600, iou: 0.640, recall: 0.777, acc: 0.813
Val 105, loss: 1.067, iou: 0.532, recall: 0.678, acc: 0.724
Time: 23 s
Train 106, loss: 0.571, iou: 0.649, recall: 0.773, acc: 0.827
Val 106, loss: 0.920, iou: 0.553, recall: 0.693, acc: 0.750
Time: 23 s
Train 107, loss: 0.547, iou: 0.661, recall: 0.776, acc: 0.820
Val 107, loss: 0.877, iou: 0.566, recall: 0.717, acc: 0.764
Time: 23 s
Train 108, loss: 0.547, iou: 0.636, recall: 0.751, acc: 0.819
Val 108, loss: 0.866, iou: 0.582, recall: 0.726, acc: 0.780
Time: 23 s
Better model!
Train 109, loss: 0.522, iou: 0.644, recall: 0.754, acc: 0.831
Val 109, loss: 0.941, iou: 0.555, recall: 0.715, acc: 0.754
Time: 23 s
Train 110, loss: 0.482, iou: 0.690, recall: 0.802, acc: 0.840
Val 110, loss: 0.830, iou: 0.595, recall: 0.722, acc: 0.788
Time: 23 s
Better model!
Train 111, loss: 0.530, iou: 0.660, recall: 0.772, acc: 0.826
Val 111, loss: 0.933, iou: 0.567, recall: 0.700, acc: 0.774
Time: 23 s
Train 112, loss: 0.538, iou: 0.655, recall: 0.776, acc: 0.831
Val 112, loss: 0.854, iou: 0.559, recall: 0.680, acc: 0.786
Time: 23 s
Train 113, loss: 0.558, iou: 0.668, recall: 0.790, acc: 0.833
Val 113, loss: 0.820, iou: 0.547, recall: 0.737, acc: 0.750
Time: 23 s
Train 114, loss: 0.504, iou: 0.670, recall: 0.784, acc: 0.845
Val 114, loss: 0.894, iou: 0.599, recall: 0.728, acc: 0.780
Time: 23 s
Train 115, loss: 0.520, iou: 0.651, recall: 0.774, acc: 0.828
Val 115, loss: 0.965, iou: 0.580, recall: 0.715, acc: 0.760
Time: 23 s
Train 116, loss: 0.486, iou: 0.721, recall: 0.828, acc: 0.844
Val 116, loss: 0.838, iou: 0.592, recall: 0.736, acc: 0.778
Time: 23 s
Train 117, loss: 0.485, iou: 0.668, recall: 0.790, acc: 0.834
Val 117, loss: 0.907, iou: 0.574, recall: 0.701, acc: 0.764
Time: 23 s
Train 118, loss: 0.466, iou: 0.710, recall: 0.824, acc: 0.849
Val 118, loss: 0.858, iou: 0.589, recall: 0.735, acc: 0.782
Time: 23 s
Train 119, loss: 0.485, iou: 0.667, recall: 0.774, acc: 0.843
Val 119, loss: 0.870, iou: 0.564, recall: 0.716, acc: 0.764
Time: 23 s
Train 120, loss: 0.489, iou: 0.711, recall: 0.829, acc: 0.842
Val 120, loss: 0.979, iou: 0.602, recall: 0.731, acc: 0.786
Time: 23 s
Train 121, loss: 0.530, iou: 0.639, recall: 0.770, acc: 0.818
Val 121, loss: 0.924, iou: 0.594, recall: 0.708, acc: 0.762
Time: 23 s
Train 122, loss: 0.508, iou: 0.700, recall: 0.815, acc: 0.835
Val 122, loss: 0.893, iou: 0.562, recall: 0.667, acc: 0.768
Time: 23 s
Train 123, loss: 0.449, iou: 0.693, recall: 0.804, acc: 0.845
Val 123, loss: 0.904, iou: 0.567, recall: 0.689, acc: 0.764
Time: 23 s
Train 124, loss: 0.489, iou: 0.697, recall: 0.819, acc: 0.842
Val 124, loss: 0.891, iou: 0.597, recall: 0.728, acc: 0.788
Time: 23 s
Better model!
Train 125, loss: 0.459, iou: 0.718, recall: 0.817, acc: 0.861
Val 125, loss: 0.971, iou: 0.585, recall: 0.716, acc: 0.772
Time: 23 s
Train 126, loss: 0.442, iou: 0.741, recall: 0.843, acc: 0.864
Val 126, loss: 0.840, iou: 0.584, recall: 0.735, acc: 0.780
Time: 23 s
Train 127, loss: 0.475, iou: 0.718, recall: 0.818, acc: 0.852
Val 127, loss: 0.906, iou: 0.592, recall: 0.718, acc: 0.782
Time: 23 s
Train 128, loss: 0.460, iou: 0.713, recall: 0.817, acc: 0.854
Val 128, loss: 0.849, iou: 0.615, recall: 0.756, acc: 0.790
Time: 23 s
Better model!
Train 129, loss: 0.483, iou: 0.716, recall: 0.836, acc: 0.851
Val 129, loss: 0.964, iou: 0.540, recall: 0.675, acc: 0.756
Time: 23 s
Train 130, loss: 0.424, iou: 0.704, recall: 0.814, acc: 0.856
Val 130, loss: 0.987, iou: 0.577, recall: 0.715, acc: 0.780
Time: 23 s
Train 131, loss: 0.471, iou: 0.700, recall: 0.813, acc: 0.848
Val 131, loss: 0.806, iou: 0.628, recall: 0.736, acc: 0.816
Time: 23 s
Better model!
Train 132, loss: 0.398, iou: 0.744, recall: 0.833, acc: 0.867
Val 132, loss: 0.826, iou: 0.601, recall: 0.746, acc: 0.788
Time: 23 s
Train 133, loss: 0.463, iou: 0.735, recall: 0.837, acc: 0.854
Val 133, loss: 0.839, iou: 0.594, recall: 0.697, acc: 0.806
Time: 23 s
Train 134, loss: 0.430, iou: 0.712, recall: 0.824, acc: 0.869
Val 134, loss: 0.972, iou: 0.603, recall: 0.721, acc: 0.768
Time: 23 s
Train 135, loss: 0.424, iou: 0.690, recall: 0.810, acc: 0.856
Val 135, loss: 0.864, iou: 0.602, recall: 0.743, acc: 0.782
Time: 23 s
Train 136, loss: 0.416, iou: 0.743, recall: 0.840, acc: 0.862
Val 136, loss: 0.848, iou: 0.623, recall: 0.739, acc: 0.802
Time: 23 s
Train 137, loss: 0.377, iou: 0.748, recall: 0.846, acc: 0.881
Val 137, loss: 0.866, iou: 0.598, recall: 0.736, acc: 0.796
Time: 23 s
Train 138, loss: 0.432, iou: 0.747, recall: 0.837, acc: 0.871
Val 138, loss: 0.978, iou: 0.551, recall: 0.674, acc: 0.756
Time: 23 s
Train 139, loss: 0.389, iou: 0.752, recall: 0.845, acc: 0.870
Val 139, loss: 0.911, iou: 0.590, recall: 0.717, acc: 0.780
Time: 23 s
Train 140, loss: 0.372, iou: 0.773, recall: 0.880, acc: 0.878
Val 140, loss: 0.925, iou: 0.607, recall: 0.740, acc: 0.812
Time: 23 s
Train 141, loss: 0.361, iou: 0.810, recall: 0.897, acc: 0.892
Val 141, loss: 0.934, iou: 0.581, recall: 0.735, acc: 0.788
Time: 23 s
Train 142, loss: 0.359, iou: 0.760, recall: 0.864, acc: 0.877
Val 142, loss: 0.908, iou: 0.604, recall: 0.754, acc: 0.790
Time: 23 s
Train 143, loss: 0.460, iou: 0.745, recall: 0.840, acc: 0.861
Val 143, loss: 0.904, iou: 0.554, recall: 0.676, acc: 0.770
Time: 23 s
Train 144, loss: 0.454, iou: 0.672, recall: 0.793, acc: 0.857
Val 144, loss: 0.772, iou: 0.611, recall: 0.738, acc: 0.804
Time: 23 s
Train 145, loss: 0.459, iou: 0.735, recall: 0.826, acc: 0.870
Val 145, loss: 0.940, iou: 0.586, recall: 0.702, acc: 0.776
Time: 23 s
Train 146, loss: 0.451, iou: 0.731, recall: 0.842, acc: 0.862
Val 146, loss: 0.815, iou: 0.600, recall: 0.720, acc: 0.788
Time: 23 s
Train 147, loss: 0.435, iou: 0.721, recall: 0.834, acc: 0.856
Val 147, loss: 0.870, iou: 0.561, recall: 0.712, acc: 0.758
Time: 23 s
Train 148, loss: 0.383, iou: 0.770, recall: 0.867, acc: 0.872
Val 148, loss: 0.917, iou: 0.593, recall: 0.744, acc: 0.794
Time: 23 s
Train 149, loss: 0.355, iou: 0.776, recall: 0.860, acc: 0.894
Val 149, loss: 0.781, iou: 0.601, recall: 0.737, acc: 0.788
Time: 23 s
Train 150, loss: 0.383, iou: 0.745, recall: 0.836, acc: 0.873
Val 150, loss: 0.796, iou: 0.628, recall: 0.757, acc: 0.802
Time: 23 s
Train 151, loss: 0.361, iou: 0.765, recall: 0.861, acc: 0.889
Val 151, loss: 0.858, iou: 0.606, recall: 0.721, acc: 0.794
Time: 23 s
Train 152, loss: 0.391, iou: 0.756, recall: 0.845, acc: 0.882
Val 152, loss: 0.878, iou: 0.597, recall: 0.746, acc: 0.786
Time: 23 s
Train 153, loss: 0.347, iou: 0.793, recall: 0.895, acc: 0.899
Val 153, loss: 0.902, iou: 0.634, recall: 0.729, acc: 0.794
Time: 23 s
Train 154, loss: 0.422, iou: 0.721, recall: 0.821, acc: 0.870
Val 154, loss: 0.849, iou: 0.624, recall: 0.761, acc: 0.798
Time: 23 s
Train 155, loss: 0.400, iou: 0.726, recall: 0.840, acc: 0.875
Val 155, loss: 1.082, iou: 0.554, recall: 0.674, acc: 0.750
Time: 23 s
Train 156, loss: 0.398, iou: 0.772, recall: 0.870, acc: 0.888
Val 156, loss: 0.837, iou: 0.629, recall: 0.756, acc: 0.806
Time: 23 s
Train 157, loss: 0.347, iou: 0.754, recall: 0.844, acc: 0.890
Val 157, loss: 0.961, iou: 0.578, recall: 0.725, acc: 0.772
Time: 23 s
Train 158, loss: 0.334, iou: 0.783, recall: 0.872, acc: 0.894
Val 158, loss: 0.909, iou: 0.620, recall: 0.728, acc: 0.800
Time: 23 s
Train 159, loss: 0.369, iou: 0.792, recall: 0.872, acc: 0.887
Val 159, loss: 0.834, iou: 0.620, recall: 0.754, acc: 0.808
Time: 23 s
Train 160, loss: 0.403, iou: 0.752, recall: 0.867, acc: 0.874
Val 160, loss: 0.858, iou: 0.626, recall: 0.750, acc: 0.814
Time: 23 s
Train 161, loss: 0.348, iou: 0.789, recall: 0.859, acc: 0.894
Val 161, loss: 0.927, iou: 0.628, recall: 0.765, acc: 0.802
Time: 23 s
Train 162, loss: 0.268, iou: 0.835, recall: 0.912, acc: 0.921
Val 162, loss: 0.885, iou: 0.612, recall: 0.738, acc: 0.786
Time: 23 s
Train 163, loss: 0.369, iou: 0.775, recall: 0.866, acc: 0.892
Val 163, loss: 0.900, iou: 0.628, recall: 0.764, acc: 0.812
Time: 23 s
Train 164, loss: 0.319, iou: 0.779, recall: 0.856, acc: 0.900
Val 164, loss: 0.955, iou: 0.607, recall: 0.755, acc: 0.794
Time: 23 s
Train 165, loss: 0.358, iou: 0.752, recall: 0.859, acc: 0.895
Val 165, loss: 1.028, iou: 0.613, recall: 0.756, acc: 0.772
Time: 23 s
Train 166, loss: 0.348, iou: 0.783, recall: 0.879, acc: 0.895
Val 166, loss: 0.913, iou: 0.603, recall: 0.728, acc: 0.792
Time: 23 s
Train 167, loss: 0.333, iou: 0.783, recall: 0.856, acc: 0.901
Val 167, loss: 0.958, iou: 0.594, recall: 0.713, acc: 0.790
Time: 23 s
Train 168, loss: 0.332, iou: 0.766, recall: 0.868, acc: 0.896
Val 168, loss: 1.054, iou: 0.580, recall: 0.715, acc: 0.780
Time: 23 s
Train 169, loss: 0.413, iou: 0.764, recall: 0.850, acc: 0.873
Val 169, loss: 0.888, iou: 0.630, recall: 0.747, acc: 0.804
Time: 23 s
Train 170, loss: 0.382, iou: 0.726, recall: 0.833, acc: 0.874
Val 170, loss: 0.924, iou: 0.596, recall: 0.737, acc: 0.784
Time: 23 s
Train 171, loss: 0.396, iou: 0.733, recall: 0.843, acc: 0.875
Val 171, loss: 0.896, iou: 0.606, recall: 0.734, acc: 0.802
Time: 23 s
Train 172, loss: 0.373, iou: 0.748, recall: 0.850, acc: 0.885
Val 172, loss: 0.859, iou: 0.651, recall: 0.766, acc: 0.828
Time: 23 s
Better model!
Train 173, loss: 0.311, iou: 0.780, recall: 0.858, acc: 0.902
Val 173, loss: 0.907, iou: 0.591, recall: 0.733, acc: 0.782
Time: 23 s
Train 174, loss: 0.404, iou: 0.760, recall: 0.866, acc: 0.884
Val 174, loss: 0.910, iou: 0.604, recall: 0.736, acc: 0.804
Time: 23 s
Train 175, loss: 0.388, iou: 0.773, recall: 0.865, acc: 0.887
Val 175, loss: 1.082, iou: 0.626, recall: 0.759, acc: 0.808
Time: 23 s
Train 176, loss: 0.301, iou: 0.814, recall: 0.898, acc: 0.912
Val 176, loss: 0.922, iou: 0.643, recall: 0.757, acc: 0.826
Time: 23 s
Train 177, loss: 0.321, iou: 0.795, recall: 0.874, acc: 0.905
Val 177, loss: 1.060, iou: 0.609, recall: 0.762, acc: 0.798
Time: 23 s
Train 178, loss: 0.376, iou: 0.791, recall: 0.884, acc: 0.886
Val 178, loss: 1.086, iou: 0.590, recall: 0.720, acc: 0.770
Time: 23 s
Train 179, loss: 0.274, iou: 0.854, recall: 0.915, acc: 0.908
Val 179, loss: 0.908, iou: 0.600, recall: 0.742, acc: 0.788
Time: 23 s
Train 180, loss: 0.364, iou: 0.764, recall: 0.856, acc: 0.885
Val 180, loss: 0.959, iou: 0.630, recall: 0.768, acc: 0.806
Time: 23 s
Train 181, loss: 0.294, iou: 0.788, recall: 0.879, acc: 0.911
Val 181, loss: 0.934, iou: 0.619, recall: 0.718, acc: 0.796
Time: 23 s
Train 182, loss: 0.372, iou: 0.765, recall: 0.856, acc: 0.883
Val 182, loss: 1.000, iou: 0.633, recall: 0.760, acc: 0.828
Time: 23 s
Better model!
Train 183, loss: 0.317, iou: 0.808, recall: 0.901, acc: 0.895
Val 183, loss: 0.953, iou: 0.604, recall: 0.726, acc: 0.780
Time: 23 s
Train 184, loss: 0.336, iou: 0.804, recall: 0.879, acc: 0.903
Val 184, loss: 0.959, iou: 0.593, recall: 0.735, acc: 0.796
Time: 23 s
Train 185, loss: 0.303, iou: 0.811, recall: 0.883, acc: 0.910
Val 185, loss: 0.972, iou: 0.613, recall: 0.742, acc: 0.796
Time: 23 s
Train 186, loss: 0.321, iou: 0.775, recall: 0.872, acc: 0.898
Val 186, loss: 0.945, iou: 0.631, recall: 0.750, acc: 0.812
Time: 23 s
Train 187, loss: 0.301, iou: 0.820, recall: 0.890, acc: 0.908
Val 187, loss: 1.043, iou: 0.587, recall: 0.728, acc: 0.802
Time: 23 s
Train 188, loss: 0.337, iou: 0.799, recall: 0.869, acc: 0.899
Val 188, loss: 1.073, iou: 0.618, recall: 0.736, acc: 0.798
Time: 23 s
Train 189, loss: 0.356, iou: 0.771, recall: 0.871, acc: 0.892
Val 189, loss: 1.221, iou: 0.552, recall: 0.674, acc: 0.740
Time: 23 s
Train 190, loss: 0.357, iou: 0.806, recall: 0.888, acc: 0.904
Val 190, loss: 0.969, iou: 0.572, recall: 0.724, acc: 0.778
Time: 23 s
Train 191, loss: 0.422, iou: 0.712, recall: 0.818, acc: 0.870
Val 191, loss: 0.919, iou: 0.603, recall: 0.718, acc: 0.800
Time: 23 s
Train 192, loss: 0.392, iou: 0.747, recall: 0.864, acc: 0.877
Val 192, loss: 0.967, iou: 0.604, recall: 0.726, acc: 0.784
Time: 23 s
Train 193, loss: 0.315, iou: 0.777, recall: 0.854, acc: 0.890
Val 193, loss: 0.889, iou: 0.632, recall: 0.762, acc: 0.804
Time: 23 s
Train 194, loss: 0.315, iou: 0.778, recall: 0.875, acc: 0.899
Val 194, loss: 1.044, iou: 0.570, recall: 0.691, acc: 0.776
Time: 23 s
Train 195, loss: 0.339, iou: 0.782, recall: 0.863, acc: 0.891
Val 195, loss: 0.818, iou: 0.647, recall: 0.782, acc: 0.824
Time: 23 s
Train 196, loss: 0.268, iou: 0.832, recall: 0.903, acc: 0.923
Val 196, loss: 0.958, iou: 0.603, recall: 0.726, acc: 0.802
Time: 23 s
Train 197, loss: 0.361, iou: 0.772, recall: 0.868, acc: 0.882
Val 197, loss: 0.933, iou: 0.628, recall: 0.756, acc: 0.818
Time: 23 s
Train 198, loss: 0.298, iou: 0.787, recall: 0.873, acc: 0.905
Val 198, loss: 0.914, iou: 0.613, recall: 0.745, acc: 0.802
Time: 23 s
Train 199, loss: 0.392, iou: 0.775, recall: 0.887, acc: 0.892
Val 199, loss: 0.961, iou: 0.623, recall: 0.738, acc: 0.810
Time: 23 s
Train 200, loss: 0.335, iou: 0.785, recall: 0.882, acc: 0.897
Val 200, loss: 0.946, iou: 0.621, recall: 0.750, acc: 0.816
Time: 23 s
Train 201, loss: 0.261, iou: 0.850, recall: 0.915, acc: 0.917
Val 201, loss: 0.883, iou: 0.635, recall: 0.759, acc: 0.812
Time: 23 s
Train 202, loss: 0.230, iou: 0.865, recall: 0.925, acc: 0.929
Val 202, loss: 0.873, iou: 0.614, recall: 0.749, acc: 0.802
Time: 23 s
Train 203, loss: 0.327, iou: 0.825, recall: 0.892, acc: 0.900
Val 203, loss: 0.992, iou: 0.606, recall: 0.736, acc: 0.788
Time: 23 s
Train 204, loss: 0.334, iou: 0.774, recall: 0.873, acc: 0.895
Val 204, loss: 1.034, iou: 0.605, recall: 0.737, acc: 0.800
Time: 23 s
Train 205, loss: 0.257, iou: 0.830, recall: 0.895, acc: 0.914
Val 205, loss: 1.003, iou: 0.616, recall: 0.760, acc: 0.818
Time: 23 s
Train 206, loss: 0.289, iou: 0.795, recall: 0.884, acc: 0.911
Val 206, loss: 0.823, iou: 0.650, recall: 0.775, acc: 0.832
Time: 23 s
Better model!
Train 207, loss: 0.289, iou: 0.828, recall: 0.887, acc: 0.913
Val 207, loss: 0.865, iou: 0.634, recall: 0.775, acc: 0.814
Time: 23 s
Train 208, loss: 0.245, iou: 0.822, recall: 0.909, acc: 0.924
Val 208, loss: 0.860, iou: 0.642, recall: 0.735, acc: 0.814
Time: 23 s
Train 209, loss: 0.324, iou: 0.810, recall: 0.902, acc: 0.900
Val 209, loss: 1.037, iou: 0.621, recall: 0.741, acc: 0.804
Time: 23 s
Train 210, loss: 0.289, iou: 0.782, recall: 0.868, acc: 0.907
Val 210, loss: 1.036, iou: 0.570, recall: 0.687, acc: 0.776
Time: 23 s
Train 211, loss: 0.292, iou: 0.814, recall: 0.894, acc: 0.908
Val 211, loss: 0.950, iou: 0.581, recall: 0.710, acc: 0.790
Time: 23 s
Train 212, loss: 0.262, iou: 0.834, recall: 0.897, acc: 0.925
Val 212, loss: 0.858, iou: 0.678, recall: 0.795, acc: 0.836
Time: 23 s
Better model!
Train 213, loss: 0.302, iou: 0.783, recall: 0.883, acc: 0.902
Val 213, loss: 0.955, iou: 0.606, recall: 0.729, acc: 0.788
Time: 23 s
Train 214, loss: 0.285, iou: 0.794, recall: 0.868, acc: 0.912
Val 214, loss: 1.013, iou: 0.559, recall: 0.676, acc: 0.780
Time: 23 s
Train 215, loss: 0.314, iou: 0.786, recall: 0.869, acc: 0.894
Val 215, loss: 0.890, iou: 0.622, recall: 0.766, acc: 0.796
Time: 23 s
Train 216, loss: 0.298, iou: 0.831, recall: 0.910, acc: 0.916
Val 216, loss: 1.024, iou: 0.590, recall: 0.712, acc: 0.784
Time: 23 s
Train 217, loss: 0.318, iou: 0.784, recall: 0.871, acc: 0.895
Val 217, loss: 1.142, iou: 0.598, recall: 0.722, acc: 0.766
Time: 23 s
Train 218, loss: 0.322, iou: 0.789, recall: 0.877, acc: 0.902
Val 218, loss: 1.088, iou: 0.624, recall: 0.755, acc: 0.808
Time: 23 s
Train 219, loss: 0.258, iou: 0.847, recall: 0.914, acc: 0.927
Val 219, loss: 0.856, iou: 0.632, recall: 0.757, acc: 0.832
Time: 23 s
Train 220, loss: 0.258, iou: 0.818, recall: 0.899, acc: 0.916
Val 220, loss: 0.816, iou: 0.660, recall: 0.789, acc: 0.838
Time: 23 s
Better model!
Train 221, loss: 0.263, iou: 0.819, recall: 0.890, acc: 0.918
Val 221, loss: 1.055, iou: 0.627, recall: 0.726, acc: 0.810
Time: 23 s
Train 222, loss: 0.264, iou: 0.839, recall: 0.912, acc: 0.918
Val 222, loss: 1.159, iou: 0.595, recall: 0.707, acc: 0.788
Time: 23 s
Train 223, loss: 0.283, iou: 0.823, recall: 0.890, acc: 0.911
Val 223, loss: 0.946, iou: 0.647, recall: 0.780, acc: 0.828
Time: 23 s
Train 224, loss: 0.248, iou: 0.814, recall: 0.899, acc: 0.915
Val 224, loss: 0.770, iou: 0.667, recall: 0.764, acc: 0.840
Time: 23 s
Better model!
Train 225, loss: 0.211, iou: 0.870, recall: 0.921, acc: 0.941
Val 225, loss: 0.983, iou: 0.606, recall: 0.715, acc: 0.794
Time: 23 s
Train 226, loss: 0.243, iou: 0.840, recall: 0.901, acc: 0.925
Val 226, loss: 0.893, iou: 0.625, recall: 0.751, acc: 0.824
Time: 23 s
Train 227, loss: 0.320, iou: 0.813, recall: 0.892, acc: 0.905
Val 227, loss: 0.924, iou: 0.666, recall: 0.782, acc: 0.834
Time: 23 s
Train 228, loss: 0.274, iou: 0.803, recall: 0.880, acc: 0.910
Val 228, loss: 0.984, iou: 0.620, recall: 0.756, acc: 0.814
Time: 23 s
Train 229, loss: 0.269, iou: 0.798, recall: 0.877, acc: 0.908
Val 229, loss: 0.948, iou: 0.654, recall: 0.768, acc: 0.816
Time: 23 s
Train 230, loss: 0.271, iou: 0.813, recall: 0.872, acc: 0.911
Val 230, loss: 1.036, iou: 0.590, recall: 0.737, acc: 0.794
Time: 23 s
Train 231, loss: 0.300, iou: 0.798, recall: 0.892, acc: 0.903
Val 231, loss: 1.041, iou: 0.614, recall: 0.754, acc: 0.800
Time: 23 s
Train 232, loss: 0.267, iou: 0.804, recall: 0.882, acc: 0.910
Val 232, loss: 1.091, iou: 0.620, recall: 0.737, acc: 0.810
Time: 23 s
Train 233, loss: 0.274, iou: 0.859, recall: 0.925, acc: 0.923
Val 233, loss: 0.959, iou: 0.620, recall: 0.744, acc: 0.824
Time: 23 s
Train 234, loss: 0.257, iou: 0.868, recall: 0.923, acc: 0.927
Val 234, loss: 0.886, iou: 0.654, recall: 0.770, acc: 0.822
Time: 23 s
Train 235, loss: 0.263, iou: 0.846, recall: 0.914, acc: 0.922
Val 235, loss: 1.084, iou: 0.611, recall: 0.743, acc: 0.802
Time: 23 s
Train 236, loss: 0.288, iou: 0.808, recall: 0.896, acc: 0.909
Val 236, loss: 0.834, iou: 0.680, recall: 0.787, acc: 0.838
Time: 23 s
Train 237, loss: 0.294, iou: 0.850, recall: 0.899, acc: 0.914
Val 237, loss: 0.994, iou: 0.635, recall: 0.745, acc: 0.812
Time: 23 s
Train 238, loss: 0.306, iou: 0.826, recall: 0.894, acc: 0.906
Val 238, loss: 1.061, iou: 0.632, recall: 0.761, acc: 0.812
Time: 23 s
Train 239, loss: 0.242, iou: 0.821, recall: 0.909, acc: 0.917
Val 239, loss: 1.076, iou: 0.625, recall: 0.750, acc: 0.814
Time: 23 s
Train 240, loss: 0.206, iou: 0.840, recall: 0.912, acc: 0.931
Val 240, loss: 0.956, iou: 0.633, recall: 0.773, acc: 0.816
Time: 23 s
Train 241, loss: 0.303, iou: 0.808, recall: 0.866, acc: 0.909
Val 241, loss: 0.963, iou: 0.633, recall: 0.746, acc: 0.832
Time: 23 s
Train 242, loss: 0.274, iou: 0.839, recall: 0.922, acc: 0.915
Val 242, loss: 0.923, iou: 0.652, recall: 0.758, acc: 0.806
Time: 23 s
Train 243, loss: 0.273, iou: 0.840, recall: 0.906, acc: 0.922
Val 243, loss: 0.863, iou: 0.644, recall: 0.762, acc: 0.816
Time: 23 s
Train 244, loss: 0.294, iou: 0.829, recall: 0.899, acc: 0.914
Val 244, loss: 1.107, iou: 0.633, recall: 0.750, acc: 0.808
Time: 23 s
Train 245, loss: 0.218, iou: 0.851, recall: 0.918, acc: 0.934
Val 245, loss: 0.889, iou: 0.646, recall: 0.772, acc: 0.816
Time: 23 s
Train 246, loss: 0.246, iou: 0.837, recall: 0.907, acc: 0.920
Val 246, loss: 0.990, iou: 0.603, recall: 0.718, acc: 0.784
Time: 23 s
Train 247, loss: 0.254, iou: 0.818, recall: 0.892, acc: 0.914
Val 247, loss: 1.110, iou: 0.576, recall: 0.718, acc: 0.772
Time: 23 s
Train 248, loss: 0.253, iou: 0.845, recall: 0.908, acc: 0.925
Val 248, loss: 0.995, iou: 0.606, recall: 0.728, acc: 0.798
Time: 23 s
Train 249, loss: 0.244, iou: 0.852, recall: 0.916, acc: 0.926
Val 249, loss: 1.064, iou: 0.596, recall: 0.737, acc: 0.784
Time: 23 s
Train 250, loss: 0.235, iou: 0.844, recall: 0.908, acc: 0.928
Val 250, loss: 1.242, iou: 0.561, recall: 0.704, acc: 0.768
Time: 23 s
Train 251, loss: 0.224, iou: 0.844, recall: 0.905, acc: 0.927
Val 251, loss: 0.872, iou: 0.623, recall: 0.734, acc: 0.824
Time: 23 s
Train 252, loss: 0.231, iou: 0.878, recall: 0.938, acc: 0.929
Val 252, loss: 0.893, iou: 0.588, recall: 0.730, acc: 0.800
Time: 23 s
Train 253, loss: 0.214, iou: 0.862, recall: 0.926, acc: 0.926
Val 253, loss: 0.972, iou: 0.626, recall: 0.757, acc: 0.810
Time: 23 s
Train 254, loss: 0.257, iou: 0.822, recall: 0.908, acc: 0.914
Val 254, loss: 0.942, iou: 0.599, recall: 0.717, acc: 0.802
Time: 23 s
Train 255, loss: 0.247, iou: 0.805, recall: 0.877, acc: 0.913
Val 255, loss: 1.051, iou: 0.636, recall: 0.764, acc: 0.822
Time: 23 s
Train 256, loss: 0.253, iou: 0.833, recall: 0.904, acc: 0.927
Val 256, loss: 0.950, iou: 0.618, recall: 0.734, acc: 0.812
Time: 23 s
Train 257, loss: 0.305, iou: 0.786, recall: 0.869, acc: 0.907
Val 257, loss: 0.881, iou: 0.635, recall: 0.751, acc: 0.824
Time: 23 s
Train 258, loss: 0.256, iou: 0.842, recall: 0.916, acc: 0.919
Val 258, loss: 0.953, iou: 0.639, recall: 0.758, acc: 0.830
Time: 23 s
Train 259, loss: 0.264, iou: 0.827, recall: 0.909, acc: 0.920
Val 259, loss: 0.940, iou: 0.620, recall: 0.748, acc: 0.808
Time: 23 s
Train 260, loss: 0.226, iou: 0.834, recall: 0.897, acc: 0.925
Val 260, loss: 1.173, iou: 0.591, recall: 0.732, acc: 0.794
Time: 23 s
Train 261, loss: 0.269, iou: 0.820, recall: 0.907, acc: 0.919
Val 261, loss: 1.098, iou: 0.559, recall: 0.686, acc: 0.786
Time: 23 s
Train 262, loss: 0.280, iou: 0.808, recall: 0.893, acc: 0.912
Val 262, loss: 0.849, iou: 0.637, recall: 0.768, acc: 0.824
Time: 23 s
Train 263, loss: 0.229, iou: 0.850, recall: 0.912, acc: 0.935
Val 263, loss: 1.096, iou: 0.625, recall: 0.729, acc: 0.810
Time: 23 s
Train 264, loss: 0.235, iou: 0.860, recall: 0.922, acc: 0.928
Val 264, loss: 0.974, iou: 0.643, recall: 0.749, acc: 0.808
Time: 23 s
Train 265, loss: 0.328, iou: 0.819, recall: 0.904, acc: 0.904
Val 265, loss: 0.977, iou: 0.610, recall: 0.735, acc: 0.806
Time: 23 s
Train 266, loss: 0.241, iou: 0.849, recall: 0.927, acc: 0.923
Val 266, loss: 1.032, iou: 0.635, recall: 0.756, acc: 0.820
Time: 23 s
Train 267, loss: 0.256, iou: 0.817, recall: 0.890, acc: 0.914
Val 267, loss: 1.020, iou: 0.639, recall: 0.761, acc: 0.822
Time: 23 s
Train 268, loss: 0.252, iou: 0.862, recall: 0.916, acc: 0.928
Val 268, loss: 0.985, iou: 0.633, recall: 0.766, acc: 0.828
Time: 23 s
Train 269, loss: 0.235, iou: 0.829, recall: 0.899, acc: 0.924
Val 269, loss: 1.011, iou: 0.643, recall: 0.752, acc: 0.824
Time: 23 s
Train 270, loss: 0.201, iou: 0.882, recall: 0.939, acc: 0.937
Val 270, loss: 0.872, iou: 0.673, recall: 0.784, acc: 0.848
Time: 23 s
Better model!
Train 271, loss: 0.219, iou: 0.873, recall: 0.930, acc: 0.933
Val 271, loss: 0.979, iou: 0.644, recall: 0.767, acc: 0.826
Time: 23 s
Train 272, loss: 0.219, iou: 0.871, recall: 0.934, acc: 0.934
Val 272, loss: 0.911, iou: 0.673, recall: 0.780, acc: 0.838
Time: 23 s
Train 273, loss: 0.269, iou: 0.831, recall: 0.901, acc: 0.917
Val 273, loss: 0.898, iou: 0.647, recall: 0.789, acc: 0.832
Time: 23 s
Train 274, loss: 0.251, iou: 0.856, recall: 0.927, acc: 0.924
Val 274, loss: 0.882, iou: 0.659, recall: 0.765, acc: 0.828
Time: 23 s
Train 275, loss: 0.260, iou: 0.840, recall: 0.907, acc: 0.923
Val 275, loss: 0.885, iou: 0.647, recall: 0.747, acc: 0.834
Time: 23 s
Train 276, loss: 0.246, iou: 0.834, recall: 0.905, acc: 0.920
Val 276, loss: 0.936, iou: 0.651, recall: 0.778, acc: 0.816
Time: 23 s
Train 277, loss: 0.268, iou: 0.812, recall: 0.895, acc: 0.918
Val 277, loss: 0.992, iou: 0.633, recall: 0.759, acc: 0.816
Time: 23 s
Train 278, loss: 0.259, iou: 0.861, recall: 0.917, acc: 0.919
Val 278, loss: 0.950, iou: 0.656, recall: 0.754, acc: 0.828
Time: 23 s
Train 279, loss: 0.253, iou: 0.885, recall: 0.929, acc: 0.940
Val 279, loss: 1.070, iou: 0.653, recall: 0.740, acc: 0.826
Time: 23 s
Train 280, loss: 0.263, iou: 0.841, recall: 0.903, acc: 0.922
Val 280, loss: 0.926, iou: 0.635, recall: 0.746, acc: 0.814
Time: 23 s
Train 281, loss: 0.245, iou: 0.853, recall: 0.931, acc: 0.912
Val 281, loss: 0.877, iou: 0.633, recall: 0.731, acc: 0.814
Time: 23 s
Train 282, loss: 0.265, iou: 0.850, recall: 0.918, acc: 0.916
Val 282, loss: 0.878, iou: 0.637, recall: 0.739, acc: 0.816
Time: 23 s
Train 283, loss: 0.221, iou: 0.816, recall: 0.891, acc: 0.928
Val 283, loss: 0.871, iou: 0.661, recall: 0.788, acc: 0.838
Time: 23 s
Train 284, loss: 0.234, iou: 0.854, recall: 0.915, acc: 0.929
Val 284, loss: 0.913, iou: 0.678, recall: 0.789, acc: 0.836
Time: 23 s
Train 285, loss: 0.209, iou: 0.872, recall: 0.937, acc: 0.933
Val 285, loss: 0.912, iou: 0.643, recall: 0.762, acc: 0.822
Time: 23 s
Train 286, loss: 0.219, iou: 0.824, recall: 0.889, acc: 0.926
Val 286, loss: 0.914, iou: 0.626, recall: 0.747, acc: 0.812
Time: 23 s
Train 287, loss: 0.250, iou: 0.808, recall: 0.898, acc: 0.921
Val 287, loss: 1.013, iou: 0.620, recall: 0.760, acc: 0.808
Time: 23 s
Train 288, loss: 0.210, iou: 0.881, recall: 0.936, acc: 0.936
Val 288, loss: 0.807, iou: 0.659, recall: 0.759, acc: 0.838
Time: 23 s
Train 289, loss: 0.270, iou: 0.843, recall: 0.912, acc: 0.921
Val 289, loss: 0.847, iou: 0.668, recall: 0.790, acc: 0.834
Time: 23 s
Train 290, loss: 0.222, iou: 0.844, recall: 0.915, acc: 0.920
Val 290, loss: 1.013, iou: 0.661, recall: 0.759, acc: 0.816
Time: 23 s
Train 291, loss: 0.225, iou: 0.860, recall: 0.917, acc: 0.931
Val 291, loss: 0.934, iou: 0.643, recall: 0.762, acc: 0.820
Time: 23 s
Train 292, loss: 0.184, iou: 0.878, recall: 0.930, acc: 0.940
Val 292, loss: 0.885, iou: 0.642, recall: 0.771, acc: 0.824
Time: 23 s
Train 293, loss: 0.181, iou: 0.860, recall: 0.913, acc: 0.943
Val 293, loss: 1.039, iou: 0.621, recall: 0.732, acc: 0.816
Time: 23 s
Train 294, loss: 0.227, iou: 0.859, recall: 0.911, acc: 0.932
Val 294, loss: 1.030, iou: 0.624, recall: 0.755, acc: 0.804
Time: 23 s
Train 295, loss: 0.238, iou: 0.815, recall: 0.899, acc: 0.920
Val 295, loss: 0.933, iou: 0.655, recall: 0.757, acc: 0.806
Time: 23 s
Train 296, loss: 0.237, iou: 0.835, recall: 0.915, acc: 0.920
Val 296, loss: 0.901, iou: 0.647, recall: 0.774, acc: 0.820
Time: 23 s
Train 297, loss: 0.199, iou: 0.874, recall: 0.929, acc: 0.938
Val 297, loss: 0.936, iou: 0.622, recall: 0.754, acc: 0.806
Time: 23 s
Train 298, loss: 0.225, iou: 0.866, recall: 0.923, acc: 0.932
Val 298, loss: 0.976, iou: 0.618, recall: 0.737, acc: 0.808
Time: 23 s
Train 299, loss: 0.249, iou: 0.833, recall: 0.905, acc: 0.925
Val 299, loss: 1.043, iou: 0.636, recall: 0.755, acc: 0.818
Time: 23 s
