Namespace(add_color=True, batch_size=18, bn_momentum=0.5, bnm_decay=0.5, cuda=True, decay_step=200000.0, epochs=300, exp_name='16184/color', input_plane=3, local=False, lr=0.001, lr_decay=0.7, num_points=16184, output_plane=21, weight_decay=1e-05)
Train 0, loss: 2.672, iou: 0.056, recall: 0.114, acc: 0.213
Val 0, loss: 2.552, iou: 0.049, recall: 0.134, acc: 0.220
Time: 30 s
Better model!
Train 1, loss: 2.542, iou: 0.059, recall: 0.123, acc: 0.237
Val 1, loss: 2.552, iou: 0.034, recall: 0.099, acc: 0.208
Time: 25 s
Train 2, loss: 2.462, iou: 0.059, recall: 0.128, acc: 0.252
Val 2, loss: 2.540, iou: 0.059, recall: 0.138, acc: 0.266
Time: 25 s
Better model!
Train 3, loss: 2.370, iou: 0.072, recall: 0.146, acc: 0.280
Val 3, loss: 2.320, iou: 0.074, recall: 0.173, acc: 0.298
Time: 25 s
Better model!
Train 4, loss: 2.379, iou: 0.067, recall: 0.139, acc: 0.267
Val 4, loss: 2.316, iou: 0.048, recall: 0.127, acc: 0.256
Time: 25 s
Train 5, loss: 2.253, iou: 0.088, recall: 0.165, acc: 0.311
Val 5, loss: 2.222, iou: 0.100, recall: 0.196, acc: 0.342
Time: 25 s
Better model!
Train 6, loss: 2.214, iou: 0.098, recall: 0.183, acc: 0.338
Val 6, loss: 2.121, iou: 0.094, recall: 0.197, acc: 0.340
Time: 25 s
Train 7, loss: 2.154, iou: 0.102, recall: 0.184, acc: 0.348
Val 7, loss: 2.150, iou: 0.114, recall: 0.216, acc: 0.338
Time: 25 s
Train 8, loss: 2.138, iou: 0.098, recall: 0.187, acc: 0.352
Val 8, loss: 2.144, iou: 0.100, recall: 0.192, acc: 0.328
Time: 25 s
Train 9, loss: 2.125, iou: 0.103, recall: 0.190, acc: 0.364
Val 9, loss: 1.981, iou: 0.139, recall: 0.235, acc: 0.418
Time: 25 s
Better model!
Train 10, loss: 1.997, iou: 0.124, recall: 0.216, acc: 0.390
Val 10, loss: 1.990, iou: 0.105, recall: 0.202, acc: 0.388
Time: 25 s
Train 11, loss: 2.002, iou: 0.127, recall: 0.220, acc: 0.398
Val 11, loss: 1.854, iou: 0.147, recall: 0.252, acc: 0.438
Time: 25 s
Better model!
Train 12, loss: 1.912, iou: 0.138, recall: 0.231, acc: 0.407
Val 12, loss: 1.855, iou: 0.157, recall: 0.262, acc: 0.426
Time: 25 s
Train 13, loss: 1.886, iou: 0.140, recall: 0.236, acc: 0.430
Val 13, loss: 1.902, iou: 0.166, recall: 0.273, acc: 0.408
Time: 25 s
Train 14, loss: 1.843, iou: 0.149, recall: 0.246, acc: 0.423
Val 14, loss: 2.106, iou: 0.112, recall: 0.210, acc: 0.342
Time: 25 s
Train 15, loss: 1.834, iou: 0.146, recall: 0.243, acc: 0.426
Val 15, loss: 1.757, iou: 0.150, recall: 0.252, acc: 0.426
Time: 25 s
Train 16, loss: 1.790, iou: 0.164, recall: 0.269, acc: 0.453
Val 16, loss: 1.721, iou: 0.171, recall: 0.285, acc: 0.462
Time: 25 s
Better model!
Train 17, loss: 1.744, iou: 0.171, recall: 0.275, acc: 0.458
Val 17, loss: 1.748, iou: 0.171, recall: 0.273, acc: 0.452
Time: 25 s
Train 18, loss: 1.654, iou: 0.197, recall: 0.304, acc: 0.469
Val 18, loss: 1.769, iou: 0.190, recall: 0.294, acc: 0.436
Time: 25 s
Train 19, loss: 1.606, iou: 0.212, recall: 0.322, acc: 0.489
Val 19, loss: 1.588, iou: 0.221, recall: 0.334, acc: 0.490
Time: 25 s
Better model!
Train 20, loss: 1.547, iou: 0.235, recall: 0.353, acc: 0.505
Val 20, loss: 1.695, iou: 0.252, recall: 0.417, acc: 0.502
Time: 25 s
Better model!
Train 21, loss: 1.521, iou: 0.232, recall: 0.345, acc: 0.514
Val 21, loss: 1.708, iou: 0.218, recall: 0.345, acc: 0.466
Time: 25 s
Train 22, loss: 1.485, iou: 0.254, recall: 0.372, acc: 0.526
Val 22, loss: 1.457, iou: 0.288, recall: 0.416, acc: 0.534
Time: 25 s
Better model!
Train 23, loss: 1.437, iou: 0.298, recall: 0.430, acc: 0.553
Val 23, loss: 1.589, iou: 0.283, recall: 0.439, acc: 0.500
Time: 25 s
Train 24, loss: 1.447, iou: 0.256, recall: 0.382, acc: 0.525
Val 24, loss: 1.429, iou: 0.269, recall: 0.385, acc: 0.556
Time: 25 s
Better model!
Train 25, loss: 1.285, iou: 0.293, recall: 0.418, acc: 0.587
Val 25, loss: 1.367, iou: 0.334, recall: 0.466, acc: 0.566
Time: 25 s
Better model!
Train 26, loss: 1.326, iou: 0.328, recall: 0.470, acc: 0.577
Val 26, loss: 1.472, iou: 0.275, recall: 0.411, acc: 0.554
Time: 25 s
Train 27, loss: 1.243, iou: 0.334, recall: 0.462, acc: 0.599
Val 27, loss: 1.410, iou: 0.344, recall: 0.521, acc: 0.584
Time: 25 s
Better model!
Train 28, loss: 1.207, iou: 0.335, recall: 0.469, acc: 0.612
Val 28, loss: 1.312, iou: 0.417, recall: 0.571, acc: 0.636
Time: 25 s
Better model!
Train 29, loss: 1.159, iou: 0.366, recall: 0.499, acc: 0.624
Val 29, loss: 1.453, iou: 0.303, recall: 0.442, acc: 0.558
Time: 25 s
Train 30, loss: 1.164, iou: 0.360, recall: 0.500, acc: 0.624
Val 30, loss: 1.491, iou: 0.300, recall: 0.435, acc: 0.560
Time: 25 s
Train 31, loss: 1.060, iou: 0.371, recall: 0.506, acc: 0.644
Val 31, loss: 1.205, iou: 0.359, recall: 0.487, acc: 0.614
Time: 25 s
Train 32, loss: 1.052, iou: 0.418, recall: 0.563, acc: 0.668
Val 32, loss: 1.307, iou: 0.332, recall: 0.458, acc: 0.610
Time: 25 s
Train 33, loss: 0.937, iou: 0.461, recall: 0.607, acc: 0.691
Val 33, loss: 1.258, iou: 0.398, recall: 0.552, acc: 0.620
Time: 25 s
Train 34, loss: 0.932, iou: 0.470, recall: 0.617, acc: 0.707
Val 34, loss: 1.340, iou: 0.353, recall: 0.496, acc: 0.616
Time: 25 s
Train 35, loss: 0.868, iou: 0.469, recall: 0.609, acc: 0.709
Val 35, loss: 1.114, iou: 0.412, recall: 0.559, acc: 0.662
Time: 25 s
Better model!
Train 36, loss: 0.958, iou: 0.444, recall: 0.583, acc: 0.681
Val 36, loss: 1.319, iou: 0.376, recall: 0.515, acc: 0.582
Time: 25 s
Train 37, loss: 0.881, iou: 0.453, recall: 0.584, acc: 0.711
Val 37, loss: 1.117, iou: 0.408, recall: 0.553, acc: 0.654
Time: 25 s
Train 38, loss: 0.809, iou: 0.520, recall: 0.661, acc: 0.738
Val 38, loss: 1.170, iou: 0.424, recall: 0.560, acc: 0.648
Time: 25 s
Train 39, loss: 0.737, iou: 0.559, recall: 0.687, acc: 0.767
Val 39, loss: 1.138, iou: 0.423, recall: 0.562, acc: 0.658
Time: 25 s
Train 40, loss: 0.697, iou: 0.560, recall: 0.706, acc: 0.769
Val 40, loss: 1.181, iou: 0.485, recall: 0.647, acc: 0.684
Time: 25 s
Better model!
Train 41, loss: 0.684, iou: 0.556, recall: 0.690, acc: 0.777
Val 41, loss: 1.181, iou: 0.417, recall: 0.544, acc: 0.658
Time: 25 s
Train 42, loss: 0.665, iou: 0.576, recall: 0.709, acc: 0.785
Val 42, loss: 1.102, iou: 0.470, recall: 0.610, acc: 0.686
Time: 25 s
Better model!
Train 43, loss: 0.703, iou: 0.564, recall: 0.695, acc: 0.771
Val 43, loss: 1.219, iou: 0.426, recall: 0.577, acc: 0.668
Time: 25 s
Train 44, loss: 0.694, iou: 0.535, recall: 0.669, acc: 0.766
Val 44, loss: 1.138, iou: 0.423, recall: 0.578, acc: 0.652
Time: 25 s
Train 45, loss: 0.640, iou: 0.583, recall: 0.717, acc: 0.792
Val 45, loss: 1.099, iou: 0.481, recall: 0.630, acc: 0.696
Time: 25 s
Better model!
Train 46, loss: 0.599, iou: 0.610, recall: 0.738, acc: 0.810
Val 46, loss: 1.142, iou: 0.423, recall: 0.550, acc: 0.658
Time: 25 s
Train 47, loss: 0.602, iou: 0.586, recall: 0.712, acc: 0.798
Val 47, loss: 1.309, iou: 0.481, recall: 0.640, acc: 0.664
Time: 25 s
Train 48, loss: 0.534, iou: 0.655, recall: 0.777, acc: 0.816
Val 48, loss: 1.346, iou: 0.437, recall: 0.551, acc: 0.634
Time: 25 s
Train 49, loss: 0.479, iou: 0.702, recall: 0.801, acc: 0.849
Val 49, loss: 1.175, iou: 0.422, recall: 0.577, acc: 0.674
Time: 25 s
Train 50, loss: 0.474, iou: 0.704, recall: 0.810, acc: 0.841
Val 50, loss: 1.155, iou: 0.505, recall: 0.652, acc: 0.690
Time: 25 s
Train 51, loss: 0.478, iou: 0.699, recall: 0.816, acc: 0.848
Val 51, loss: 1.016, iou: 0.530, recall: 0.683, acc: 0.714
Time: 25 s
Better model!
Train 52, loss: 0.465, iou: 0.714, recall: 0.817, acc: 0.849
Val 52, loss: 1.075, iou: 0.504, recall: 0.653, acc: 0.710
Time: 25 s
Train 53, loss: 0.403, iou: 0.702, recall: 0.802, acc: 0.864
Val 53, loss: 1.154, iou: 0.462, recall: 0.606, acc: 0.702
Time: 25 s
Train 54, loss: 0.386, iou: 0.699, recall: 0.809, acc: 0.865
Val 54, loss: 1.040, iou: 0.482, recall: 0.629, acc: 0.714
Time: 25 s
Better model!
Train 55, loss: 0.404, iou: 0.711, recall: 0.819, acc: 0.866
Val 55, loss: 1.038, iou: 0.525, recall: 0.666, acc: 0.734
Time: 25 s
Better model!
Train 56, loss: 0.365, iou: 0.734, recall: 0.827, acc: 0.888
Val 56, loss: 1.008, iou: 0.523, recall: 0.664, acc: 0.732
Time: 25 s
Train 57, loss: 0.364, iou: 0.737, recall: 0.843, acc: 0.888
Val 57, loss: 1.254, iou: 0.498, recall: 0.632, acc: 0.690
Time: 25 s
Train 58, loss: 0.399, iou: 0.735, recall: 0.832, acc: 0.869
Val 58, loss: 1.075, iou: 0.512, recall: 0.613, acc: 0.736
Time: 25 s
Better model!
Train 59, loss: 0.433, iou: 0.738, recall: 0.833, acc: 0.869
Val 59, loss: 1.199, iou: 0.526, recall: 0.637, acc: 0.724
Time: 25 s
Train 60, loss: 0.392, iou: 0.731, recall: 0.827, acc: 0.869
Val 60, loss: 1.275, iou: 0.500, recall: 0.647, acc: 0.686
Time: 25 s
Train 61, loss: 0.427, iou: 0.730, recall: 0.837, acc: 0.871
Val 61, loss: 1.173, iou: 0.457, recall: 0.572, acc: 0.708
Time: 25 s
Train 62, loss: 0.341, iou: 0.749, recall: 0.850, acc: 0.891
Val 62, loss: 1.116, iou: 0.502, recall: 0.622, acc: 0.710
Time: 25 s
Train 63, loss: 0.333, iou: 0.783, recall: 0.865, acc: 0.903
Val 63, loss: 1.020, iou: 0.543, recall: 0.698, acc: 0.750
Time: 25 s
Better model!
Train 64, loss: 0.269, iou: 0.815, recall: 0.874, acc: 0.919
Val 64, loss: 1.050, iou: 0.520, recall: 0.684, acc: 0.724
Time: 25 s
Train 65, loss: 0.321, iou: 0.786, recall: 0.868, acc: 0.907
Val 65, loss: 1.501, iou: 0.474, recall: 0.653, acc: 0.674
Time: 25 s
Train 66, loss: 0.303, iou: 0.764, recall: 0.860, acc: 0.896
Val 66, loss: 1.018, iou: 0.554, recall: 0.667, acc: 0.762
Time: 25 s
Better model!
Train 67, loss: 0.300, iou: 0.828, recall: 0.901, acc: 0.908
Val 67, loss: 1.085, iou: 0.564, recall: 0.729, acc: 0.754
Time: 25 s
Train 68, loss: 0.302, iou: 0.792, recall: 0.885, acc: 0.906
Val 68, loss: 1.108, iou: 0.521, recall: 0.624, acc: 0.738
Time: 25 s
Train 69, loss: 0.305, iou: 0.814, recall: 0.888, acc: 0.902
Val 69, loss: 1.080, iou: 0.545, recall: 0.664, acc: 0.748
Time: 25 s
Train 70, loss: 0.253, iou: 0.845, recall: 0.910, acc: 0.926
Val 70, loss: 1.044, iou: 0.564, recall: 0.705, acc: 0.774
Time: 25 s
Better model!
Train 71, loss: 0.311, iou: 0.793, recall: 0.874, acc: 0.904
Val 71, loss: 1.163, iou: 0.542, recall: 0.667, acc: 0.738
Time: 25 s
Train 72, loss: 0.239, iou: 0.825, recall: 0.894, acc: 0.924
Val 72, loss: 1.008, iou: 0.576, recall: 0.698, acc: 0.758
Time: 25 s
Train 73, loss: 0.308, iou: 0.822, recall: 0.895, acc: 0.902
Val 73, loss: 1.233, iou: 0.499, recall: 0.621, acc: 0.722
Time: 25 s
Train 74, loss: 0.231, iou: 0.840, recall: 0.918, acc: 0.930
Val 74, loss: 1.145, iou: 0.527, recall: 0.654, acc: 0.748
Time: 25 s
Train 75, loss: 0.222, iou: 0.823, recall: 0.887, acc: 0.931
Val 75, loss: 1.120, iou: 0.531, recall: 0.677, acc: 0.756
Time: 25 s
Train 76, loss: 0.239, iou: 0.804, recall: 0.888, acc: 0.916
Val 76, loss: 1.097, iou: 0.540, recall: 0.662, acc: 0.762
Time: 25 s
Train 77, loss: 0.230, iou: 0.840, recall: 0.917, acc: 0.930
Val 77, loss: 0.990, iou: 0.567, recall: 0.704, acc: 0.748
Time: 25 s
Train 78, loss: 0.247, iou: 0.827, recall: 0.901, acc: 0.927
Val 78, loss: 1.088, iou: 0.562, recall: 0.696, acc: 0.764
Time: 25 s
Train 79, loss: 0.201, iou: 0.851, recall: 0.921, acc: 0.930
Val 79, loss: 1.115, iou: 0.563, recall: 0.681, acc: 0.768
Time: 25 s
Train 80, loss: 0.235, iou: 0.807, recall: 0.881, acc: 0.917
Val 80, loss: 1.022, iou: 0.565, recall: 0.706, acc: 0.766
Time: 25 s
Train 81, loss: 0.194, iou: 0.880, recall: 0.927, acc: 0.941
Val 81, loss: 0.994, iou: 0.581, recall: 0.739, acc: 0.768
Time: 25 s
Train 82, loss: 0.213, iou: 0.858, recall: 0.914, acc: 0.927
Val 82, loss: 1.133, iou: 0.499, recall: 0.628, acc: 0.726
Time: 25 s
Train 83, loss: 0.227, iou: 0.880, recall: 0.936, acc: 0.934
Val 83, loss: 1.064, iou: 0.564, recall: 0.698, acc: 0.768
Time: 25 s
Train 84, loss: 0.193, iou: 0.891, recall: 0.938, acc: 0.943
Val 84, loss: 1.064, iou: 0.573, recall: 0.696, acc: 0.760
Time: 25 s
Train 85, loss: 0.214, iou: 0.866, recall: 0.919, acc: 0.932
Val 85, loss: 1.047, iou: 0.583, recall: 0.698, acc: 0.786
Time: 25 s
Better model!
Train 86, loss: 0.175, iou: 0.881, recall: 0.939, acc: 0.945
Val 86, loss: 1.057, iou: 0.588, recall: 0.729, acc: 0.750
Time: 25 s
Train 87, loss: 0.175, iou: 0.889, recall: 0.932, acc: 0.944
Val 87, loss: 1.233, iou: 0.516, recall: 0.655, acc: 0.752
Time: 25 s
Train 88, loss: 0.200, iou: 0.861, recall: 0.929, acc: 0.938
Val 88, loss: 1.108, iou: 0.562, recall: 0.691, acc: 0.774
Time: 25 s
Train 89, loss: 0.204, iou: 0.864, recall: 0.923, acc: 0.940
Val 89, loss: 1.168, iou: 0.566, recall: 0.710, acc: 0.748
Time: 25 s
Train 90, loss: 0.213, iou: 0.834, recall: 0.914, acc: 0.931
Val 90, loss: 1.189, iou: 0.571, recall: 0.674, acc: 0.768
Time: 25 s
Train 91, loss: 0.234, iou: 0.816, recall: 0.883, acc: 0.922
Val 91, loss: 1.029, iou: 0.570, recall: 0.700, acc: 0.778
Time: 25 s
Train 92, loss: 0.174, iou: 0.869, recall: 0.928, acc: 0.943
Val 92, loss: 1.123, iou: 0.560, recall: 0.682, acc: 0.762
Time: 25 s
Train 93, loss: 0.210, iou: 0.841, recall: 0.905, acc: 0.937
Val 93, loss: 1.190, iou: 0.526, recall: 0.668, acc: 0.744
Time: 25 s
Train 94, loss: 0.186, iou: 0.890, recall: 0.946, acc: 0.942
Val 94, loss: 1.045, iou: 0.577, recall: 0.731, acc: 0.774
Time: 25 s
Train 95, loss: 0.120, iou: 0.890, recall: 0.940, acc: 0.958
Val 95, loss: 1.071, iou: 0.579, recall: 0.714, acc: 0.780
Time: 25 s
Train 96, loss: 0.110, iou: 0.922, recall: 0.958, acc: 0.962
Val 96, loss: 1.154, iou: 0.581, recall: 0.724, acc: 0.762
Time: 25 s
Train 97, loss: 0.132, iou: 0.912, recall: 0.947, acc: 0.960
Val 97, loss: 1.021, iou: 0.608, recall: 0.729, acc: 0.790
Time: 25 s
Better model!
Train 98, loss: 0.122, iou: 0.915, recall: 0.952, acc: 0.958
Val 98, loss: 1.101, iou: 0.564, recall: 0.685, acc: 0.762
Time: 25 s
Train 99, loss: 0.175, iou: 0.890, recall: 0.938, acc: 0.945
Val 99, loss: 1.136, iou: 0.549, recall: 0.708, acc: 0.754
Time: 25 s
Train 100, loss: 0.178, iou: 0.869, recall: 0.937, acc: 0.945
Val 100, loss: 1.293, iou: 0.541, recall: 0.638, acc: 0.754
Time: 25 s
Train 101, loss: 0.168, iou: 0.906, recall: 0.948, acc: 0.942
Val 101, loss: 1.040, iou: 0.614, recall: 0.751, acc: 0.764
Time: 25 s
Train 102, loss: 0.151, iou: 0.876, recall: 0.932, acc: 0.949
Val 102, loss: 1.211, iou: 0.583, recall: 0.724, acc: 0.760
Time: 25 s
Train 103, loss: 0.145, iou: 0.881, recall: 0.928, acc: 0.948
Val 103, loss: 1.151, iou: 0.552, recall: 0.665, acc: 0.762
Time: 25 s
Train 104, loss: 0.153, iou: 0.918, recall: 0.963, acc: 0.953
Val 104, loss: 1.124, iou: 0.586, recall: 0.694, acc: 0.752
Time: 25 s
Train 105, loss: 0.174, iou: 0.884, recall: 0.928, acc: 0.944
Val 105, loss: 1.309, iou: 0.539, recall: 0.658, acc: 0.758
Time: 25 s
Train 106, loss: 0.203, iou: 0.867, recall: 0.923, acc: 0.942
Val 106, loss: 1.212, iou: 0.539, recall: 0.677, acc: 0.748
Time: 25 s
Train 107, loss: 0.193, iou: 0.847, recall: 0.904, acc: 0.939
Val 107, loss: 1.101, iou: 0.513, recall: 0.631, acc: 0.754
Time: 25 s
Train 108, loss: 0.140, iou: 0.910, recall: 0.948, acc: 0.957
Val 108, loss: 1.098, iou: 0.527, recall: 0.644, acc: 0.740
Time: 25 s
Train 109, loss: 0.159, iou: 0.906, recall: 0.954, acc: 0.953
Val 109, loss: 1.178, iou: 0.558, recall: 0.695, acc: 0.754
Time: 25 s
Train 110, loss: 0.172, iou: 0.905, recall: 0.952, acc: 0.944
Val 110, loss: 1.165, iou: 0.585, recall: 0.711, acc: 0.750
Time: 25 s
Train 111, loss: 0.130, iou: 0.904, recall: 0.948, acc: 0.960
Val 111, loss: 0.972, iou: 0.624, recall: 0.750, acc: 0.794
Time: 25 s
Better model!
Train 112, loss: 0.138, iou: 0.906, recall: 0.946, acc: 0.954
Val 112, loss: 1.114, iou: 0.620, recall: 0.740, acc: 0.776
Time: 25 s
Train 113, loss: 0.194, iou: 0.882, recall: 0.943, acc: 0.938
Val 113, loss: 1.184, iou: 0.590, recall: 0.717, acc: 0.770
Time: 25 s
Train 114, loss: 0.152, iou: 0.892, recall: 0.930, acc: 0.951
Val 114, loss: 1.112, iou: 0.584, recall: 0.715, acc: 0.770
Time: 25 s
Train 115, loss: 0.113, iou: 0.902, recall: 0.952, acc: 0.954
Val 115, loss: 1.232, iou: 0.559, recall: 0.701, acc: 0.760
Time: 25 s
Train 116, loss: 0.109, iou: 0.918, recall: 0.949, acc: 0.966
Val 116, loss: 1.068, iou: 0.591, recall: 0.727, acc: 0.774
Time: 25 s
Train 117, loss: 0.134, iou: 0.871, recall: 0.932, acc: 0.950
Val 117, loss: 1.107, iou: 0.579, recall: 0.717, acc: 0.776
Time: 25 s
Train 118, loss: 0.109, iou: 0.912, recall: 0.951, acc: 0.963
Val 118, loss: 1.190, iou: 0.551, recall: 0.701, acc: 0.748
Time: 25 s
Train 119, loss: 0.113, iou: 0.889, recall: 0.932, acc: 0.965
Val 119, loss: 1.122, iou: 0.566, recall: 0.713, acc: 0.762
Time: 25 s
Train 120, loss: 0.137, iou: 0.883, recall: 0.944, acc: 0.950
Val 120, loss: 1.331, iou: 0.579, recall: 0.672, acc: 0.776
Time: 25 s
Train 121, loss: 0.150, iou: 0.909, recall: 0.951, acc: 0.955
Val 121, loss: 1.096, iou: 0.603, recall: 0.702, acc: 0.782
Time: 25 s
Train 122, loss: 0.145, iou: 0.904, recall: 0.952, acc: 0.955
Val 122, loss: 1.351, iou: 0.580, recall: 0.686, acc: 0.750
Time: 26 s
Train 123, loss: 0.095, iou: 0.945, recall: 0.963, acc: 0.974
Val 123, loss: 1.402, iou: 0.567, recall: 0.687, acc: 0.740
Time: 25 s
Train 124, loss: 0.112, iou: 0.927, recall: 0.968, acc: 0.964
Val 124, loss: 1.073, iou: 0.573, recall: 0.669, acc: 0.780
Time: 25 s
Train 125, loss: 0.109, iou: 0.927, recall: 0.954, acc: 0.963
Val 125, loss: 1.227, iou: 0.559, recall: 0.687, acc: 0.748
Time: 25 s
Train 126, loss: 0.147, iou: 0.915, recall: 0.955, acc: 0.957
Val 126, loss: 1.337, iou: 0.547, recall: 0.737, acc: 0.736
Time: 25 s
Train 127, loss: 0.141, iou: 0.900, recall: 0.951, acc: 0.954
Val 127, loss: 1.077, iou: 0.571, recall: 0.712, acc: 0.774
Time: 25 s
Train 128, loss: 0.129, iou: 0.916, recall: 0.949, acc: 0.961
Val 128, loss: 1.117, iou: 0.592, recall: 0.756, acc: 0.780
Time: 25 s
Train 129, loss: 0.131, iou: 0.875, recall: 0.938, acc: 0.950
Val 129, loss: 1.021, iou: 0.617, recall: 0.731, acc: 0.790
Time: 25 s
Train 130, loss: 0.180, iou: 0.883, recall: 0.934, acc: 0.949
Val 130, loss: 1.279, iou: 0.575, recall: 0.719, acc: 0.746
Time: 25 s
Train 131, loss: 0.138, iou: 0.914, recall: 0.951, acc: 0.954
Val 131, loss: 1.146, iou: 0.593, recall: 0.725, acc: 0.784
Time: 25 s
Train 132, loss: 0.141, iou: 0.907, recall: 0.946, acc: 0.958
Val 132, loss: 1.241, iou: 0.602, recall: 0.757, acc: 0.774
Time: 25 s
Train 133, loss: 0.141, iou: 0.909, recall: 0.947, acc: 0.955
Val 133, loss: 1.107, iou: 0.609, recall: 0.733, acc: 0.782
Time: 25 s
Train 134, loss: 0.134, iou: 0.909, recall: 0.955, acc: 0.964
Val 134, loss: 1.259, iou: 0.539, recall: 0.667, acc: 0.758
Time: 25 s
Train 135, loss: 0.098, iou: 0.931, recall: 0.965, acc: 0.968
Val 135, loss: 1.286, iou: 0.556, recall: 0.702, acc: 0.748
Time: 25 s
Train 136, loss: 0.131, iou: 0.909, recall: 0.943, acc: 0.958
Val 136, loss: 1.328, iou: 0.546, recall: 0.666, acc: 0.772
Time: 25 s
Train 137, loss: 0.117, iou: 0.922, recall: 0.966, acc: 0.962
Val 137, loss: 1.137, iou: 0.624, recall: 0.742, acc: 0.782
Time: 25 s
Train 138, loss: 0.112, iou: 0.926, recall: 0.955, acc: 0.964
Val 138, loss: 1.245, iou: 0.553, recall: 0.686, acc: 0.750
Time: 25 s
Train 139, loss: 0.089, iou: 0.926, recall: 0.958, acc: 0.974
Val 139, loss: 1.129, iou: 0.593, recall: 0.717, acc: 0.792
Time: 25 s
Train 140, loss: 0.135, iou: 0.891, recall: 0.951, acc: 0.957
Val 140, loss: 1.290, iou: 0.609, recall: 0.716, acc: 0.772
Time: 25 s
Train 141, loss: 0.088, iou: 0.927, recall: 0.957, acc: 0.965
Val 141, loss: 1.098, iou: 0.614, recall: 0.713, acc: 0.792
Time: 25 s
Train 142, loss: 0.099, iou: 0.935, recall: 0.958, acc: 0.968
Val 142, loss: 1.038, iou: 0.622, recall: 0.737, acc: 0.808
Time: 25 s
Better model!
Train 143, loss: 0.103, iou: 0.940, recall: 0.968, acc: 0.969
Val 143, loss: 1.224, iou: 0.574, recall: 0.693, acc: 0.778
Time: 25 s
Train 144, loss: 0.080, iou: 0.936, recall: 0.966, acc: 0.973
Val 144, loss: 1.136, iou: 0.613, recall: 0.742, acc: 0.790
Time: 25 s
Train 145, loss: 0.076, iou: 0.941, recall: 0.964, acc: 0.976
Val 145, loss: 1.186, iou: 0.620, recall: 0.743, acc: 0.796
Time: 25 s
Train 146, loss: 0.086, iou: 0.927, recall: 0.964, acc: 0.971
Val 146, loss: 1.203, iou: 0.603, recall: 0.750, acc: 0.786
Time: 25 s
Train 147, loss: 0.099, iou: 0.912, recall: 0.954, acc: 0.966
Val 147, loss: 1.197, iou: 0.618, recall: 0.728, acc: 0.788
Time: 25 s
Train 148, loss: 0.114, iou: 0.914, recall: 0.946, acc: 0.964
Val 148, loss: 1.251, iou: 0.579, recall: 0.719, acc: 0.772
Time: 25 s
Train 149, loss: 0.112, iou: 0.915, recall: 0.955, acc: 0.964
Val 149, loss: 1.215, iou: 0.590, recall: 0.721, acc: 0.762
Time: 25 s
Train 150, loss: 0.177, iou: 0.891, recall: 0.938, acc: 0.942
Val 150, loss: 1.262, iou: 0.571, recall: 0.708, acc: 0.774
Time: 25 s
Train 151, loss: 0.136, iou: 0.917, recall: 0.957, acc: 0.959
Val 151, loss: 1.138, iou: 0.587, recall: 0.717, acc: 0.790
Time: 25 s
Train 152, loss: 0.144, iou: 0.884, recall: 0.937, acc: 0.952
Val 152, loss: 1.148, iou: 0.584, recall: 0.714, acc: 0.786
Time: 25 s
Train 153, loss: 0.143, iou: 0.905, recall: 0.945, acc: 0.962
Val 153, loss: 1.263, iou: 0.565, recall: 0.711, acc: 0.764
Time: 25 s
Train 154, loss: 0.145, iou: 0.903, recall: 0.944, acc: 0.954
Val 154, loss: 1.267, iou: 0.540, recall: 0.640, acc: 0.762
Time: 25 s
Train 155, loss: 0.125, iou: 0.902, recall: 0.938, acc: 0.961
Val 155, loss: 1.208, iou: 0.630, recall: 0.736, acc: 0.788
Time: 25 s
Train 156, loss: 0.112, iou: 0.924, recall: 0.955, acc: 0.963
Val 156, loss: 1.049, iou: 0.602, recall: 0.723, acc: 0.784
Time: 25 s
Train 157, loss: 0.082, iou: 0.953, recall: 0.978, acc: 0.974
Val 157, loss: 1.214, iou: 0.596, recall: 0.710, acc: 0.784
Time: 25 s
Train 158, loss: 0.080, iou: 0.943, recall: 0.971, acc: 0.974
Val 158, loss: 1.148, iou: 0.575, recall: 0.705, acc: 0.772
Time: 25 s
Train 159, loss: 0.115, iou: 0.916, recall: 0.952, acc: 0.959
Val 159, loss: 1.244, iou: 0.590, recall: 0.716, acc: 0.784
Time: 25 s
Train 160, loss: 0.126, iou: 0.902, recall: 0.951, acc: 0.954
Val 160, loss: 1.292, iou: 0.584, recall: 0.705, acc: 0.766
Time: 25 s
Train 161, loss: 0.074, iou: 0.935, recall: 0.958, acc: 0.981
Val 161, loss: 1.139, iou: 0.595, recall: 0.747, acc: 0.774
Time: 25 s
Train 162, loss: 0.065, iou: 0.950, recall: 0.977, acc: 0.978
Val 162, loss: 1.126, iou: 0.604, recall: 0.742, acc: 0.786
Time: 25 s
Train 163, loss: 0.103, iou: 0.924, recall: 0.952, acc: 0.967
Val 163, loss: 1.221, iou: 0.558, recall: 0.704, acc: 0.764
Time: 25 s
Train 164, loss: 0.086, iou: 0.928, recall: 0.959, acc: 0.970
Val 164, loss: 1.277, iou: 0.599, recall: 0.736, acc: 0.778
Time: 25 s
Train 165, loss: 0.101, iou: 0.915, recall: 0.951, acc: 0.966
Val 165, loss: 1.251, iou: 0.607, recall: 0.725, acc: 0.798
Time: 25 s
Train 166, loss: 0.099, iou: 0.930, recall: 0.964, acc: 0.970
Val 166, loss: 1.143, iou: 0.612, recall: 0.733, acc: 0.780
Time: 25 s
Train 167, loss: 0.118, iou: 0.919, recall: 0.958, acc: 0.962
Val 167, loss: 1.320, iou: 0.534, recall: 0.657, acc: 0.744
Time: 25 s
Train 168, loss: 0.074, iou: 0.904, recall: 0.940, acc: 0.971
Val 168, loss: 1.299, iou: 0.611, recall: 0.738, acc: 0.790
Time: 25 s
Train 169, loss: 0.077, iou: 0.943, recall: 0.970, acc: 0.973
Val 169, loss: 1.243, iou: 0.632, recall: 0.759, acc: 0.808
Time: 25 s
Better model!
Train 170, loss: 0.093, iou: 0.923, recall: 0.956, acc: 0.967
Val 170, loss: 1.117, iou: 0.610, recall: 0.741, acc: 0.800
Time: 25 s
Train 171, loss: 0.065, iou: 0.963, recall: 0.984, acc: 0.985
Val 171, loss: 1.154, iou: 0.598, recall: 0.746, acc: 0.784
Time: 25 s
Train 172, loss: 0.096, iou: 0.932, recall: 0.963, acc: 0.971
Val 172, loss: 1.219, iou: 0.591, recall: 0.728, acc: 0.794
Time: 25 s
Train 173, loss: 0.125, iou: 0.894, recall: 0.940, acc: 0.961
Val 173, loss: 1.309, iou: 0.585, recall: 0.712, acc: 0.790
Time: 25 s
Train 174, loss: 0.130, iou: 0.905, recall: 0.956, acc: 0.955
Val 174, loss: 1.339, iou: 0.580, recall: 0.722, acc: 0.774
Time: 25 s
Train 175, loss: 0.132, iou: 0.905, recall: 0.947, acc: 0.954
Val 175, loss: 1.269, iou: 0.560, recall: 0.671, acc: 0.762
Time: 25 s
Train 176, loss: 0.108, iou: 0.915, recall: 0.957, acc: 0.961
Val 176, loss: 1.268, iou: 0.578, recall: 0.709, acc: 0.782
Time: 25 s
Train 177, loss: 0.148, iou: 0.871, recall: 0.927, acc: 0.953
Val 177, loss: 1.208, iou: 0.600, recall: 0.729, acc: 0.774
Time: 25 s
Train 178, loss: 0.155, iou: 0.916, recall: 0.964, acc: 0.952
Val 178, loss: 1.323, iou: 0.597, recall: 0.711, acc: 0.788
Time: 25 s
Train 179, loss: 0.103, iou: 0.928, recall: 0.960, acc: 0.972
Val 179, loss: 1.311, iou: 0.606, recall: 0.740, acc: 0.790
Time: 25 s
Train 180, loss: 0.104, iou: 0.899, recall: 0.939, acc: 0.965
Val 180, loss: 1.207, iou: 0.599, recall: 0.773, acc: 0.794
Time: 25 s
Train 181, loss: 0.096, iou: 0.931, recall: 0.966, acc: 0.968
Val 181, loss: 1.110, iou: 0.578, recall: 0.711, acc: 0.784
Time: 25 s
Train 182, loss: 0.078, iou: 0.921, recall: 0.956, acc: 0.974
Val 182, loss: 1.181, iou: 0.594, recall: 0.727, acc: 0.788
Time: 25 s
Train 183, loss: 0.084, iou: 0.945, recall: 0.966, acc: 0.973
Val 183, loss: 1.229, iou: 0.573, recall: 0.722, acc: 0.766
Time: 25 s
Train 184, loss: 0.057, iou: 0.956, recall: 0.973, acc: 0.983
Val 184, loss: 1.361, iou: 0.564, recall: 0.686, acc: 0.772
Time: 25 s
Train 185, loss: 0.066, iou: 0.950, recall: 0.974, acc: 0.977
Val 185, loss: 1.185, iou: 0.637, recall: 0.768, acc: 0.802
Time: 25 s
Train 186, loss: 0.091, iou: 0.943, recall: 0.968, acc: 0.972
Val 186, loss: 1.624, iou: 0.561, recall: 0.682, acc: 0.770
Time: 25 s
Train 187, loss: 0.099, iou: 0.910, recall: 0.955, acc: 0.964
Val 187, loss: 1.277, iou: 0.569, recall: 0.718, acc: 0.788
Time: 25 s
Train 188, loss: 0.090, iou: 0.941, recall: 0.970, acc: 0.972
Val 188, loss: 1.135, iou: 0.587, recall: 0.751, acc: 0.794
Time: 25 s
Train 189, loss: 0.067, iou: 0.964, recall: 0.982, acc: 0.979
Val 189, loss: 1.399, iou: 0.610, recall: 0.715, acc: 0.778
Time: 25 s
Train 190, loss: 0.077, iou: 0.949, recall: 0.965, acc: 0.974
Val 190, loss: 1.266, iou: 0.589, recall: 0.734, acc: 0.790
Time: 25 s
Train 191, loss: 0.072, iou: 0.942, recall: 0.978, acc: 0.978
Val 191, loss: 1.133, iou: 0.613, recall: 0.751, acc: 0.798
Time: 25 s
Train 192, loss: 0.029, iou: 0.982, recall: 0.988, acc: 0.990
Val 192, loss: 1.329, iou: 0.603, recall: 0.752, acc: 0.782
Time: 25 s
Train 193, loss: 0.042, iou: 0.985, recall: 0.991, acc: 0.991
Val 193, loss: 1.284, iou: 0.594, recall: 0.726, acc: 0.788
Time: 25 s
Train 194, loss: 0.054, iou: 0.963, recall: 0.980, acc: 0.980
Val 194, loss: 1.240, iou: 0.596, recall: 0.717, acc: 0.772
Time: 25 s
Train 195, loss: 0.087, iou: 0.922, recall: 0.953, acc: 0.971
Val 195, loss: 1.368, iou: 0.602, recall: 0.752, acc: 0.772
Time: 25 s
Train 196, loss: 0.131, iou: 0.926, recall: 0.969, acc: 0.954
Val 196, loss: 1.486, iou: 0.551, recall: 0.654, acc: 0.748
Time: 25 s
Train 197, loss: 0.074, iou: 0.953, recall: 0.975, acc: 0.980
Val 197, loss: 1.229, iou: 0.603, recall: 0.742, acc: 0.796
Time: 25 s
Train 198, loss: 0.069, iou: 0.953, recall: 0.973, acc: 0.981
Val 198, loss: 1.082, iou: 0.615, recall: 0.738, acc: 0.816
Time: 25 s
Better model!
Train 199, loss: 0.057, iou: 0.965, recall: 0.978, acc: 0.982
Val 199, loss: 1.228, iou: 0.627, recall: 0.751, acc: 0.796
Time: 25 s
Train 200, loss: 0.049, iou: 0.971, recall: 0.985, acc: 0.982
Val 200, loss: 1.324, iou: 0.618, recall: 0.733, acc: 0.782
Time: 25 s
Train 201, loss: 0.085, iou: 0.943, recall: 0.971, acc: 0.976
Val 201, loss: 1.300, iou: 0.609, recall: 0.745, acc: 0.782
Time: 25 s
Train 202, loss: 0.111, iou: 0.889, recall: 0.938, acc: 0.961
Val 202, loss: 1.541, iou: 0.601, recall: 0.740, acc: 0.776
Time: 25 s
Train 203, loss: 0.067, iou: 0.946, recall: 0.971, acc: 0.981
Val 203, loss: 1.180, iou: 0.634, recall: 0.778, acc: 0.800
Time: 25 s
Train 204, loss: 0.094, iou: 0.938, recall: 0.973, acc: 0.968
Val 204, loss: 1.396, iou: 0.634, recall: 0.763, acc: 0.802
Time: 25 s
Train 205, loss: 0.083, iou: 0.942, recall: 0.968, acc: 0.973
Val 205, loss: 1.342, iou: 0.614, recall: 0.765, acc: 0.790
Time: 25 s
Train 206, loss: 0.113, iou: 0.921, recall: 0.954, acc: 0.966
Val 206, loss: 1.226, iou: 0.630, recall: 0.727, acc: 0.798
Time: 25 s
Train 207, loss: 0.090, iou: 0.943, recall: 0.968, acc: 0.974
Val 207, loss: 1.317, iou: 0.622, recall: 0.731, acc: 0.804
Time: 25 s
Train 208, loss: 0.126, iou: 0.912, recall: 0.955, acc: 0.957
Val 208, loss: 1.601, iou: 0.575, recall: 0.687, acc: 0.748
Time: 25 s
Train 209, loss: 0.087, iou: 0.958, recall: 0.972, acc: 0.973
Val 209, loss: 1.560, iou: 0.575, recall: 0.699, acc: 0.764
Time: 25 s
Train 210, loss: 0.109, iou: 0.936, recall: 0.967, acc: 0.967
Val 210, loss: 1.131, iou: 0.630, recall: 0.724, acc: 0.800
Time: 25 s
Train 211, loss: 0.116, iou: 0.923, recall: 0.967, acc: 0.968
Val 211, loss: 1.400, iou: 0.559, recall: 0.678, acc: 0.776
Time: 25 s
Train 212, loss: 0.142, iou: 0.903, recall: 0.946, acc: 0.959
Val 212, loss: 1.368, iou: 0.583, recall: 0.718, acc: 0.778
Time: 25 s
Train 213, loss: 0.066, iou: 0.961, recall: 0.978, acc: 0.979
Val 213, loss: 1.163, iou: 0.601, recall: 0.702, acc: 0.786
Time: 25 s
Train 214, loss: 0.062, iou: 0.961, recall: 0.984, acc: 0.979
Val 214, loss: 1.150, iou: 0.662, recall: 0.789, acc: 0.806
Time: 25 s
Train 215, loss: 0.061, iou: 0.969, recall: 0.985, acc: 0.981
Val 215, loss: 1.276, iou: 0.551, recall: 0.691, acc: 0.770
Time: 25 s
Train 216, loss: 0.107, iou: 0.940, recall: 0.974, acc: 0.969
Val 216, loss: 1.190, iou: 0.582, recall: 0.749, acc: 0.782
Time: 25 s
Train 217, loss: 0.057, iou: 0.952, recall: 0.982, acc: 0.982
Val 217, loss: 1.376, iou: 0.588, recall: 0.713, acc: 0.780
Time: 25 s
Train 218, loss: 0.080, iou: 0.959, recall: 0.977, acc: 0.981
Val 218, loss: 1.051, iou: 0.590, recall: 0.727, acc: 0.786
Time: 25 s
Train 219, loss: 0.053, iou: 0.951, recall: 0.970, acc: 0.985
Val 219, loss: 1.239, iou: 0.589, recall: 0.716, acc: 0.788
Time: 25 s
Train 220, loss: 0.082, iou: 0.913, recall: 0.953, acc: 0.970
Val 220, loss: 1.202, iou: 0.559, recall: 0.703, acc: 0.768
Time: 25 s
Train 221, loss: 0.123, iou: 0.940, recall: 0.973, acc: 0.967
Val 221, loss: 1.264, iou: 0.602, recall: 0.734, acc: 0.800
Time: 25 s
Train 222, loss: 0.089, iou: 0.962, recall: 0.976, acc: 0.983
Val 222, loss: 1.154, iou: 0.639, recall: 0.721, acc: 0.818
Time: 25 s
Better model!
Train 223, loss: 0.064, iou: 0.954, recall: 0.978, acc: 0.980
Val 223, loss: 1.234, iou: 0.584, recall: 0.729, acc: 0.770
Time: 25 s
Train 224, loss: 0.052, iou: 0.953, recall: 0.971, acc: 0.982
Val 224, loss: 1.139, iou: 0.635, recall: 0.752, acc: 0.810
Time: 25 s
Train 225, loss: 0.060, iou: 0.953, recall: 0.979, acc: 0.983
Val 225, loss: 1.116, iou: 0.633, recall: 0.770, acc: 0.804
Time: 25 s
Train 226, loss: 0.064, iou: 0.939, recall: 0.962, acc: 0.982
Val 226, loss: 1.195, iou: 0.591, recall: 0.715, acc: 0.782
Time: 25 s
Train 227, loss: 0.079, iou: 0.929, recall: 0.970, acc: 0.971
Val 227, loss: 1.324, iou: 0.573, recall: 0.711, acc: 0.774
Time: 25 s
Train 228, loss: 0.067, iou: 0.966, recall: 0.978, acc: 0.981
Val 228, loss: 1.486, iou: 0.565, recall: 0.692, acc: 0.750
Time: 25 s
Train 229, loss: 0.073, iou: 0.953, recall: 0.983, acc: 0.977
Val 229, loss: 1.204, iou: 0.620, recall: 0.751, acc: 0.792
Time: 25 s
Train 230, loss: 0.082, iou: 0.935, recall: 0.963, acc: 0.973
Val 230, loss: 1.257, iou: 0.612, recall: 0.743, acc: 0.804
Time: 25 s
Train 231, loss: 0.085, iou: 0.957, recall: 0.975, acc: 0.976
Val 231, loss: 1.201, iou: 0.605, recall: 0.715, acc: 0.792
Time: 25 s
Train 232, loss: 0.072, iou: 0.956, recall: 0.972, acc: 0.981
Val 232, loss: 1.182, iou: 0.637, recall: 0.747, acc: 0.814
Time: 25 s
Train 233, loss: 0.054, iou: 0.970, recall: 0.988, acc: 0.986
Val 233, loss: 1.198, iou: 0.600, recall: 0.718, acc: 0.786
Time: 25 s
Train 234, loss: 0.047, iou: 0.965, recall: 0.980, acc: 0.984
Val 234, loss: 1.250, iou: 0.586, recall: 0.695, acc: 0.790
Time: 25 s
Train 235, loss: 0.072, iou: 0.936, recall: 0.968, acc: 0.973
Val 235, loss: 1.366, iou: 0.592, recall: 0.713, acc: 0.784
Time: 25 s
Train 236, loss: 0.093, iou: 0.950, recall: 0.965, acc: 0.979
Val 236, loss: 1.405, iou: 0.593, recall: 0.727, acc: 0.768
Time: 25 s
Train 237, loss: 0.075, iou: 0.952, recall: 0.973, acc: 0.972
Val 237, loss: 1.293, iou: 0.591, recall: 0.715, acc: 0.784
Time: 25 s
Train 238, loss: 0.069, iou: 0.953, recall: 0.973, acc: 0.978
Val 238, loss: 1.295, iou: 0.618, recall: 0.730, acc: 0.790
Time: 25 s
Train 239, loss: 0.102, iou: 0.947, recall: 0.970, acc: 0.967
Val 239, loss: 1.253, iou: 0.594, recall: 0.693, acc: 0.780
Time: 25 s
Train 240, loss: 0.112, iou: 0.936, recall: 0.968, acc: 0.968
Val 240, loss: 1.339, iou: 0.571, recall: 0.712, acc: 0.772
Time: 25 s
Train 241, loss: 0.086, iou: 0.930, recall: 0.964, acc: 0.973
Val 241, loss: 1.582, iou: 0.599, recall: 0.741, acc: 0.784
Time: 25 s
Train 242, loss: 0.084, iou: 0.935, recall: 0.963, acc: 0.975
Val 242, loss: 1.272, iou: 0.612, recall: 0.747, acc: 0.798
Time: 25 s
Train 243, loss: 0.098, iou: 0.918, recall: 0.956, acc: 0.968
Val 243, loss: 1.371, iou: 0.628, recall: 0.762, acc: 0.810
Time: 25 s
Train 244, loss: 0.092, iou: 0.936, recall: 0.973, acc: 0.968
Val 244, loss: 1.380, iou: 0.587, recall: 0.724, acc: 0.786
Time: 25 s
Train 245, loss: 0.077, iou: 0.960, recall: 0.977, acc: 0.980
Val 245, loss: 1.471, iou: 0.585, recall: 0.709, acc: 0.762
Time: 25 s
Train 246, loss: 0.073, iou: 0.962, recall: 0.979, acc: 0.979
Val 246, loss: 1.421, iou: 0.610, recall: 0.733, acc: 0.802
Time: 25 s
Train 247, loss: 0.062, iou: 0.961, recall: 0.973, acc: 0.983
Val 247, loss: 1.168, iou: 0.631, recall: 0.756, acc: 0.798
Time: 25 s
Train 248, loss: 0.055, iou: 0.953, recall: 0.980, acc: 0.980
Val 248, loss: 1.508, iou: 0.595, recall: 0.685, acc: 0.772
Time: 25 s
Train 249, loss: 0.053, iou: 0.961, recall: 0.977, acc: 0.985
Val 249, loss: 1.369, iou: 0.619, recall: 0.764, acc: 0.792
Time: 25 s
Train 250, loss: 0.053, iou: 0.965, recall: 0.986, acc: 0.985
Val 250, loss: 1.300, iou: 0.652, recall: 0.760, acc: 0.800
Time: 25 s
Train 251, loss: 0.047, iou: 0.976, recall: 0.985, acc: 0.983
Val 251, loss: 1.260, iou: 0.638, recall: 0.771, acc: 0.808
Time: 25 s
Train 252, loss: 0.059, iou: 0.968, recall: 0.984, acc: 0.982
Val 252, loss: 1.350, iou: 0.604, recall: 0.743, acc: 0.790
Time: 25 s
Train 253, loss: 0.041, iou: 0.966, recall: 0.981, acc: 0.989
Val 253, loss: 1.235, iou: 0.590, recall: 0.717, acc: 0.794
Time: 25 s
Train 254, loss: 0.037, iou: 0.968, recall: 0.985, acc: 0.987
Val 254, loss: 1.377, iou: 0.629, recall: 0.750, acc: 0.792
Time: 25 s
Train 255, loss: 0.071, iou: 0.965, recall: 0.981, acc: 0.979
Val 255, loss: 1.342, iou: 0.610, recall: 0.715, acc: 0.794
Time: 25 s
Train 256, loss: 0.082, iou: 0.952, recall: 0.971, acc: 0.976
Val 256, loss: 1.452, iou: 0.625, recall: 0.730, acc: 0.790
Time: 25 s
Train 257, loss: 0.052, iou: 0.978, recall: 0.986, acc: 0.988
Val 257, loss: 1.406, iou: 0.595, recall: 0.730, acc: 0.790
Time: 25 s
Train 258, loss: 0.077, iou: 0.953, recall: 0.975, acc: 0.979
Val 258, loss: 1.485, iou: 0.603, recall: 0.747, acc: 0.780
Time: 25 s
Train 259, loss: 0.096, iou: 0.927, recall: 0.961, acc: 0.966
Val 259, loss: 1.305, iou: 0.578, recall: 0.697, acc: 0.770
Time: 25 s
Train 260, loss: 0.068, iou: 0.921, recall: 0.955, acc: 0.973
Val 260, loss: 1.189, iou: 0.620, recall: 0.764, acc: 0.796
Time: 25 s
Train 261, loss: 0.059, iou: 0.954, recall: 0.974, acc: 0.983
Val 261, loss: 1.127, iou: 0.604, recall: 0.732, acc: 0.784
Time: 25 s
Train 262, loss: 0.070, iou: 0.920, recall: 0.947, acc: 0.975
Val 262, loss: 1.219, iou: 0.606, recall: 0.731, acc: 0.786
Time: 25 s
Train 263, loss: 0.055, iou: 0.964, recall: 0.978, acc: 0.983
Val 263, loss: 1.188, iou: 0.649, recall: 0.792, acc: 0.816
Time: 25 s
Train 264, loss: 0.033, iou: 0.988, recall: 0.994, acc: 0.992
Val 264, loss: 1.232, iou: 0.645, recall: 0.771, acc: 0.826
Time: 25 s
Better model!
Train 265, loss: 0.025, iou: 0.984, recall: 0.994, acc: 0.990
Val 265, loss: 1.198, iou: 0.644, recall: 0.780, acc: 0.802
Time: 25 s
Train 266, loss: 0.034, iou: 0.970, recall: 0.980, acc: 0.989
Val 266, loss: 1.200, iou: 0.674, recall: 0.800, acc: 0.820
Time: 25 s
Train 267, loss: 0.045, iou: 0.981, recall: 0.992, acc: 0.988
Val 267, loss: 1.120, iou: 0.657, recall: 0.771, acc: 0.812
Time: 25 s
Train 268, loss: 0.027, iou: 0.984, recall: 0.992, acc: 0.992
Val 268, loss: 1.205, iou: 0.646, recall: 0.740, acc: 0.806
Time: 25 s
Train 269, loss: 0.019, iou: 0.983, recall: 0.988, acc: 0.993
Val 269, loss: 1.188, iou: 0.659, recall: 0.793, acc: 0.820
Time: 25 s
Train 270, loss: 0.027, iou: 0.975, recall: 0.989, acc: 0.993
Val 270, loss: 1.134, iou: 0.684, recall: 0.804, acc: 0.838
Time: 25 s
Better model!
Train 271, loss: 0.053, iou: 0.970, recall: 0.980, acc: 0.984
Val 271, loss: 1.328, iou: 0.647, recall: 0.766, acc: 0.804
Time: 25 s
Train 272, loss: 0.108, iou: 0.952, recall: 0.975, acc: 0.965
Val 272, loss: 1.378, iou: 0.607, recall: 0.763, acc: 0.772
Time: 25 s
Train 273, loss: 0.081, iou: 0.946, recall: 0.966, acc: 0.979
Val 273, loss: 1.313, iou: 0.594, recall: 0.762, acc: 0.788
Time: 25 s
Train 274, loss: 0.103, iou: 0.942, recall: 0.971, acc: 0.972
Val 274, loss: 1.536, iou: 0.609, recall: 0.758, acc: 0.780
Time: 25 s
Train 275, loss: 0.116, iou: 0.919, recall: 0.956, acc: 0.963
Val 275, loss: 1.678, iou: 0.538, recall: 0.663, acc: 0.744
Time: 25 s
Train 276, loss: 0.120, iou: 0.912, recall: 0.953, acc: 0.959
Val 276, loss: 1.418, iou: 0.563, recall: 0.676, acc: 0.768
Time: 25 s
Train 277, loss: 0.072, iou: 0.935, recall: 0.963, acc: 0.973
Val 277, loss: 1.225, iou: 0.607, recall: 0.720, acc: 0.800
Time: 25 s
Train 278, loss: 0.070, iou: 0.936, recall: 0.974, acc: 0.980
Val 278, loss: 1.386, iou: 0.582, recall: 0.713, acc: 0.756
Time: 25 s
Train 279, loss: 0.066, iou: 0.949, recall: 0.967, acc: 0.978
Val 279, loss: 1.263, iou: 0.628, recall: 0.770, acc: 0.806
Time: 25 s
Train 280, loss: 0.041, iou: 0.977, recall: 0.989, acc: 0.987
Val 280, loss: 1.289, iou: 0.628, recall: 0.737, acc: 0.790
Time: 25 s
Train 281, loss: 0.058, iou: 0.947, recall: 0.970, acc: 0.982
Val 281, loss: 1.408, iou: 0.591, recall: 0.719, acc: 0.780
Time: 25 s
Train 282, loss: 0.091, iou: 0.933, recall: 0.971, acc: 0.974
Val 282, loss: 1.392, iou: 0.628, recall: 0.747, acc: 0.796
Time: 25 s
Train 283, loss: 0.069, iou: 0.959, recall: 0.974, acc: 0.983
Val 283, loss: 1.258, iou: 0.602, recall: 0.717, acc: 0.792
Time: 25 s
Train 284, loss: 0.064, iou: 0.953, recall: 0.979, acc: 0.978
Val 284, loss: 1.369, iou: 0.590, recall: 0.701, acc: 0.790
Time: 25 s
Train 285, loss: 0.039, iou: 0.979, recall: 0.994, acc: 0.990
Val 285, loss: 1.213, iou: 0.626, recall: 0.734, acc: 0.798
Time: 25 s
Train 286, loss: 0.069, iou: 0.952, recall: 0.971, acc: 0.979
Val 286, loss: 1.356, iou: 0.625, recall: 0.747, acc: 0.784
Time: 25 s
Train 287, loss: 0.046, iou: 0.961, recall: 0.976, acc: 0.982
Val 287, loss: 1.358, iou: 0.611, recall: 0.720, acc: 0.776
Time: 25 s
Train 288, loss: 0.064, iou: 0.952, recall: 0.980, acc: 0.982
Val 288, loss: 1.234, iou: 0.645, recall: 0.754, acc: 0.812
Time: 25 s
Train 289, loss: 0.038, iou: 0.967, recall: 0.983, acc: 0.989
Val 289, loss: 1.354, iou: 0.601, recall: 0.720, acc: 0.788
Time: 25 s
Train 290, loss: 0.058, iou: 0.961, recall: 0.981, acc: 0.981
Val 290, loss: 1.413, iou: 0.594, recall: 0.714, acc: 0.764
Time: 25 s
Train 291, loss: 0.063, iou: 0.946, recall: 0.979, acc: 0.977
Val 291, loss: 1.473, iou: 0.611, recall: 0.727, acc: 0.782
Time: 25 s
Train 292, loss: 0.079, iou: 0.939, recall: 0.964, acc: 0.974
Val 292, loss: 1.262, iou: 0.582, recall: 0.692, acc: 0.788
Time: 25 s
Train 293, loss: 0.070, iou: 0.962, recall: 0.984, acc: 0.979
Val 293, loss: 1.079, iou: 0.627, recall: 0.731, acc: 0.808
Time: 25 s
Train 294, loss: 0.068, iou: 0.966, recall: 0.981, acc: 0.981
Val 294, loss: 1.302, iou: 0.594, recall: 0.708, acc: 0.798
Time: 25 s
Train 295, loss: 0.081, iou: 0.924, recall: 0.961, acc: 0.970
Val 295, loss: 1.416, iou: 0.602, recall: 0.705, acc: 0.780
Time: 25 s
Train 296, loss: 0.064, iou: 0.955, recall: 0.975, acc: 0.978
Val 296, loss: 1.363, iou: 0.641, recall: 0.766, acc: 0.804
Time: 25 s
Train 297, loss: 0.066, iou: 0.934, recall: 0.967, acc: 0.976
Val 297, loss: 1.376, iou: 0.542, recall: 0.656, acc: 0.762
Time: 25 s
Train 298, loss: 0.069, iou: 0.949, recall: 0.972, acc: 0.975
Val 298, loss: 1.453, iou: 0.604, recall: 0.751, acc: 0.782
Time: 25 s
Train 299, loss: 0.084, iou: 0.960, recall: 0.977, acc: 0.978
Val 299, loss: 1.302, iou: 0.622, recall: 0.747, acc: 0.792
Time: 25 s
