Namespace(add_color=False, batch_size=18, bn_momentum=0.5, bnm_decay=0.5, cuda=True, decay_step=200000.0, epochs=300, exp_name='512/xyz', input_plane=0, local=False, lr=0.001, lr_decay=0.7, num_points=512, output_plane=21, weight_decay=1e-05)
Train 0, loss: 2.536, iou: 0.066, recall: 0.133, acc: 0.251
Val 0, loss: 2.239, iou: 0.083, recall: 0.179, acc: 0.346
Time: 28 s
Better model!
Train 1, loss: 2.260, iou: 0.086, recall: 0.169, acc: 0.326
Val 1, loss: 2.019, iou: 0.132, recall: 0.250, acc: 0.400
Time: 22 s
Better model!
Train 2, loss: 2.120, iou: 0.108, recall: 0.194, acc: 0.358
Val 2, loss: 2.059, iou: 0.095, recall: 0.200, acc: 0.356
Time: 22 s
Train 3, loss: 2.062, iou: 0.114, recall: 0.202, acc: 0.352
Val 3, loss: 1.799, iou: 0.149, recall: 0.251, acc: 0.450
Time: 22 s
Better model!
Train 4, loss: 1.978, iou: 0.126, recall: 0.220, acc: 0.384
Val 4, loss: 1.711, iou: 0.182, recall: 0.296, acc: 0.490
Time: 22 s
Better model!
Train 5, loss: 1.962, iou: 0.131, recall: 0.224, acc: 0.385
Val 5, loss: 1.661, iou: 0.197, recall: 0.321, acc: 0.506
Time: 22 s
Better model!
Train 6, loss: 1.928, iou: 0.153, recall: 0.256, acc: 0.403
Val 6, loss: 1.711, iou: 0.174, recall: 0.283, acc: 0.458
Time: 22 s
Train 7, loss: 1.852, iou: 0.169, recall: 0.275, acc: 0.426
Val 7, loss: 1.563, iou: 0.213, recall: 0.339, acc: 0.514
Time: 22 s
Better model!
Train 8, loss: 1.790, iou: 0.180, recall: 0.289, acc: 0.441
Val 8, loss: 1.467, iou: 0.280, recall: 0.411, acc: 0.572
Time: 22 s
Better model!
Train 9, loss: 1.729, iou: 0.187, recall: 0.294, acc: 0.445
Val 9, loss: 1.501, iou: 0.258, recall: 0.382, acc: 0.534
Time: 22 s
Train 10, loss: 1.651, iou: 0.221, recall: 0.340, acc: 0.481
Val 10, loss: 1.378, iou: 0.322, recall: 0.462, acc: 0.596
Time: 22 s
Better model!
Train 11, loss: 1.646, iou: 0.219, recall: 0.341, acc: 0.487
Val 11, loss: 1.458, iou: 0.270, recall: 0.416, acc: 0.550
Time: 22 s
Train 12, loss: 1.685, iou: 0.222, recall: 0.343, acc: 0.480
Val 12, loss: 1.414, iou: 0.281, recall: 0.413, acc: 0.574
Time: 22 s
Train 13, loss: 1.663, iou: 0.243, recall: 0.371, acc: 0.496
Val 13, loss: 1.511, iou: 0.246, recall: 0.383, acc: 0.534
Time: 22 s
Train 14, loss: 1.582, iou: 0.242, recall: 0.364, acc: 0.507
Val 14, loss: 1.397, iou: 0.279, recall: 0.411, acc: 0.582
Time: 22 s
Train 15, loss: 1.593, iou: 0.227, recall: 0.352, acc: 0.504
Val 15, loss: 1.324, iou: 0.302, recall: 0.429, acc: 0.596
Time: 22 s
Better model!
Train 16, loss: 1.511, iou: 0.259, recall: 0.390, acc: 0.529
Val 16, loss: 1.413, iou: 0.268, recall: 0.413, acc: 0.572
Time: 22 s
Train 17, loss: 1.528, iou: 0.235, recall: 0.356, acc: 0.520
Val 17, loss: 1.332, iou: 0.317, recall: 0.455, acc: 0.612
Time: 22 s
Better model!
Train 18, loss: 1.473, iou: 0.286, recall: 0.414, acc: 0.550
Val 18, loss: 1.272, iou: 0.342, recall: 0.487, acc: 0.616
Time: 22 s
Better model!
Train 19, loss: 1.488, iou: 0.252, recall: 0.374, acc: 0.532
Val 19, loss: 1.258, iou: 0.335, recall: 0.467, acc: 0.610
Time: 22 s
Train 20, loss: 1.503, iou: 0.265, recall: 0.396, acc: 0.536
Val 20, loss: 1.186, iou: 0.342, recall: 0.477, acc: 0.638
Time: 22 s
Better model!
Train 21, loss: 1.454, iou: 0.279, recall: 0.410, acc: 0.550
Val 21, loss: 1.286, iou: 0.293, recall: 0.425, acc: 0.594
Time: 22 s
Train 22, loss: 1.462, iou: 0.277, recall: 0.409, acc: 0.541
Val 22, loss: 1.175, iou: 0.371, recall: 0.500, acc: 0.646
Time: 22 s
Better model!
Train 23, loss: 1.452, iou: 0.275, recall: 0.404, acc: 0.542
Val 23, loss: 1.349, iou: 0.256, recall: 0.391, acc: 0.566
Time: 22 s
Train 24, loss: 1.403, iou: 0.271, recall: 0.394, acc: 0.562
Val 24, loss: 1.113, iou: 0.419, recall: 0.578, acc: 0.668
Time: 22 s
Better model!
Train 25, loss: 1.427, iou: 0.299, recall: 0.441, acc: 0.556
Val 25, loss: 1.175, iou: 0.417, recall: 0.560, acc: 0.646
Time: 23 s
Train 26, loss: 1.364, iou: 0.320, recall: 0.456, acc: 0.580
Val 26, loss: 1.102, iou: 0.363, recall: 0.496, acc: 0.658
Time: 22 s
Train 27, loss: 1.344, iou: 0.322, recall: 0.459, acc: 0.589
Val 27, loss: 1.468, iou: 0.276, recall: 0.406, acc: 0.586
Time: 22 s
Train 28, loss: 1.403, iou: 0.296, recall: 0.434, acc: 0.558
Val 28, loss: 1.229, iou: 0.344, recall: 0.452, acc: 0.622
Time: 22 s
Train 29, loss: 1.317, iou: 0.328, recall: 0.466, acc: 0.586
Val 29, loss: 1.140, iou: 0.342, recall: 0.468, acc: 0.636
Time: 22 s
Train 30, loss: 1.360, iou: 0.294, recall: 0.426, acc: 0.572
Val 30, loss: 1.134, iou: 0.406, recall: 0.538, acc: 0.670
Time: 22 s
Better model!
Train 31, loss: 1.322, iou: 0.341, recall: 0.483, acc: 0.599
Val 31, loss: 1.121, iou: 0.420, recall: 0.547, acc: 0.664
Time: 22 s
Train 32, loss: 1.294, iou: 0.342, recall: 0.483, acc: 0.587
Val 32, loss: 1.059, iou: 0.419, recall: 0.557, acc: 0.678
Time: 22 s
Better model!
Train 33, loss: 1.301, iou: 0.331, recall: 0.469, acc: 0.596
Val 33, loss: 1.039, iou: 0.419, recall: 0.565, acc: 0.678
Time: 22 s
Better model!
Train 34, loss: 1.284, iou: 0.348, recall: 0.489, acc: 0.611
Val 34, loss: 1.083, iou: 0.385, recall: 0.555, acc: 0.662
Time: 22 s
Train 35, loss: 1.293, iou: 0.353, recall: 0.487, acc: 0.607
Val 35, loss: 1.126, iou: 0.392, recall: 0.531, acc: 0.652
Time: 22 s
Train 36, loss: 1.307, iou: 0.344, recall: 0.488, acc: 0.604
Val 36, loss: 1.098, iou: 0.416, recall: 0.563, acc: 0.676
Time: 22 s
Train 37, loss: 1.325, iou: 0.316, recall: 0.446, acc: 0.586
Val 37, loss: 1.059, iou: 0.417, recall: 0.558, acc: 0.684
Time: 22 s
Better model!
Train 38, loss: 1.254, iou: 0.333, recall: 0.463, acc: 0.595
Val 38, loss: 1.040, iou: 0.433, recall: 0.565, acc: 0.678
Time: 22 s
Train 39, loss: 1.291, iou: 0.335, recall: 0.479, acc: 0.591
Val 39, loss: 1.004, iou: 0.480, recall: 0.599, acc: 0.714
Time: 22 s
Better model!
Train 40, loss: 1.270, iou: 0.349, recall: 0.487, acc: 0.589
Val 40, loss: 1.006, iou: 0.439, recall: 0.585, acc: 0.696
Time: 22 s
Train 41, loss: 1.270, iou: 0.334, recall: 0.475, acc: 0.599
Val 41, loss: 1.002, iou: 0.436, recall: 0.577, acc: 0.700
Time: 22 s
Train 42, loss: 1.177, iou: 0.368, recall: 0.508, acc: 0.615
Val 42, loss: 1.072, iou: 0.364, recall: 0.490, acc: 0.668
Time: 22 s
Train 43, loss: 1.208, iou: 0.373, recall: 0.518, acc: 0.631
Val 43, loss: 0.994, iou: 0.424, recall: 0.558, acc: 0.684
Time: 22 s
Train 44, loss: 1.164, iou: 0.370, recall: 0.512, acc: 0.627
Val 44, loss: 1.000, iou: 0.479, recall: 0.595, acc: 0.704
Time: 22 s
Train 45, loss: 1.215, iou: 0.391, recall: 0.536, acc: 0.623
Val 45, loss: 1.074, iou: 0.420, recall: 0.564, acc: 0.666
Time: 22 s
Train 46, loss: 1.180, iou: 0.370, recall: 0.511, acc: 0.619
Val 46, loss: 0.933, iou: 0.448, recall: 0.592, acc: 0.702
Time: 22 s
Train 47, loss: 1.150, iou: 0.381, recall: 0.520, acc: 0.639
Val 47, loss: 1.078, iou: 0.418, recall: 0.552, acc: 0.660
Time: 22 s
Train 48, loss: 1.136, iou: 0.392, recall: 0.540, acc: 0.634
Val 48, loss: 0.938, iou: 0.473, recall: 0.586, acc: 0.720
Time: 22 s
Better model!
Train 49, loss: 1.177, iou: 0.369, recall: 0.511, acc: 0.628
Val 49, loss: 0.958, iou: 0.424, recall: 0.545, acc: 0.702
Time: 22 s
Train 50, loss: 1.143, iou: 0.363, recall: 0.500, acc: 0.629
Val 50, loss: 0.913, iou: 0.454, recall: 0.582, acc: 0.716
Time: 22 s
Train 51, loss: 1.195, iou: 0.365, recall: 0.498, acc: 0.631
Val 51, loss: 0.967, iou: 0.466, recall: 0.593, acc: 0.718
Time: 22 s
Train 52, loss: 1.125, iou: 0.389, recall: 0.530, acc: 0.645
Val 52, loss: 0.996, iou: 0.482, recall: 0.613, acc: 0.702
Time: 22 s
Train 53, loss: 1.141, iou: 0.383, recall: 0.522, acc: 0.640
Val 53, loss: 1.016, iou: 0.458, recall: 0.598, acc: 0.696
Time: 22 s
Train 54, loss: 1.126, iou: 0.401, recall: 0.544, acc: 0.629
Val 54, loss: 0.926, iou: 0.470, recall: 0.593, acc: 0.716
Time: 22 s
Train 55, loss: 1.133, iou: 0.396, recall: 0.542, acc: 0.633
Val 55, loss: 0.960, iou: 0.430, recall: 0.548, acc: 0.696
Time: 22 s
Train 56, loss: 1.145, iou: 0.383, recall: 0.518, acc: 0.639
Val 56, loss: 1.010, iou: 0.438, recall: 0.557, acc: 0.702
Time: 22 s
Train 57, loss: 1.095, iou: 0.417, recall: 0.566, acc: 0.661
Val 57, loss: 0.994, iou: 0.430, recall: 0.551, acc: 0.700
Time: 22 s
Train 58, loss: 1.011, iou: 0.422, recall: 0.561, acc: 0.672
Val 58, loss: 0.943, iou: 0.492, recall: 0.612, acc: 0.724
Time: 22 s
Better model!
Train 59, loss: 1.003, iou: 0.444, recall: 0.594, acc: 0.677
Val 59, loss: 0.974, iou: 0.470, recall: 0.604, acc: 0.714
Time: 22 s
Train 60, loss: 1.012, iou: 0.446, recall: 0.594, acc: 0.675
Val 60, loss: 0.929, iou: 0.455, recall: 0.582, acc: 0.720
Time: 22 s
Train 61, loss: 1.027, iou: 0.408, recall: 0.544, acc: 0.658
Val 61, loss: 0.898, iou: 0.466, recall: 0.592, acc: 0.738
Time: 22 s
Better model!
Train 62, loss: 1.054, iou: 0.428, recall: 0.568, acc: 0.657
Val 62, loss: 1.026, iou: 0.423, recall: 0.555, acc: 0.698
Time: 22 s
Train 63, loss: 1.034, iou: 0.414, recall: 0.552, acc: 0.669
Val 63, loss: 0.977, iou: 0.463, recall: 0.597, acc: 0.718
Time: 22 s
Train 64, loss: 1.062, iou: 0.422, recall: 0.560, acc: 0.663
Val 64, loss: 0.894, iou: 0.461, recall: 0.604, acc: 0.718
Time: 22 s
Train 65, loss: 1.014, iou: 0.414, recall: 0.548, acc: 0.680
Val 65, loss: 1.000, iou: 0.438, recall: 0.573, acc: 0.696
Time: 22 s
Train 66, loss: 1.033, iou: 0.455, recall: 0.602, acc: 0.675
Val 66, loss: 0.913, iou: 0.457, recall: 0.603, acc: 0.724
Time: 22 s
Train 67, loss: 1.074, iou: 0.425, recall: 0.577, acc: 0.654
Val 67, loss: 0.977, iou: 0.428, recall: 0.560, acc: 0.688
Time: 22 s
Train 68, loss: 1.006, iou: 0.456, recall: 0.593, acc: 0.688
Val 68, loss: 0.873, iou: 0.504, recall: 0.650, acc: 0.752
Time: 22 s
Better model!
Train 69, loss: 1.011, iou: 0.408, recall: 0.547, acc: 0.665
Val 69, loss: 0.911, iou: 0.470, recall: 0.589, acc: 0.708
Time: 22 s
Train 70, loss: 0.964, iou: 0.461, recall: 0.602, acc: 0.696
Val 70, loss: 0.874, iou: 0.541, recall: 0.676, acc: 0.758
Time: 22 s
Better model!
Train 71, loss: 0.962, iou: 0.447, recall: 0.594, acc: 0.707
Val 71, loss: 0.835, iou: 0.500, recall: 0.622, acc: 0.746
Time: 22 s
Train 72, loss: 1.058, iou: 0.403, recall: 0.543, acc: 0.651
Val 72, loss: 0.880, iou: 0.502, recall: 0.638, acc: 0.732
Time: 22 s
Train 73, loss: 0.966, iou: 0.420, recall: 0.555, acc: 0.677
Val 73, loss: 0.859, iou: 0.507, recall: 0.633, acc: 0.752
Time: 22 s
Train 74, loss: 0.964, iou: 0.466, recall: 0.607, acc: 0.688
Val 74, loss: 0.965, iou: 0.495, recall: 0.615, acc: 0.716
Time: 22 s
Train 75, loss: 0.918, iou: 0.450, recall: 0.591, acc: 0.695
Val 75, loss: 0.882, iou: 0.519, recall: 0.653, acc: 0.736
Time: 22 s
Train 76, loss: 1.043, iou: 0.398, recall: 0.536, acc: 0.664
Val 76, loss: 0.955, iou: 0.456, recall: 0.605, acc: 0.688
Time: 22 s
Train 77, loss: 0.976, iou: 0.452, recall: 0.602, acc: 0.683
Val 77, loss: 0.827, iou: 0.525, recall: 0.670, acc: 0.766
Time: 22 s
Better model!
Train 78, loss: 0.919, iou: 0.451, recall: 0.594, acc: 0.703
Val 78, loss: 0.989, iou: 0.496, recall: 0.633, acc: 0.718
Time: 22 s
Train 79, loss: 0.888, iou: 0.480, recall: 0.618, acc: 0.717
Val 79, loss: 0.871, iou: 0.493, recall: 0.614, acc: 0.738
Time: 22 s
Train 80, loss: 0.909, iou: 0.484, recall: 0.613, acc: 0.729
Val 80, loss: 1.008, iou: 0.471, recall: 0.612, acc: 0.720
Time: 22 s
Train 81, loss: 0.933, iou: 0.466, recall: 0.611, acc: 0.700
Val 81, loss: 1.116, iou: 0.462, recall: 0.578, acc: 0.680
Time: 22 s
Train 82, loss: 0.890, iou: 0.483, recall: 0.642, acc: 0.699
Val 82, loss: 0.961, iou: 0.470, recall: 0.592, acc: 0.720
Time: 22 s
Train 83, loss: 0.931, iou: 0.455, recall: 0.603, acc: 0.690
Val 83, loss: 0.955, iou: 0.463, recall: 0.589, acc: 0.726
Time: 22 s
Train 84, loss: 0.867, iou: 0.465, recall: 0.608, acc: 0.712
Val 84, loss: 0.875, iou: 0.524, recall: 0.651, acc: 0.752
Time: 22 s
Train 85, loss: 0.942, iou: 0.451, recall: 0.591, acc: 0.698
Val 85, loss: 0.937, iou: 0.507, recall: 0.634, acc: 0.734
Time: 22 s
Train 86, loss: 0.906, iou: 0.445, recall: 0.586, acc: 0.691
Val 86, loss: 0.924, iou: 0.501, recall: 0.619, acc: 0.730
Time: 22 s
Train 87, loss: 0.896, iou: 0.487, recall: 0.636, acc: 0.709
Val 87, loss: 0.814, iou: 0.520, recall: 0.632, acc: 0.754
Time: 22 s
Train 88, loss: 0.946, iou: 0.476, recall: 0.616, acc: 0.705
Val 88, loss: 0.960, iou: 0.478, recall: 0.614, acc: 0.722
Time: 22 s
Train 89, loss: 0.865, iou: 0.496, recall: 0.637, acc: 0.718
Val 89, loss: 0.944, iou: 0.495, recall: 0.601, acc: 0.720
Time: 22 s
Train 90, loss: 0.929, iou: 0.486, recall: 0.636, acc: 0.711
Val 90, loss: 0.873, iou: 0.549, recall: 0.673, acc: 0.744
Time: 22 s
Train 91, loss: 0.896, iou: 0.474, recall: 0.613, acc: 0.713
Val 91, loss: 0.810, iou: 0.512, recall: 0.636, acc: 0.762
Time: 22 s
Train 92, loss: 0.875, iou: 0.507, recall: 0.640, acc: 0.729
Val 92, loss: 0.981, iou: 0.487, recall: 0.602, acc: 0.716
Time: 22 s
Train 93, loss: 0.844, iou: 0.461, recall: 0.594, acc: 0.717
Val 93, loss: 0.910, iou: 0.540, recall: 0.669, acc: 0.748
Time: 22 s
Train 94, loss: 0.855, iou: 0.478, recall: 0.616, acc: 0.718
Val 94, loss: 0.913, iou: 0.522, recall: 0.671, acc: 0.736
Time: 22 s
Train 95, loss: 0.826, iou: 0.528, recall: 0.685, acc: 0.741
Val 95, loss: 0.847, iou: 0.542, recall: 0.664, acc: 0.762
Time: 23 s
Train 96, loss: 0.872, iou: 0.518, recall: 0.663, acc: 0.721
Val 96, loss: 0.896, iou: 0.528, recall: 0.677, acc: 0.750
Time: 22 s
Train 97, loss: 0.818, iou: 0.508, recall: 0.654, acc: 0.731
Val 97, loss: 0.799, iou: 0.507, recall: 0.677, acc: 0.754
Time: 22 s
Train 98, loss: 0.825, iou: 0.502, recall: 0.632, acc: 0.734
Val 98, loss: 0.985, iou: 0.495, recall: 0.640, acc: 0.728
Time: 22 s
Train 99, loss: 0.843, iou: 0.535, recall: 0.675, acc: 0.741
Val 99, loss: 0.919, iou: 0.543, recall: 0.658, acc: 0.742
Time: 22 s
Train 100, loss: 0.804, iou: 0.520, recall: 0.659, acc: 0.740
Val 100, loss: 0.847, iou: 0.577, recall: 0.689, acc: 0.788
Time: 22 s
Better model!
Train 101, loss: 0.860, iou: 0.491, recall: 0.634, acc: 0.710
Val 101, loss: 1.025, iou: 0.531, recall: 0.672, acc: 0.748
Time: 22 s
Train 102, loss: 0.822, iou: 0.511, recall: 0.648, acc: 0.739
Val 102, loss: 0.841, iou: 0.522, recall: 0.657, acc: 0.762
Time: 22 s
Train 103, loss: 0.797, iou: 0.511, recall: 0.645, acc: 0.737
Val 103, loss: 0.843, iou: 0.520, recall: 0.629, acc: 0.750
Time: 22 s
Train 104, loss: 0.811, iou: 0.506, recall: 0.639, acc: 0.741
Val 104, loss: 0.914, iou: 0.505, recall: 0.637, acc: 0.732
Time: 23 s
Train 105, loss: 0.792, iou: 0.499, recall: 0.655, acc: 0.735
Val 105, loss: 0.977, iou: 0.544, recall: 0.647, acc: 0.746
Time: 22 s
Train 106, loss: 0.815, iou: 0.508, recall: 0.639, acc: 0.737
Val 106, loss: 0.848, iou: 0.550, recall: 0.678, acc: 0.748
Time: 22 s
Train 107, loss: 0.770, iou: 0.540, recall: 0.687, acc: 0.749
Val 107, loss: 0.792, iou: 0.557, recall: 0.687, acc: 0.778
Time: 22 s
Train 108, loss: 0.793, iou: 0.544, recall: 0.682, acc: 0.735
Val 108, loss: 0.924, iou: 0.531, recall: 0.668, acc: 0.742
Time: 22 s
Train 109, loss: 0.805, iou: 0.508, recall: 0.644, acc: 0.744
Val 109, loss: 0.907, iou: 0.553, recall: 0.702, acc: 0.760
Time: 22 s
Train 110, loss: 0.773, iou: 0.511, recall: 0.662, acc: 0.735
Val 110, loss: 0.860, iou: 0.533, recall: 0.661, acc: 0.760
Time: 22 s
Train 111, loss: 0.725, iou: 0.525, recall: 0.667, acc: 0.762
Val 111, loss: 0.837, iou: 0.570, recall: 0.711, acc: 0.748
Time: 22 s
Train 112, loss: 0.711, iou: 0.555, recall: 0.692, acc: 0.768
Val 112, loss: 0.857, iou: 0.540, recall: 0.705, acc: 0.752
Time: 22 s
Train 113, loss: 0.694, iou: 0.590, recall: 0.714, acc: 0.783
Val 113, loss: 0.896, iou: 0.495, recall: 0.633, acc: 0.722
Time: 22 s
Train 114, loss: 0.759, iou: 0.565, recall: 0.704, acc: 0.758
Val 114, loss: 0.976, iou: 0.494, recall: 0.625, acc: 0.738
Time: 22 s
Train 115, loss: 0.747, iou: 0.549, recall: 0.686, acc: 0.772
Val 115, loss: 0.830, iou: 0.542, recall: 0.684, acc: 0.748
Time: 22 s
Train 116, loss: 0.752, iou: 0.571, recall: 0.706, acc: 0.754
Val 116, loss: 0.865, iou: 0.547, recall: 0.668, acc: 0.754
Time: 22 s
Train 117, loss: 0.683, iou: 0.563, recall: 0.694, acc: 0.778
Val 117, loss: 0.986, iou: 0.524, recall: 0.659, acc: 0.732
Time: 22 s
Train 118, loss: 0.759, iou: 0.563, recall: 0.696, acc: 0.764
Val 118, loss: 0.867, iou: 0.553, recall: 0.688, acc: 0.784
Time: 22 s
Train 119, loss: 0.693, iou: 0.559, recall: 0.693, acc: 0.773
Val 119, loss: 0.907, iou: 0.533, recall: 0.656, acc: 0.776
Time: 22 s
Train 120, loss: 0.722, iou: 0.560, recall: 0.695, acc: 0.773
Val 120, loss: 0.916, iou: 0.548, recall: 0.673, acc: 0.756
Time: 22 s
Train 121, loss: 0.704, iou: 0.567, recall: 0.691, acc: 0.778
Val 121, loss: 0.819, iou: 0.547, recall: 0.684, acc: 0.776
Time: 22 s
Train 122, loss: 0.766, iou: 0.588, recall: 0.721, acc: 0.771
Val 122, loss: 0.826, iou: 0.569, recall: 0.714, acc: 0.776
Time: 22 s
Train 123, loss: 0.702, iou: 0.555, recall: 0.689, acc: 0.770
Val 123, loss: 0.817, iou: 0.550, recall: 0.676, acc: 0.760
Time: 22 s
Train 124, loss: 0.671, iou: 0.542, recall: 0.674, acc: 0.783
Val 124, loss: 0.807, iou: 0.567, recall: 0.697, acc: 0.758
Time: 22 s
Train 125, loss: 0.692, iou: 0.583, recall: 0.712, acc: 0.770
Val 125, loss: 1.179, iou: 0.527, recall: 0.626, acc: 0.710
Time: 22 s
Train 126, loss: 0.727, iou: 0.524, recall: 0.656, acc: 0.754
Val 126, loss: 0.787, iou: 0.604, recall: 0.725, acc: 0.790
Time: 22 s
Better model!
Train 127, loss: 0.706, iou: 0.548, recall: 0.687, acc: 0.756
Val 127, loss: 0.800, iou: 0.558, recall: 0.686, acc: 0.780
Time: 22 s
Train 128, loss: 0.661, iou: 0.625, recall: 0.753, acc: 0.793
Val 128, loss: 0.821, iou: 0.544, recall: 0.663, acc: 0.764
Time: 22 s
Train 129, loss: 0.627, iou: 0.611, recall: 0.728, acc: 0.792
Val 129, loss: 0.787, iou: 0.588, recall: 0.718, acc: 0.792
Time: 22 s
Better model!
Train 130, loss: 0.681, iou: 0.552, recall: 0.698, acc: 0.766
Val 130, loss: 0.836, iou: 0.539, recall: 0.678, acc: 0.756
Time: 23 s
Train 131, loss: 0.692, iou: 0.599, recall: 0.739, acc: 0.778
Val 131, loss: 0.815, iou: 0.575, recall: 0.689, acc: 0.794
Time: 22 s
Better model!
Train 132, loss: 0.659, iou: 0.586, recall: 0.719, acc: 0.789
Val 132, loss: 0.838, iou: 0.551, recall: 0.666, acc: 0.766
Time: 22 s
Train 133, loss: 0.691, iou: 0.581, recall: 0.720, acc: 0.777
Val 133, loss: 0.810, iou: 0.598, recall: 0.732, acc: 0.790
Time: 22 s
Train 134, loss: 0.659, iou: 0.571, recall: 0.703, acc: 0.773
Val 134, loss: 0.852, iou: 0.607, recall: 0.699, acc: 0.812
Time: 23 s
Better model!
Train 135, loss: 0.721, iou: 0.593, recall: 0.735, acc: 0.760
Val 135, loss: 0.869, iou: 0.566, recall: 0.722, acc: 0.766
Time: 22 s
Train 136, loss: 0.666, iou: 0.579, recall: 0.711, acc: 0.782
Val 136, loss: 0.918, iou: 0.567, recall: 0.677, acc: 0.778
Time: 22 s
Train 137, loss: 0.624, iou: 0.605, recall: 0.735, acc: 0.808
Val 137, loss: 0.769, iou: 0.603, recall: 0.720, acc: 0.794
Time: 22 s
Train 138, loss: 0.628, iou: 0.596, recall: 0.723, acc: 0.801
Val 138, loss: 0.838, iou: 0.619, recall: 0.734, acc: 0.800
Time: 22 s
Train 139, loss: 0.670, iou: 0.560, recall: 0.693, acc: 0.783
Val 139, loss: 0.779, iou: 0.576, recall: 0.712, acc: 0.782
Time: 23 s
Train 140, loss: 0.592, iou: 0.622, recall: 0.758, acc: 0.799
Val 140, loss: 0.866, iou: 0.537, recall: 0.663, acc: 0.766
Time: 22 s
Train 141, loss: 0.652, iou: 0.596, recall: 0.727, acc: 0.796
Val 141, loss: 0.785, iou: 0.568, recall: 0.694, acc: 0.798
Time: 23 s
Train 142, loss: 0.584, iou: 0.649, recall: 0.771, acc: 0.812
Val 142, loss: 0.749, iou: 0.548, recall: 0.676, acc: 0.780
Time: 22 s
Train 143, loss: 0.578, iou: 0.651, recall: 0.762, acc: 0.808
Val 143, loss: 0.863, iou: 0.622, recall: 0.756, acc: 0.800
Time: 22 s
Train 144, loss: 0.630, iou: 0.601, recall: 0.735, acc: 0.799
Val 144, loss: 0.824, iou: 0.586, recall: 0.704, acc: 0.788
Time: 22 s
Train 145, loss: 0.628, iou: 0.580, recall: 0.712, acc: 0.789
Val 145, loss: 0.843, iou: 0.614, recall: 0.732, acc: 0.812
Time: 22 s
Better model!
Train 146, loss: 0.570, iou: 0.653, recall: 0.778, acc: 0.821
Val 146, loss: 0.804, iou: 0.577, recall: 0.695, acc: 0.796
Time: 22 s
Train 147, loss: 0.612, iou: 0.608, recall: 0.747, acc: 0.799
Val 147, loss: 0.827, iou: 0.584, recall: 0.705, acc: 0.788
Time: 22 s
Train 148, loss: 0.603, iou: 0.561, recall: 0.696, acc: 0.788
Val 148, loss: 0.805, iou: 0.618, recall: 0.725, acc: 0.806
Time: 22 s
Train 149, loss: 0.599, iou: 0.628, recall: 0.745, acc: 0.800
Val 149, loss: 0.881, iou: 0.584, recall: 0.699, acc: 0.788
Time: 22 s
Train 150, loss: 0.590, iou: 0.625, recall: 0.740, acc: 0.809
Val 150, loss: 0.803, iou: 0.615, recall: 0.730, acc: 0.778
Time: 22 s
Train 151, loss: 0.584, iou: 0.643, recall: 0.771, acc: 0.818
Val 151, loss: 0.809, iou: 0.590, recall: 0.708, acc: 0.798
Time: 22 s
Train 152, loss: 0.657, iou: 0.580, recall: 0.701, acc: 0.794
Val 152, loss: 0.871, iou: 0.600, recall: 0.720, acc: 0.782
Time: 22 s
Train 153, loss: 0.622, iou: 0.607, recall: 0.736, acc: 0.800
Val 153, loss: 0.848, iou: 0.618, recall: 0.736, acc: 0.808
Time: 22 s
Train 154, loss: 0.574, iou: 0.602, recall: 0.730, acc: 0.813
Val 154, loss: 0.824, iou: 0.569, recall: 0.678, acc: 0.774
Time: 22 s
Train 155, loss: 0.617, iou: 0.642, recall: 0.763, acc: 0.811
Val 155, loss: 0.922, iou: 0.532, recall: 0.661, acc: 0.762
Time: 22 s
Train 156, loss: 0.622, iou: 0.614, recall: 0.733, acc: 0.802
Val 156, loss: 0.895, iou: 0.565, recall: 0.669, acc: 0.764
Time: 23 s
Train 157, loss: 0.534, iou: 0.630, recall: 0.757, acc: 0.817
Val 157, loss: 0.747, iou: 0.585, recall: 0.705, acc: 0.780
Time: 22 s
Train 158, loss: 0.573, iou: 0.624, recall: 0.760, acc: 0.812
Val 158, loss: 0.752, iou: 0.612, recall: 0.725, acc: 0.812
Time: 22 s
Better model!
Train 159, loss: 0.575, iou: 0.643, recall: 0.759, acc: 0.812
Val 159, loss: 0.821, iou: 0.578, recall: 0.697, acc: 0.790
Time: 22 s
Train 160, loss: 0.612, iou: 0.620, recall: 0.738, acc: 0.804
Val 160, loss: 0.852, iou: 0.608, recall: 0.732, acc: 0.804
Time: 22 s
Train 161, loss: 0.546, iou: 0.659, recall: 0.784, acc: 0.822
Val 161, loss: 0.820, iou: 0.609, recall: 0.705, acc: 0.816
Time: 22 s
Better model!
Train 162, loss: 0.583, iou: 0.639, recall: 0.771, acc: 0.807
Val 162, loss: 0.772, iou: 0.611, recall: 0.726, acc: 0.818
Time: 22 s
Better model!
Train 163, loss: 0.597, iou: 0.624, recall: 0.743, acc: 0.801
Val 163, loss: 0.801, iou: 0.586, recall: 0.710, acc: 0.796
Time: 22 s
Train 164, loss: 0.579, iou: 0.653, recall: 0.774, acc: 0.815
Val 164, loss: 0.839, iou: 0.576, recall: 0.712, acc: 0.786
Time: 22 s
Train 165, loss: 0.584, iou: 0.634, recall: 0.761, acc: 0.816
Val 165, loss: 0.913, iou: 0.624, recall: 0.722, acc: 0.804
Time: 22 s
Train 166, loss: 0.541, iou: 0.654, recall: 0.762, acc: 0.826
Val 166, loss: 0.769, iou: 0.619, recall: 0.755, acc: 0.824
Time: 22 s
Better model!
Train 167, loss: 0.567, iou: 0.665, recall: 0.794, acc: 0.824
Val 167, loss: 0.767, iou: 0.594, recall: 0.708, acc: 0.820
Time: 22 s
Train 168, loss: 0.582, iou: 0.613, recall: 0.736, acc: 0.809
Val 168, loss: 0.811, iou: 0.620, recall: 0.729, acc: 0.824
Time: 22 s
Better model!
Train 169, loss: 0.560, iou: 0.661, recall: 0.775, acc: 0.827
Val 169, loss: 0.848, iou: 0.596, recall: 0.697, acc: 0.800
Time: 22 s
Train 170, loss: 0.564, iou: 0.629, recall: 0.758, acc: 0.815
Val 170, loss: 0.776, iou: 0.647, recall: 0.752, acc: 0.826
Time: 23 s
Better model!
Train 171, loss: 0.567, iou: 0.636, recall: 0.767, acc: 0.818
Val 171, loss: 0.885, iou: 0.609, recall: 0.711, acc: 0.820
Time: 22 s
Train 172, loss: 0.581, iou: 0.627, recall: 0.770, acc: 0.814
Val 172, loss: 0.863, iou: 0.620, recall: 0.727, acc: 0.812
Time: 22 s
Train 173, loss: 0.549, iou: 0.669, recall: 0.771, acc: 0.837
Val 173, loss: 0.805, iou: 0.605, recall: 0.723, acc: 0.822
Time: 22 s
Train 174, loss: 0.522, iou: 0.654, recall: 0.780, acc: 0.833
Val 174, loss: 0.799, iou: 0.599, recall: 0.718, acc: 0.798
Time: 22 s
Train 175, loss: 0.459, iou: 0.671, recall: 0.795, acc: 0.847
Val 175, loss: 0.730, iou: 0.618, recall: 0.728, acc: 0.818
Time: 22 s
Train 176, loss: 0.519, iou: 0.659, recall: 0.765, acc: 0.837
Val 176, loss: 0.809, iou: 0.621, recall: 0.740, acc: 0.812
Time: 22 s
Train 177, loss: 0.517, iou: 0.644, recall: 0.762, acc: 0.828
Val 177, loss: 0.856, iou: 0.604, recall: 0.751, acc: 0.812
Time: 22 s
Train 178, loss: 0.539, iou: 0.642, recall: 0.777, acc: 0.806
Val 178, loss: 0.821, iou: 0.623, recall: 0.721, acc: 0.828
Time: 22 s
Better model!
Train 179, loss: 0.522, iou: 0.649, recall: 0.772, acc: 0.833
Val 179, loss: 0.838, iou: 0.591, recall: 0.711, acc: 0.804
Time: 22 s
Train 180, loss: 0.555, iou: 0.671, recall: 0.799, acc: 0.833
Val 180, loss: 0.826, iou: 0.595, recall: 0.726, acc: 0.804
Time: 22 s
Train 181, loss: 0.530, iou: 0.666, recall: 0.794, acc: 0.821
Val 181, loss: 1.038, iou: 0.537, recall: 0.652, acc: 0.768
Time: 22 s
Train 182, loss: 0.568, iou: 0.617, recall: 0.738, acc: 0.817
Val 182, loss: 0.961, iou: 0.586, recall: 0.688, acc: 0.808
Time: 22 s
Train 183, loss: 0.534, iou: 0.684, recall: 0.804, acc: 0.837
Val 183, loss: 0.768, iou: 0.631, recall: 0.738, acc: 0.828
Time: 23 s
Better model!
Train 184, loss: 0.533, iou: 0.652, recall: 0.780, acc: 0.820
Val 184, loss: 0.891, iou: 0.602, recall: 0.730, acc: 0.814
Time: 22 s
Train 185, loss: 0.477, iou: 0.680, recall: 0.799, acc: 0.847
Val 185, loss: 0.837, iou: 0.595, recall: 0.695, acc: 0.804
Time: 22 s
Train 186, loss: 0.529, iou: 0.647, recall: 0.763, acc: 0.824
Val 186, loss: 0.724, iou: 0.625, recall: 0.747, acc: 0.832
Time: 22 s
Better model!
Train 187, loss: 0.500, iou: 0.674, recall: 0.780, acc: 0.841
Val 187, loss: 0.767, iou: 0.594, recall: 0.702, acc: 0.816
Time: 23 s
Train 188, loss: 0.458, iou: 0.687, recall: 0.812, acc: 0.856
Val 188, loss: 0.853, iou: 0.646, recall: 0.742, acc: 0.814
Time: 22 s
Train 189, loss: 0.475, iou: 0.707, recall: 0.810, acc: 0.854
Val 189, loss: 0.781, iou: 0.649, recall: 0.775, acc: 0.826
Time: 22 s
Train 190, loss: 0.495, iou: 0.648, recall: 0.769, acc: 0.836
Val 190, loss: 0.849, iou: 0.636, recall: 0.731, acc: 0.828
Time: 22 s
Train 191, loss: 0.549, iou: 0.651, recall: 0.766, acc: 0.838
Val 191, loss: 0.943, iou: 0.573, recall: 0.709, acc: 0.800
Time: 22 s
Train 192, loss: 0.503, iou: 0.664, recall: 0.781, acc: 0.831
Val 192, loss: 0.926, iou: 0.591, recall: 0.705, acc: 0.806
Time: 22 s
Train 193, loss: 0.502, iou: 0.668, recall: 0.784, acc: 0.834
Val 193, loss: 0.804, iou: 0.607, recall: 0.725, acc: 0.810
Time: 23 s
Train 194, loss: 0.522, iou: 0.691, recall: 0.802, acc: 0.840
Val 194, loss: 0.886, iou: 0.604, recall: 0.709, acc: 0.820
Time: 22 s
Train 195, loss: 0.459, iou: 0.701, recall: 0.822, acc: 0.853
Val 195, loss: 0.756, iou: 0.641, recall: 0.760, acc: 0.836
Time: 22 s
Better model!
Train 196, loss: 0.504, iou: 0.653, recall: 0.761, acc: 0.829
Val 196, loss: 0.908, iou: 0.548, recall: 0.667, acc: 0.798
Time: 22 s
Train 197, loss: 0.528, iou: 0.643, recall: 0.768, acc: 0.818
Val 197, loss: 0.838, iou: 0.586, recall: 0.692, acc: 0.812
Time: 22 s
Train 198, loss: 0.531, iou: 0.681, recall: 0.811, acc: 0.831
Val 198, loss: 0.938, iou: 0.626, recall: 0.712, acc: 0.806
Time: 22 s
Train 199, loss: 0.443, iou: 0.674, recall: 0.796, acc: 0.837
Val 199, loss: 0.870, iou: 0.600, recall: 0.721, acc: 0.802
Time: 22 s
Train 200, loss: 0.547, iou: 0.683, recall: 0.801, acc: 0.816
Val 200, loss: 0.841, iou: 0.607, recall: 0.730, acc: 0.810
Time: 22 s
Train 201, loss: 0.538, iou: 0.675, recall: 0.784, acc: 0.820
Val 201, loss: 0.865, iou: 0.639, recall: 0.748, acc: 0.840
Time: 22 s
Better model!
Train 202, loss: 0.497, iou: 0.690, recall: 0.815, acc: 0.835
Val 202, loss: 0.775, iou: 0.593, recall: 0.711, acc: 0.812
Time: 22 s
Train 203, loss: 0.490, iou: 0.665, recall: 0.785, acc: 0.841
Val 203, loss: 0.896, iou: 0.597, recall: 0.711, acc: 0.794
Time: 22 s
Train 204, loss: 0.474, iou: 0.702, recall: 0.816, acc: 0.854
Val 204, loss: 0.845, iou: 0.595, recall: 0.719, acc: 0.800
Time: 22 s
Train 205, loss: 0.477, iou: 0.672, recall: 0.779, acc: 0.849
Val 205, loss: 0.923, iou: 0.600, recall: 0.719, acc: 0.808
Time: 22 s
Train 206, loss: 0.467, iou: 0.688, recall: 0.798, acc: 0.845
Val 206, loss: 0.920, iou: 0.581, recall: 0.711, acc: 0.774
Time: 22 s
Train 207, loss: 0.504, iou: 0.691, recall: 0.805, acc: 0.849
Val 207, loss: 0.893, iou: 0.603, recall: 0.727, acc: 0.810
Time: 22 s
Train 208, loss: 0.482, iou: 0.669, recall: 0.796, acc: 0.844
Val 208, loss: 0.977, iou: 0.595, recall: 0.716, acc: 0.806
Time: 22 s
Train 209, loss: 0.466, iou: 0.691, recall: 0.797, acc: 0.843
Val 209, loss: 0.883, iou: 0.609, recall: 0.708, acc: 0.816
Time: 23 s
Train 210, loss: 0.499, iou: 0.664, recall: 0.787, acc: 0.835
Val 210, loss: 0.864, iou: 0.640, recall: 0.735, acc: 0.830
Time: 22 s
Train 211, loss: 0.467, iou: 0.722, recall: 0.814, acc: 0.844
Val 211, loss: 0.847, iou: 0.647, recall: 0.760, acc: 0.832
Time: 22 s
Train 212, loss: 0.475, iou: 0.674, recall: 0.791, acc: 0.847
Val 212, loss: 0.770, iou: 0.621, recall: 0.753, acc: 0.826
Time: 22 s
Train 213, loss: 0.510, iou: 0.671, recall: 0.785, acc: 0.834
Val 213, loss: 0.839, iou: 0.606, recall: 0.727, acc: 0.800
Time: 22 s
Train 214, loss: 0.443, iou: 0.670, recall: 0.786, acc: 0.848
Val 214, loss: 0.798, iou: 0.615, recall: 0.740, acc: 0.814
Time: 22 s
Train 215, loss: 0.443, iou: 0.706, recall: 0.808, acc: 0.855
Val 215, loss: 0.760, iou: 0.626, recall: 0.756, acc: 0.822
Time: 22 s
Train 216, loss: 0.402, iou: 0.729, recall: 0.835, acc: 0.869
Val 216, loss: 0.917, iou: 0.619, recall: 0.718, acc: 0.820
Time: 22 s
Train 217, loss: 0.503, iou: 0.671, recall: 0.780, acc: 0.835
Val 217, loss: 0.925, iou: 0.636, recall: 0.760, acc: 0.812
Time: 22 s
Train 218, loss: 0.493, iou: 0.675, recall: 0.804, acc: 0.838
Val 218, loss: 0.852, iou: 0.605, recall: 0.717, acc: 0.800
Time: 22 s
Train 219, loss: 0.481, iou: 0.690, recall: 0.812, acc: 0.850
Val 219, loss: 0.880, iou: 0.605, recall: 0.726, acc: 0.810
Time: 22 s
Train 220, loss: 0.518, iou: 0.656, recall: 0.793, acc: 0.831
Val 220, loss: 0.941, iou: 0.627, recall: 0.739, acc: 0.806
Time: 22 s
Train 221, loss: 0.452, iou: 0.733, recall: 0.816, acc: 0.862
Val 221, loss: 0.906, iou: 0.605, recall: 0.724, acc: 0.810
Time: 22 s
Train 222, loss: 0.488, iou: 0.746, recall: 0.854, acc: 0.853
Val 222, loss: 0.746, iou: 0.673, recall: 0.753, acc: 0.824
Time: 22 s
Train 223, loss: 0.463, iou: 0.697, recall: 0.809, acc: 0.845
Val 223, loss: 0.743, iou: 0.646, recall: 0.734, acc: 0.818
Time: 22 s
Train 224, loss: 0.476, iou: 0.705, recall: 0.821, acc: 0.849
Val 224, loss: 0.841, iou: 0.646, recall: 0.744, acc: 0.826
Time: 22 s
Train 225, loss: 0.461, iou: 0.685, recall: 0.797, acc: 0.848
Val 225, loss: 0.768, iou: 0.616, recall: 0.726, acc: 0.818
Time: 22 s
Train 226, loss: 0.383, iou: 0.754, recall: 0.859, acc: 0.875
Val 226, loss: 0.781, iou: 0.619, recall: 0.730, acc: 0.836
Time: 22 s
Train 227, loss: 0.420, iou: 0.719, recall: 0.820, acc: 0.849
Val 227, loss: 0.865, iou: 0.634, recall: 0.728, acc: 0.818
Time: 23 s
Train 228, loss: 0.431, iou: 0.712, recall: 0.819, acc: 0.855
Val 228, loss: 0.907, iou: 0.635, recall: 0.735, acc: 0.818
Time: 22 s
Train 229, loss: 0.391, iou: 0.737, recall: 0.838, acc: 0.880
Val 229, loss: 0.865, iou: 0.595, recall: 0.711, acc: 0.812
Time: 22 s
Train 230, loss: 0.397, iou: 0.716, recall: 0.818, acc: 0.861
Val 230, loss: 1.040, iou: 0.631, recall: 0.747, acc: 0.804
Time: 22 s
Train 231, loss: 0.402, iou: 0.708, recall: 0.808, acc: 0.856
Val 231, loss: 0.870, iou: 0.651, recall: 0.750, acc: 0.814
Time: 22 s
Train 232, loss: 0.459, iou: 0.699, recall: 0.810, acc: 0.856
Val 232, loss: 0.878, iou: 0.647, recall: 0.765, acc: 0.828
Time: 22 s
Train 233, loss: 0.462, iou: 0.701, recall: 0.820, acc: 0.852
Val 233, loss: 0.897, iou: 0.644, recall: 0.733, acc: 0.804
Time: 22 s
Train 234, loss: 0.402, iou: 0.755, recall: 0.849, acc: 0.873
Val 234, loss: 0.818, iou: 0.667, recall: 0.771, acc: 0.828
Time: 22 s
Train 235, loss: 0.452, iou: 0.727, recall: 0.835, acc: 0.856
Val 235, loss: 0.931, iou: 0.664, recall: 0.770, acc: 0.828
Time: 23 s
Train 236, loss: 0.458, iou: 0.724, recall: 0.835, acc: 0.857
Val 236, loss: 0.858, iou: 0.654, recall: 0.746, acc: 0.830
Time: 22 s
Train 237, loss: 0.418, iou: 0.777, recall: 0.865, acc: 0.878
Val 237, loss: 0.996, iou: 0.618, recall: 0.731, acc: 0.796
Time: 22 s
Train 238, loss: 0.454, iou: 0.722, recall: 0.817, acc: 0.852
Val 238, loss: 0.908, iou: 0.660, recall: 0.758, acc: 0.834
Time: 22 s
Train 239, loss: 0.458, iou: 0.711, recall: 0.818, acc: 0.851
Val 239, loss: 1.110, iou: 0.606, recall: 0.715, acc: 0.782
Time: 22 s
Train 240, loss: 0.409, iou: 0.722, recall: 0.815, acc: 0.868
Val 240, loss: 0.923, iou: 0.590, recall: 0.696, acc: 0.798
Time: 22 s
Train 241, loss: 0.415, iou: 0.743, recall: 0.832, acc: 0.871
Val 241, loss: 0.828, iou: 0.635, recall: 0.743, acc: 0.824
Time: 22 s
Train 242, loss: 0.401, iou: 0.717, recall: 0.828, acc: 0.865
Val 242, loss: 1.115, iou: 0.584, recall: 0.686, acc: 0.790
Time: 22 s
Train 243, loss: 0.388, iou: 0.753, recall: 0.851, acc: 0.881
Val 243, loss: 0.895, iou: 0.632, recall: 0.739, acc: 0.812
Time: 22 s
Train 244, loss: 0.411, iou: 0.731, recall: 0.841, acc: 0.863
Val 244, loss: 1.015, iou: 0.647, recall: 0.756, acc: 0.820
Time: 22 s
Train 245, loss: 0.479, iou: 0.713, recall: 0.827, acc: 0.859
Val 245, loss: 0.964, iou: 0.644, recall: 0.765, acc: 0.832
Time: 22 s
Train 246, loss: 0.431, iou: 0.695, recall: 0.795, acc: 0.858
Val 246, loss: 1.036, iou: 0.649, recall: 0.746, acc: 0.816
Time: 22 s
Train 247, loss: 0.415, iou: 0.736, recall: 0.840, acc: 0.868
Val 247, loss: 0.903, iou: 0.623, recall: 0.723, acc: 0.794
Time: 22 s
Train 248, loss: 0.432, iou: 0.706, recall: 0.822, acc: 0.849
Val 248, loss: 0.876, iou: 0.652, recall: 0.743, acc: 0.826
Time: 22 s
Train 249, loss: 0.393, iou: 0.719, recall: 0.827, acc: 0.873
Val 249, loss: 0.900, iou: 0.623, recall: 0.702, acc: 0.802
Time: 22 s
Train 250, loss: 0.466, iou: 0.727, recall: 0.835, acc: 0.849
Val 250, loss: 1.009, iou: 0.615, recall: 0.716, acc: 0.786
Time: 22 s
Train 251, loss: 0.436, iou: 0.668, recall: 0.789, acc: 0.849
Val 251, loss: 0.939, iou: 0.596, recall: 0.708, acc: 0.808
Time: 22 s
Train 252, loss: 0.448, iou: 0.737, recall: 0.845, acc: 0.861
Val 252, loss: 0.880, iou: 0.669, recall: 0.755, acc: 0.834
Time: 22 s
Train 253, loss: 0.394, iou: 0.738, recall: 0.833, acc: 0.872
Val 253, loss: 0.845, iou: 0.648, recall: 0.752, acc: 0.832
Time: 22 s
Train 254, loss: 0.487, iou: 0.700, recall: 0.807, acc: 0.846
Val 254, loss: 0.972, iou: 0.615, recall: 0.699, acc: 0.806
Time: 22 s
Train 255, loss: 0.466, iou: 0.685, recall: 0.801, acc: 0.838
Val 255, loss: 0.850, iou: 0.635, recall: 0.738, acc: 0.820
Time: 23 s
Train 256, loss: 0.414, iou: 0.749, recall: 0.852, acc: 0.871
Val 256, loss: 0.932, iou: 0.590, recall: 0.706, acc: 0.800
Time: 22 s
Train 257, loss: 0.426, iou: 0.718, recall: 0.817, acc: 0.854
Val 257, loss: 0.756, iou: 0.668, recall: 0.761, acc: 0.836
Time: 22 s
Train 258, loss: 0.464, iou: 0.748, recall: 0.844, acc: 0.860
Val 258, loss: 0.935, iou: 0.655, recall: 0.745, acc: 0.828
Time: 22 s
Train 259, loss: 0.466, iou: 0.675, recall: 0.794, acc: 0.846
Val 259, loss: 0.879, iou: 0.630, recall: 0.734, acc: 0.830
Time: 22 s
Train 260, loss: 0.421, iou: 0.693, recall: 0.803, acc: 0.855
Val 260, loss: 0.831, iou: 0.646, recall: 0.757, acc: 0.842
Time: 22 s
Better model!
Train 261, loss: 0.342, iou: 0.781, recall: 0.872, acc: 0.883
Val 261, loss: 0.857, iou: 0.639, recall: 0.727, acc: 0.844
Time: 23 s
Better model!
Train 262, loss: 0.376, iou: 0.727, recall: 0.831, acc: 0.872
Val 262, loss: 0.855, iou: 0.625, recall: 0.757, acc: 0.822
Time: 22 s
Train 263, loss: 0.390, iou: 0.742, recall: 0.856, acc: 0.865
Val 263, loss: 0.890, iou: 0.627, recall: 0.744, acc: 0.818
Time: 22 s
Train 264, loss: 0.384, iou: 0.794, recall: 0.873, acc: 0.886
Val 264, loss: 0.976, iou: 0.603, recall: 0.691, acc: 0.802
Time: 22 s
Train 265, loss: 0.388, iou: 0.730, recall: 0.833, acc: 0.877
Val 265, loss: 0.940, iou: 0.623, recall: 0.729, acc: 0.824
Time: 22 s
Train 266, loss: 0.364, iou: 0.766, recall: 0.869, acc: 0.884
Val 266, loss: 0.904, iou: 0.652, recall: 0.743, acc: 0.832
Time: 22 s
Train 267, loss: 0.420, iou: 0.703, recall: 0.804, acc: 0.857
Val 267, loss: 0.831, iou: 0.626, recall: 0.749, acc: 0.808
Time: 22 s
Train 268, loss: 0.392, iou: 0.741, recall: 0.838, acc: 0.880
Val 268, loss: 0.779, iou: 0.629, recall: 0.745, acc: 0.802
Time: 22 s
Train 269, loss: 0.419, iou: 0.708, recall: 0.817, acc: 0.859
Val 269, loss: 0.902, iou: 0.620, recall: 0.737, acc: 0.820
Time: 22 s
Train 270, loss: 0.343, iou: 0.754, recall: 0.844, acc: 0.886
Val 270, loss: 0.742, iou: 0.670, recall: 0.760, acc: 0.844
Time: 22 s
Better model!
Train 271, loss: 0.389, iou: 0.732, recall: 0.841, acc: 0.871
Val 271, loss: 0.834, iou: 0.626, recall: 0.738, acc: 0.822
Time: 22 s
Train 272, loss: 0.426, iou: 0.776, recall: 0.870, acc: 0.883
Val 272, loss: 0.906, iou: 0.621, recall: 0.724, acc: 0.818
Time: 22 s
Train 273, loss: 0.455, iou: 0.715, recall: 0.825, acc: 0.853
Val 273, loss: 0.815, iou: 0.661, recall: 0.745, acc: 0.820
Time: 22 s
Train 274, loss: 0.437, iou: 0.736, recall: 0.830, acc: 0.867
Val 274, loss: 0.887, iou: 0.643, recall: 0.750, acc: 0.820
Time: 22 s
Train 275, loss: 0.365, iou: 0.743, recall: 0.839, acc: 0.875
Val 275, loss: 0.817, iou: 0.670, recall: 0.770, acc: 0.828
Time: 22 s
Train 276, loss: 0.352, iou: 0.767, recall: 0.857, acc: 0.891
Val 276, loss: 0.927, iou: 0.619, recall: 0.717, acc: 0.798
Time: 22 s
Train 277, loss: 0.341, iou: 0.797, recall: 0.895, acc: 0.889
Val 277, loss: 0.917, iou: 0.652, recall: 0.746, acc: 0.828
Time: 22 s
Train 278, loss: 0.436, iou: 0.734, recall: 0.849, acc: 0.861
Val 278, loss: 0.780, iou: 0.628, recall: 0.754, acc: 0.820
Time: 22 s
Train 279, loss: 0.438, iou: 0.703, recall: 0.812, acc: 0.866
Val 279, loss: 0.780, iou: 0.655, recall: 0.760, acc: 0.828
Time: 22 s
Train 280, loss: 0.352, iou: 0.749, recall: 0.849, acc: 0.883
Val 280, loss: 0.937, iou: 0.663, recall: 0.772, acc: 0.826
Time: 22 s
Train 281, loss: 0.376, iou: 0.735, recall: 0.836, acc: 0.884
Val 281, loss: 0.940, iou: 0.640, recall: 0.752, acc: 0.802
Time: 22 s
Train 282, loss: 0.368, iou: 0.756, recall: 0.841, acc: 0.881
Val 282, loss: 0.873, iou: 0.626, recall: 0.741, acc: 0.818
Time: 22 s
Train 283, loss: 0.404, iou: 0.773, recall: 0.855, acc: 0.883
Val 283, loss: 0.867, iou: 0.636, recall: 0.736, acc: 0.824
Time: 22 s
Train 284, loss: 0.404, iou: 0.778, recall: 0.876, acc: 0.869
Val 284, loss: 0.826, iou: 0.644, recall: 0.748, acc: 0.820
Time: 22 s
Train 285, loss: 0.371, iou: 0.753, recall: 0.856, acc: 0.889
Val 285, loss: 0.846, iou: 0.638, recall: 0.771, acc: 0.828
Time: 22 s
Train 286, loss: 0.394, iou: 0.741, recall: 0.842, acc: 0.873
Val 286, loss: 0.890, iou: 0.593, recall: 0.708, acc: 0.816
Time: 22 s
Train 287, loss: 0.369, iou: 0.770, recall: 0.849, acc: 0.887
Val 287, loss: 1.006, iou: 0.618, recall: 0.726, acc: 0.820
Time: 22 s
Train 288, loss: 0.409, iou: 0.734, recall: 0.834, acc: 0.869
Val 288, loss: 0.799, iou: 0.692, recall: 0.789, acc: 0.844
Time: 23 s
Better model!
Train 289, loss: 0.357, iou: 0.759, recall: 0.846, acc: 0.879
Val 289, loss: 0.864, iou: 0.626, recall: 0.737, acc: 0.812
Time: 22 s
Train 290, loss: 0.392, iou: 0.752, recall: 0.848, acc: 0.866
Val 290, loss: 0.863, iou: 0.611, recall: 0.714, acc: 0.820
Time: 22 s
Train 291, loss: 0.404, iou: 0.753, recall: 0.850, acc: 0.877
Val 291, loss: 0.781, iou: 0.681, recall: 0.771, acc: 0.840
Time: 22 s
Train 292, loss: 0.343, iou: 0.760, recall: 0.837, acc: 0.886
Val 292, loss: 0.781, iou: 0.661, recall: 0.765, acc: 0.838
Time: 23 s
Train 293, loss: 0.360, iou: 0.726, recall: 0.825, acc: 0.877
Val 293, loss: 0.849, iou: 0.641, recall: 0.766, acc: 0.830
Time: 22 s
Train 294, loss: 0.422, iou: 0.745, recall: 0.852, acc: 0.881
Val 294, loss: 0.830, iou: 0.644, recall: 0.743, acc: 0.836
Time: 22 s
Train 295, loss: 0.363, iou: 0.769, recall: 0.860, acc: 0.890
Val 295, loss: 0.812, iou: 0.641, recall: 0.737, acc: 0.826
Time: 22 s
Train 296, loss: 0.326, iou: 0.760, recall: 0.858, acc: 0.894
Val 296, loss: 0.928, iou: 0.654, recall: 0.762, acc: 0.830
Time: 22 s
Train 297, loss: 0.365, iou: 0.767, recall: 0.847, acc: 0.888
Val 297, loss: 0.919, iou: 0.627, recall: 0.735, acc: 0.810
Time: 22 s
Train 298, loss: 0.381, iou: 0.758, recall: 0.857, acc: 0.879
Val 298, loss: 0.954, iou: 0.602, recall: 0.723, acc: 0.816
Time: 22 s
Train 299, loss: 0.355, iou: 0.745, recall: 0.845, acc: 0.884
Val 299, loss: 0.870, iou: 0.653, recall: 0.770, acc: 0.830
Time: 22 s
