Namespace(add_color=True, batch_size=18, bn_momentum=0.5, bnm_decay=0.5, cuda=True, decay_step=200000.0, epochs=300, exp_name='8192/color', input_plane=3, local=False, lr=0.001, lr_decay=0.7, num_points=8192, output_plane=21, weight_decay=1e-05)
Train 0, loss: 2.622, iou: 0.052, recall: 0.109, acc: 0.209
Val 0, loss: 2.472, iou: 0.055, recall: 0.121, acc: 0.246
Time: 29 s
Better model!
Train 1, loss: 2.455, iou: 0.069, recall: 0.139, acc: 0.256
Val 1, loss: 2.408, iou: 0.065, recall: 0.151, acc: 0.262
Time: 23 s
Better model!
Train 2, loss: 2.432, iou: 0.071, recall: 0.145, acc: 0.273
Val 2, loss: 2.268, iou: 0.086, recall: 0.189, acc: 0.340
Time: 23 s
Better model!
Train 3, loss: 2.320, iou: 0.077, recall: 0.153, acc: 0.290
Val 3, loss: 2.320, iou: 0.072, recall: 0.153, acc: 0.254
Time: 23 s
Train 4, loss: 2.271, iou: 0.087, recall: 0.165, acc: 0.312
Val 4, loss: 2.145, iou: 0.106, recall: 0.203, acc: 0.354
Time: 23 s
Better model!
Train 5, loss: 2.156, iou: 0.094, recall: 0.179, acc: 0.340
Val 5, loss: 2.058, iou: 0.104, recall: 0.204, acc: 0.372
Time: 23 s
Better model!
Train 6, loss: 2.102, iou: 0.100, recall: 0.184, acc: 0.343
Val 6, loss: 1.962, iou: 0.125, recall: 0.226, acc: 0.412
Time: 23 s
Better model!
Train 7, loss: 2.076, iou: 0.114, recall: 0.206, acc: 0.385
Val 7, loss: 1.994, iou: 0.103, recall: 0.202, acc: 0.376
Time: 23 s
Train 8, loss: 2.013, iou: 0.125, recall: 0.220, acc: 0.391
Val 8, loss: 1.944, iou: 0.125, recall: 0.228, acc: 0.376
Time: 23 s
Train 9, loss: 1.959, iou: 0.135, recall: 0.233, acc: 0.403
Val 9, loss: 2.128, iou: 0.091, recall: 0.174, acc: 0.348
Time: 23 s
Train 10, loss: 1.921, iou: 0.144, recall: 0.240, acc: 0.414
Val 10, loss: 2.076, iou: 0.103, recall: 0.192, acc: 0.366
Time: 23 s
Train 11, loss: 1.819, iou: 0.156, recall: 0.255, acc: 0.435
Val 11, loss: 1.762, iou: 0.178, recall: 0.282, acc: 0.464
Time: 23 s
Better model!
Train 12, loss: 1.779, iou: 0.162, recall: 0.266, acc: 0.444
Val 12, loss: 1.683, iou: 0.198, recall: 0.320, acc: 0.494
Time: 23 s
Better model!
Train 13, loss: 1.729, iou: 0.174, recall: 0.278, acc: 0.454
Val 13, loss: 1.812, iou: 0.179, recall: 0.298, acc: 0.454
Time: 23 s
Train 14, loss: 1.704, iou: 0.184, recall: 0.290, acc: 0.471
Val 14, loss: 1.811, iou: 0.169, recall: 0.295, acc: 0.404
Time: 23 s
Train 15, loss: 1.677, iou: 0.215, recall: 0.325, acc: 0.477
Val 15, loss: 1.674, iou: 0.196, recall: 0.298, acc: 0.478
Time: 23 s
Train 16, loss: 1.612, iou: 0.221, recall: 0.336, acc: 0.487
Val 16, loss: 1.665, iou: 0.212, recall: 0.306, acc: 0.480
Time: 23 s
Train 17, loss: 1.511, iou: 0.269, recall: 0.400, acc: 0.537
Val 17, loss: 1.555, iou: 0.263, recall: 0.380, acc: 0.536
Time: 23 s
Better model!
Train 18, loss: 1.492, iou: 0.254, recall: 0.377, acc: 0.535
Val 18, loss: 1.533, iou: 0.252, recall: 0.370, acc: 0.532
Time: 23 s
Train 19, loss: 1.498, iou: 0.251, recall: 0.373, acc: 0.527
Val 19, loss: 1.420, iou: 0.272, recall: 0.386, acc: 0.560
Time: 23 s
Better model!
Train 20, loss: 1.421, iou: 0.264, recall: 0.384, acc: 0.562
Val 20, loss: 1.416, iou: 0.314, recall: 0.433, acc: 0.570
Time: 23 s
Better model!
Train 21, loss: 1.351, iou: 0.280, recall: 0.409, acc: 0.571
Val 21, loss: 1.445, iou: 0.305, recall: 0.405, acc: 0.562
Time: 23 s
Train 22, loss: 1.247, iou: 0.323, recall: 0.447, acc: 0.591
Val 22, loss: 1.348, iou: 0.326, recall: 0.460, acc: 0.580
Time: 23 s
Better model!
Train 23, loss: 1.238, iou: 0.299, recall: 0.431, acc: 0.586
Val 23, loss: 1.321, iou: 0.336, recall: 0.453, acc: 0.606
Time: 23 s
Better model!
Train 24, loss: 1.205, iou: 0.353, recall: 0.487, acc: 0.626
Val 24, loss: 1.299, iou: 0.349, recall: 0.505, acc: 0.598
Time: 23 s
Train 25, loss: 1.135, iou: 0.366, recall: 0.507, acc: 0.631
Val 25, loss: 1.276, iou: 0.341, recall: 0.460, acc: 0.628
Time: 23 s
Better model!
Train 26, loss: 1.066, iou: 0.379, recall: 0.518, acc: 0.662
Val 26, loss: 1.379, iou: 0.341, recall: 0.484, acc: 0.598
Time: 23 s
Train 27, loss: 1.059, iou: 0.364, recall: 0.493, acc: 0.647
Val 27, loss: 1.126, iou: 0.381, recall: 0.552, acc: 0.640
Time: 23 s
Better model!
Train 28, loss: 1.089, iou: 0.390, recall: 0.543, acc: 0.641
Val 28, loss: 1.093, iou: 0.418, recall: 0.543, acc: 0.670
Time: 23 s
Better model!
Train 29, loss: 1.062, iou: 0.381, recall: 0.517, acc: 0.663
Val 29, loss: 1.330, iou: 0.395, recall: 0.529, acc: 0.598
Time: 23 s
Train 30, loss: 0.934, iou: 0.450, recall: 0.587, acc: 0.695
Val 30, loss: 1.143, iou: 0.451, recall: 0.580, acc: 0.674
Time: 23 s
Better model!
Train 31, loss: 0.915, iou: 0.459, recall: 0.601, acc: 0.716
Val 31, loss: 1.245, iou: 0.379, recall: 0.495, acc: 0.636
Time: 23 s
Train 32, loss: 0.906, iou: 0.456, recall: 0.600, acc: 0.697
Val 32, loss: 1.175, iou: 0.434, recall: 0.562, acc: 0.656
Time: 23 s
Train 33, loss: 0.862, iou: 0.489, recall: 0.636, acc: 0.720
Val 33, loss: 1.131, iou: 0.481, recall: 0.610, acc: 0.682
Time: 23 s
Better model!
Train 34, loss: 0.845, iou: 0.508, recall: 0.642, acc: 0.739
Val 34, loss: 1.051, iou: 0.438, recall: 0.586, acc: 0.676
Time: 23 s
Train 35, loss: 0.827, iou: 0.499, recall: 0.639, acc: 0.725
Val 35, loss: 1.015, iou: 0.489, recall: 0.618, acc: 0.686
Time: 23 s
Better model!
Train 36, loss: 0.753, iou: 0.525, recall: 0.658, acc: 0.756
Val 36, loss: 1.201, iou: 0.427, recall: 0.563, acc: 0.646
Time: 23 s
Train 37, loss: 0.732, iou: 0.522, recall: 0.660, acc: 0.756
Val 37, loss: 1.201, iou: 0.455, recall: 0.597, acc: 0.660
Time: 23 s
Train 38, loss: 0.758, iou: 0.510, recall: 0.647, acc: 0.746
Val 38, loss: 1.145, iou: 0.506, recall: 0.655, acc: 0.698
Time: 23 s
Better model!
Train 39, loss: 0.674, iou: 0.546, recall: 0.666, acc: 0.783
Val 39, loss: 1.208, iou: 0.419, recall: 0.523, acc: 0.672
Time: 23 s
Train 40, loss: 0.638, iou: 0.623, recall: 0.745, acc: 0.804
Val 40, loss: 1.182, iou: 0.474, recall: 0.613, acc: 0.678
Time: 23 s
Train 41, loss: 0.601, iou: 0.602, recall: 0.731, acc: 0.797
Val 41, loss: 1.194, iou: 0.449, recall: 0.606, acc: 0.684
Time: 23 s
Train 42, loss: 0.616, iou: 0.618, recall: 0.741, acc: 0.806
Val 42, loss: 1.053, iou: 0.491, recall: 0.637, acc: 0.686
Time: 23 s
Train 43, loss: 0.583, iou: 0.637, recall: 0.758, acc: 0.827
Val 43, loss: 1.105, iou: 0.488, recall: 0.618, acc: 0.680
Time: 23 s
Train 44, loss: 0.539, iou: 0.632, recall: 0.757, acc: 0.813
Val 44, loss: 0.942, iou: 0.543, recall: 0.666, acc: 0.748
Time: 23 s
Better model!
Train 45, loss: 0.523, iou: 0.665, recall: 0.792, acc: 0.833
Val 45, loss: 1.152, iou: 0.505, recall: 0.614, acc: 0.704
Time: 23 s
Train 46, loss: 0.473, iou: 0.683, recall: 0.800, acc: 0.846
Val 46, loss: 0.964, iou: 0.532, recall: 0.668, acc: 0.728
Time: 23 s
Train 47, loss: 0.523, iou: 0.630, recall: 0.743, acc: 0.832
Val 47, loss: 1.239, iou: 0.450, recall: 0.574, acc: 0.680
Time: 23 s
Train 48, loss: 0.452, iou: 0.695, recall: 0.814, acc: 0.854
Val 48, loss: 1.106, iou: 0.505, recall: 0.645, acc: 0.728
Time: 23 s
Train 49, loss: 0.475, iou: 0.670, recall: 0.778, acc: 0.833
Val 49, loss: 1.020, iou: 0.474, recall: 0.598, acc: 0.702
Time: 23 s
Train 50, loss: 0.442, iou: 0.697, recall: 0.805, acc: 0.854
Val 50, loss: 0.995, iou: 0.540, recall: 0.674, acc: 0.744
Time: 23 s
Train 51, loss: 0.384, iou: 0.734, recall: 0.846, acc: 0.880
Val 51, loss: 1.130, iou: 0.475, recall: 0.604, acc: 0.696
Time: 23 s
Train 52, loss: 0.364, iou: 0.713, recall: 0.811, acc: 0.877
Val 52, loss: 0.977, iou: 0.548, recall: 0.698, acc: 0.758
Time: 23 s
Better model!
Train 53, loss: 0.361, iou: 0.748, recall: 0.857, acc: 0.883
Val 53, loss: 1.249, iou: 0.514, recall: 0.650, acc: 0.698
Time: 23 s
Train 54, loss: 0.328, iou: 0.775, recall: 0.868, acc: 0.907
Val 54, loss: 1.043, iou: 0.498, recall: 0.616, acc: 0.730
Time: 23 s
Train 55, loss: 0.340, iou: 0.759, recall: 0.854, acc: 0.889
Val 55, loss: 0.989, iou: 0.559, recall: 0.690, acc: 0.752
Time: 23 s
Train 56, loss: 0.353, iou: 0.746, recall: 0.855, acc: 0.884
Val 56, loss: 0.970, iou: 0.567, recall: 0.698, acc: 0.762
Time: 23 s
Better model!
Train 57, loss: 0.339, iou: 0.739, recall: 0.843, acc: 0.885
Val 57, loss: 1.161, iou: 0.474, recall: 0.580, acc: 0.710
Time: 23 s
Train 58, loss: 0.330, iou: 0.786, recall: 0.870, acc: 0.897
Val 58, loss: 1.106, iou: 0.503, recall: 0.652, acc: 0.718
Time: 23 s
Train 59, loss: 0.369, iou: 0.738, recall: 0.843, acc: 0.872
Val 59, loss: 1.067, iou: 0.486, recall: 0.608, acc: 0.740
Time: 23 s
Train 60, loss: 0.352, iou: 0.765, recall: 0.864, acc: 0.890
Val 60, loss: 1.034, iou: 0.500, recall: 0.622, acc: 0.740
Time: 23 s
Train 61, loss: 0.421, iou: 0.757, recall: 0.861, acc: 0.877
Val 61, loss: 1.139, iou: 0.498, recall: 0.629, acc: 0.696
Time: 23 s
Train 62, loss: 0.316, iou: 0.782, recall: 0.864, acc: 0.893
Val 62, loss: 1.052, iou: 0.499, recall: 0.611, acc: 0.730
Time: 23 s
Train 63, loss: 0.302, iou: 0.772, recall: 0.860, acc: 0.896
Val 63, loss: 1.077, iou: 0.541, recall: 0.645, acc: 0.734
Time: 23 s
Train 64, loss: 0.283, iou: 0.777, recall: 0.859, acc: 0.907
Val 64, loss: 1.046, iou: 0.517, recall: 0.630, acc: 0.742
Time: 23 s
Train 65, loss: 0.291, iou: 0.815, recall: 0.891, acc: 0.902
Val 65, loss: 1.173, iou: 0.507, recall: 0.636, acc: 0.732
Time: 23 s
Train 66, loss: 0.240, iou: 0.839, recall: 0.923, acc: 0.924
Val 66, loss: 1.040, iou: 0.550, recall: 0.676, acc: 0.770
Time: 23 s
Better model!
Train 67, loss: 0.227, iou: 0.875, recall: 0.930, acc: 0.933
Val 67, loss: 1.023, iou: 0.577, recall: 0.683, acc: 0.780
Time: 23 s
Better model!
Train 68, loss: 0.242, iou: 0.824, recall: 0.901, acc: 0.922
Val 68, loss: 1.153, iou: 0.496, recall: 0.595, acc: 0.724
Time: 23 s
Train 69, loss: 0.235, iou: 0.816, recall: 0.891, acc: 0.922
Val 69, loss: 1.047, iou: 0.579, recall: 0.714, acc: 0.778
Time: 23 s
Train 70, loss: 0.188, iou: 0.884, recall: 0.926, acc: 0.955
Val 70, loss: 1.141, iou: 0.561, recall: 0.690, acc: 0.776
Time: 23 s
Train 71, loss: 0.198, iou: 0.864, recall: 0.924, acc: 0.938
Val 71, loss: 1.146, iou: 0.532, recall: 0.622, acc: 0.762
Time: 23 s
Train 72, loss: 0.249, iou: 0.825, recall: 0.906, acc: 0.919
Val 72, loss: 1.151, iou: 0.563, recall: 0.687, acc: 0.746
Time: 23 s
Train 73, loss: 0.319, iou: 0.787, recall: 0.882, acc: 0.902
Val 73, loss: 1.190, iou: 0.539, recall: 0.669, acc: 0.742
Time: 23 s
Train 74, loss: 0.250, iou: 0.830, recall: 0.890, acc: 0.922
Val 74, loss: 1.152, iou: 0.550, recall: 0.672, acc: 0.766
Time: 23 s
Train 75, loss: 0.187, iou: 0.884, recall: 0.932, acc: 0.945
Val 75, loss: 1.046, iou: 0.571, recall: 0.676, acc: 0.754
Time: 23 s
Train 76, loss: 0.237, iou: 0.859, recall: 0.925, acc: 0.923
Val 76, loss: 1.049, iou: 0.534, recall: 0.664, acc: 0.744
Time: 23 s
Train 77, loss: 0.183, iou: 0.886, recall: 0.941, acc: 0.939
Val 77, loss: 1.178, iou: 0.550, recall: 0.657, acc: 0.750
Time: 23 s
Train 78, loss: 0.215, iou: 0.842, recall: 0.903, acc: 0.935
Val 78, loss: 1.065, iou: 0.575, recall: 0.694, acc: 0.782
Time: 23 s
Better model!
Train 79, loss: 0.165, iou: 0.876, recall: 0.933, acc: 0.947
Val 79, loss: 1.123, iou: 0.556, recall: 0.665, acc: 0.764
Time: 23 s
Train 80, loss: 0.166, iou: 0.891, recall: 0.951, acc: 0.946
Val 80, loss: 1.148, iou: 0.560, recall: 0.693, acc: 0.770
Time: 23 s
Train 81, loss: 0.201, iou: 0.853, recall: 0.924, acc: 0.933
Val 81, loss: 1.108, iou: 0.575, recall: 0.686, acc: 0.768
Time: 23 s
Train 82, loss: 0.208, iou: 0.850, recall: 0.916, acc: 0.933
Val 82, loss: 1.080, iou: 0.560, recall: 0.684, acc: 0.766
Time: 23 s
Train 83, loss: 0.169, iou: 0.885, recall: 0.930, acc: 0.948
Val 83, loss: 1.152, iou: 0.499, recall: 0.639, acc: 0.728
Time: 23 s
Train 84, loss: 0.177, iou: 0.906, recall: 0.946, acc: 0.950
Val 84, loss: 1.090, iou: 0.515, recall: 0.651, acc: 0.746
Time: 23 s
Train 85, loss: 0.163, iou: 0.897, recall: 0.946, acc: 0.948
Val 85, loss: 1.083, iou: 0.574, recall: 0.696, acc: 0.760
Time: 23 s
Train 86, loss: 0.165, iou: 0.879, recall: 0.931, acc: 0.949
Val 86, loss: 1.147, iou: 0.536, recall: 0.665, acc: 0.754
Time: 23 s
Train 87, loss: 0.190, iou: 0.851, recall: 0.909, acc: 0.935
Val 87, loss: 1.039, iou: 0.552, recall: 0.658, acc: 0.772
Time: 23 s
Train 88, loss: 0.159, iou: 0.879, recall: 0.936, acc: 0.943
Val 88, loss: 1.029, iou: 0.552, recall: 0.654, acc: 0.772
Time: 23 s
Train 89, loss: 0.149, iou: 0.885, recall: 0.942, acc: 0.955
Val 89, loss: 1.241, iou: 0.511, recall: 0.639, acc: 0.748
Time: 23 s
Train 90, loss: 0.152, iou: 0.897, recall: 0.944, acc: 0.948
Val 90, loss: 1.093, iou: 0.573, recall: 0.685, acc: 0.794
Time: 23 s
Better model!
Train 91, loss: 0.141, iou: 0.916, recall: 0.959, acc: 0.959
Val 91, loss: 1.399, iou: 0.546, recall: 0.688, acc: 0.752
Time: 23 s
Train 92, loss: 0.193, iou: 0.855, recall: 0.920, acc: 0.936
Val 92, loss: 1.156, iou: 0.567, recall: 0.688, acc: 0.778
Time: 23 s
Train 93, loss: 0.190, iou: 0.880, recall: 0.931, acc: 0.938
Val 93, loss: 1.201, iou: 0.524, recall: 0.650, acc: 0.746
Time: 23 s
Train 94, loss: 0.184, iou: 0.894, recall: 0.941, acc: 0.944
Val 94, loss: 1.040, iou: 0.568, recall: 0.678, acc: 0.786
Time: 23 s
Train 95, loss: 0.143, iou: 0.910, recall: 0.944, acc: 0.959
Val 95, loss: 1.055, iou: 0.567, recall: 0.679, acc: 0.776
Time: 23 s
Train 96, loss: 0.153, iou: 0.865, recall: 0.932, acc: 0.947
Val 96, loss: 1.109, iou: 0.546, recall: 0.671, acc: 0.758
Time: 23 s
Train 97, loss: 0.160, iou: 0.882, recall: 0.937, acc: 0.947
Val 97, loss: 1.132, iou: 0.554, recall: 0.661, acc: 0.762
Time: 23 s
Train 98, loss: 0.185, iou: 0.868, recall: 0.938, acc: 0.933
Val 98, loss: 1.254, iou: 0.534, recall: 0.652, acc: 0.758
Time: 23 s
Train 99, loss: 0.172, iou: 0.871, recall: 0.918, acc: 0.941
Val 99, loss: 1.188, iou: 0.540, recall: 0.663, acc: 0.738
Time: 23 s
Train 100, loss: 0.172, iou: 0.879, recall: 0.939, acc: 0.940
Val 100, loss: 1.248, iou: 0.597, recall: 0.709, acc: 0.786
Time: 23 s
Train 101, loss: 0.180, iou: 0.872, recall: 0.921, acc: 0.944
Val 101, loss: 1.368, iou: 0.573, recall: 0.683, acc: 0.764
Time: 23 s
Train 102, loss: 0.133, iou: 0.901, recall: 0.949, acc: 0.952
Val 102, loss: 1.183, iou: 0.579, recall: 0.707, acc: 0.788
Time: 23 s
Train 103, loss: 0.111, iou: 0.959, recall: 0.980, acc: 0.972
Val 103, loss: 1.334, iou: 0.571, recall: 0.668, acc: 0.786
Time: 23 s
Train 104, loss: 0.148, iou: 0.882, recall: 0.923, acc: 0.950
Val 104, loss: 1.204, iou: 0.641, recall: 0.764, acc: 0.806
Time: 23 s
Better model!
Train 105, loss: 0.185, iou: 0.869, recall: 0.937, acc: 0.936
Val 105, loss: 1.450, iou: 0.559, recall: 0.665, acc: 0.748
Time: 23 s
Train 106, loss: 0.151, iou: 0.889, recall: 0.943, acc: 0.947
Val 106, loss: 1.018, iou: 0.578, recall: 0.695, acc: 0.784
Time: 23 s
Train 107, loss: 0.145, iou: 0.913, recall: 0.955, acc: 0.951
Val 107, loss: 1.233, iou: 0.602, recall: 0.712, acc: 0.794
Time: 23 s
Train 108, loss: 0.169, iou: 0.893, recall: 0.938, acc: 0.949
Val 108, loss: 1.106, iou: 0.617, recall: 0.740, acc: 0.808
Time: 23 s
Better model!
Train 109, loss: 0.179, iou: 0.846, recall: 0.911, acc: 0.940
Val 109, loss: 1.135, iou: 0.607, recall: 0.742, acc: 0.808
Time: 23 s
Better model!
Train 110, loss: 0.171, iou: 0.890, recall: 0.935, acc: 0.948
Val 110, loss: 1.131, iou: 0.592, recall: 0.741, acc: 0.792
Time: 23 s
Train 111, loss: 0.156, iou: 0.871, recall: 0.936, acc: 0.942
Val 111, loss: 1.146, iou: 0.613, recall: 0.732, acc: 0.796
Time: 23 s
Train 112, loss: 0.259, iou: 0.837, recall: 0.900, acc: 0.924
Val 112, loss: 1.236, iou: 0.539, recall: 0.679, acc: 0.748
Time: 23 s
Train 113, loss: 0.126, iou: 0.901, recall: 0.948, acc: 0.960
Val 113, loss: 1.030, iou: 0.588, recall: 0.731, acc: 0.776
Time: 23 s
Train 114, loss: 0.150, iou: 0.897, recall: 0.940, acc: 0.949
Val 114, loss: 1.257, iou: 0.552, recall: 0.670, acc: 0.758
Time: 23 s
Train 115, loss: 0.142, iou: 0.919, recall: 0.957, acc: 0.957
Val 115, loss: 1.413, iou: 0.563, recall: 0.671, acc: 0.760
Time: 23 s
Train 116, loss: 0.152, iou: 0.897, recall: 0.940, acc: 0.958
Val 116, loss: 1.170, iou: 0.606, recall: 0.714, acc: 0.804
Time: 23 s
Train 117, loss: 0.102, iou: 0.919, recall: 0.954, acc: 0.971
Val 117, loss: 1.180, iou: 0.598, recall: 0.713, acc: 0.814
Time: 23 s
Better model!
Train 118, loss: 0.112, iou: 0.919, recall: 0.960, acc: 0.965
Val 118, loss: 1.266, iou: 0.558, recall: 0.701, acc: 0.764
Time: 23 s
Train 119, loss: 0.115, iou: 0.925, recall: 0.958, acc: 0.965
Val 119, loss: 1.257, iou: 0.613, recall: 0.731, acc: 0.778
Time: 23 s
Train 120, loss: 0.138, iou: 0.881, recall: 0.932, acc: 0.951
Val 120, loss: 1.301, iou: 0.506, recall: 0.675, acc: 0.730
Time: 23 s
Train 121, loss: 0.112, iou: 0.896, recall: 0.941, acc: 0.961
Val 121, loss: 1.379, iou: 0.528, recall: 0.660, acc: 0.756
Time: 23 s
Train 122, loss: 0.118, iou: 0.905, recall: 0.953, acc: 0.962
Val 122, loss: 1.197, iou: 0.546, recall: 0.666, acc: 0.778
Time: 23 s
Train 123, loss: 0.106, iou: 0.916, recall: 0.955, acc: 0.967
Val 123, loss: 1.231, iou: 0.569, recall: 0.682, acc: 0.776
Time: 23 s
Train 124, loss: 0.093, iou: 0.943, recall: 0.969, acc: 0.972
Val 124, loss: 1.159, iou: 0.591, recall: 0.706, acc: 0.794
Time: 23 s
Train 125, loss: 0.128, iou: 0.899, recall: 0.943, acc: 0.956
Val 125, loss: 1.371, iou: 0.563, recall: 0.677, acc: 0.790
Time: 23 s
Train 126, loss: 0.161, iou: 0.873, recall: 0.926, acc: 0.948
Val 126, loss: 1.213, iou: 0.575, recall: 0.674, acc: 0.780
Time: 23 s
Train 127, loss: 0.134, iou: 0.884, recall: 0.941, acc: 0.954
Val 127, loss: 1.209, iou: 0.576, recall: 0.690, acc: 0.788
Time: 23 s
Train 128, loss: 0.091, iou: 0.924, recall: 0.954, acc: 0.967
Val 128, loss: 1.226, iou: 0.594, recall: 0.702, acc: 0.790
Time: 23 s
Train 129, loss: 0.119, iou: 0.948, recall: 0.978, acc: 0.970
Val 129, loss: 1.277, iou: 0.594, recall: 0.711, acc: 0.788
Time: 23 s
Train 130, loss: 0.154, iou: 0.893, recall: 0.939, acc: 0.948
Val 130, loss: 1.269, iou: 0.555, recall: 0.692, acc: 0.764
Time: 23 s
Train 131, loss: 0.122, iou: 0.900, recall: 0.938, acc: 0.959
Val 131, loss: 1.238, iou: 0.587, recall: 0.708, acc: 0.770
Time: 23 s
Train 132, loss: 0.103, iou: 0.924, recall: 0.968, acc: 0.961
Val 132, loss: 1.016, iou: 0.644, recall: 0.757, acc: 0.808
Time: 23 s
Train 133, loss: 0.063, iou: 0.959, recall: 0.972, acc: 0.981
Val 133, loss: 1.066, iou: 0.595, recall: 0.719, acc: 0.778
Time: 23 s
Train 134, loss: 0.099, iou: 0.938, recall: 0.972, acc: 0.971
Val 134, loss: 1.272, iou: 0.533, recall: 0.678, acc: 0.748
Time: 23 s
Train 135, loss: 0.116, iou: 0.906, recall: 0.945, acc: 0.962
Val 135, loss: 1.292, iou: 0.592, recall: 0.731, acc: 0.792
Time: 23 s
Train 136, loss: 0.194, iou: 0.866, recall: 0.931, acc: 0.941
Val 136, loss: 1.077, iou: 0.562, recall: 0.683, acc: 0.778
Time: 23 s
Train 137, loss: 0.113, iou: 0.917, recall: 0.962, acc: 0.963
Val 137, loss: 1.176, iou: 0.584, recall: 0.706, acc: 0.776
Time: 23 s
Train 138, loss: 0.142, iou: 0.907, recall: 0.951, acc: 0.954
Val 138, loss: 1.307, iou: 0.578, recall: 0.713, acc: 0.770
Time: 23 s
Train 139, loss: 0.122, iou: 0.930, recall: 0.956, acc: 0.962
Val 139, loss: 1.224, iou: 0.568, recall: 0.704, acc: 0.780
Time: 23 s
Train 140, loss: 0.147, iou: 0.918, recall: 0.954, acc: 0.960
Val 140, loss: 1.084, iou: 0.566, recall: 0.698, acc: 0.764
Time: 23 s
Train 141, loss: 0.123, iou: 0.888, recall: 0.944, acc: 0.956
Val 141, loss: 1.320, iou: 0.571, recall: 0.702, acc: 0.774
Time: 23 s
Train 142, loss: 0.097, iou: 0.928, recall: 0.965, acc: 0.967
Val 142, loss: 1.349, iou: 0.549, recall: 0.675, acc: 0.764
Time: 23 s
Train 143, loss: 0.069, iou: 0.937, recall: 0.960, acc: 0.974
Val 143, loss: 1.032, iou: 0.604, recall: 0.737, acc: 0.796
Time: 23 s
Train 144, loss: 0.098, iou: 0.942, recall: 0.972, acc: 0.969
Val 144, loss: 1.048, iou: 0.633, recall: 0.732, acc: 0.806
Time: 23 s
Train 145, loss: 0.136, iou: 0.919, recall: 0.955, acc: 0.956
Val 145, loss: 1.259, iou: 0.572, recall: 0.688, acc: 0.782
Time: 23 s
Train 146, loss: 0.111, iou: 0.939, recall: 0.972, acc: 0.968
Val 146, loss: 1.162, iou: 0.558, recall: 0.672, acc: 0.788
Time: 23 s
Train 147, loss: 0.088, iou: 0.931, recall: 0.968, acc: 0.973
Val 147, loss: 1.141, iou: 0.597, recall: 0.704, acc: 0.778
Time: 23 s
Train 148, loss: 0.117, iou: 0.934, recall: 0.971, acc: 0.964
Val 148, loss: 1.123, iou: 0.575, recall: 0.680, acc: 0.788
Time: 23 s
Train 149, loss: 0.087, iou: 0.948, recall: 0.968, acc: 0.973
Val 149, loss: 1.391, iou: 0.545, recall: 0.634, acc: 0.748
Time: 23 s
Train 150, loss: 0.104, iou: 0.914, recall: 0.946, acc: 0.963
Val 150, loss: 1.123, iou: 0.571, recall: 0.698, acc: 0.794
Time: 23 s
Train 151, loss: 0.084, iou: 0.923, recall: 0.963, acc: 0.973
Val 151, loss: 1.073, iou: 0.618, recall: 0.743, acc: 0.814
Time: 23 s
Better model!
Train 152, loss: 0.078, iou: 0.934, recall: 0.959, acc: 0.971
Val 152, loss: 1.121, iou: 0.592, recall: 0.715, acc: 0.796
Time: 23 s
Train 153, loss: 0.055, iou: 0.942, recall: 0.967, acc: 0.978
Val 153, loss: 1.123, iou: 0.589, recall: 0.700, acc: 0.808
Time: 23 s
Train 154, loss: 0.093, iou: 0.931, recall: 0.965, acc: 0.967
Val 154, loss: 1.217, iou: 0.625, recall: 0.727, acc: 0.814
Time: 23 s
Better model!
Train 155, loss: 0.126, iou: 0.930, recall: 0.958, acc: 0.961
Val 155, loss: 1.377, iou: 0.562, recall: 0.699, acc: 0.750
Time: 23 s
Train 156, loss: 0.113, iou: 0.917, recall: 0.957, acc: 0.964
Val 156, loss: 1.359, iou: 0.562, recall: 0.689, acc: 0.772
Time: 23 s
Train 157, loss: 0.136, iou: 0.916, recall: 0.954, acc: 0.957
Val 157, loss: 1.216, iou: 0.589, recall: 0.694, acc: 0.792
Time: 23 s
Train 158, loss: 0.123, iou: 0.925, recall: 0.967, acc: 0.964
Val 158, loss: 1.197, iou: 0.560, recall: 0.697, acc: 0.784
Time: 23 s
Train 159, loss: 0.087, iou: 0.947, recall: 0.964, acc: 0.972
Val 159, loss: 1.311, iou: 0.558, recall: 0.680, acc: 0.786
Time: 23 s
Train 160, loss: 0.111, iou: 0.930, recall: 0.959, acc: 0.969
Val 160, loss: 1.100, iou: 0.640, recall: 0.739, acc: 0.820
Time: 23 s
Better model!
Train 161, loss: 0.069, iou: 0.938, recall: 0.974, acc: 0.976
Val 161, loss: 1.240, iou: 0.577, recall: 0.692, acc: 0.786
Time: 23 s
Train 162, loss: 0.084, iou: 0.942, recall: 0.966, acc: 0.972
Val 162, loss: 1.226, iou: 0.620, recall: 0.724, acc: 0.798
Time: 23 s
Train 163, loss: 0.086, iou: 0.936, recall: 0.963, acc: 0.971
Val 163, loss: 1.240, iou: 0.590, recall: 0.712, acc: 0.788
Time: 23 s
Train 164, loss: 0.101, iou: 0.925, recall: 0.961, acc: 0.969
Val 164, loss: 1.040, iou: 0.611, recall: 0.709, acc: 0.808
Time: 23 s
Train 165, loss: 0.081, iou: 0.943, recall: 0.970, acc: 0.978
Val 165, loss: 1.108, iou: 0.611, recall: 0.725, acc: 0.808
Time: 23 s
Train 166, loss: 0.097, iou: 0.937, recall: 0.967, acc: 0.974
Val 166, loss: 1.267, iou: 0.563, recall: 0.694, acc: 0.768
Time: 23 s
Train 167, loss: 0.122, iou: 0.924, recall: 0.959, acc: 0.958
Val 167, loss: 1.146, iou: 0.616, recall: 0.724, acc: 0.804
Time: 23 s
Train 168, loss: 0.108, iou: 0.910, recall: 0.953, acc: 0.964
Val 168, loss: 1.157, iou: 0.604, recall: 0.731, acc: 0.800
Time: 23 s
Train 169, loss: 0.090, iou: 0.914, recall: 0.952, acc: 0.967
Val 169, loss: 1.212, iou: 0.575, recall: 0.711, acc: 0.800
Time: 23 s
Train 170, loss: 0.081, iou: 0.937, recall: 0.965, acc: 0.971
Val 170, loss: 1.242, iou: 0.558, recall: 0.690, acc: 0.774
Time: 23 s
Train 171, loss: 0.101, iou: 0.932, recall: 0.967, acc: 0.967
Val 171, loss: 1.220, iou: 0.549, recall: 0.670, acc: 0.778
Time: 23 s
Train 172, loss: 0.102, iou: 0.911, recall: 0.940, acc: 0.969
Val 172, loss: 1.104, iou: 0.595, recall: 0.723, acc: 0.800
Time: 23 s
Train 173, loss: 0.079, iou: 0.936, recall: 0.973, acc: 0.974
Val 173, loss: 1.189, iou: 0.591, recall: 0.741, acc: 0.790
Time: 23 s
Train 174, loss: 0.083, iou: 0.944, recall: 0.972, acc: 0.969
Val 174, loss: 1.240, iou: 0.585, recall: 0.706, acc: 0.786
Time: 23 s
Train 175, loss: 0.102, iou: 0.924, recall: 0.956, acc: 0.965
Val 175, loss: 1.374, iou: 0.542, recall: 0.677, acc: 0.760
Time: 23 s
Train 176, loss: 0.098, iou: 0.914, recall: 0.948, acc: 0.966
Val 176, loss: 1.102, iou: 0.594, recall: 0.733, acc: 0.796
Time: 23 s
Train 177, loss: 0.139, iou: 0.906, recall: 0.957, acc: 0.961
Val 177, loss: 1.059, iou: 0.548, recall: 0.655, acc: 0.768
Time: 23 s
Train 178, loss: 0.135, iou: 0.923, recall: 0.954, acc: 0.961
Val 178, loss: 1.226, iou: 0.595, recall: 0.700, acc: 0.782
Time: 23 s
Train 179, loss: 0.116, iou: 0.929, recall: 0.964, acc: 0.965
Val 179, loss: 1.257, iou: 0.594, recall: 0.723, acc: 0.790
Time: 23 s
Train 180, loss: 0.081, iou: 0.949, recall: 0.972, acc: 0.978
Val 180, loss: 1.104, iou: 0.555, recall: 0.710, acc: 0.774
Time: 23 s
Train 181, loss: 0.085, iou: 0.942, recall: 0.971, acc: 0.975
Val 181, loss: 1.147, iou: 0.585, recall: 0.680, acc: 0.796
Time: 23 s
Train 182, loss: 0.071, iou: 0.940, recall: 0.971, acc: 0.980
Val 182, loss: 1.259, iou: 0.626, recall: 0.725, acc: 0.798
Time: 23 s
Train 183, loss: 0.078, iou: 0.944, recall: 0.961, acc: 0.977
Val 183, loss: 1.266, iou: 0.628, recall: 0.723, acc: 0.810
Time: 24 s
Train 184, loss: 0.088, iou: 0.937, recall: 0.965, acc: 0.974
Val 184, loss: 1.173, iou: 0.616, recall: 0.722, acc: 0.816
Time: 23 s
Train 185, loss: 0.093, iou: 0.931, recall: 0.963, acc: 0.971
Val 185, loss: 1.168, iou: 0.601, recall: 0.730, acc: 0.806
Time: 23 s
Train 186, loss: 0.098, iou: 0.915, recall: 0.957, acc: 0.964
Val 186, loss: 1.329, iou: 0.573, recall: 0.694, acc: 0.782
Time: 23 s
Train 187, loss: 0.094, iou: 0.939, recall: 0.970, acc: 0.972
Val 187, loss: 1.152, iou: 0.567, recall: 0.695, acc: 0.782
Time: 23 s
Train 188, loss: 0.080, iou: 0.935, recall: 0.973, acc: 0.970
Val 188, loss: 1.132, iou: 0.561, recall: 0.686, acc: 0.786
Time: 23 s
Train 189, loss: 0.061, iou: 0.954, recall: 0.975, acc: 0.980
Val 189, loss: 1.134, iou: 0.590, recall: 0.711, acc: 0.804
Time: 23 s
Train 190, loss: 0.055, iou: 0.958, recall: 0.983, acc: 0.983
Val 190, loss: 1.389, iou: 0.576, recall: 0.685, acc: 0.794
Time: 23 s
Train 191, loss: 0.095, iou: 0.927, recall: 0.952, acc: 0.969
Val 191, loss: 1.137, iou: 0.613, recall: 0.722, acc: 0.812
Time: 23 s
Train 192, loss: 0.084, iou: 0.921, recall: 0.951, acc: 0.967
Val 192, loss: 1.080, iou: 0.610, recall: 0.724, acc: 0.830
Time: 23 s
Better model!
Train 193, loss: 0.062, iou: 0.966, recall: 0.980, acc: 0.980
Val 193, loss: 1.278, iou: 0.589, recall: 0.712, acc: 0.796
Time: 23 s
Train 194, loss: 0.103, iou: 0.921, recall: 0.957, acc: 0.969
Val 194, loss: 1.447, iou: 0.605, recall: 0.708, acc: 0.786
Time: 23 s
Train 195, loss: 0.059, iou: 0.961, recall: 0.984, acc: 0.979
Val 195, loss: 1.221, iou: 0.612, recall: 0.725, acc: 0.800
Time: 23 s
Train 196, loss: 0.092, iou: 0.951, recall: 0.978, acc: 0.973
Val 196, loss: 1.391, iou: 0.572, recall: 0.678, acc: 0.770
Time: 23 s
Train 197, loss: 0.110, iou: 0.938, recall: 0.962, acc: 0.967
Val 197, loss: 1.561, iou: 0.541, recall: 0.662, acc: 0.760
Time: 23 s
Train 198, loss: 0.098, iou: 0.930, recall: 0.964, acc: 0.969
Val 198, loss: 1.443, iou: 0.578, recall: 0.685, acc: 0.786
Time: 23 s
Train 199, loss: 0.105, iou: 0.915, recall: 0.953, acc: 0.966
Val 199, loss: 1.228, iou: 0.567, recall: 0.711, acc: 0.782
Time: 23 s
Train 200, loss: 0.089, iou: 0.930, recall: 0.971, acc: 0.971
Val 200, loss: 1.349, iou: 0.551, recall: 0.661, acc: 0.764
Time: 23 s
Train 201, loss: 0.096, iou: 0.947, recall: 0.973, acc: 0.974
Val 201, loss: 1.401, iou: 0.555, recall: 0.686, acc: 0.760
Time: 23 s
Train 202, loss: 0.087, iou: 0.944, recall: 0.974, acc: 0.971
Val 202, loss: 1.182, iou: 0.588, recall: 0.689, acc: 0.796
Time: 23 s
Train 203, loss: 0.099, iou: 0.931, recall: 0.958, acc: 0.974
Val 203, loss: 1.125, iou: 0.630, recall: 0.719, acc: 0.816
Time: 23 s
Train 204, loss: 0.066, iou: 0.959, recall: 0.984, acc: 0.981
Val 204, loss: 1.155, iou: 0.634, recall: 0.741, acc: 0.816
Time: 23 s
Train 205, loss: 0.094, iou: 0.922, recall: 0.947, acc: 0.969
Val 205, loss: 1.204, iou: 0.612, recall: 0.733, acc: 0.798
Time: 23 s
Train 206, loss: 0.087, iou: 0.934, recall: 0.968, acc: 0.972
Val 206, loss: 1.165, iou: 0.586, recall: 0.696, acc: 0.788
Time: 23 s
Train 207, loss: 0.081, iou: 0.934, recall: 0.962, acc: 0.974
Val 207, loss: 1.206, iou: 0.641, recall: 0.745, acc: 0.822
Time: 23 s
Train 208, loss: 0.051, iou: 0.974, recall: 0.986, acc: 0.985
Val 208, loss: 1.291, iou: 0.633, recall: 0.729, acc: 0.812
Time: 23 s
Train 209, loss: 0.073, iou: 0.946, recall: 0.964, acc: 0.978
Val 209, loss: 1.307, iou: 0.596, recall: 0.716, acc: 0.792
Time: 23 s
Train 210, loss: 0.086, iou: 0.943, recall: 0.977, acc: 0.977
Val 210, loss: 1.349, iou: 0.589, recall: 0.719, acc: 0.800
Time: 23 s
Train 211, loss: 0.101, iou: 0.932, recall: 0.965, acc: 0.971
Val 211, loss: 1.392, iou: 0.564, recall: 0.688, acc: 0.794
Time: 23 s
Train 212, loss: 0.078, iou: 0.946, recall: 0.970, acc: 0.979
Val 212, loss: 1.283, iou: 0.579, recall: 0.717, acc: 0.788
Time: 23 s
Train 213, loss: 0.075, iou: 0.940, recall: 0.974, acc: 0.974
Val 213, loss: 1.222, iou: 0.606, recall: 0.719, acc: 0.804
Time: 23 s
Train 214, loss: 0.076, iou: 0.946, recall: 0.966, acc: 0.979
Val 214, loss: 1.373, iou: 0.592, recall: 0.716, acc: 0.798
Time: 23 s
Train 215, loss: 0.059, iou: 0.976, recall: 0.989, acc: 0.982
Val 215, loss: 1.327, iou: 0.597, recall: 0.724, acc: 0.802
Time: 23 s
Train 216, loss: 0.061, iou: 0.960, recall: 0.977, acc: 0.984
Val 216, loss: 1.264, iou: 0.627, recall: 0.737, acc: 0.802
Time: 23 s
Train 217, loss: 0.055, iou: 0.961, recall: 0.973, acc: 0.984
Val 217, loss: 1.167, iou: 0.639, recall: 0.747, acc: 0.818
Time: 23 s
Train 218, loss: 0.096, iou: 0.934, recall: 0.965, acc: 0.973
Val 218, loss: 1.269, iou: 0.597, recall: 0.697, acc: 0.794
Time: 23 s
Train 219, loss: 0.068, iou: 0.940, recall: 0.959, acc: 0.975
Val 219, loss: 1.199, iou: 0.634, recall: 0.743, acc: 0.826
Time: 23 s
Train 220, loss: 0.054, iou: 0.963, recall: 0.981, acc: 0.985
Val 220, loss: 1.269, iou: 0.632, recall: 0.740, acc: 0.816
Time: 23 s
Train 221, loss: 0.053, iou: 0.965, recall: 0.979, acc: 0.980
Val 221, loss: 1.232, iou: 0.594, recall: 0.714, acc: 0.812
Time: 23 s
Train 222, loss: 0.083, iou: 0.965, recall: 0.981, acc: 0.978
Val 222, loss: 1.377, iou: 0.609, recall: 0.716, acc: 0.776
Time: 23 s
Train 223, loss: 0.114, iou: 0.924, recall: 0.953, acc: 0.964
Val 223, loss: 1.491, iou: 0.573, recall: 0.709, acc: 0.766
Time: 23 s
Train 224, loss: 0.118, iou: 0.904, recall: 0.951, acc: 0.960
Val 224, loss: 1.489, iou: 0.600, recall: 0.715, acc: 0.788
Time: 23 s
Train 225, loss: 0.101, iou: 0.927, recall: 0.961, acc: 0.967
Val 225, loss: 1.305, iou: 0.562, recall: 0.672, acc: 0.784
Time: 23 s
Train 226, loss: 0.094, iou: 0.948, recall: 0.967, acc: 0.978
Val 226, loss: 1.332, iou: 0.584, recall: 0.721, acc: 0.794
Time: 23 s
Train 227, loss: 0.092, iou: 0.941, recall: 0.969, acc: 0.973
Val 227, loss: 1.237, iou: 0.585, recall: 0.710, acc: 0.778
Time: 23 s
Train 228, loss: 0.053, iou: 0.960, recall: 0.981, acc: 0.981
Val 228, loss: 1.230, iou: 0.579, recall: 0.712, acc: 0.788
Time: 23 s
Train 229, loss: 0.085, iou: 0.944, recall: 0.967, acc: 0.969
Val 229, loss: 1.274, iou: 0.617, recall: 0.746, acc: 0.806
Time: 23 s
Train 230, loss: 0.055, iou: 0.960, recall: 0.974, acc: 0.985
Val 230, loss: 1.251, iou: 0.595, recall: 0.723, acc: 0.802
Time: 23 s
Train 231, loss: 0.067, iou: 0.958, recall: 0.980, acc: 0.977
Val 231, loss: 1.154, iou: 0.608, recall: 0.730, acc: 0.810
Time: 23 s
Train 232, loss: 0.092, iou: 0.942, recall: 0.962, acc: 0.970
Val 232, loss: 1.497, iou: 0.579, recall: 0.712, acc: 0.798
Time: 23 s
Train 233, loss: 0.138, iou: 0.923, recall: 0.967, acc: 0.967
Val 233, loss: 1.210, iou: 0.618, recall: 0.725, acc: 0.804
Time: 23 s
Train 234, loss: 0.077, iou: 0.926, recall: 0.958, acc: 0.974
Val 234, loss: 1.085, iou: 0.613, recall: 0.743, acc: 0.798
Time: 23 s
Train 235, loss: 0.071, iou: 0.948, recall: 0.972, acc: 0.980
Val 235, loss: 1.084, iou: 0.615, recall: 0.761, acc: 0.808
Time: 23 s
Train 236, loss: 0.072, iou: 0.950, recall: 0.973, acc: 0.971
Val 236, loss: 1.374, iou: 0.612, recall: 0.721, acc: 0.824
Time: 23 s
Train 237, loss: 0.071, iou: 0.948, recall: 0.967, acc: 0.980
Val 237, loss: 1.135, iou: 0.628, recall: 0.748, acc: 0.806
Time: 23 s
Train 238, loss: 0.098, iou: 0.926, recall: 0.967, acc: 0.970
Val 238, loss: 1.314, iou: 0.587, recall: 0.709, acc: 0.778
Time: 23 s
Train 239, loss: 0.096, iou: 0.930, recall: 0.964, acc: 0.964
Val 239, loss: 1.218, iou: 0.616, recall: 0.739, acc: 0.790
Time: 23 s
Train 240, loss: 0.082, iou: 0.940, recall: 0.970, acc: 0.974
Val 240, loss: 1.227, iou: 0.549, recall: 0.646, acc: 0.764
Time: 23 s
Train 241, loss: 0.065, iou: 0.966, recall: 0.982, acc: 0.980
Val 241, loss: 1.313, iou: 0.616, recall: 0.734, acc: 0.784
Time: 23 s
Train 242, loss: 0.049, iou: 0.974, recall: 0.984, acc: 0.983
Val 242, loss: 1.207, iou: 0.583, recall: 0.695, acc: 0.776
Time: 23 s
Train 243, loss: 0.092, iou: 0.951, recall: 0.972, acc: 0.973
Val 243, loss: 1.394, iou: 0.573, recall: 0.703, acc: 0.776
Time: 23 s
Train 244, loss: 0.102, iou: 0.913, recall: 0.956, acc: 0.968
Val 244, loss: 1.366, iou: 0.613, recall: 0.755, acc: 0.792
Time: 23 s
Train 245, loss: 0.101, iou: 0.923, recall: 0.952, acc: 0.975
Val 245, loss: 1.265, iou: 0.612, recall: 0.753, acc: 0.808
Time: 23 s
Train 246, loss: 0.074, iou: 0.925, recall: 0.970, acc: 0.972
Val 246, loss: 1.316, iou: 0.600, recall: 0.706, acc: 0.794
Time: 23 s
Train 247, loss: 0.103, iou: 0.929, recall: 0.960, acc: 0.974
Val 247, loss: 1.167, iou: 0.594, recall: 0.721, acc: 0.786
Time: 23 s
Train 248, loss: 0.086, iou: 0.950, recall: 0.980, acc: 0.973
Val 248, loss: 1.190, iou: 0.610, recall: 0.707, acc: 0.798
Time: 23 s
Train 249, loss: 0.041, iou: 0.977, recall: 0.990, acc: 0.987
Val 249, loss: 1.250, iou: 0.622, recall: 0.743, acc: 0.792
Time: 23 s
Train 250, loss: 0.082, iou: 0.931, recall: 0.968, acc: 0.975
Val 250, loss: 1.209, iou: 0.610, recall: 0.721, acc: 0.814
Time: 23 s
Train 251, loss: 0.062, iou: 0.957, recall: 0.978, acc: 0.982
Val 251, loss: 1.262, iou: 0.616, recall: 0.736, acc: 0.794
Time: 23 s
Train 252, loss: 0.051, iou: 0.978, recall: 0.989, acc: 0.986
Val 252, loss: 1.317, iou: 0.638, recall: 0.740, acc: 0.800
Time: 23 s
Train 253, loss: 0.085, iou: 0.926, recall: 0.958, acc: 0.971
Val 253, loss: 1.269, iou: 0.608, recall: 0.727, acc: 0.804
Time: 23 s
Train 254, loss: 0.073, iou: 0.954, recall: 0.969, acc: 0.979
Val 254, loss: 1.182, iou: 0.628, recall: 0.737, acc: 0.810
Time: 23 s
Train 255, loss: 0.051, iou: 0.968, recall: 0.977, acc: 0.983
Val 255, loss: 1.335, iou: 0.593, recall: 0.688, acc: 0.794
Time: 23 s
Train 256, loss: 0.040, iou: 0.972, recall: 0.988, acc: 0.985
Val 256, loss: 1.255, iou: 0.646, recall: 0.736, acc: 0.820
Time: 23 s
Train 257, loss: 0.037, iou: 0.969, recall: 0.985, acc: 0.988
Val 257, loss: 1.185, iou: 0.661, recall: 0.775, acc: 0.830
Time: 23 s
Better model!
Train 258, loss: 0.034, iou: 0.986, recall: 0.993, acc: 0.989
Val 258, loss: 1.260, iou: 0.643, recall: 0.746, acc: 0.812
Time: 23 s
Train 259, loss: 0.039, iou: 0.971, recall: 0.983, acc: 0.987
Val 259, loss: 1.350, iou: 0.632, recall: 0.745, acc: 0.808
Time: 23 s
Train 260, loss: 0.085, iou: 0.939, recall: 0.964, acc: 0.970
Val 260, loss: 1.507, iou: 0.608, recall: 0.721, acc: 0.790
Time: 23 s
Train 261, loss: 0.057, iou: 0.960, recall: 0.972, acc: 0.982
Val 261, loss: 1.275, iou: 0.610, recall: 0.739, acc: 0.796
Time: 23 s
Train 262, loss: 0.034, iou: 0.977, recall: 0.984, acc: 0.990
Val 262, loss: 1.193, iou: 0.606, recall: 0.730, acc: 0.806
Time: 23 s
Train 263, loss: 0.070, iou: 0.964, recall: 0.986, acc: 0.985
Val 263, loss: 1.209, iou: 0.615, recall: 0.735, acc: 0.812
Time: 23 s
Train 264, loss: 0.083, iou: 0.928, recall: 0.956, acc: 0.971
Val 264, loss: 1.349, iou: 0.592, recall: 0.729, acc: 0.808
Time: 23 s
Train 265, loss: 0.078, iou: 0.948, recall: 0.981, acc: 0.977
Val 265, loss: 1.278, iou: 0.596, recall: 0.717, acc: 0.790
Time: 23 s
Train 266, loss: 0.058, iou: 0.945, recall: 0.971, acc: 0.980
Val 266, loss: 1.363, iou: 0.602, recall: 0.715, acc: 0.822
Time: 23 s
Train 267, loss: 0.083, iou: 0.938, recall: 0.961, acc: 0.973
Val 267, loss: 1.268, iou: 0.590, recall: 0.708, acc: 0.794
Time: 23 s
Train 268, loss: 0.074, iou: 0.943, recall: 0.968, acc: 0.977
Val 268, loss: 1.292, iou: 0.587, recall: 0.715, acc: 0.792
Time: 23 s
Train 269, loss: 0.096, iou: 0.951, recall: 0.968, acc: 0.976
Val 269, loss: 1.324, iou: 0.584, recall: 0.710, acc: 0.796
Time: 23 s
Train 270, loss: 0.052, iou: 0.970, recall: 0.988, acc: 0.981
Val 270, loss: 1.318, iou: 0.600, recall: 0.717, acc: 0.810
Time: 23 s
Train 271, loss: 0.064, iou: 0.962, recall: 0.978, acc: 0.979
Val 271, loss: 1.323, iou: 0.594, recall: 0.715, acc: 0.808
Time: 23 s
Train 272, loss: 0.075, iou: 0.941, recall: 0.964, acc: 0.976
Val 272, loss: 1.553, iou: 0.590, recall: 0.703, acc: 0.798
Time: 23 s
Train 273, loss: 0.065, iou: 0.956, recall: 0.982, acc: 0.977
Val 273, loss: 1.421, iou: 0.613, recall: 0.728, acc: 0.812
Time: 23 s
Train 274, loss: 0.079, iou: 0.957, recall: 0.981, acc: 0.974
Val 274, loss: 1.153, iou: 0.617, recall: 0.706, acc: 0.808
Time: 23 s
Train 275, loss: 0.096, iou: 0.950, recall: 0.967, acc: 0.976
Val 275, loss: 1.203, iou: 0.598, recall: 0.753, acc: 0.800
Time: 23 s
Train 276, loss: 0.064, iou: 0.935, recall: 0.972, acc: 0.976
Val 276, loss: 1.275, iou: 0.598, recall: 0.718, acc: 0.794
Time: 23 s
Train 277, loss: 0.055, iou: 0.965, recall: 0.976, acc: 0.986
Val 277, loss: 1.177, iou: 0.621, recall: 0.733, acc: 0.818
Time: 23 s
Train 278, loss: 0.042, iou: 0.983, recall: 0.993, acc: 0.986
Val 278, loss: 1.260, iou: 0.613, recall: 0.739, acc: 0.804
Time: 23 s
Train 279, loss: 0.028, iou: 0.976, recall: 0.993, acc: 0.989
Val 279, loss: 1.371, iou: 0.603, recall: 0.718, acc: 0.790
Time: 23 s
Train 280, loss: 0.043, iou: 0.971, recall: 0.982, acc: 0.986
Val 280, loss: 1.303, iou: 0.615, recall: 0.734, acc: 0.806
Time: 23 s
Train 281, loss: 0.052, iou: 0.968, recall: 0.978, acc: 0.983
Val 281, loss: 1.195, iou: 0.592, recall: 0.722, acc: 0.804
Time: 23 s
Train 282, loss: 0.060, iou: 0.953, recall: 0.982, acc: 0.978
Val 282, loss: 1.193, iou: 0.611, recall: 0.726, acc: 0.804
Time: 23 s
Train 283, loss: 0.057, iou: 0.928, recall: 0.966, acc: 0.980
Val 283, loss: 1.310, iou: 0.598, recall: 0.696, acc: 0.786
Time: 23 s
Train 284, loss: 0.067, iou: 0.935, recall: 0.957, acc: 0.973
Val 284, loss: 1.557, iou: 0.604, recall: 0.714, acc: 0.768
Time: 23 s
Train 285, loss: 0.069, iou: 0.954, recall: 0.983, acc: 0.980
Val 285, loss: 1.351, iou: 0.607, recall: 0.721, acc: 0.790
Time: 23 s
Train 286, loss: 0.071, iou: 0.933, recall: 0.970, acc: 0.971
Val 286, loss: 1.168, iou: 0.589, recall: 0.703, acc: 0.796
Time: 23 s
Train 287, loss: 0.061, iou: 0.940, recall: 0.965, acc: 0.978
Val 287, loss: 1.163, iou: 0.605, recall: 0.738, acc: 0.796
Time: 23 s
Train 288, loss: 0.069, iou: 0.955, recall: 0.975, acc: 0.977
Val 288, loss: 1.305, iou: 0.557, recall: 0.665, acc: 0.766
Time: 23 s
Train 289, loss: 0.055, iou: 0.964, recall: 0.979, acc: 0.983
Val 289, loss: 1.215, iou: 0.620, recall: 0.735, acc: 0.810
Time: 23 s
Train 290, loss: 0.058, iou: 0.965, recall: 0.975, acc: 0.983
Val 290, loss: 1.233, iou: 0.644, recall: 0.772, acc: 0.814
Time: 23 s
Train 291, loss: 0.053, iou: 0.958, recall: 0.981, acc: 0.988
Val 291, loss: 1.232, iou: 0.619, recall: 0.718, acc: 0.806
Time: 23 s
Train 292, loss: 0.052, iou: 0.951, recall: 0.972, acc: 0.985
Val 292, loss: 1.292, iou: 0.598, recall: 0.728, acc: 0.790
Time: 23 s
Train 293, loss: 0.058, iou: 0.937, recall: 0.959, acc: 0.979
Val 293, loss: 1.282, iou: 0.654, recall: 0.761, acc: 0.826
Time: 23 s
Train 294, loss: 0.107, iou: 0.935, recall: 0.961, acc: 0.964
Val 294, loss: 1.595, iou: 0.551, recall: 0.669, acc: 0.744
Time: 23 s
Train 295, loss: 0.082, iou: 0.962, recall: 0.982, acc: 0.973
Val 295, loss: 1.424, iou: 0.611, recall: 0.743, acc: 0.798
Time: 23 s
Train 296, loss: 0.082, iou: 0.954, recall: 0.978, acc: 0.977
Val 296, loss: 1.376, iou: 0.596, recall: 0.706, acc: 0.776
Time: 23 s
Train 297, loss: 0.038, iou: 0.975, recall: 0.987, acc: 0.988
Val 297, loss: 1.384, iou: 0.595, recall: 0.712, acc: 0.792
Time: 23 s
Train 298, loss: 0.063, iou: 0.950, recall: 0.973, acc: 0.976
Val 298, loss: 1.416, iou: 0.621, recall: 0.727, acc: 0.798
Time: 23 s
Train 299, loss: 0.052, iou: 0.980, recall: 0.986, acc: 0.988
Val 299, loss: 1.401, iou: 0.644, recall: 0.752, acc: 0.814
Time: 23 s
